{
"contracts/CriteriaManager.sol":{"l":{"28":139,"29":139,"30":132,"31":132,"32":132,"33":132,"34":132,"37":209,"38":209,"39":209,"41":132,"43":139,"52":277,"66":155,"67":155,"69":145,"70":145,"72":155,"81":220,"99":141,"100":83,"103":85,"106":140,"122":72,"123":72,"124":72,"137":10,"138":9,"139":8,"140":7,"141":6,"146":155,"147":155,"148":155},"path":"/home/alberto/projects/potion-protocol/contracts/core/contracts/CriteriaManager.sol","s":{"1":139,"2":132,"3":132,"4":132,"5":132,"6":209,"7":209,"8":132,"9":139,"10":277,"11":155,"12":145,"13":155,"14":220,"15":141,"16":83,"17":85,"18":140,"19":72,"20":72,"21":72,"22":10,"23":9,"24":8,"25":7,"26":6,"27":155,"28":155},"b":{"1":[132,7],"2":[132,0],"3":[209,0],"4":[209,0],"5":[155,0],"6":[145,10],"7":[83,58],"8":[84,1],"9":[72,0],"10":[72,0],"11":[9,1],"12":[8,1],"13":[7,1],"14":[6,1],"15":[5,1],"16":[155,0],"17":[155,0]},"f":{"1":139,"2":277,"3":155,"4":220,"5":141,"6":72,"7":10,"8":155},"fnMap":{"1":{"name":"addCriteriaSet","line":27,"loc":{"start":{"line":27,"column":4},"end":{"line":44,"column":4}}},"2":{"name":"isCriteriaSetHash","line":51,"loc":{"start":{"line":51,"column":4},"end":{"line":53,"column":4}}},"3":{"name":"addCriteria","line":63,"loc":{"start":{"line":60,"column":4},"end":{"line":73,"column":4}}},"4":{"name":"hashCriteria","line":80,"loc":{"start":{"line":80,"column":4},"end":{"line":91,"column":4}}},"5":{"name":"hashOfSortedHashes","line":98,"loc":{"start":{"line":98,"column":4},"end":{"line":107,"column":4}}},"6":{"name":"isInCriteriaSet","line":116,"loc":{"start":{"line":116,"column":4},"end":{"line":125,"column":4}}},"7":{"name":"requireOtokenMeetsCriteria","line":132,"loc":{"start":{"line":132,"column":4},"end":{"line":142,"column":4}}},"8":{"name":"onlyValidCriteria","line":145,"loc":{"start":{"line":145,"column":4},"end":{"line":149,"column":4}}}},"statementMap":{"1":{"start":{"line":29,"column":8},"end":{"line":29,"column":1507}},"2":{"start":{"line":30,"column":12},"end":{"line":30,"column":48}},"3":{"start":{"line":31,"column":12},"end":{"line":31,"column":48}},"4":{"start":{"line":32,"column":12},"end":{"line":32,"column":71}},"5":{"start":{"line":34,"column":12},"end":{"line":34,"column":1770}},"6":{"start":{"line":37,"column":16},"end":{"line":37,"column":75}},"7":{"start":{"line":38,"column":16},"end":{"line":38,"column":71}},"8":{"start":{"line":41,"column":12},"end":{"line":41,"column":59}},"9":{"start":{"line":43,"column":8},"end":{"line":43,"column":30}},"10":{"start":{"line":52,"column":8},"end":{"line":52,"column":57}},"11":{"start":{"line":67,"column":8},"end":{"line":67,"column":3176}},"12":{"start":{"line":70,"column":12},"end":{"line":70,"column":47}},"13":{"start":{"line":72,"column":8},"end":{"line":72,"column":19}},"14":{"start":{"line":81,"column":8},"end":{"line":81,"column":3652}},"15":{"start":{"line":99,"column":8},"end":{"line":99,"column":4383}},"16":{"start":{"line":100,"column":12},"end":{"line":100,"column":4425}},"17":{"start":{"line":103,"column":16},"end":{"line":103,"column":78}},"18":{"start":{"line":106,"column":8},"end":{"line":106,"column":51}},"19":{"start":{"line":122,"column":8},"end":{"line":122,"column":67}},"20":{"start":{"line":123,"column":8},"end":{"line":123,"column":80}},"21":{"start":{"line":124,"column":8},"end":{"line":124,"column":72}},"22":{"start":{"line":137,"column":8},"end":{"line":137,"column":99}},"23":{"start":{"line":138,"column":8},"end":{"line":138,"column":87}},"24":{"start":{"line":139,"column":8},"end":{"line":139,"column":83}},"25":{"start":{"line":140,"column":8},"end":{"line":140,"column":96}},"26":{"start":{"line":141,"column":8},"end":{"line":141,"column":98}},"27":{"start":{"line":146,"column":8},"end":{"line":146,"column":67}},"28":{"start":{"line":147,"column":8},"end":{"line":147,"column":65}}},"branchMap":{"1":{"line":29,"type":"if","locations":[{"start":{"line":29,"column":8},"end":{"line":29,"column":8}},{"start":{"line":29,"column":8},"end":{"line":29,"column":8}}]},"2":{"line":31,"type":"if","locations":[{"start":{"line":31,"column":12},"end":{"line":31,"column":12}},{"start":{"line":31,"column":12},"end":{"line":31,"column":12}}]},"3":{"line":37,"type":"if","locations":[{"start":{"line":37,"column":16},"end":{"line":37,"column":16}},{"start":{"line":37,"column":16},"end":{"line":37,"column":16}}]},"4":{"line":38,"type":"if","locations":[{"start":{"line":38,"column":16},"end":{"line":38,"column":16}},{"start":{"line":38,"column":16},"end":{"line":38,"column":16}}]},"5":{"line":63,"type":"if","locations":[{"start":{"line":63,"column":8},"end":{"line":63,"column":8}},{"start":{"line":63,"column":8},"end":{"line":63,"column":8}}]},"6":{"line":67,"type":"if","locations":[{"start":{"line":67,"column":8},"end":{"line":67,"column":8}},{"start":{"line":67,"column":8},"end":{"line":67,"column":8}}]},"7":{"line":99,"type":"if","locations":[{"start":{"line":99,"column":8},"end":{"line":99,"column":8}},{"start":{"line":99,"column":8},"end":{"line":99,"column":8}}]},"8":{"line":103,"type":"if","locations":[{"start":{"line":103,"column":16},"end":{"line":103,"column":16}},{"start":{"line":103,"column":16},"end":{"line":103,"column":16}}]},"9":{"line":122,"type":"if","locations":[{"start":{"line":122,"column":8},"end":{"line":122,"column":8}},{"start":{"line":122,"column":8},"end":{"line":122,"column":8}}]},"10":{"line":123,"type":"if","locations":[{"start":{"line":123,"column":8},"end":{"line":123,"column":8}},{"start":{"line":123,"column":8},"end":{"line":123,"column":8}}]},"11":{"line":137,"type":"if","locations":[{"start":{"line":137,"column":8},"end":{"line":137,"column":8}},{"start":{"line":137,"column":8},"end":{"line":137,"column":8}}]},"12":{"line":138,"type":"if","locations":[{"start":{"line":138,"column":8},"end":{"line":138,"column":8}},{"start":{"line":138,"column":8},"end":{"line":138,"column":8}}]},"13":{"line":139,"type":"if","locations":[{"start":{"line":139,"column":8},"end":{"line":139,"column":8}},{"start":{"line":139,"column":8},"end":{"line":139,"column":8}}]},"14":{"line":140,"type":"if","locations":[{"start":{"line":140,"column":8},"end":{"line":140,"column":8}},{"start":{"line":140,"column":8},"end":{"line":140,"column":8}}]},"15":{"line":141,"type":"if","locations":[{"start":{"line":141,"column":8},"end":{"line":141,"column":8}},{"start":{"line":141,"column":8},"end":{"line":141,"column":8}}]},"16":{"line":146,"type":"if","locations":[{"start":{"line":146,"column":8},"end":{"line":146,"column":8}},{"start":{"line":146,"column":8},"end":{"line":146,"column":8}}]},"17":{"line":147,"type":"if","locations":[{"start":{"line":147,"column":8},"end":{"line":147,"column":8}},{"start":{"line":147,"column":8},"end":{"line":147,"column":8}}]}}},
"contracts/CurveManager.sol":{"l":{"44":116,"45":116,"46":109,"47":109,"49":116,"58":223,"70":143,"82":13,"84":11,"86":1,"88":1,"90":9,"108":293,"109":290,"110":288,"111":288,"133":280,"134":279,"135":278,"137":278,"139":278,"146":127,"147":125,"148":123,"149":121,"150":119,"154":116},"path":"/home/alberto/projects/potion-protocol/contracts/core/contracts/CurveManager.sol","s":{"1":116,"2":109,"3":116,"4":223,"5":143,"6":13,"7":11,"8":1,"9":10,"10":1,"11":9,"12":293,"13":290,"14":288,"15":288,"16":280,"17":279,"18":278,"19":278,"20":127,"21":125,"22":123,"23":121,"24":119},"b":{"1":[116,11],"2":[109,7],"3":[11,2],"4":[1,10],"5":[1,9],"6":[290,3],"7":[288,2],"8":[279,1],"9":[278,1],"10":[125,2],"11":[123,2],"12":[121,2],"13":[119,2],"14":[116,3]},"f":{"1":116,"2":223,"3":143,"4":13,"5":293,"6":280,"7":127},"fnMap":{"1":{"name":"addCurve","line":43,"loc":{"start":{"line":43,"column":4},"end":{"line":50,"column":4}}},"2":{"name":"hashCurve","line":57,"loc":{"start":{"line":57,"column":4},"end":{"line":62,"column":4}}},"3":{"name":"isKnownCurveHash","line":69,"loc":{"start":{"line":69,"column":4},"end":{"line":71,"column":4}}},"4":{"name":"powerDecimal","line":81,"loc":{"start":{"line":81,"column":4},"end":{"line":92,"column":4}}},"5":{"name":"cosh","line":105,"loc":{"start":{"line":105,"column":4},"end":{"line":112,"column":4}}},"6":{"name":"hyperbolicCurve","line":126,"loc":{"start":{"line":126,"column":4},"end":{"line":140,"column":4}}},"7":{"name":"onlyValidCurves","line":145,"loc":{"start":{"line":145,"column":4},"end":{"line":155,"column":4}}}},"statementMap":{"1":{"start":{"line":45,"column":8},"end":{"line":45,"column":2148}},"2":{"start":{"line":47,"column":12},"end":{"line":47,"column":41}},"3":{"start":{"line":49,"column":8},"end":{"line":49,"column":19}},"4":{"start":{"line":58,"column":8},"end":{"line":58,"column":2554}},"5":{"start":{"line":70,"column":8},"end":{"line":70,"column":38}},"6":{"start":{"line":82,"column":8},"end":{"line":82,"column":64}},"7":{"start":{"line":84,"column":8},"end":{"line":84,"column":3598}},"8":{"start":{"line":86,"column":12},"end":{"line":86,"column":23}},"9":{"start":{"line":87,"column":15},"end":{"line":87,"column":3734}},"10":{"start":{"line":88,"column":12},"end":{"line":88,"column":20}},"11":{"start":{"line":90,"column":12},"end":{"line":90,"column":52}},"12":{"start":{"line":108,"column":8},"end":{"line":108,"column":50}},"13":{"start":{"line":109,"column":8},"end":{"line":109,"column":67}},"14":{"start":{"line":110,"column":8},"end":{"line":110,"column":99}},"15":{"start":{"line":111,"column":8},"end":{"line":111,"column":55}},"16":{"start":{"line":133,"column":8},"end":{"line":133,"column":63}},"17":{"start":{"line":134,"column":8},"end":{"line":134,"column":64}},"18":{"start":{"line":135,"column":8},"end":{"line":135,"column":96}},"19":{"start":{"line":139,"column":8},"end":{"line":139,"column":26}},"20":{"start":{"line":146,"column":8},"end":{"line":146,"column":101}},"21":{"start":{"line":147,"column":8},"end":{"line":147,"column":101}},"22":{"start":{"line":148,"column":8},"end":{"line":148,"column":101}},"23":{"start":{"line":149,"column":8},"end":{"line":149,"column":101}},"24":{"start":{"line":150,"column":8},"end":{"line":150,"column":6897}}},"branchMap":{"1":{"line":43,"type":"if","locations":[{"start":{"line":43,"column":63},"end":{"line":43,"column":63}},{"start":{"line":43,"column":63},"end":{"line":43,"column":63}}]},"2":{"line":45,"type":"if","locations":[{"start":{"line":45,"column":8},"end":{"line":45,"column":8}},{"start":{"line":45,"column":8},"end":{"line":45,"column":8}}]},"3":{"line":82,"type":"if","locations":[{"start":{"line":82,"column":8},"end":{"line":82,"column":8}},{"start":{"line":82,"column":8},"end":{"line":82,"column":8}}]},"4":{"line":84,"type":"if","locations":[{"start":{"line":84,"column":8},"end":{"line":84,"column":8}},{"start":{"line":84,"column":8},"end":{"line":84,"column":8}}]},"5":{"line":87,"type":"if","locations":[{"start":{"line":87,"column":15},"end":{"line":87,"column":15}},{"start":{"line":87,"column":15},"end":{"line":87,"column":15}}]},"6":{"line":108,"type":"if","locations":[{"start":{"line":108,"column":8},"end":{"line":108,"column":8}},{"start":{"line":108,"column":8},"end":{"line":108,"column":8}}]},"7":{"line":109,"type":"if","locations":[{"start":{"line":109,"column":8},"end":{"line":109,"column":8}},{"start":{"line":109,"column":8},"end":{"line":109,"column":8}}]},"8":{"line":133,"type":"if","locations":[{"start":{"line":133,"column":8},"end":{"line":133,"column":8}},{"start":{"line":133,"column":8},"end":{"line":133,"column":8}}]},"9":{"line":134,"type":"if","locations":[{"start":{"line":134,"column":8},"end":{"line":134,"column":8}},{"start":{"line":134,"column":8},"end":{"line":134,"column":8}}]},"10":{"line":146,"type":"if","locations":[{"start":{"line":146,"column":8},"end":{"line":146,"column":8}},{"start":{"line":146,"column":8},"end":{"line":146,"column":8}}]},"11":{"line":147,"type":"if","locations":[{"start":{"line":147,"column":8},"end":{"line":147,"column":8}},{"start":{"line":147,"column":8},"end":{"line":147,"column":8}}]},"12":{"line":148,"type":"if","locations":[{"start":{"line":148,"column":8},"end":{"line":148,"column":8}},{"start":{"line":148,"column":8},"end":{"line":148,"column":8}}]},"13":{"line":149,"type":"if","locations":[{"start":{"line":149,"column":8},"end":{"line":149,"column":8}},{"start":{"line":149,"column":8},"end":{"line":149,"column":8}}]},"14":{"line":150,"type":"if","locations":[{"start":{"line":150,"column":8},"end":{"line":150,"column":8}},{"start":{"line":150,"column":8},"end":{"line":150,"column":8}}]}}},
"contracts/interfaces/ICriteriaManager.sol":{"l":{},"path":"/home/alberto/projects/potion-protocol/contracts/core/contracts/interfaces/ICriteriaManager.sol","s":{},"b":{},"f":{},"fnMap":{},"statementMap":{},"branchMap":{}},
"contracts/interfaces/ICurveManager.sol":{"l":{},"path":"/home/alberto/projects/potion-protocol/contracts/core/contracts/interfaces/ICurveManager.sol","s":{},"b":{},"f":{},"fnMap":{},"statementMap":{},"branchMap":{}},
"contracts/OpynActionsLibrary.sol":{"l":{"10":37,"28":4,"48":33,"68":33,"89":33,"90":33,"97":33,"105":33},"path":"/home/alberto/projects/potion-protocol/contracts/core/contracts/OpynActionsLibrary.sol","s":{"1":37,"2":4,"3":33,"4":33,"5":33},"b":{},"f":{"1":37,"2":4,"3":33,"4":33,"5":33},"fnMap":{"1":{"name":"_getOpenVaultAction","line":9,"loc":{"start":{"line":9,"column":4},"end":{"line":21,"column":4}}},"2":{"name":"_getSettleVaultAction","line":23,"loc":{"start":{"line":23,"column":4},"end":{"line":39,"column":4}}},"3":{"name":"_getDepositCollateralAction","line":41,"loc":{"start":{"line":41,"column":4},"end":{"line":59,"column":4}}},"4":{"name":"_getMintShortOptionAction","line":61,"loc":{"start":{"line":61,"column":4},"end":{"line":79,"column":4}}},"5":{"name":"_actionArgsToDepositCollateralAndMintOtokens","line":81,"loc":{"start":{"line":81,"column":4},"end":{"line":106,"column":4}}}},"statementMap":{"1":{"start":{"line":10,"column":8},"end":{"line":10,"column":395}},"2":{"start":{"line":28,"column":8},"end":{"line":28,"column":909}},"3":{"start":{"line":48,"column":8},"end":{"line":48,"column":1476}},"4":{"start":{"line":68,"column":8},"end":{"line":68,"column":2051}},"5":{"start":{"line":105,"column":8},"end":{"line":105,"column":26}}},"branchMap":{}},
"contracts/packages/PRBMathCommon.sol":{"l":{"24":772,"26":772,"30":772,"31":120,"32":772,"33":127,"34":772,"35":127,"36":772,"37":134,"38":772,"39":147,"40":772,"41":135,"42":772,"43":123,"44":772,"45":147,"46":772,"47":189,"48":772,"49":117,"50":772,"51":148,"52":772,"53":104,"54":772,"55":772,"56":772,"57":772,"58":772,"59":772,"60":772,"61":772,"62":772,"63":772,"64":772,"65":772,"66":772,"67":772,"68":772,"69":772,"70":772,"71":772,"72":772,"73":772,"74":772,"75":772,"76":772,"77":772,"78":772,"79":772,"80":772,"81":772,"82":772,"83":772,"84":772,"85":772,"86":772,"87":772,"88":772,"89":772,"90":772,"91":772,"92":772,"93":772,"94":772,"95":772,"96":772,"97":772,"98":772,"99":772,"100":772,"101":772,"102":772,"103":772,"104":772,"105":772,"116":772,"117":772,"126":206,"127":0,"128":0,"130":206,"131":0,"132":0,"134":206,"135":0,"136":0,"138":206,"139":4,"140":4,"142":206,"143":34,"144":34,"146":206,"147":54,"148":54,"150":206,"151":60,"152":60,"154":206,"156":112,"183":544,"184":544,"185":544,"192":544,"193":544,"194":544,"197":544,"201":0,"208":0,"209":0,"220":0,"222":0,"223":0,"235":0,"240":0,"244":0,"245":0,"246":0,"247":0,"248":0,"249":0,"255":0,"256":0,"279":1580,"280":1580,"281":1580,"287":1580,"288":1580,"289":1580,"294":1580,"295":1580,"296":1580,"297":1580,"301":0,"303":0,"334":0,"335":0,"336":0,"339":0,"340":0,"341":0,"342":0,"343":0,"344":0,"345":0,"349":0,"350":0,"353":0,"354":0,"355":0,"356":0,"364":0,"376":0,"377":0,"381":0,"382":0,"383":0,"384":0,"385":0,"387":0,"388":0,"389":0,"391":0,"392":0,"393":0,"395":0,"396":0,"397":0,"399":0,"400":0,"401":0,"403":0,"404":0,"405":0,"407":0,"408":0,"412":0,"413":0,"414":0,"415":0,"416":0,"417":0,"418":0,"419":0,"420":0,"421":0},"path":"/home/alberto/projects/potion-protocol/contracts/core/contracts/packages/PRBMathCommon.sol","s":{"1":772,"2":772,"3":772,"4":772,"5":772,"6":772,"7":772,"8":772,"9":772,"10":772,"11":772,"12":772,"13":772,"14":772,"15":772,"16":772,"17":772,"18":772,"19":772,"20":772,"21":772,"22":772,"23":772,"24":772,"25":772,"26":772,"27":772,"28":772,"29":772,"30":772,"31":772,"32":772,"33":772,"34":772,"35":772,"36":772,"37":772,"38":772,"39":772,"40":772,"41":772,"42":772,"43":772,"44":772,"45":772,"46":772,"47":772,"48":772,"49":772,"50":772,"51":772,"52":772,"53":772,"54":772,"55":772,"56":772,"57":772,"58":772,"59":772,"60":772,"61":772,"62":772,"63":772,"64":772,"65":206,"66":206,"67":206,"68":206,"69":206,"70":206,"71":206,"72":206,"73":544,"74":544,"75":544,"76":544,"77":544,"78":0,"79":0,"80":0,"81":0,"82":0,"83":1580,"84":1580,"85":1580,"86":1580,"87":1580,"88":1580,"89":0,"90":0,"91":0,"92":0,"93":0,"94":0,"95":0,"96":0,"97":0,"98":0,"99":0,"100":0,"101":0,"102":0,"103":0,"104":0,"105":0,"106":0,"107":0,"108":0,"109":0,"110":0,"111":0,"112":0},"b":{"1":[120,652],"2":[127,645],"3":[127,645],"4":[134,638],"5":[147,625],"6":[135,637],"7":[123,649],"8":[147,625],"9":[189,583],"10":[117,655],"11":[148,624],"12":[104,668],"13":[177,595],"14":[116,656],"15":[183,589],"16":[85,687],"17":[128,644],"18":[142,630],"19":[186,586],"20":[185,587],"21":[238,534],"22":[180,592],"23":[202,570],"24":[192,580],"25":[121,651],"26":[168,604],"27":[171,601],"28":[185,587],"29":[186,586],"30":[229,543],"31":[221,551],"32":[221,551],"33":[193,579],"34":[292,480],"35":[226,546],"36":[222,550],"37":[192,580],"38":[235,537],"39":[239,533],"40":[159,613],"41":[292,480],"42":[226,546],"43":[231,541],"44":[282,490],"45":[148,624],"46":[200,572],"47":[312,460],"48":[243,529],"49":[359,413],"50":[348,424],"51":[245,527],"52":[285,487],"53":[164,608],"54":[197,575],"55":[223,549],"56":[237,535],"57":[293,479],"58":[259,513],"59":[271,501],"60":[271,501],"61":[327,445],"62":[266,506],"63":[287,485],"64":[275,497],"65":[0,206],"66":[0,206],"67":[0,206],"68":[4,202],"69":[34,172],"70":[54,152],"71":[60,146],"72":[112,94],"73":[544,0],"74":[544,0],"75":[0,0],"76":[1580,0],"77":[0,0],"78":[0,0],"79":[0,0],"80":[0,0],"81":[0,0],"82":[0,0],"83":[0,0],"84":[0,0],"85":[0,0],"86":[0,0],"87":[0,0],"88":[0,0],"89":[0,0],"90":[0,0],"91":[0,0],"92":[0,0],"93":[0,0],"94":[0,0]},"f":{"1":772,"2":206,"3":544,"4":1580,"5":0,"6":0},"fnMap":{"1":{"name":"exp2","line":23,"loc":{"start":{"line":23,"column":4},"end":{"line":119,"column":4}}},"2":{"name":"mostSignificantBit","line":125,"loc":{"start":{"line":125,"column":4},"end":{"line":158,"column":4}}},"3":{"name":"mulDiv","line":175,"loc":{"start":{"line":175,"column":4},"end":{"line":258,"column":4}}},"4":{"name":"mulDivFixedPoint","line":278,"loc":{"start":{"line":278,"column":4},"end":{"line":315,"column":4}}},"5":{"name":"mulDivSigned","line":329,"loc":{"start":{"line":329,"column":4},"end":{"line":365,"column":4}}},"6":{"name":"sqrt","line":375,"loc":{"start":{"line":375,"column":4},"end":{"line":423,"column":4}}}},"statementMap":{"1":{"start":{"line":30,"column":12},"end":{"line":30,"column":1706}},"2":{"start":{"line":32,"column":12},"end":{"line":32,"column":1846}},"3":{"start":{"line":34,"column":12},"end":{"line":34,"column":1986}},"4":{"start":{"line":36,"column":12},"end":{"line":36,"column":2126}},"5":{"start":{"line":38,"column":12},"end":{"line":38,"column":2266}},"6":{"start":{"line":40,"column":12},"end":{"line":40,"column":2405}},"7":{"start":{"line":42,"column":12},"end":{"line":42,"column":2544}},"8":{"start":{"line":44,"column":12},"end":{"line":44,"column":2683}},"9":{"start":{"line":46,"column":12},"end":{"line":46,"column":2822}},"10":{"start":{"line":48,"column":12},"end":{"line":48,"column":2960}},"11":{"start":{"line":50,"column":12},"end":{"line":50,"column":3098}},"12":{"start":{"line":52,"column":12},"end":{"line":52,"column":3236}},"13":{"start":{"line":54,"column":12},"end":{"line":54,"column":119}},"14":{"start":{"line":55,"column":12},"end":{"line":55,"column":119}},"15":{"start":{"line":56,"column":12},"end":{"line":56,"column":119}},"16":{"start":{"line":57,"column":12},"end":{"line":57,"column":119}},"17":{"start":{"line":58,"column":12},"end":{"line":58,"column":118}},"18":{"start":{"line":59,"column":12},"end":{"line":59,"column":118}},"19":{"start":{"line":60,"column":12},"end":{"line":60,"column":118}},"20":{"start":{"line":61,"column":12},"end":{"line":61,"column":118}},"21":{"start":{"line":62,"column":12},"end":{"line":62,"column":117}},"22":{"start":{"line":63,"column":12},"end":{"line":63,"column":117}},"23":{"start":{"line":64,"column":12},"end":{"line":64,"column":117}},"24":{"start":{"line":65,"column":12},"end":{"line":65,"column":117}},"25":{"start":{"line":66,"column":12},"end":{"line":66,"column":116}},"26":{"start":{"line":67,"column":12},"end":{"line":67,"column":116}},"27":{"start":{"line":68,"column":12},"end":{"line":68,"column":116}},"28":{"start":{"line":69,"column":12},"end":{"line":69,"column":116}},"29":{"start":{"line":70,"column":12},"end":{"line":70,"column":115}},"30":{"start":{"line":71,"column":12},"end":{"line":71,"column":115}},"31":{"start":{"line":72,"column":12},"end":{"line":72,"column":115}},"32":{"start":{"line":73,"column":12},"end":{"line":73,"column":115}},"33":{"start":{"line":74,"column":12},"end":{"line":74,"column":114}},"34":{"start":{"line":75,"column":12},"end":{"line":75,"column":114}},"35":{"start":{"line":76,"column":12},"end":{"line":76,"column":114}},"36":{"start":{"line":77,"column":12},"end":{"line":77,"column":114}},"37":{"start":{"line":78,"column":12},"end":{"line":78,"column":113}},"38":{"start":{"line":79,"column":12},"end":{"line":79,"column":113}},"39":{"start":{"line":80,"column":12},"end":{"line":80,"column":113}},"40":{"start":{"line":81,"column":12},"end":{"line":81,"column":113}},"41":{"start":{"line":82,"column":12},"end":{"line":82,"column":112}},"42":{"start":{"line":83,"column":12},"end":{"line":83,"column":112}},"43":{"start":{"line":84,"column":12},"end":{"line":84,"column":112}},"44":{"start":{"line":85,"column":12},"end":{"line":85,"column":112}},"45":{"start":{"line":86,"column":12},"end":{"line":86,"column":111}},"46":{"start":{"line":87,"column":12},"end":{"line":87,"column":111}},"47":{"start":{"line":88,"column":12},"end":{"line":88,"column":111}},"48":{"start":{"line":89,"column":12},"end":{"line":89,"column":111}},"49":{"start":{"line":90,"column":12},"end":{"line":90,"column":110}},"50":{"start":{"line":91,"column":12},"end":{"line":91,"column":110}},"51":{"start":{"line":92,"column":12},"end":{"line":92,"column":110}},"52":{"start":{"line":93,"column":12},"end":{"line":93,"column":110}},"53":{"start":{"line":94,"column":12},"end":{"line":94,"column":109}},"54":{"start":{"line":95,"column":12},"end":{"line":95,"column":109}},"55":{"start":{"line":96,"column":12},"end":{"line":96,"column":109}},"56":{"start":{"line":97,"column":12},"end":{"line":97,"column":109}},"57":{"start":{"line":98,"column":12},"end":{"line":98,"column":108}},"58":{"start":{"line":99,"column":12},"end":{"line":99,"column":108}},"59":{"start":{"line":100,"column":12},"end":{"line":100,"column":108}},"60":{"start":{"line":101,"column":12},"end":{"line":101,"column":108}},"61":{"start":{"line":102,"column":12},"end":{"line":102,"column":107}},"62":{"start":{"line":103,"column":12},"end":{"line":103,"column":107}},"63":{"start":{"line":104,"column":12},"end":{"line":104,"column":107}},"64":{"start":{"line":105,"column":12},"end":{"line":105,"column":107}},"65":{"start":{"line":126,"column":8},"end":{"line":126,"column":10504}},"66":{"start":{"line":130,"column":8},"end":{"line":130,"column":10588}},"67":{"start":{"line":134,"column":8},"end":{"line":134,"column":10669}},"68":{"start":{"line":138,"column":8},"end":{"line":138,"column":10750}},"69":{"start":{"line":142,"column":8},"end":{"line":142,"column":10831}},"70":{"start":{"line":146,"column":8},"end":{"line":146,"column":10909}},"71":{"start":{"line":150,"column":8},"end":{"line":150,"column":10987}},"72":{"start":{"line":154,"column":8},"end":{"line":154,"column":11065}},"73":{"start":{"line":183,"column":8},"end":{"line":183,"column":21}},"74":{"start":{"line":184,"column":8},"end":{"line":184,"column":21}},"75":{"start":{"line":192,"column":8},"end":{"line":192,"column":12529}},"76":{"start":{"line":193,"column":12},"end":{"line":193,"column":35}},"77":{"start":{"line":197,"column":12},"end":{"line":197,"column":25}},"78":{"start":{"line":201,"column":8},"end":{"line":201,"column":35}},"79":{"start":{"line":208,"column":8},"end":{"line":208,"column":25}},"80":{"start":{"line":222,"column":12},"end":{"line":222,"column":62}},"81":{"start":{"line":240,"column":12},"end":{"line":240,"column":51}},"82":{"start":{"line":256,"column":12},"end":{"line":256,"column":25}},"83":{"start":{"line":279,"column":8},"end":{"line":279,"column":21}},"84":{"start":{"line":280,"column":8},"end":{"line":280,"column":21}},"85":{"start":{"line":287,"column":8},"end":{"line":287,"column":25}},"86":{"start":{"line":288,"column":8},"end":{"line":288,"column":27}},"87":{"start":{"line":294,"column":8},"end":{"line":294,"column":17344}},"88":{"start":{"line":297,"column":16},"end":{"line":297,"column":29}},"89":{"start":{"line":301,"column":8},"end":{"line":301,"column":29}},"90":{"start":{"line":334,"column":8},"end":{"line":334,"column":36}},"91":{"start":{"line":335,"column":8},"end":{"line":335,"column":36}},"92":{"start":{"line":336,"column":8},"end":{"line":336,"column":46}},"93":{"start":{"line":339,"column":8},"end":{"line":339,"column":18}},"94":{"start":{"line":340,"column":8},"end":{"line":340,"column":18}},"95":{"start":{"line":341,"column":8},"end":{"line":341,"column":18}},"96":{"start":{"line":349,"column":8},"end":{"line":349,"column":51}},"97":{"start":{"line":350,"column":8},"end":{"line":350,"column":59}},"98":{"start":{"line":353,"column":8},"end":{"line":353,"column":18}},"99":{"start":{"line":354,"column":8},"end":{"line":354,"column":18}},"100":{"start":{"line":355,"column":8},"end":{"line":355,"column":18}},"101":{"start":{"line":376,"column":8},"end":{"line":376,"column":20292}},"102":{"start":{"line":377,"column":12},"end":{"line":377,"column":20}},"103":{"start":{"line":381,"column":8},"end":{"line":381,"column":33}},"104":{"start":{"line":383,"column":8},"end":{"line":383,"column":20486}},"105":{"start":{"line":387,"column":8},"end":{"line":387,"column":20608}},"106":{"start":{"line":391,"column":8},"end":{"line":391,"column":20713}},"107":{"start":{"line":395,"column":8},"end":{"line":395,"column":20810}},"108":{"start":{"line":399,"column":8},"end":{"line":399,"column":20902}},"109":{"start":{"line":403,"column":8},"end":{"line":403,"column":20991}},"110":{"start":{"line":407,"column":8},"end":{"line":407,"column":21079}},"111":{"start":{"line":420,"column":12},"end":{"line":420,"column":50}},"112":{"start":{"line":421,"column":12},"end":{"line":421,"column":75}}},"branchMap":{"1":{"line":30,"type":"if","locations":[{"start":{"line":30,"column":12},"end":{"line":30,"column":12}},{"start":{"line":30,"column":12},"end":{"line":30,"column":12}}]},"2":{"line":32,"type":"if","locations":[{"start":{"line":32,"column":12},"end":{"line":32,"column":12}},{"start":{"line":32,"column":12},"end":{"line":32,"column":12}}]},"3":{"line":34,"type":"if","locations":[{"start":{"line":34,"column":12},"end":{"line":34,"column":12}},{"start":{"line":34,"column":12},"end":{"line":34,"column":12}}]},"4":{"line":36,"type":"if","locations":[{"start":{"line":36,"column":12},"end":{"line":36,"column":12}},{"start":{"line":36,"column":12},"end":{"line":36,"column":12}}]},"5":{"line":38,"type":"if","locations":[{"start":{"line":38,"column":12},"end":{"line":38,"column":12}},{"start":{"line":38,"column":12},"end":{"line":38,"column":12}}]},"6":{"line":40,"type":"if","locations":[{"start":{"line":40,"column":12},"end":{"line":40,"column":12}},{"start":{"line":40,"column":12},"end":{"line":40,"column":12}}]},"7":{"line":42,"type":"if","locations":[{"start":{"line":42,"column":12},"end":{"line":42,"column":12}},{"start":{"line":42,"column":12},"end":{"line":42,"column":12}}]},"8":{"line":44,"type":"if","locations":[{"start":{"line":44,"column":12},"end":{"line":44,"column":12}},{"start":{"line":44,"column":12},"end":{"line":44,"column":12}}]},"9":{"line":46,"type":"if","locations":[{"start":{"line":46,"column":12},"end":{"line":46,"column":12}},{"start":{"line":46,"column":12},"end":{"line":46,"column":12}}]},"10":{"line":48,"type":"if","locations":[{"start":{"line":48,"column":12},"end":{"line":48,"column":12}},{"start":{"line":48,"column":12},"end":{"line":48,"column":12}}]},"11":{"line":50,"type":"if","locations":[{"start":{"line":50,"column":12},"end":{"line":50,"column":12}},{"start":{"line":50,"column":12},"end":{"line":50,"column":12}}]},"12":{"line":52,"type":"if","locations":[{"start":{"line":52,"column":12},"end":{"line":52,"column":12}},{"start":{"line":52,"column":12},"end":{"line":52,"column":12}}]},"13":{"line":54,"type":"if","locations":[{"start":{"line":54,"column":12},"end":{"line":54,"column":12}},{"start":{"line":54,"column":12},"end":{"line":54,"column":12}}]},"14":{"line":55,"type":"if","locations":[{"start":{"line":55,"column":12},"end":{"line":55,"column":12}},{"start":{"line":55,"column":12},"end":{"line":55,"column":12}}]},"15":{"line":56,"type":"if","locations":[{"start":{"line":56,"column":12},"end":{"line":56,"column":12}},{"start":{"line":56,"column":12},"end":{"line":56,"column":12}}]},"16":{"line":57,"type":"if","locations":[{"start":{"line":57,"column":12},"end":{"line":57,"column":12}},{"start":{"line":57,"column":12},"end":{"line":57,"column":12}}]},"17":{"line":58,"type":"if","locations":[{"start":{"line":58,"column":12},"end":{"line":58,"column":12}},{"start":{"line":58,"column":12},"end":{"line":58,"column":12}}]},"18":{"line":59,"type":"if","locations":[{"start":{"line":59,"column":12},"end":{"line":59,"column":12}},{"start":{"line":59,"column":12},"end":{"line":59,"column":12}}]},"19":{"line":60,"type":"if","locations":[{"start":{"line":60,"column":12},"end":{"line":60,"column":12}},{"start":{"line":60,"column":12},"end":{"line":60,"column":12}}]},"20":{"line":61,"type":"if","locations":[{"start":{"line":61,"column":12},"end":{"line":61,"column":12}},{"start":{"line":61,"column":12},"end":{"line":61,"column":12}}]},"21":{"line":62,"type":"if","locations":[{"start":{"line":62,"column":12},"end":{"line":62,"column":12}},{"start":{"line":62,"column":12},"end":{"line":62,"column":12}}]},"22":{"line":63,"type":"if","locations":[{"start":{"line":63,"column":12},"end":{"line":63,"column":12}},{"start":{"line":63,"column":12},"end":{"line":63,"column":12}}]},"23":{"line":64,"type":"if","locations":[{"start":{"line":64,"column":12},"end":{"line":64,"column":12}},{"start":{"line":64,"column":12},"end":{"line":64,"column":12}}]},"24":{"line":65,"type":"if","locations":[{"start":{"line":65,"column":12},"end":{"line":65,"column":12}},{"start":{"line":65,"column":12},"end":{"line":65,"column":12}}]},"25":{"line":66,"type":"if","locations":[{"start":{"line":66,"column":12},"end":{"line":66,"column":12}},{"start":{"line":66,"column":12},"end":{"line":66,"column":12}}]},"26":{"line":67,"type":"if","locations":[{"start":{"line":67,"column":12},"end":{"line":67,"column":12}},{"start":{"line":67,"column":12},"end":{"line":67,"column":12}}]},"27":{"line":68,"type":"if","locations":[{"start":{"line":68,"column":12},"end":{"line":68,"column":12}},{"start":{"line":68,"column":12},"end":{"line":68,"column":12}}]},"28":{"line":69,"type":"if","locations":[{"start":{"line":69,"column":12},"end":{"line":69,"column":12}},{"start":{"line":69,"column":12},"end":{"line":69,"column":12}}]},"29":{"line":70,"type":"if","locations":[{"start":{"line":70,"column":12},"end":{"line":70,"column":12}},{"start":{"line":70,"column":12},"end":{"line":70,"column":12}}]},"30":{"line":71,"type":"if","locations":[{"start":{"line":71,"column":12},"end":{"line":71,"column":12}},{"start":{"line":71,"column":12},"end":{"line":71,"column":12}}]},"31":{"line":72,"type":"if","locations":[{"start":{"line":72,"column":12},"end":{"line":72,"column":12}},{"start":{"line":72,"column":12},"end":{"line":72,"column":12}}]},"32":{"line":73,"type":"if","locations":[{"start":{"line":73,"column":12},"end":{"line":73,"column":12}},{"start":{"line":73,"column":12},"end":{"line":73,"column":12}}]},"33":{"line":74,"type":"if","locations":[{"start":{"line":74,"column":12},"end":{"line":74,"column":12}},{"start":{"line":74,"column":12},"end":{"line":74,"column":12}}]},"34":{"line":75,"type":"if","locations":[{"start":{"line":75,"column":12},"end":{"line":75,"column":12}},{"start":{"line":75,"column":12},"end":{"line":75,"column":12}}]},"35":{"line":76,"type":"if","locations":[{"start":{"line":76,"column":12},"end":{"line":76,"column":12}},{"start":{"line":76,"column":12},"end":{"line":76,"column":12}}]},"36":{"line":77,"type":"if","locations":[{"start":{"line":77,"column":12},"end":{"line":77,"column":12}},{"start":{"line":77,"column":12},"end":{"line":77,"column":12}}]},"37":{"line":78,"type":"if","locations":[{"start":{"line":78,"column":12},"end":{"line":78,"column":12}},{"start":{"line":78,"column":12},"end":{"line":78,"column":12}}]},"38":{"line":79,"type":"if","locations":[{"start":{"line":79,"column":12},"end":{"line":79,"column":12}},{"start":{"line":79,"column":12},"end":{"line":79,"column":12}}]},"39":{"line":80,"type":"if","locations":[{"start":{"line":80,"column":12},"end":{"line":80,"column":12}},{"start":{"line":80,"column":12},"end":{"line":80,"column":12}}]},"40":{"line":81,"type":"if","locations":[{"start":{"line":81,"column":12},"end":{"line":81,"column":12}},{"start":{"line":81,"column":12},"end":{"line":81,"column":12}}]},"41":{"line":82,"type":"if","locations":[{"start":{"line":82,"column":12},"end":{"line":82,"column":12}},{"start":{"line":82,"column":12},"end":{"line":82,"column":12}}]},"42":{"line":83,"type":"if","locations":[{"start":{"line":83,"column":12},"end":{"line":83,"column":12}},{"start":{"line":83,"column":12},"end":{"line":83,"column":12}}]},"43":{"line":84,"type":"if","locations":[{"start":{"line":84,"column":12},"end":{"line":84,"column":12}},{"start":{"line":84,"column":12},"end":{"line":84,"column":12}}]},"44":{"line":85,"type":"if","locations":[{"start":{"line":85,"column":12},"end":{"line":85,"column":12}},{"start":{"line":85,"column":12},"end":{"line":85,"column":12}}]},"45":{"line":86,"type":"if","locations":[{"start":{"line":86,"column":12},"end":{"line":86,"column":12}},{"start":{"line":86,"column":12},"end":{"line":86,"column":12}}]},"46":{"line":87,"type":"if","locations":[{"start":{"line":87,"column":12},"end":{"line":87,"column":12}},{"start":{"line":87,"column":12},"end":{"line":87,"column":12}}]},"47":{"line":88,"type":"if","locations":[{"start":{"line":88,"column":12},"end":{"line":88,"column":12}},{"start":{"line":88,"column":12},"end":{"line":88,"column":12}}]},"48":{"line":89,"type":"if","locations":[{"start":{"line":89,"column":12},"end":{"line":89,"column":12}},{"start":{"line":89,"column":12},"end":{"line":89,"column":12}}]},"49":{"line":90,"type":"if","locations":[{"start":{"line":90,"column":12},"end":{"line":90,"column":12}},{"start":{"line":90,"column":12},"end":{"line":90,"column":12}}]},"50":{"line":91,"type":"if","locations":[{"start":{"line":91,"column":12},"end":{"line":91,"column":12}},{"start":{"line":91,"column":12},"end":{"line":91,"column":12}}]},"51":{"line":92,"type":"if","locations":[{"start":{"line":92,"column":12},"end":{"line":92,"column":12}},{"start":{"line":92,"column":12},"end":{"line":92,"column":12}}]},"52":{"line":93,"type":"if","locations":[{"start":{"line":93,"column":12},"end":{"line":93,"column":12}},{"start":{"line":93,"column":12},"end":{"line":93,"column":12}}]},"53":{"line":94,"type":"if","locations":[{"start":{"line":94,"column":12},"end":{"line":94,"column":12}},{"start":{"line":94,"column":12},"end":{"line":94,"column":12}}]},"54":{"line":95,"type":"if","locations":[{"start":{"line":95,"column":12},"end":{"line":95,"column":12}},{"start":{"line":95,"column":12},"end":{"line":95,"column":12}}]},"55":{"line":96,"type":"if","locations":[{"start":{"line":96,"column":12},"end":{"line":96,"column":12}},{"start":{"line":96,"column":12},"end":{"line":96,"column":12}}]},"56":{"line":97,"type":"if","locations":[{"start":{"line":97,"column":12},"end":{"line":97,"column":12}},{"start":{"line":97,"column":12},"end":{"line":97,"column":12}}]},"57":{"line":98,"type":"if","locations":[{"start":{"line":98,"column":12},"end":{"line":98,"column":12}},{"start":{"line":98,"column":12},"end":{"line":98,"column":12}}]},"58":{"line":99,"type":"if","locations":[{"start":{"line":99,"column":12},"end":{"line":99,"column":12}},{"start":{"line":99,"column":12},"end":{"line":99,"column":12}}]},"59":{"line":100,"type":"if","locations":[{"start":{"line":100,"column":12},"end":{"line":100,"column":12}},{"start":{"line":100,"column":12},"end":{"line":100,"column":12}}]},"60":{"line":101,"type":"if","locations":[{"start":{"line":101,"column":12},"end":{"line":101,"column":12}},{"start":{"line":101,"column":12},"end":{"line":101,"column":12}}]},"61":{"line":102,"type":"if","locations":[{"start":{"line":102,"column":12},"end":{"line":102,"column":12}},{"start":{"line":102,"column":12},"end":{"line":102,"column":12}}]},"62":{"line":103,"type":"if","locations":[{"start":{"line":103,"column":12},"end":{"line":103,"column":12}},{"start":{"line":103,"column":12},"end":{"line":103,"column":12}}]},"63":{"line":104,"type":"if","locations":[{"start":{"line":104,"column":12},"end":{"line":104,"column":12}},{"start":{"line":104,"column":12},"end":{"line":104,"column":12}}]},"64":{"line":105,"type":"if","locations":[{"start":{"line":105,"column":12},"end":{"line":105,"column":12}},{"start":{"line":105,"column":12},"end":{"line":105,"column":12}}]},"65":{"line":126,"type":"if","locations":[{"start":{"line":126,"column":8},"end":{"line":126,"column":8}},{"start":{"line":126,"column":8},"end":{"line":126,"column":8}}]},"66":{"line":130,"type":"if","locations":[{"start":{"line":130,"column":8},"end":{"line":130,"column":8}},{"start":{"line":130,"column":8},"end":{"line":130,"column":8}}]},"67":{"line":134,"type":"if","locations":[{"start":{"line":134,"column":8},"end":{"line":134,"column":8}},{"start":{"line":134,"column":8},"end":{"line":134,"column":8}}]},"68":{"line":138,"type":"if","locations":[{"start":{"line":138,"column":8},"end":{"line":138,"column":8}},{"start":{"line":138,"column":8},"end":{"line":138,"column":8}}]},"69":{"line":142,"type":"if","locations":[{"start":{"line":142,"column":8},"end":{"line":142,"column":8}},{"start":{"line":142,"column":8},"end":{"line":142,"column":8}}]},"70":{"line":146,"type":"if","locations":[{"start":{"line":146,"column":8},"end":{"line":146,"column":8}},{"start":{"line":146,"column":8},"end":{"line":146,"column":8}}]},"71":{"line":150,"type":"if","locations":[{"start":{"line":150,"column":8},"end":{"line":150,"column":8}},{"start":{"line":150,"column":8},"end":{"line":150,"column":8}}]},"72":{"line":154,"type":"if","locations":[{"start":{"line":154,"column":8},"end":{"line":154,"column":8}},{"start":{"line":154,"column":8},"end":{"line":154,"column":8}}]},"73":{"line":192,"type":"if","locations":[{"start":{"line":192,"column":8},"end":{"line":192,"column":8}},{"start":{"line":192,"column":8},"end":{"line":192,"column":8}}]},"74":{"line":193,"type":"if","locations":[{"start":{"line":193,"column":12},"end":{"line":193,"column":12}},{"start":{"line":193,"column":12},"end":{"line":193,"column":12}}]},"75":{"line":201,"type":"if","locations":[{"start":{"line":201,"column":8},"end":{"line":201,"column":8}},{"start":{"line":201,"column":8},"end":{"line":201,"column":8}}]},"76":{"line":294,"type":"if","locations":[{"start":{"line":294,"column":8},"end":{"line":294,"column":8}},{"start":{"line":294,"column":8},"end":{"line":294,"column":8}}]},"77":{"line":301,"type":"if","locations":[{"start":{"line":301,"column":8},"end":{"line":301,"column":8}},{"start":{"line":301,"column":8},"end":{"line":301,"column":8}}]},"78":{"line":334,"type":"if","locations":[{"start":{"line":334,"column":8},"end":{"line":334,"column":8}},{"start":{"line":334,"column":8},"end":{"line":334,"column":8}}]},"79":{"line":335,"type":"if","locations":[{"start":{"line":335,"column":8},"end":{"line":335,"column":8}},{"start":{"line":335,"column":8},"end":{"line":335,"column":8}}]},"80":{"line":336,"type":"if","locations":[{"start":{"line":336,"column":8},"end":{"line":336,"column":8}},{"start":{"line":336,"column":8},"end":{"line":336,"column":8}}]},"81":{"line":343,"type":"if","locations":[{"start":{"line":343,"column":25},"end":{"line":343,"column":35}},{"start":{"line":343,"column":39},"end":{"line":343,"column":48}}]},"82":{"line":344,"type":"if","locations":[{"start":{"line":344,"column":25},"end":{"line":344,"column":35}},{"start":{"line":344,"column":39},"end":{"line":344,"column":48}}]},"83":{"line":345,"type":"if","locations":[{"start":{"line":345,"column":35},"end":{"line":345,"column":55}},{"start":{"line":345,"column":59},"end":{"line":345,"column":78}}]},"84":{"line":350,"type":"if","locations":[{"start":{"line":350,"column":8},"end":{"line":350,"column":8}},{"start":{"line":350,"column":8},"end":{"line":350,"column":8}}]},"85":{"line":364,"type":"if","locations":[{"start":{"line":364,"column":37},"end":{"line":364,"column":59}},{"start":{"line":364,"column":63},"end":{"line":364,"column":84}}]},"86":{"line":376,"type":"if","locations":[{"start":{"line":376,"column":8},"end":{"line":376,"column":8}},{"start":{"line":376,"column":8},"end":{"line":376,"column":8}}]},"87":{"line":383,"type":"if","locations":[{"start":{"line":383,"column":8},"end":{"line":383,"column":8}},{"start":{"line":383,"column":8},"end":{"line":383,"column":8}}]},"88":{"line":387,"type":"if","locations":[{"start":{"line":387,"column":8},"end":{"line":387,"column":8}},{"start":{"line":387,"column":8},"end":{"line":387,"column":8}}]},"89":{"line":391,"type":"if","locations":[{"start":{"line":391,"column":8},"end":{"line":391,"column":8}},{"start":{"line":391,"column":8},"end":{"line":391,"column":8}}]},"90":{"line":395,"type":"if","locations":[{"start":{"line":395,"column":8},"end":{"line":395,"column":8}},{"start":{"line":395,"column":8},"end":{"line":395,"column":8}}]},"91":{"line":399,"type":"if","locations":[{"start":{"line":399,"column":8},"end":{"line":399,"column":8}},{"start":{"line":399,"column":8},"end":{"line":399,"column":8}}]},"92":{"line":403,"type":"if","locations":[{"start":{"line":403,"column":8},"end":{"line":403,"column":8}},{"start":{"line":403,"column":8},"end":{"line":403,"column":8}}]},"93":{"line":407,"type":"if","locations":[{"start":{"line":407,"column":8},"end":{"line":407,"column":8}},{"start":{"line":407,"column":8},"end":{"line":407,"column":8}}]},"94":{"line":421,"type":"if","locations":[{"start":{"line":421,"column":49},"end":{"line":421,"column":65}},{"start":{"line":421,"column":69},"end":{"line":421,"column":74}}]}}},
"contracts/packages/PRBMathSD59x18.sol":{"l":{"48":0,"49":0,"50":0,"60":0,"63":0,"78":0,"79":0,"80":0,"81":0,"82":0,"85":0,"86":0,"87":0,"110":544,"111":544,"114":544,"115":544,"116":544,"117":544,"118":544,"122":544,"123":544,"126":544,"127":544,"128":544,"135":544,"141":0,"160":585,"161":1,"165":584,"168":584,"169":584,"170":584,"189":1134,"191":362,"192":9,"196":353,"197":353,"201":772,"203":772,"205":772,"208":772,"224":0,"225":0,"226":0,"227":0,"228":0,"231":0,"232":0,"233":0,"245":0,"246":0,"259":1340,"260":1340,"261":1340,"275":0,"276":0,"279":0,"281":0,"282":0,"285":0,"289":0,"301":0,"303":0,"323":9,"324":9,"342":0,"346":0,"430":0,"432":0,"433":0,"452":206,"453":206,"455":206,"456":206,"457":13,"459":193,"461":193,"467":206,"471":206,"474":206,"477":206,"478":74,"483":132,"484":7788,"487":7788,"489":3730,"492":3730,"495":132,"516":1580,"517":1580,"519":1580,"520":1580,"521":1580,"522":1580,"523":1580,"525":1580,"526":1580,"528":1580,"529":1580,"530":1580,"534":1580,"540":0,"559":278,"560":81,"562":197,"583":0,"586":0,"589":0,"590":0,"593":0,"594":0,"599":0,"602":0,"603":0,"608":0,"624":0,"625":0,"626":0,"629":0,"637":0,"638":0,"663":764,"664":764,"673":566,"683":0,"690":252,"691":252,"692":252},"path":"/home/alberto/projects/potion-protocol/contracts/core/contracts/packages/PRBMathSD59x18.sol","s":{"1":0,"2":0,"3":0,"4":0,"5":0,"6":544,"7":544,"8":544,"9":544,"10":544,"11":544,"12":544,"13":544,"14":585,"15":1,"16":584,"17":584,"18":1134,"19":362,"20":9,"21":772,"22":772,"23":0,"24":0,"25":0,"26":0,"27":1340,"28":0,"29":0,"30":0,"31":0,"32":0,"33":0,"34":0,"35":206,"36":206,"37":206,"38":206,"39":206,"40":206,"41":74,"42":132,"43":7788,"44":1580,"45":1580,"46":1580,"47":1580,"48":1580,"49":1580,"50":1580,"51":1580,"52":278,"53":81,"54":0,"55":0,"56":0,"57":0,"58":0,"59":0,"60":0,"61":0,"62":764,"63":764,"64":252},"b":{"1":[0,0],"2":[0,0],"3":[0,0],"4":[0,0],"5":[0,0],"6":[544,0],"7":[544,0],"8":[0,544],"9":[0,544],"10":[544,0],"11":[0,544],"12":[1,584],"13":[584,0],"14":[362,772],"15":[9,353],"16":[772,0],"17":[0,0],"18":[0,0],"19":[0,0],"20":[1340,0],"21":[0,0],"22":[0,0],"23":[0,0],"24":[0,0],"25":[0,0],"26":[206,0],"27":[13,193],"28":[74,132],"29":[3730,4058],"30":[1580,0],"31":[1580,0],"32":[193,1387],"33":[290,1290],"34":[1580,0],"35":[483,1097],"36":[81,197],"37":[3,78],"38":[0,0],"39":[0,0],"40":[0,0],"41":[0,0],"42":[0,0],"43":[0,0],"44":[764,0],"45":[252,0]},"f":{"1":0,"2":0,"3":0,"4":544,"5":0,"6":585,"7":1134,"8":0,"9":0,"10":1340,"11":0,"12":0,"13":9,"14":0,"15":206,"16":1580,"17":0,"18":278,"19":0,"20":0,"21":0,"22":0,"23":764,"24":566,"25":0,"26":252},"fnMap":{"1":{"name":"abs","line":47,"loc":{"start":{"line":47,"column":4},"end":{"line":52,"column":4}}},"2":{"name":"avg","line":58,"loc":{"start":{"line":58,"column":4},"end":{"line":65,"column":4}}},"3":{"name":"ceil","line":77,"loc":{"start":{"line":77,"column":4},"end":{"line":91,"column":4}}},"4":{"name":"div","line":109,"loc":{"start":{"line":109,"column":4},"end":{"line":136,"column":4}}},"5":{"name":"e","line":140,"loc":{"start":{"line":140,"column":4},"end":{"line":142,"column":4}}},"6":{"name":"exp","line":158,"loc":{"start":{"line":158,"column":4},"end":{"line":172,"column":4}}},"7":{"name":"exp2","line":187,"loc":{"start":{"line":187,"column":4},"end":{"line":211,"column":4}}},"8":{"name":"floor","line":223,"loc":{"start":{"line":223,"column":4},"end":{"line":237,"column":4}}},"9":{"name":"frac","line":244,"loc":{"start":{"line":244,"column":4},"end":{"line":248,"column":4}}},"10":{"name":"fromInt","line":258,"loc":{"start":{"line":258,"column":4},"end":{"line":263,"column":4}}},"11":{"name":"gm","line":274,"loc":{"start":{"line":274,"column":4},"end":{"line":291,"column":4}}},"12":{"name":"inv","line":300,"loc":{"start":{"line":300,"column":4},"end":{"line":305,"column":4}}},"13":{"name":"ln","line":320,"loc":{"start":{"line":320,"column":4},"end":{"line":326,"column":4}}},"14":{"name":"log10","line":341,"loc":{"start":{"line":341,"column":4},"end":{"line":436,"column":4}}},"15":{"name":"log2","line":451,"loc":{"start":{"line":451,"column":4},"end":{"line":497,"column":4}}},"16":{"name":"mul","line":515,"loc":{"start":{"line":515,"column":4},"end":{"line":536,"column":4}}},"17":{"name":"pi","line":539,"loc":{"start":{"line":539,"column":4},"end":{"line":541,"column":4}}},"18":{"name":"pow","line":558,"loc":{"start":{"line":558,"column":4},"end":{"line":564,"column":4}}},"19":{"name":"powu","line":582,"loc":{"start":{"line":582,"column":4},"end":{"line":604,"column":4}}},"20":{"name":"scale","line":607,"loc":{"start":{"line":607,"column":4},"end":{"line":609,"column":4}}},"21":{"name":"sqrt","line":623,"loc":{"start":{"line":623,"column":4},"end":{"line":631,"column":4}}},"22":{"name":"toInt","line":636,"loc":{"start":{"line":636,"column":4},"end":{"line":640,"column":4}}},"23":{"name":"fromUint","line":662,"loc":{"start":{"line":662,"column":4},"end":{"line":665,"column":4}}},"24":{"name":"add","line":672,"loc":{"start":{"line":672,"column":4},"end":{"line":674,"column":4}}},"25":{"name":"sub","line":682,"loc":{"start":{"line":682,"column":4},"end":{"line":684,"column":4}}},"26":{"name":"toUint","line":689,"loc":{"start":{"line":689,"column":4},"end":{"line":694,"column":4}}}},"statementMap":{"1":{"start":{"line":49,"column":12},"end":{"line":49,"column":35}},"2":{"start":{"line":78,"column":8},"end":{"line":78,"column":38}},"3":{"start":{"line":80,"column":12},"end":{"line":80,"column":40}},"4":{"start":{"line":81,"column":12},"end":{"line":81,"column":3838}},"5":{"start":{"line":86,"column":16},"end":{"line":86,"column":4065}},"6":{"start":{"line":110,"column":8},"end":{"line":110,"column":36}},"7":{"start":{"line":111,"column":8},"end":{"line":111,"column":36}},"8":{"start":{"line":114,"column":8},"end":{"line":114,"column":18}},"9":{"start":{"line":115,"column":8},"end":{"line":115,"column":18}},"10":{"start":{"line":122,"column":8},"end":{"line":122,"column":77}},"11":{"start":{"line":123,"column":8},"end":{"line":123,"column":59}},"12":{"start":{"line":126,"column":8},"end":{"line":126,"column":18}},"13":{"start":{"line":127,"column":8},"end":{"line":127,"column":18}},"14":{"start":{"line":160,"column":8},"end":{"line":160,"column":6959}},"15":{"start":{"line":161,"column":12},"end":{"line":161,"column":20}},"16":{"start":{"line":165,"column":8},"end":{"line":165,"column":40}},"17":{"start":{"line":169,"column":12},"end":{"line":169,"column":50}},"18":{"start":{"line":189,"column":8},"end":{"line":189,"column":8043}},"19":{"start":{"line":191,"column":12},"end":{"line":191,"column":8180}},"20":{"start":{"line":192,"column":16},"end":{"line":192,"column":24}},"21":{"start":{"line":201,"column":12},"end":{"line":201,"column":30}},"22":{"start":{"line":205,"column":16},"end":{"line":205,"column":71}},"23":{"start":{"line":224,"column":8},"end":{"line":224,"column":38}},"24":{"start":{"line":226,"column":12},"end":{"line":226,"column":40}},"25":{"start":{"line":227,"column":12},"end":{"line":227,"column":9715}},"26":{"start":{"line":232,"column":16},"end":{"line":232,"column":9942}},"27":{"start":{"line":260,"column":12},"end":{"line":260,"column":72}},"28":{"start":{"line":275,"column":8},"end":{"line":275,"column":11827}},"29":{"start":{"line":276,"column":12},"end":{"line":276,"column":20}},"30":{"start":{"line":281,"column":12},"end":{"line":281,"column":29}},"31":{"start":{"line":282,"column":12},"end":{"line":282,"column":31}},"32":{"start":{"line":285,"column":12},"end":{"line":285,"column":27}},"33":{"start":{"line":342,"column":8},"end":{"line":342,"column":21}},"34":{"start":{"line":430,"column":8},"end":{"line":430,"column":21459}},"35":{"start":{"line":452,"column":8},"end":{"line":452,"column":21}},"36":{"start":{"line":455,"column":12},"end":{"line":455,"column":23}},"37":{"start":{"line":456,"column":12},"end":{"line":456,"column":22538}},"38":{"start":{"line":467,"column":12},"end":{"line":467,"column":76}},"39":{"start":{"line":474,"column":12},"end":{"line":474,"column":29}},"40":{"start":{"line":477,"column":12},"end":{"line":477,"column":23447}},"41":{"start":{"line":478,"column":16},"end":{"line":478,"column":36}},"42":{"start":{"line":483,"column":12},"end":{"line":483,"column":23706}},"43":{"start":{"line":487,"column":16},"end":{"line":487,"column":23887}},"44":{"start":{"line":516,"column":8},"end":{"line":516,"column":31}},"45":{"start":{"line":517,"column":8},"end":{"line":517,"column":31}},"46":{"start":{"line":520,"column":12},"end":{"line":520,"column":22}},"47":{"start":{"line":521,"column":12},"end":{"line":521,"column":22}},"48":{"start":{"line":525,"column":12},"end":{"line":525,"column":75}},"49":{"start":{"line":526,"column":12},"end":{"line":526,"column":58}},"50":{"start":{"line":528,"column":12},"end":{"line":528,"column":22}},"51":{"start":{"line":529,"column":12},"end":{"line":529,"column":22}},"52":{"start":{"line":559,"column":8},"end":{"line":559,"column":26575}},"53":{"start":{"line":560,"column":12},"end":{"line":560,"column":45}},"54":{"start":{"line":583,"column":8},"end":{"line":583,"column":38}},"55":{"start":{"line":586,"column":8},"end":{"line":586,"column":61}},"56":{"start":{"line":589,"column":8},"end":{"line":589,"column":27748}},"57":{"start":{"line":593,"column":12},"end":{"line":593,"column":27914}},"58":{"start":{"line":599,"column":8},"end":{"line":599,"column":49}},"59":{"start":{"line":602,"column":8},"end":{"line":602,"column":45}},"60":{"start":{"line":624,"column":8},"end":{"line":624,"column":22}},"61":{"start":{"line":625,"column":8},"end":{"line":625,"column":79}},"62":{"start":{"line":663,"column":8},"end":{"line":663,"column":52}},"63":{"start":{"line":664,"column":8},"end":{"line":664,"column":33}},"64":{"start":{"line":690,"column":8},"end":{"line":690,"column":22}}},"branchMap":{"1":{"line":49,"type":"if","locations":[{"start":{"line":49,"column":12},"end":{"line":49,"column":12}},{"start":{"line":49,"column":12},"end":{"line":49,"column":12}}]},"2":{"line":50,"type":"if","locations":[{"start":{"line":50,"column":29},"end":{"line":50,"column":30}},{"start":{"line":50,"column":34},"end":{"line":50,"column":34}}]},"3":{"line":78,"type":"if","locations":[{"start":{"line":78,"column":8},"end":{"line":78,"column":8}},{"start":{"line":78,"column":8},"end":{"line":78,"column":8}}]},"4":{"line":81,"type":"if","locations":[{"start":{"line":81,"column":12},"end":{"line":81,"column":12}},{"start":{"line":81,"column":12},"end":{"line":81,"column":12}}]},"5":{"line":86,"type":"if","locations":[{"start":{"line":86,"column":16},"end":{"line":86,"column":16}},{"start":{"line":86,"column":16},"end":{"line":86,"column":16}}]},"6":{"line":110,"type":"if","locations":[{"start":{"line":110,"column":8},"end":{"line":110,"column":8}},{"start":{"line":110,"column":8},"end":{"line":110,"column":8}}]},"7":{"line":111,"type":"if","locations":[{"start":{"line":111,"column":8},"end":{"line":111,"column":8}},{"start":{"line":111,"column":8},"end":{"line":111,"column":8}}]},"8":{"line":117,"type":"if","locations":[{"start":{"line":117,"column":25},"end":{"line":117,"column":35}},{"start":{"line":117,"column":39},"end":{"line":117,"column":48}}]},"9":{"line":118,"type":"if","locations":[{"start":{"line":118,"column":25},"end":{"line":118,"column":35}},{"start":{"line":118,"column":39},"end":{"line":118,"column":48}}]},"10":{"line":123,"type":"if","locations":[{"start":{"line":123,"column":8},"end":{"line":123,"column":8}},{"start":{"line":123,"column":8},"end":{"line":123,"column":8}}]},"11":{"line":135,"type":"if","locations":[{"start":{"line":135,"column":32},"end":{"line":135,"column":54}},{"start":{"line":135,"column":58},"end":{"line":135,"column":79}}]},"12":{"line":160,"type":"if","locations":[{"start":{"line":160,"column":8},"end":{"line":160,"column":8}},{"start":{"line":160,"column":8},"end":{"line":160,"column":8}}]},"13":{"line":165,"type":"if","locations":[{"start":{"line":165,"column":8},"end":{"line":165,"column":8}},{"start":{"line":165,"column":8},"end":{"line":165,"column":8}}]},"14":{"line":189,"type":"if","locations":[{"start":{"line":189,"column":8},"end":{"line":189,"column":8}},{"start":{"line":189,"column":8},"end":{"line":189,"column":8}}]},"15":{"line":191,"type":"if","locations":[{"start":{"line":191,"column":12},"end":{"line":191,"column":12}},{"start":{"line":191,"column":12},"end":{"line":191,"column":12}}]},"16":{"line":201,"type":"if","locations":[{"start":{"line":201,"column":12},"end":{"line":201,"column":12}},{"start":{"line":201,"column":12},"end":{"line":201,"column":12}}]},"17":{"line":224,"type":"if","locations":[{"start":{"line":224,"column":8},"end":{"line":224,"column":8}},{"start":{"line":224,"column":8},"end":{"line":224,"column":8}}]},"18":{"line":227,"type":"if","locations":[{"start":{"line":227,"column":12},"end":{"line":227,"column":12}},{"start":{"line":227,"column":12},"end":{"line":227,"column":12}}]},"19":{"line":232,"type":"if","locations":[{"start":{"line":232,"column":16},"end":{"line":232,"column":16}},{"start":{"line":232,"column":16},"end":{"line":232,"column":16}}]},"20":{"line":260,"type":"if","locations":[{"start":{"line":260,"column":12},"end":{"line":260,"column":12}},{"start":{"line":260,"column":12},"end":{"line":260,"column":12}}]},"21":{"line":275,"type":"if","locations":[{"start":{"line":275,"column":8},"end":{"line":275,"column":8}},{"start":{"line":275,"column":8},"end":{"line":275,"column":8}}]},"22":{"line":282,"type":"if","locations":[{"start":{"line":282,"column":12},"end":{"line":282,"column":12}},{"start":{"line":282,"column":12},"end":{"line":282,"column":12}}]},"23":{"line":285,"type":"if","locations":[{"start":{"line":285,"column":12},"end":{"line":285,"column":12}},{"start":{"line":285,"column":12},"end":{"line":285,"column":12}}]},"24":{"line":342,"type":"if","locations":[{"start":{"line":342,"column":8},"end":{"line":342,"column":8}},{"start":{"line":342,"column":8},"end":{"line":342,"column":8}}]},"25":{"line":430,"type":"if","locations":[{"start":{"line":430,"column":8},"end":{"line":430,"column":8}},{"start":{"line":430,"column":8},"end":{"line":430,"column":8}}]},"26":{"line":452,"type":"if","locations":[{"start":{"line":452,"column":8},"end":{"line":452,"column":8}},{"start":{"line":452,"column":8},"end":{"line":452,"column":8}}]},"27":{"line":456,"type":"if","locations":[{"start":{"line":456,"column":12},"end":{"line":456,"column":12}},{"start":{"line":456,"column":12},"end":{"line":456,"column":12}}]},"28":{"line":477,"type":"if","locations":[{"start":{"line":477,"column":12},"end":{"line":477,"column":12}},{"start":{"line":477,"column":12},"end":{"line":477,"column":12}}]},"29":{"line":487,"type":"if","locations":[{"start":{"line":487,"column":16},"end":{"line":487,"column":16}},{"start":{"line":487,"column":16},"end":{"line":487,"column":16}}]},"30":{"line":516,"type":"if","locations":[{"start":{"line":516,"column":8},"end":{"line":516,"column":8}},{"start":{"line":516,"column":8},"end":{"line":516,"column":8}}]},"31":{"line":517,"type":"if","locations":[{"start":{"line":517,"column":8},"end":{"line":517,"column":8}},{"start":{"line":517,"column":8},"end":{"line":517,"column":8}}]},"32":{"line":522,"type":"if","locations":[{"start":{"line":522,"column":25},"end":{"line":522,"column":35}},{"start":{"line":522,"column":39},"end":{"line":522,"column":48}}]},"33":{"line":523,"type":"if","locations":[{"start":{"line":523,"column":25},"end":{"line":523,"column":35}},{"start":{"line":523,"column":39},"end":{"line":523,"column":48}}]},"34":{"line":526,"type":"if","locations":[{"start":{"line":526,"column":12},"end":{"line":526,"column":12}},{"start":{"line":526,"column":12},"end":{"line":526,"column":12}}]},"35":{"line":534,"type":"if","locations":[{"start":{"line":534,"column":36},"end":{"line":534,"column":58}},{"start":{"line":534,"column":62},"end":{"line":534,"column":83}}]},"36":{"line":559,"type":"if","locations":[{"start":{"line":559,"column":8},"end":{"line":559,"column":8}},{"start":{"line":559,"column":8},"end":{"line":559,"column":8}}]},"37":{"line":560,"type":"if","locations":[{"start":{"line":560,"column":28},"end":{"line":560,"column":32}},{"start":{"line":560,"column":36},"end":{"line":560,"column":44}}]},"38":{"line":586,"type":"if","locations":[{"start":{"line":586,"column":40},"end":{"line":586,"column":43}},{"start":{"line":586,"column":47},"end":{"line":586,"column":60}}]},"39":{"line":593,"type":"if","locations":[{"start":{"line":593,"column":12},"end":{"line":593,"column":12}},{"start":{"line":593,"column":12},"end":{"line":593,"column":12}}]},"40":{"line":599,"type":"if","locations":[{"start":{"line":599,"column":8},"end":{"line":599,"column":8}},{"start":{"line":599,"column":8},"end":{"line":599,"column":8}}]},"41":{"line":603,"type":"if","locations":[{"start":{"line":603,"column":30},"end":{"line":603,"column":47}},{"start":{"line":603,"column":51},"end":{"line":603,"column":67}}]},"42":{"line":624,"type":"if","locations":[{"start":{"line":624,"column":8},"end":{"line":624,"column":8}},{"start":{"line":624,"column":8},"end":{"line":624,"column":8}}]},"43":{"line":625,"type":"if","locations":[{"start":{"line":625,"column":8},"end":{"line":625,"column":8}},{"start":{"line":625,"column":8},"end":{"line":625,"column":8}}]},"44":{"line":663,"type":"if","locations":[{"start":{"line":663,"column":8},"end":{"line":663,"column":8}},{"start":{"line":663,"column":8},"end":{"line":663,"column":8}}]},"45":{"line":690,"type":"if","locations":[{"start":{"line":690,"column":8},"end":{"line":690,"column":8}},{"start":{"line":690,"column":8},"end":{"line":690,"column":8}}]}}},
"contracts/packages/solcV6OpynContractsForTesting/imports.sol":{"l":{},"path":"/home/alberto/projects/potion-protocol/contracts/core/contracts/packages/solcV6OpynContractsForTesting/imports.sol","s":{},"b":{},"f":{},"fnMap":{},"statementMap":{},"branchMap":{}},
"contracts/PotionLiquidityPool.sol":{"l":{"67":180,"68":180,"69":180,"70":180,"71":180,"75":180,"80":180,"81":180,"82":180,"83":180,"84":180,"232":2,"239":2,"246":2,"256":3,"266":3,"279":4,"290":66,"300":66,"310":24,"311":24,"312":24,"317":24,"318":24,"319":24,"334":56,"336":56,"337":56,"338":56,"343":56,"344":56,"348":56,"349":68,"350":68,"351":68,"352":65,"353":65,"355":53,"382":131,"383":131,"384":131,"385":131,"386":128,"390":128,"391":128,"393":128,"406":81,"407":81,"410":81,"414":81,"415":81,"416":81,"417":81,"427":81,"439":43,"440":43,"441":43,"443":43,"457":2,"458":2,"467":54,"468":54,"469":53,"470":53,"471":53,"488":13,"489":13,"492":13,"502":56,"503":55,"504":53,"505":53,"515":67,"516":66,"517":65,"518":65,"528":25,"529":25,"530":23,"531":23,"532":23,"558":2,"559":2,"560":2,"568":2,"584":41,"585":41,"588":41,"589":41,"590":41,"591":41,"599":41,"602":41,"603":41,"606":41,"607":41,"611":41,"612":41,"617":41,"618":41,"623":41,"625":41,"626":65,"627":65,"628":65,"629":64,"630":64,"631":63,"640":63,"641":63,"642":63,"643":63,"644":63,"646":63,"650":61,"651":61,"652":61,"653":61,"656":61,"667":37,"668":33,"671":33,"672":33,"679":33,"682":33,"683":33,"684":33,"685":33,"695":4,"696":4,"699":4,"701":4,"704":4,"706":4,"707":4,"708":4,"709":4,"711":4,"728":20,"729":20,"730":20,"731":0,"734":20,"735":10,"737":10,"739":10,"751":20,"752":20,"763":4,"764":4,"769":4,"770":12,"771":12,"772":0,"776":12,"777":12,"778":12,"779":12,"780":12,"784":4,"798":2,"799":2,"816":7,"817":7,"820":7,"830":9,"831":9,"841":9,"842":9,"843":9,"844":15,"846":9,"847":9,"866":25,"867":25,"868":24,"869":23,"885":54,"886":54,"887":54,"888":54,"903":12,"904":12,"905":12,"906":12,"922":12,"923":12,"924":12,"925":12,"926":12,"927":12,"936":48,"937":48,"947":43,"950":37,"951":37,"952":37,"955":37,"956":37,"960":37,"961":37,"964":43,"980":63,"983":63,"984":63,"985":61,"986":61,"987":61,"988":61,"989":61,"990":61,"1007":155,"1008":155,"1013":155,"1014":155,"1016":152,"1018":3,"1019":3,"1026":155,"1047":131,"1055":128,"1056":127,"1067":126,"1071":126,"1075":126,"1095":202,"1097":118,"1100":84,"1103":84,"1104":84,"1106":84,"1127":3,"1128":3},"path":"/home/alberto/projects/potion-protocol/contracts/core/contracts/PotionLiquidityPool.sol","s":{"1":180,"2":180,"3":2,"4":2,"5":4,"6":66,"7":66,"8":24,"9":24,"10":24,"11":56,"12":56,"13":56,"14":68,"15":68,"16":68,"17":53,"18":131,"19":131,"20":128,"21":128,"22":81,"23":81,"24":81,"25":81,"26":81,"27":81,"28":81,"29":81,"30":43,"31":43,"32":43,"33":43,"34":2,"35":2,"36":54,"37":54,"38":53,"39":53,"40":53,"41":13,"42":13,"43":13,"44":56,"45":55,"46":53,"47":67,"48":66,"49":65,"50":25,"51":25,"52":23,"53":23,"54":23,"55":2,"56":2,"57":2,"58":2,"59":41,"60":41,"61":41,"62":41,"63":41,"64":41,"65":41,"66":41,"67":41,"68":41,"69":41,"70":65,"71":65,"72":65,"73":64,"74":64,"75":63,"76":63,"77":63,"78":63,"79":63,"80":63,"81":63,"82":61,"83":37,"84":33,"85":33,"86":33,"87":33,"88":33,"89":33,"90":33,"91":4,"92":4,"93":4,"94":4,"95":4,"96":4,"97":4,"98":20,"99":20,"100":20,"101":0,"102":20,"103":10,"104":10,"105":10,"106":20,"107":20,"108":4,"109":4,"110":4,"111":12,"112":12,"113":12,"114":12,"115":12,"116":12,"117":4,"118":2,"119":2,"120":7,"121":7,"122":7,"123":9,"124":9,"125":9,"126":9,"127":9,"128":9,"129":9,"130":25,"131":23,"132":54,"133":54,"134":12,"135":12,"136":12,"137":12,"138":48,"139":48,"140":43,"141":37,"142":37,"143":37,"144":37,"145":43,"146":63,"147":61,"148":61,"149":155,"150":155,"151":155,"152":155,"153":3,"154":155,"155":131,"156":128,"157":127,"158":126,"159":126,"160":126,"161":202,"162":118,"163":84,"164":84,"165":84,"166":84,"167":3,"168":3},"b":{"1":[180,0],"2":[2,1],"3":[2,0],"4":[2,1],"5":[2,0],"6":[2,2],"7":[2,0],"8":[3,0],"9":[3,0],"10":[128,3],"11":[128,0],"12":[43,0],"13":[2,2],"14":[2,0],"15":[54,2],"16":[54,0],"17":[13,2],"18":[56,2],"19":[55,1],"20":[1,54],"21":[53,2],"22":[67,2],"23":[66,1],"24":[65,1],"25":[25,2],"26":[25,0],"27":[2,2],"28":[2,0],"29":[41,2],"30":[41,0],"31":[41,0],"32":[41,0],"33":[64,1],"34":[64,0],"35":[63,1],"36":[63,0],"37":[63,0],"38":[63,0],"39":[63,0],"40":[63,0],"41":[63,0],"42":[33,4],"43":[4,2],"44":[4,0],"45":[4,0],"46":[4,0],"47":[0,20],"48":[0,0],"49":[10,10],"50":[4,2],"51":[4,0],"52":[0,12],"53":[2,0],"54":[7,0],"55":[9,0],"56":[9,0],"57":[23,0],"58":[53,1],"59":[12,0],"60":[48,0],"61":[37,6],"62":[37,0],"63":[61,0],"64":[152,3],"65":[127,1],"66":[126,1],"67":[118,84]},"f":{"1":180,"2":2,"3":2,"4":2,"5":3,"6":3,"7":4,"8":66,"9":66,"10":24,"11":56,"12":131,"13":81,"14":43,"15":2,"16":54,"17":13,"18":56,"19":67,"20":25,"21":2,"22":41,"23":4,"24":20,"25":20,"26":4,"27":2,"28":7,"29":9,"30":9,"31":25,"32":54,"33":12,"34":12,"35":48,"36":43,"37":63,"38":155,"39":131,"40":202,"41":3},"fnMap":{"1":{"name":"initialize","line":66,"loc":{"start":{"line":61,"column":4},"end":{"line":85,"column":4}}},"2":{"name":"setMaxTotalValueLocked","line":231,"loc":{"start":{"line":231,"column":4},"end":{"line":233,"column":4}}},"3":{"name":"pause","line":238,"loc":{"start":{"line":238,"column":4},"end":{"line":240,"column":4}}},"4":{"name":"unpause","line":245,"loc":{"start":{"line":245,"column":4},"end":{"line":247,"column":4}}},"5":{"name":"setCurveManager","line":255,"loc":{"start":{"line":255,"column":4},"end":{"line":257,"column":4}}},"6":{"name":"setCriteriaManager","line":265,"loc":{"start":{"line":265,"column":4},"end":{"line":267,"column":4}}},"7":{"name":"getVaultId","line":278,"loc":{"start":{"line":278,"column":4},"end":{"line":280,"column":4}}},"8":{"name":"lpLockedAmount","line":289,"loc":{"start":{"line":289,"column":4},"end":{"line":291,"column":4}}},"9":{"name":"lpTotalAmount","line":299,"loc":{"start":{"line":299,"column":4},"end":{"line":301,"column":4}}},"10":{"name":"collateralNeededForPuts","line":309,"loc":{"start":{"line":309,"column":4},"end":{"line":320,"column":4}}},"11":{"name":"premiums","line":329,"loc":{"start":{"line":329,"column":4},"end":{"line":356,"column":4}}},"12":{"name":"util","line":368,"loc":{"start":{"line":368,"column":4},"end":{"line":394,"column":4}}},"13":{"name":"percentStrike","line":404,"loc":{"start":{"line":404,"column":4},"end":{"line":430,"column":4}}},"14":{"name":"durationInDays","line":438,"loc":{"start":{"line":438,"column":4},"end":{"line":444,"column":4}}},"15":{"name":"createNewVaultId","line":456,"loc":{"start":{"line":456,"column":4},"end":{"line":459,"column":4}}},"16":{"name":"deposit","line":466,"loc":{"start":{"line":466,"column":4},"end":{"line":473,"column":4}}},"17":{"name":"depositAndConfigurePool","line":487,"loc":{"start":{"line":482,"column":4},"end":{"line":493,"column":4}}},"18":{"name":"setCurveCriteria","line":500,"loc":{"start":{"line":500,"column":4},"end":{"line":507,"column":4}}},"19":{"name":"setCurve","line":514,"loc":{"start":{"line":514,"column":4},"end":{"line":520,"column":4}}},"20":{"name":"withdraw","line":527,"loc":{"start":{"line":527,"column":4},"end":{"line":534,"column":4}}},"21":{"name":"createAndBuyOtokens","line":557,"loc":{"start":{"line":548,"column":4},"end":{"line":569,"column":4}}},"22":{"name":"buyOtokens","line":583,"loc":{"start":{"line":579,"column":4},"end":{"line":686,"column":4}}},"23":{"name":"settleAfterExpiry","line":694,"loc":{"start":{"line":694,"column":4},"end":{"line":713,"column":4}}},"24":{"name":"outstandingSettlement","line":723,"loc":{"start":{"line":723,"column":4},"end":{"line":741,"column":4}}},"25":{"name":"isSettled","line":750,"loc":{"start":{"line":750,"column":4},"end":{"line":753,"column":4}}},"26":{"name":"redistributeSettlement","line":762,"loc":{"start":{"line":762,"column":4},"end":{"line":785,"column":4}}},"27":{"name":"settleAndRedistributeSettlement","line":796,"loc":{"start":{"line":794,"column":4},"end":{"line":800,"column":4}}},"28":{"name":"depositAndCreateCurveAndCriteria","line":815,"loc":{"start":{"line":810,"column":4},"end":{"line":821,"column":4}}},"29":{"name":"addAndSetCurve","line":829,"loc":{"start":{"line":829,"column":4},"end":{"line":832,"column":4}}},"30":{"name":"addAndSetCriterias","line":840,"loc":{"start":{"line":840,"column":4},"end":{"line":848,"column":4}}},"31":{"name":"_debit","line":861,"loc":{"start":{"line":861,"column":4},"end":{"line":870,"column":4}}},"32":{"name":"_credit","line":880,"loc":{"start":{"line":880,"column":4},"end":{"line":889,"column":4}}},"33":{"name":"_burnLocked","line":898,"loc":{"start":{"line":898,"column":4},"end":{"line":908,"column":4}}},"34":{"name":"_unlock","line":917,"loc":{"start":{"line":917,"column":4},"end":{"line":928,"column":4}}},"35":{"name":"_getVaultInfo","line":935,"loc":{"start":{"line":935,"column":4},"end":{"line":938,"column":4}}},"36":{"name":"_getOrCreateVaultInfo","line":946,"loc":{"start":{"line":946,"column":4},"end":{"line":965,"column":4}}},"37":{"name":"_initiatePurchaseAndUpdateFundsForOneLP","line":975,"loc":{"start":{"line":975,"column":4},"end":{"line":991,"column":4}}},"38":{"name":"_collateralNeededForPuts","line":1000,"loc":{"start":{"line":1000,"column":4},"end":{"line":1027,"column":4}}},"39":{"name":"_premiumForLp","line":1041,"loc":{"start":{"line":1041,"column":4},"end":{"line":1076,"column":4}}},"40":{"name":"_getLivePrices","line":1086,"loc":{"start":{"line":1086,"column":4},"end":{"line":1111,"column":4}}},"41":{"name":"_convertAmountOnLivePrice","line":1120,"loc":{"start":{"line":1120,"column":4},"end":{"line":1129,"column":4}}}},"statementMap":{"1":{"start":{"line":67,"column":8},"end":{"line":67,"column":23}},"2":{"start":{"line":68,"column":8},"end":{"line":68,"column":34}},"3":{"start":{"line":239,"column":8},"end":{"line":239,"column":15}},"4":{"start":{"line":246,"column":8},"end":{"line":246,"column":17}},"5":{"start":{"line":279,"column":8},"end":{"line":279,"column":47}},"6":{"start":{"line":290,"column":8},"end":{"line":290,"column":43}},"7":{"start":{"line":300,"column":8},"end":{"line":300,"column":42}},"8":{"start":{"line":310,"column":8},"end":{"line":310,"column":63}},"9":{"start":{"line":311,"column":8},"end":{"line":311,"column":110}},"10":{"start":{"line":319,"column":8},"end":{"line":319,"column":73}},"11":{"start":{"line":336,"column":8},"end":{"line":336,"column":110}},"12":{"start":{"line":337,"column":8},"end":{"line":337,"column":63}},"13":{"start":{"line":348,"column":8},"end":{"line":348,"column":20677}},"14":{"start":{"line":349,"column":12},"end":{"line":349,"column":59}},"15":{"start":{"line":350,"column":12},"end":{"line":350,"column":114}},"16":{"start":{"line":351,"column":12},"end":{"line":351,"column":103}},"17":{"start":{"line":355,"column":8},"end":{"line":355,"column":80}},"18":{"start":{"line":382,"column":8},"end":{"line":382,"column":57}},"19":{"start":{"line":385,"column":8},"end":{"line":385,"column":73}},"20":{"start":{"line":386,"column":8},"end":{"line":386,"column":53}},"21":{"start":{"line":393,"column":8},"end":{"line":393,"column":91}},"22":{"start":{"line":406,"column":8},"end":{"line":406,"column":110}},"23":{"start":{"line":407,"column":8},"end":{"line":407,"column":64}},"24":{"start":{"line":410,"column":8},"end":{"line":410,"column":24198}},"25":{"start":{"line":414,"column":8},"end":{"line":414,"column":40}},"26":{"start":{"line":415,"column":8},"end":{"line":415,"column":41}},"27":{"start":{"line":416,"column":8},"end":{"line":416,"column":105}},"28":{"start":{"line":417,"column":8},"end":{"line":417,"column":24570}},"29":{"start":{"line":427,"column":8},"end":{"line":427,"column":25097}},"30":{"start":{"line":439,"column":8},"end":{"line":439,"column":50}},"31":{"start":{"line":440,"column":8},"end":{"line":440,"column":62}},"32":{"start":{"line":441,"column":8},"end":{"line":441,"column":51}},"33":{"start":{"line":443,"column":8},"end":{"line":443,"column":67}},"34":{"start":{"line":457,"column":8},"end":{"line":457,"column":64}},"35":{"start":{"line":458,"column":8},"end":{"line":458,"column":53}},"36":{"start":{"line":467,"column":8},"end":{"line":467,"column":27181}},"37":{"start":{"line":468,"column":12},"end":{"line":468,"column":48}},"38":{"start":{"line":469,"column":12},"end":{"line":469,"column":83}},"39":{"start":{"line":470,"column":12},"end":{"line":470,"column":91}},"40":{"start":{"line":471,"column":12},"end":{"line":471,"column":56}},"41":{"start":{"line":488,"column":8},"end":{"line":488,"column":36}},"42":{"start":{"line":489,"column":8},"end":{"line":489,"column":50}},"43":{"start":{"line":492,"column":8},"end":{"line":492,"column":32}},"44":{"start":{"line":502,"column":8},"end":{"line":502,"column":113}},"45":{"start":{"line":503,"column":8},"end":{"line":503,"column":29401}},"46":{"start":{"line":505,"column":12},"end":{"line":505,"column":75}},"47":{"start":{"line":515,"column":8},"end":{"line":515,"column":65}},"48":{"start":{"line":516,"column":8},"end":{"line":516,"column":30234}},"49":{"start":{"line":518,"column":12},"end":{"line":518,"column":63}},"50":{"start":{"line":528,"column":8},"end":{"line":528,"column":30874}},"51":{"start":{"line":529,"column":12},"end":{"line":529,"column":47}},"52":{"start":{"line":530,"column":12},"end":{"line":530,"column":64}},"53":{"start":{"line":531,"column":12},"end":{"line":531,"column":91}},"54":{"start":{"line":532,"column":12},"end":{"line":532,"column":56}},"55":{"start":{"line":558,"column":8},"end":{"line":558,"column":98}},"56":{"start":{"line":559,"column":8},"end":{"line":559,"column":105}},"57":{"start":{"line":560,"column":8},"end":{"line":560,"column":32609}},"58":{"start":{"line":568,"column":8},"end":{"line":568,"column":73}},"59":{"start":{"line":584,"column":8},"end":{"line":584,"column":47}},"60":{"start":{"line":585,"column":8},"end":{"line":585,"column":64}},"61":{"start":{"line":588,"column":8},"end":{"line":588,"column":60}},"62":{"start":{"line":589,"column":8},"end":{"line":589,"column":31}},"63":{"start":{"line":590,"column":8},"end":{"line":590,"column":33}},"64":{"start":{"line":599,"column":8},"end":{"line":599,"column":56}},"65":{"start":{"line":602,"column":8},"end":{"line":602,"column":88}},"66":{"start":{"line":603,"column":8},"end":{"line":603,"column":61}},"67":{"start":{"line":611,"column":8},"end":{"line":611,"column":63}},"68":{"start":{"line":623,"column":8},"end":{"line":623,"column":64}},"69":{"start":{"line":625,"column":8},"end":{"line":625,"column":35880}},"70":{"start":{"line":626,"column":12},"end":{"line":626,"column":59}},"71":{"start":{"line":627,"column":12},"end":{"line":627,"column":59}},"72":{"start":{"line":628,"column":12},"end":{"line":628,"column":74}},"73":{"start":{"line":629,"column":12},"end":{"line":629,"column":68}},"74":{"start":{"line":630,"column":12},"end":{"line":630,"column":93}},"75":{"start":{"line":631,"column":12},"end":{"line":631,"column":36310}},"76":{"start":{"line":640,"column":12},"end":{"line":640,"column":108}},"77":{"start":{"line":641,"column":12},"end":{"line":641,"column":96}},"78":{"start":{"line":642,"column":12},"end":{"line":642,"column":92}},"79":{"start":{"line":643,"column":12},"end":{"line":643,"column":105}},"80":{"start":{"line":644,"column":12},"end":{"line":644,"column":107}},"81":{"start":{"line":646,"column":12},"end":{"line":646,"column":37157}},"82":{"start":{"line":656,"column":12},"end":{"line":656,"column":37754}},"83":{"start":{"line":667,"column":8},"end":{"line":667,"column":79}},"84":{"start":{"line":668,"column":8},"end":{"line":668,"column":103}},"85":{"start":{"line":672,"column":8},"end":{"line":672,"column":38419}},"86":{"start":{"line":679,"column":8},"end":{"line":679,"column":42}},"87":{"start":{"line":682,"column":8},"end":{"line":682,"column":89}},"88":{"start":{"line":683,"column":8},"end":{"line":683,"column":87}},"89":{"start":{"line":684,"column":8},"end":{"line":684,"column":104}},"90":{"start":{"line":685,"column":8},"end":{"line":685,"column":36}},"91":{"start":{"line":695,"column":8},"end":{"line":695,"column":52}},"92":{"start":{"line":696,"column":8},"end":{"line":696,"column":51}},"93":{"start":{"line":701,"column":8},"end":{"line":701,"column":98}},"94":{"start":{"line":706,"column":8},"end":{"line":706,"column":40123}},"95":{"start":{"line":707,"column":12},"end":{"line":707,"column":86}},"96":{"start":{"line":709,"column":12},"end":{"line":709,"column":51}},"97":{"start":{"line":711,"column":12},"end":{"line":711,"column":65}},"98":{"start":{"line":728,"column":8},"end":{"line":728,"column":52}},"99":{"start":{"line":729,"column":8},"end":{"line":729,"column":74}},"100":{"start":{"line":730,"column":8},"end":{"line":730,"column":41368}},"101":{"start":{"line":731,"column":12},"end":{"line":731,"column":20}},"102":{"start":{"line":734,"column":8},"end":{"line":734,"column":41463}},"103":{"start":{"line":735,"column":12},"end":{"line":735,"column":74}},"104":{"start":{"line":737,"column":12},"end":{"line":737,"column":87}},"105":{"start":{"line":739,"column":12},"end":{"line":739,"column":72}},"106":{"start":{"line":751,"column":8},"end":{"line":751,"column":52}},"107":{"start":{"line":752,"column":8},"end":{"line":752,"column":24}},"108":{"start":{"line":763,"column":8},"end":{"line":763,"column":52}},"109":{"start":{"line":764,"column":8},"end":{"line":764,"column":50}},"110":{"start":{"line":769,"column":8},"end":{"line":769,"column":43608}},"111":{"start":{"line":770,"column":12},"end":{"line":770,"column":49}},"112":{"start":{"line":771,"column":12},"end":{"line":771,"column":43721}},"113":{"start":{"line":776,"column":12},"end":{"line":776,"column":115}},"114":{"start":{"line":777,"column":12},"end":{"line":777,"column":92}},"115":{"start":{"line":778,"column":12},"end":{"line":778,"column":50}},"116":{"start":{"line":780,"column":12},"end":{"line":780,"column":94}},"117":{"start":{"line":784,"column":8},"end":{"line":784,"column":87}},"118":{"start":{"line":798,"column":8},"end":{"line":798,"column":33}},"119":{"start":{"line":799,"column":8},"end":{"line":799,"column":46}},"120":{"start":{"line":816,"column":8},"end":{"line":816,"column":38}},"121":{"start":{"line":817,"column":8},"end":{"line":817,"column":46}},"122":{"start":{"line":820,"column":8},"end":{"line":820,"column":32}},"123":{"start":{"line":830,"column":8},"end":{"line":830,"column":48}},"124":{"start":{"line":831,"column":8},"end":{"line":831,"column":35}},"125":{"start":{"line":841,"column":8},"end":{"line":841,"column":51}},"126":{"start":{"line":842,"column":8},"end":{"line":842,"column":72}},"127":{"start":{"line":843,"column":8},"end":{"line":843,"column":47451}},"128":{"start":{"line":846,"column":8},"end":{"line":846,"column":69}},"129":{"start":{"line":847,"column":8},"end":{"line":847,"column":49}},"130":{"start":{"line":866,"column":8},"end":{"line":866,"column":57}},"131":{"start":{"line":869,"column":8},"end":{"line":869,"column":65}},"132":{"start":{"line":885,"column":8},"end":{"line":885,"column":57}},"133":{"start":{"line":888,"column":8},"end":{"line":888,"column":108}},"134":{"start":{"line":903,"column":8},"end":{"line":903,"column":57}},"135":{"start":{"line":922,"column":8},"end":{"line":922,"column":57}},"136":{"start":{"line":926,"column":8},"end":{"line":926,"column":66}},"137":{"start":{"line":927,"column":8},"end":{"line":927,"column":87}},"138":{"start":{"line":936,"column":8},"end":{"line":936,"column":69}},"139":{"start":{"line":937,"column":8},"end":{"line":937,"column":39}},"140":{"start":{"line":947,"column":8},"end":{"line":947,"column":52133}},"141":{"start":{"line":951,"column":12},"end":{"line":951,"column":86}},"142":{"start":{"line":956,"column":12},"end":{"line":956,"column":51}},"143":{"start":{"line":960,"column":12},"end":{"line":960,"column":93}},"144":{"start":{"line":961,"column":12},"end":{"line":961,"column":85}},"145":{"start":{"line":964,"column":8},"end":{"line":964,"column":39}},"146":{"start":{"line":980,"column":8},"end":{"line":980,"column":73}},"147":{"start":{"line":989,"column":8},"end":{"line":989,"column":70}},"148":{"start":{"line":990,"column":8},"end":{"line":990,"column":42}},"149":{"start":{"line":1007,"column":8},"end":{"line":1007,"column":112}},"150":{"start":{"line":1008,"column":8},"end":{"line":1008,"column":55680}},"151":{"start":{"line":1013,"column":8},"end":{"line":1013,"column":51}},"152":{"start":{"line":1014,"column":8},"end":{"line":1014,"column":55962}},"153":{"start":{"line":1018,"column":12},"end":{"line":1018,"column":66}},"154":{"start":{"line":1026,"column":8},"end":{"line":1026,"column":100}},"155":{"start":{"line":1047,"column":8},"end":{"line":1047,"column":57642}},"156":{"start":{"line":1055,"column":8},"end":{"line":1055,"column":79}},"157":{"start":{"line":1056,"column":8},"end":{"line":1056,"column":78}},"158":{"start":{"line":1067,"column":8},"end":{"line":1067,"column":58900}},"159":{"start":{"line":1071,"column":8},"end":{"line":1071,"column":59077}},"160":{"start":{"line":1075,"column":8},"end":{"line":1075,"column":43}},"161":{"start":{"line":1095,"column":8},"end":{"line":1095,"column":59985}},"162":{"start":{"line":1097,"column":12},"end":{"line":1097,"column":73}},"163":{"start":{"line":1100,"column":8},"end":{"line":1100,"column":99}},"164":{"start":{"line":1103,"column":8},"end":{"line":1103,"column":49}},"165":{"start":{"line":1104,"column":8},"end":{"line":1104,"column":49}},"166":{"start":{"line":1106,"column":8},"end":{"line":1106,"column":60430}},"167":{"start":{"line":1127,"column":8},"end":{"line":1127,"column":32}},"168":{"start":{"line":1128,"column":8},"end":{"line":1128,"column":48}}},"branchMap":{"1":{"line":66,"type":"if","locations":[{"start":{"line":66,"column":15},"end":{"line":66,"column":15}},{"start":{"line":66,"column":15},"end":{"line":66,"column":15}}]},"2":{"line":231,"type":"if","locations":[{"start":{"line":231,"column":62},"end":{"line":231,"column":62}},{"start":{"line":231,"column":62},"end":{"line":231,"column":62}}]},"3":{"line":231,"type":"if","locations":[{"start":{"line":231,"column":72},"end":{"line":231,"column":72}},{"start":{"line":231,"column":72},"end":{"line":231,"column":72}}]},"4":{"line":238,"type":"if","locations":[{"start":{"line":238,"column":30},"end":{"line":238,"column":30}},{"start":{"line":238,"column":30},"end":{"line":238,"column":30}}]},"5":{"line":238,"type":"if","locations":[{"start":{"line":238,"column":40},"end":{"line":238,"column":40}},{"start":{"line":238,"column":40},"end":{"line":238,"column":40}}]},"6":{"line":245,"type":"if","locations":[{"start":{"line":245,"column":32},"end":{"line":245,"column":32}},{"start":{"line":245,"column":32},"end":{"line":245,"column":32}}]},"7":{"line":245,"type":"if","locations":[{"start":{"line":245,"column":42},"end":{"line":245,"column":42}},{"start":{"line":245,"column":42},"end":{"line":245,"column":42}}]},"8":{"line":255,"type":"if","locations":[{"start":{"line":255,"column":58},"end":{"line":255,"column":58}},{"start":{"line":255,"column":58},"end":{"line":255,"column":58}}]},"9":{"line":265,"type":"if","locations":[{"start":{"line":265,"column":64},"end":{"line":265,"column":64}},{"start":{"line":265,"column":64},"end":{"line":265,"column":64}}]},"10":{"line":385,"type":"if","locations":[{"start":{"line":385,"column":8},"end":{"line":385,"column":8}},{"start":{"line":385,"column":8},"end":{"line":385,"column":8}}]},"11":{"line":386,"type":"if","locations":[{"start":{"line":386,"column":8},"end":{"line":386,"column":8}},{"start":{"line":386,"column":8},"end":{"line":386,"column":8}}]},"12":{"line":440,"type":"if","locations":[{"start":{"line":440,"column":8},"end":{"line":440,"column":8}},{"start":{"line":440,"column":8},"end":{"line":440,"column":8}}]},"13":{"line":456,"type":"if","locations":[{"start":{"line":456,"column":64},"end":{"line":456,"column":64}},{"start":{"line":456,"column":64},"end":{"line":456,"column":64}}]},"14":{"line":457,"type":"if","locations":[{"start":{"line":457,"column":8},"end":{"line":457,"column":8}},{"start":{"line":457,"column":8},"end":{"line":457,"column":8}}]},"15":{"line":466,"type":"if","locations":[{"start":{"line":466,"column":62},"end":{"line":466,"column":62}},{"start":{"line":466,"column":62},"end":{"line":466,"column":62}}]},"16":{"line":467,"type":"if","locations":[{"start":{"line":467,"column":8},"end":{"line":467,"column":8}},{"start":{"line":467,"column":8},"end":{"line":467,"column":8}}]},"17":{"line":487,"type":"if","locations":[{"start":{"line":487,"column":15},"end":{"line":487,"column":15}},{"start":{"line":487,"column":15},"end":{"line":487,"column":15}}]},"18":{"line":500,"type":"if","locations":[{"start":{"line":500,"column":80},"end":{"line":500,"column":80}},{"start":{"line":500,"column":80},"end":{"line":500,"column":80}}]},"19":{"line":502,"type":"if","locations":[{"start":{"line":502,"column":8},"end":{"line":502,"column":8}},{"start":{"line":502,"column":8},"end":{"line":502,"column":8}}]},"20":{"line":502,"type":"cond-expr","locations":[{"start":{"line":502,"column":16},"end":{"line":502,"column":45}},{"start":{"line":502,"column":50},"end":{"line":502,"column":89}}]},"21":{"line":503,"type":"if","locations":[{"start":{"line":503,"column":8},"end":{"line":503,"column":8}},{"start":{"line":503,"column":8},"end":{"line":503,"column":8}}]},"22":{"line":514,"type":"if","locations":[{"start":{"line":514,"column":66},"end":{"line":514,"column":66}},{"start":{"line":514,"column":66},"end":{"line":514,"column":66}}]},"23":{"line":515,"type":"if","locations":[{"start":{"line":515,"column":8},"end":{"line":515,"column":8}},{"start":{"line":515,"column":8},"end":{"line":515,"column":8}}]},"24":{"line":516,"type":"if","locations":[{"start":{"line":516,"column":8},"end":{"line":516,"column":8}},{"start":{"line":516,"column":8},"end":{"line":516,"column":8}}]},"25":{"line":527,"type":"if","locations":[{"start":{"line":527,"column":65},"end":{"line":527,"column":65}},{"start":{"line":527,"column":65},"end":{"line":527,"column":65}}]},"26":{"line":528,"type":"if","locations":[{"start":{"line":528,"column":8},"end":{"line":528,"column":8}},{"start":{"line":528,"column":8},"end":{"line":528,"column":8}}]},"27":{"line":557,"type":"if","locations":[{"start":{"line":557,"column":15},"end":{"line":557,"column":15}},{"start":{"line":557,"column":15},"end":{"line":557,"column":15}}]},"28":{"line":558,"type":"if","locations":[{"start":{"line":558,"column":8},"end":{"line":558,"column":8}},{"start":{"line":558,"column":8},"end":{"line":558,"column":8}}]},"29":{"line":583,"type":"if","locations":[{"start":{"line":583,"column":13},"end":{"line":583,"column":13}},{"start":{"line":583,"column":13},"end":{"line":583,"column":13}}]},"30":{"line":602,"type":"if","locations":[{"start":{"line":602,"column":8},"end":{"line":602,"column":8}},{"start":{"line":602,"column":8},"end":{"line":602,"column":8}}]},"31":{"line":603,"type":"if","locations":[{"start":{"line":603,"column":8},"end":{"line":603,"column":8}},{"start":{"line":603,"column":8},"end":{"line":603,"column":8}}]},"32":{"line":623,"type":"if","locations":[{"start":{"line":623,"column":8},"end":{"line":623,"column":8}},{"start":{"line":623,"column":8},"end":{"line":623,"column":8}}]},"33":{"line":628,"type":"if","locations":[{"start":{"line":628,"column":12},"end":{"line":628,"column":12}},{"start":{"line":628,"column":12},"end":{"line":628,"column":12}}]},"34":{"line":629,"type":"if","locations":[{"start":{"line":629,"column":12},"end":{"line":629,"column":12}},{"start":{"line":629,"column":12},"end":{"line":629,"column":12}}]},"35":{"line":630,"type":"if","locations":[{"start":{"line":630,"column":12},"end":{"line":630,"column":12}},{"start":{"line":630,"column":12},"end":{"line":630,"column":12}}]},"36":{"line":631,"type":"if","locations":[{"start":{"line":631,"column":12},"end":{"line":631,"column":12}},{"start":{"line":631,"column":12},"end":{"line":631,"column":12}}]},"37":{"line":640,"type":"if","locations":[{"start":{"line":640,"column":12},"end":{"line":640,"column":12}},{"start":{"line":640,"column":12},"end":{"line":640,"column":12}}]},"38":{"line":641,"type":"if","locations":[{"start":{"line":641,"column":12},"end":{"line":641,"column":12}},{"start":{"line":641,"column":12},"end":{"line":641,"column":12}}]},"39":{"line":642,"type":"if","locations":[{"start":{"line":642,"column":12},"end":{"line":642,"column":12}},{"start":{"line":642,"column":12},"end":{"line":642,"column":12}}]},"40":{"line":643,"type":"if","locations":[{"start":{"line":643,"column":12},"end":{"line":643,"column":12}},{"start":{"line":643,"column":12},"end":{"line":643,"column":12}}]},"41":{"line":644,"type":"if","locations":[{"start":{"line":644,"column":12},"end":{"line":644,"column":12}},{"start":{"line":644,"column":12},"end":{"line":644,"column":12}}]},"42":{"line":667,"type":"if","locations":[{"start":{"line":667,"column":8},"end":{"line":667,"column":8}},{"start":{"line":667,"column":8},"end":{"line":667,"column":8}}]},"43":{"line":694,"type":"if","locations":[{"start":{"line":694,"column":63},"end":{"line":694,"column":63}},{"start":{"line":694,"column":63},"end":{"line":694,"column":63}}]},"44":{"line":696,"type":"if","locations":[{"start":{"line":696,"column":8},"end":{"line":696,"column":8}},{"start":{"line":696,"column":8},"end":{"line":696,"column":8}}]},"45":{"line":701,"type":"if","locations":[{"start":{"line":701,"column":8},"end":{"line":701,"column":8}},{"start":{"line":701,"column":8},"end":{"line":701,"column":8}}]},"46":{"line":706,"type":"if","locations":[{"start":{"line":706,"column":8},"end":{"line":706,"column":8}},{"start":{"line":706,"column":8},"end":{"line":706,"column":8}}]},"47":{"line":730,"type":"if","locations":[{"start":{"line":730,"column":8},"end":{"line":730,"column":8}},{"start":{"line":730,"column":8},"end":{"line":730,"column":8}}]},"48":{"line":730,"type":"cond-expr","locations":[{"start":{"line":730,"column":12},"end":{"line":730,"column":36}},{"start":{"line":730,"column":41},"end":{"line":730,"column":57}}]},"49":{"line":734,"type":"if","locations":[{"start":{"line":734,"column":8},"end":{"line":734,"column":8}},{"start":{"line":734,"column":8},"end":{"line":734,"column":8}}]},"50":{"line":762,"type":"if","locations":[{"start":{"line":762,"column":102},"end":{"line":762,"column":102}},{"start":{"line":762,"column":102},"end":{"line":762,"column":102}}]},"51":{"line":764,"type":"if","locations":[{"start":{"line":764,"column":8},"end":{"line":764,"column":8}},{"start":{"line":764,"column":8},"end":{"line":764,"column":8}}]},"52":{"line":771,"type":"if","locations":[{"start":{"line":771,"column":12},"end":{"line":771,"column":12}},{"start":{"line":771,"column":12},"end":{"line":771,"column":12}}]},"53":{"line":796,"type":"if","locations":[{"start":{"line":796,"column":8},"end":{"line":796,"column":8}},{"start":{"line":796,"column":8},"end":{"line":796,"column":8}}]},"54":{"line":815,"type":"if","locations":[{"start":{"line":815,"column":15},"end":{"line":815,"column":15}},{"start":{"line":815,"column":15},"end":{"line":815,"column":15}}]},"55":{"line":829,"type":"if","locations":[{"start":{"line":829,"column":87},"end":{"line":829,"column":87}},{"start":{"line":829,"column":87},"end":{"line":829,"column":87}}]},"56":{"line":840,"type":"if","locations":[{"start":{"line":840,"column":103},"end":{"line":840,"column":103}},{"start":{"line":840,"column":103},"end":{"line":840,"column":103}}]},"57":{"line":869,"type":"if","locations":[{"start":{"line":869,"column":8},"end":{"line":869,"column":8}},{"start":{"line":869,"column":8},"end":{"line":869,"column":8}}]},"58":{"line":888,"type":"if","locations":[{"start":{"line":888,"column":8},"end":{"line":888,"column":8}},{"start":{"line":888,"column":8},"end":{"line":888,"column":8}}]},"59":{"line":926,"type":"if","locations":[{"start":{"line":926,"column":8},"end":{"line":926,"column":8}},{"start":{"line":926,"column":8},"end":{"line":926,"column":8}}]},"60":{"line":936,"type":"if","locations":[{"start":{"line":936,"column":8},"end":{"line":936,"column":8}},{"start":{"line":936,"column":8},"end":{"line":936,"column":8}}]},"61":{"line":947,"type":"if","locations":[{"start":{"line":947,"column":8},"end":{"line":947,"column":8}},{"start":{"line":947,"column":8},"end":{"line":947,"column":8}}]},"62":{"line":961,"type":"if","locations":[{"start":{"line":961,"column":12},"end":{"line":961,"column":12}},{"start":{"line":961,"column":12},"end":{"line":961,"column":12}}]},"63":{"line":989,"type":"if","locations":[{"start":{"line":989,"column":8},"end":{"line":989,"column":8}},{"start":{"line":989,"column":8},"end":{"line":989,"column":8}}]},"64":{"line":1014,"type":"if","locations":[{"start":{"line":1014,"column":8},"end":{"line":1014,"column":8}},{"start":{"line":1014,"column":8},"end":{"line":1014,"column":8}}]},"65":{"line":1055,"type":"if","locations":[{"start":{"line":1055,"column":8},"end":{"line":1055,"column":8}},{"start":{"line":1055,"column":8},"end":{"line":1055,"column":8}}]},"66":{"line":1056,"type":"if","locations":[{"start":{"line":1056,"column":8},"end":{"line":1056,"column":8}},{"start":{"line":1056,"column":8},"end":{"line":1056,"column":8}}]},"67":{"line":1095,"type":"if","locations":[{"start":{"line":1095,"column":8},"end":{"line":1095,"column":8}},{"start":{"line":1095,"column":8},"end":{"line":1095,"column":8}}]}}}}
