TN:
SF:/home/rcano/Development/thesolidchain/ntropika/potion-protocol/contracts/core/contracts/CriteriaManager.sol
FN:27,addCriteriaSet
FN:51,isCriteriaSetHash
FN:63,addCriteria
FN:80,hashCriteria
FN:98,hashOfSortedHashes
FN:116,isInCriteriaSet
FN:132,requireOtokenMeetsCriteria
FN:145,onlyValidCriteria
FNF:8
FNH:8
FNDA:139,addCriteriaSet
FNDA:277,isCriteriaSetHash
FNDA:155,addCriteria
FNDA:220,hashCriteria
FNDA:141,hashOfSortedHashes
FNDA:72,isInCriteriaSet
FNDA:10,requireOtokenMeetsCriteria
FNDA:155,onlyValidCriteria
DA:28,139
DA:29,139
DA:30,132
DA:31,132
DA:32,132
DA:33,132
DA:34,132
DA:37,209
DA:38,209
DA:39,209
DA:41,132
DA:43,139
DA:52,277
DA:66,155
DA:67,155
DA:69,145
DA:70,145
DA:72,155
DA:81,220
DA:99,141
DA:100,83
DA:103,85
DA:106,140
DA:122,72
DA:123,72
DA:124,72
DA:137,10
DA:138,9
DA:139,8
DA:140,7
DA:141,6
DA:146,155
DA:147,155
DA:148,155
LF:34
LH:34
BRDA:29,1,0,132
BRDA:29,1,1,7
BRDA:31,2,0,132
BRDA:31,2,1,0
BRDA:37,3,0,209
BRDA:37,3,1,0
BRDA:38,4,0,209
BRDA:38,4,1,0
BRDA:67,5,0,145
BRDA:67,5,1,10
BRDA:99,6,0,83
BRDA:99,6,1,58
BRDA:103,7,0,84
BRDA:103,7,1,1
BRDA:122,8,0,72
BRDA:122,8,1,0
BRDA:123,9,0,72
BRDA:123,9,1,0
BRDA:137,10,0,9
BRDA:137,10,1,1
BRDA:138,11,0,8
BRDA:138,11,1,1
BRDA:139,12,0,7
BRDA:139,12,1,1
BRDA:140,13,0,6
BRDA:140,13,1,1
BRDA:141,14,0,5
BRDA:141,14,1,1
BRDA:146,15,0,155
BRDA:146,15,1,0
BRDA:147,16,0,155
BRDA:147,16,1,0
BRF:32
BRH:25
end_of_record
TN:
SF:/home/rcano/Development/thesolidchain/ntropika/potion-protocol/contracts/core/contracts/CurveManager.sol
FN:43,addCurve
FN:57,hashCurve
FN:69,isKnownCurveHash
FN:81,powerDecimal
FN:105,cosh
FN:126,hyperbolicCurve
FN:145,onlyValidCurves
FNF:7
FNH:7
FNDA:116,addCurve
FNDA:223,hashCurve
FNDA:143,isKnownCurveHash
FNDA:13,powerDecimal
FNDA:293,cosh
FNDA:280,hyperbolicCurve
FNDA:127,onlyValidCurves
DA:44,116
DA:45,116
DA:46,109
DA:47,109
DA:49,116
DA:58,223
DA:70,143
DA:82,13
DA:84,11
DA:86,1
DA:88,1
DA:90,9
DA:108,293
DA:109,290
DA:110,288
DA:111,288
DA:133,280
DA:134,279
DA:135,278
DA:137,278
DA:139,278
DA:146,127
DA:147,125
DA:148,123
DA:149,121
DA:150,119
DA:154,116
LF:27
LH:27
BRDA:45,1,0,109
BRDA:45,1,1,7
BRDA:82,2,0,11
BRDA:82,2,1,2
BRDA:84,3,0,1
BRDA:84,3,1,10
BRDA:87,4,0,1
BRDA:87,4,1,9
BRDA:108,5,0,290
BRDA:108,5,1,3
BRDA:109,6,0,288
BRDA:109,6,1,2
BRDA:133,7,0,279
BRDA:133,7,1,1
BRDA:134,8,0,278
BRDA:134,8,1,1
BRDA:146,9,0,125
BRDA:146,9,1,2
BRDA:147,10,0,123
BRDA:147,10,1,2
BRDA:148,11,0,121
BRDA:148,11,1,2
BRDA:149,12,0,119
BRDA:149,12,1,2
BRDA:150,13,0,116
BRDA:150,13,1,3
BRF:26
BRH:26
end_of_record
TN:
SF:/home/rcano/Development/thesolidchain/ntropika/potion-protocol/contracts/core/contracts/interfaces/ICriteriaManager.sol
FNF:0
FNH:0
LF:0
LH:0
BRF:0
BRH:0
end_of_record
TN:
SF:/home/rcano/Development/thesolidchain/ntropika/potion-protocol/contracts/core/contracts/interfaces/ICurveManager.sol
FNF:0
FNH:0
LF:0
LH:0
BRF:0
BRH:0
end_of_record
TN:
SF:/home/rcano/Development/thesolidchain/ntropika/potion-protocol/contracts/core/contracts/OpynActionsLibrary.sol
FN:9,_getOpenVaultAction
FN:23,_getSettleVaultAction
FN:41,_getDepositCollateralAction
FN:61,_getMintShortOptionAction
FN:81,_actionArgsToDepositCollateralAndMintOtokens
FNF:5
FNH:5
FNDA:37,_getOpenVaultAction
FNDA:4,_getSettleVaultAction
FNDA:33,_getDepositCollateralAction
FNDA:33,_getMintShortOptionAction
FNDA:33,_actionArgsToDepositCollateralAndMintOtokens
DA:10,37
DA:28,4
DA:48,33
DA:68,33
DA:89,33
DA:90,33
DA:97,33
DA:105,33
LF:8
LH:8
BRF:0
BRH:0
end_of_record
TN:
SF:/home/rcano/Development/thesolidchain/ntropika/potion-protocol/contracts/core/contracts/packages/PRBMathCommon.sol
FN:23,exp2
FN:125,mostSignificantBit
FN:175,mulDiv
FN:278,mulDivFixedPoint
FN:329,mulDivSigned
FN:375,sqrt
FNF:6
FNH:4
FNDA:772,exp2
FNDA:206,mostSignificantBit
FNDA:544,mulDiv
FNDA:1580,mulDivFixedPoint
FNDA:0,mulDivSigned
FNDA:0,sqrt
DA:24,772
DA:26,772
DA:30,772
DA:31,120
DA:32,772
DA:33,127
DA:34,772
DA:35,127
DA:36,772
DA:37,134
DA:38,772
DA:39,147
DA:40,772
DA:41,135
DA:42,772
DA:43,123
DA:44,772
DA:45,147
DA:46,772
DA:47,189
DA:48,772
DA:49,117
DA:50,772
DA:51,148
DA:52,772
DA:53,104
DA:54,772
DA:55,772
DA:56,772
DA:57,772
DA:58,772
DA:59,772
DA:60,772
DA:61,772
DA:62,772
DA:63,772
DA:64,772
DA:65,772
DA:66,772
DA:67,772
DA:68,772
DA:69,772
DA:70,772
DA:71,772
DA:72,772
DA:73,772
DA:74,772
DA:75,772
DA:76,772
DA:77,772
DA:78,772
DA:79,772
DA:80,772
DA:81,772
DA:82,772
DA:83,772
DA:84,772
DA:85,772
DA:86,772
DA:87,772
DA:88,772
DA:89,772
DA:90,772
DA:91,772
DA:92,772
DA:93,772
DA:94,772
DA:95,772
DA:96,772
DA:97,772
DA:98,772
DA:99,772
DA:100,772
DA:101,772
DA:102,772
DA:103,772
DA:104,772
DA:105,772
DA:116,772
DA:117,772
DA:126,206
DA:127,0
DA:128,0
DA:130,206
DA:131,0
DA:132,0
DA:134,206
DA:135,0
DA:136,0
DA:138,206
DA:139,4
DA:140,4
DA:142,206
DA:143,34
DA:144,34
DA:146,206
DA:147,54
DA:148,54
DA:150,206
DA:151,60
DA:152,60
DA:154,206
DA:156,112
DA:183,544
DA:184,544
DA:185,544
DA:192,544
DA:193,544
DA:194,544
DA:197,544
DA:201,0
DA:208,0
DA:209,0
DA:220,0
DA:222,0
DA:223,0
DA:235,0
DA:240,0
DA:244,0
DA:245,0
DA:246,0
DA:247,0
DA:248,0
DA:249,0
DA:255,0
DA:256,0
DA:279,1580
DA:280,1580
DA:281,1580
DA:287,1580
DA:288,1580
DA:289,1580
DA:294,1580
DA:295,1580
DA:296,1580
DA:297,1580
DA:301,0
DA:303,0
DA:334,0
DA:335,0
DA:336,0
DA:339,0
DA:340,0
DA:341,0
DA:342,0
DA:343,0
DA:344,0
DA:345,0
DA:349,0
DA:350,0
DA:353,0
DA:354,0
DA:355,0
DA:356,0
DA:364,0
DA:376,0
DA:377,0
DA:381,0
DA:382,0
DA:383,0
DA:384,0
DA:385,0
DA:387,0
DA:388,0
DA:389,0
DA:391,0
DA:392,0
DA:393,0
DA:395,0
DA:396,0
DA:397,0
DA:399,0
DA:400,0
DA:401,0
DA:403,0
DA:404,0
DA:405,0
DA:407,0
DA:408,0
DA:412,0
DA:413,0
DA:414,0
DA:415,0
DA:416,0
DA:417,0
DA:418,0
DA:419,0
DA:420,0
DA:421,0
LF:189
LH:114
BRDA:30,1,0,120
BRDA:30,1,1,652
BRDA:32,2,0,127
BRDA:32,2,1,645
BRDA:34,3,0,127
BRDA:34,3,1,645
BRDA:36,4,0,134
BRDA:36,4,1,638
BRDA:38,5,0,147
BRDA:38,5,1,625
BRDA:40,6,0,135
BRDA:40,6,1,637
BRDA:42,7,0,123
BRDA:42,7,1,649
BRDA:44,8,0,147
BRDA:44,8,1,625
BRDA:46,9,0,189
BRDA:46,9,1,583
BRDA:48,10,0,117
BRDA:48,10,1,655
BRDA:50,11,0,148
BRDA:50,11,1,624
BRDA:52,12,0,104
BRDA:52,12,1,668
BRDA:54,13,0,177
BRDA:54,13,1,595
BRDA:55,14,0,116
BRDA:55,14,1,656
BRDA:56,15,0,183
BRDA:56,15,1,589
BRDA:57,16,0,85
BRDA:57,16,1,687
BRDA:58,17,0,128
BRDA:58,17,1,644
BRDA:59,18,0,142
BRDA:59,18,1,630
BRDA:60,19,0,186
BRDA:60,19,1,586
BRDA:61,20,0,185
BRDA:61,20,1,587
BRDA:62,21,0,238
BRDA:62,21,1,534
BRDA:63,22,0,180
BRDA:63,22,1,592
BRDA:64,23,0,202
BRDA:64,23,1,570
BRDA:65,24,0,192
BRDA:65,24,1,580
BRDA:66,25,0,121
BRDA:66,25,1,651
BRDA:67,26,0,168
BRDA:67,26,1,604
BRDA:68,27,0,171
BRDA:68,27,1,601
BRDA:69,28,0,185
BRDA:69,28,1,587
BRDA:70,29,0,186
BRDA:70,29,1,586
BRDA:71,30,0,229
BRDA:71,30,1,543
BRDA:72,31,0,221
BRDA:72,31,1,551
BRDA:73,32,0,221
BRDA:73,32,1,551
BRDA:74,33,0,193
BRDA:74,33,1,579
BRDA:75,34,0,292
BRDA:75,34,1,480
BRDA:76,35,0,226
BRDA:76,35,1,546
BRDA:77,36,0,222
BRDA:77,36,1,550
BRDA:78,37,0,192
BRDA:78,37,1,580
BRDA:79,38,0,235
BRDA:79,38,1,537
BRDA:80,39,0,239
BRDA:80,39,1,533
BRDA:81,40,0,159
BRDA:81,40,1,613
BRDA:82,41,0,292
BRDA:82,41,1,480
BRDA:83,42,0,226
BRDA:83,42,1,546
BRDA:84,43,0,231
BRDA:84,43,1,541
BRDA:85,44,0,282
BRDA:85,44,1,490
BRDA:86,45,0,148
BRDA:86,45,1,624
BRDA:87,46,0,200
BRDA:87,46,1,572
BRDA:88,47,0,312
BRDA:88,47,1,460
BRDA:89,48,0,243
BRDA:89,48,1,529
BRDA:90,49,0,359
BRDA:90,49,1,413
BRDA:91,50,0,348
BRDA:91,50,1,424
BRDA:92,51,0,245
BRDA:92,51,1,527
BRDA:93,52,0,285
BRDA:93,52,1,487
BRDA:94,53,0,164
BRDA:94,53,1,608
BRDA:95,54,0,197
BRDA:95,54,1,575
BRDA:96,55,0,223
BRDA:96,55,1,549
BRDA:97,56,0,237
BRDA:97,56,1,535
BRDA:98,57,0,293
BRDA:98,57,1,479
BRDA:99,58,0,259
BRDA:99,58,1,513
BRDA:100,59,0,271
BRDA:100,59,1,501
BRDA:101,60,0,271
BRDA:101,60,1,501
BRDA:102,61,0,327
BRDA:102,61,1,445
BRDA:103,62,0,266
BRDA:103,62,1,506
BRDA:104,63,0,287
BRDA:104,63,1,485
BRDA:105,64,0,275
BRDA:105,64,1,497
BRDA:126,65,0,0
BRDA:126,65,1,206
BRDA:130,66,0,0
BRDA:130,66,1,206
BRDA:134,67,0,0
BRDA:134,67,1,206
BRDA:138,68,0,4
BRDA:138,68,1,202
BRDA:142,69,0,34
BRDA:142,69,1,172
BRDA:146,70,0,54
BRDA:146,70,1,152
BRDA:150,71,0,60
BRDA:150,71,1,146
BRDA:154,72,0,112
BRDA:154,72,1,94
BRDA:192,73,0,544
BRDA:192,73,1,0
BRDA:193,74,0,544
BRDA:193,74,1,0
BRDA:201,75,0,0
BRDA:201,75,1,0
BRDA:294,76,0,1580
BRDA:294,76,1,0
BRDA:301,77,0,0
BRDA:301,77,1,0
BRDA:334,78,0,0
BRDA:334,78,1,0
BRDA:335,79,0,0
BRDA:335,79,1,0
BRDA:336,80,0,0
BRDA:336,80,1,0
BRDA:350,81,0,0
BRDA:350,81,1,0
BRDA:376,82,0,0
BRDA:376,82,1,0
BRDA:383,83,0,0
BRDA:383,83,1,0
BRDA:387,84,0,0
BRDA:387,84,1,0
BRDA:391,85,0,0
BRDA:391,85,1,0
BRDA:395,86,0,0
BRDA:395,86,1,0
BRDA:399,87,0,0
BRDA:399,87,1,0
BRDA:403,88,0,0
BRDA:403,88,1,0
BRDA:407,89,0,0
BRDA:407,89,1,0
BRF:178
BRH:144
end_of_record
TN:
SF:/home/rcano/Development/thesolidchain/ntropika/potion-protocol/contracts/core/contracts/packages/PRBMathSD59x18.sol
FN:47,abs
FN:58,avg
FN:77,ceil
FN:109,div
FN:140,e
FN:158,exp
FN:187,exp2
FN:223,floor
FN:244,frac
FN:258,fromInt
FN:274,gm
FN:300,inv
FN:320,ln
FN:341,log10
FN:451,log2
FN:515,mul
FN:539,pi
FN:558,pow
FN:582,powu
FN:607,scale
FN:623,sqrt
FN:636,toInt
FN:662,fromUint
FN:672,add
FN:682,sub
FN:689,toUint
FNF:26
FNH:11
FNDA:0,abs
FNDA:0,avg
FNDA:0,ceil
FNDA:544,div
FNDA:0,e
FNDA:585,exp
FNDA:1134,exp2
FNDA:0,floor
FNDA:0,frac
FNDA:1340,fromInt
FNDA:0,gm
FNDA:0,inv
FNDA:9,ln
FNDA:0,log10
FNDA:206,log2
FNDA:1580,mul
FNDA:0,pi
FNDA:278,pow
FNDA:0,powu
FNDA:0,scale
FNDA:0,sqrt
FNDA:0,toInt
FNDA:764,fromUint
FNDA:566,add
FNDA:0,sub
FNDA:252,toUint
DA:48,0
DA:49,0
DA:50,0
DA:60,0
DA:63,0
DA:78,0
DA:79,0
DA:80,0
DA:81,0
DA:82,0
DA:85,0
DA:86,0
DA:87,0
DA:110,544
DA:111,544
DA:114,544
DA:115,544
DA:116,544
DA:117,544
DA:118,544
DA:122,544
DA:123,544
DA:126,544
DA:127,544
DA:128,544
DA:135,544
DA:141,0
DA:160,585
DA:161,1
DA:165,584
DA:168,584
DA:169,584
DA:170,584
DA:189,1134
DA:191,362
DA:192,9
DA:196,353
DA:197,353
DA:201,772
DA:203,772
DA:205,772
DA:208,772
DA:224,0
DA:225,0
DA:226,0
DA:227,0
DA:228,0
DA:231,0
DA:232,0
DA:233,0
DA:245,0
DA:246,0
DA:259,1340
DA:260,1340
DA:261,1340
DA:275,0
DA:276,0
DA:279,0
DA:281,0
DA:282,0
DA:285,0
DA:289,0
DA:301,0
DA:303,0
DA:323,9
DA:324,9
DA:342,0
DA:346,0
DA:430,0
DA:432,0
DA:433,0
DA:452,206
DA:453,206
DA:455,206
DA:456,206
DA:457,13
DA:459,193
DA:461,193
DA:467,206
DA:471,206
DA:474,206
DA:477,206
DA:478,74
DA:483,132
DA:484,7788
DA:487,7788
DA:489,3730
DA:492,3730
DA:495,132
DA:516,1580
DA:517,1580
DA:519,1580
DA:520,1580
DA:521,1580
DA:522,1580
DA:523,1580
DA:525,1580
DA:526,1580
DA:528,1580
DA:529,1580
DA:530,1580
DA:534,1580
DA:540,0
DA:559,278
DA:560,81
DA:562,197
DA:583,0
DA:586,0
DA:589,0
DA:590,0
DA:593,0
DA:594,0
DA:599,0
DA:602,0
DA:603,0
DA:608,0
DA:624,0
DA:625,0
DA:626,0
DA:629,0
DA:637,0
DA:638,0
DA:663,764
DA:664,764
DA:673,566
DA:683,0
DA:690,252
DA:691,252
DA:692,252
LF:129
LH:73
BRDA:49,1,0,0
BRDA:49,1,1,0
BRDA:78,2,0,0
BRDA:78,2,1,0
BRDA:81,3,0,0
BRDA:81,3,1,0
BRDA:86,4,0,0
BRDA:86,4,1,0
BRDA:110,5,0,544
BRDA:110,5,1,0
BRDA:111,6,0,544
BRDA:111,6,1,0
BRDA:123,7,0,544
BRDA:123,7,1,0
BRDA:160,8,0,1
BRDA:160,8,1,584
BRDA:165,9,0,584
BRDA:165,9,1,0
BRDA:189,10,0,362
BRDA:189,10,1,772
BRDA:191,11,0,9
BRDA:191,11,1,353
BRDA:201,12,0,772
BRDA:201,12,1,0
BRDA:224,13,0,0
BRDA:224,13,1,0
BRDA:227,14,0,0
BRDA:227,14,1,0
BRDA:232,15,0,0
BRDA:232,15,1,0
BRDA:260,16,0,1340
BRDA:260,16,1,0
BRDA:275,17,0,0
BRDA:275,17,1,0
BRDA:282,18,0,0
BRDA:282,18,1,0
BRDA:285,19,0,0
BRDA:285,19,1,0
BRDA:342,20,0,0
BRDA:342,20,1,0
BRDA:430,21,0,0
BRDA:430,21,1,0
BRDA:452,22,0,206
BRDA:452,22,1,0
BRDA:456,23,0,13
BRDA:456,23,1,193
BRDA:477,24,0,74
BRDA:477,24,1,132
BRDA:487,25,0,3730
BRDA:487,25,1,4058
BRDA:516,26,0,1580
BRDA:516,26,1,0
BRDA:517,27,0,1580
BRDA:517,27,1,0
BRDA:526,28,0,1580
BRDA:526,28,1,0
BRDA:559,29,0,81
BRDA:559,29,1,197
BRDA:593,30,0,0
BRDA:593,30,1,0
BRDA:599,31,0,0
BRDA:599,31,1,0
BRDA:624,32,0,0
BRDA:624,32,1,0
BRDA:625,33,0,0
BRDA:625,33,1,0
BRDA:663,34,0,764
BRDA:663,34,1,0
BRDA:690,35,0,252
BRDA:690,35,1,0
BRF:70
BRH:26
end_of_record
TN:
SF:/home/rcano/Development/thesolidchain/ntropika/potion-protocol/contracts/core/contracts/packages/solcV6OpynContractsForTesting/imports.sol
FNF:0
FNH:0
LF:0
LH:0
BRF:0
BRH:0
end_of_record
TN:
SF:/home/rcano/Development/thesolidchain/ntropika/potion-protocol/contracts/core/contracts/PotionLiquidityPool.sol
FN:66,initialize
FN:231,setMaxTotalValueLocked
FN:238,pause
FN:245,unpause
FN:255,setCurveManager
FN:265,setCriteriaManager
FN:278,getVaultId
FN:289,lpLockedAmount
FN:299,lpTotalAmount
FN:309,collateralNeededForPuts
FN:329,premiums
FN:368,util
FN:404,percentStrike
FN:438,durationInDays
FN:456,createNewVaultId
FN:466,deposit
FN:487,depositAndConfigurePool
FN:500,setCurveCriteria
FN:514,setCurve
FN:527,withdraw
FN:557,createAndBuyOtokens
FN:583,buyOtokens
FN:694,settleAfterExpiry
FN:723,outstandingSettlement
FN:750,isSettled
FN:762,redistributeSettlement
FN:796,settleAndRedistributeSettlement
FN:815,depositAndCreateCurveAndCriteria
FN:829,addAndSetCurve
FN:840,addAndSetCriterias
FN:861,_debit
FN:880,_credit
FN:898,_burnLocked
FN:917,_unlock
FN:935,_getVaultInfo
FN:946,_getOrCreateVaultInfo
FN:975,_initiatePurchaseAndUpdateFundsForOneLP
FN:1000,_collateralNeededForPuts
FN:1041,_premiumForLp
FN:1086,_getLivePrices
FN:1120,_convertAmountOnLivePrice
FNF:41
FNH:41
FNDA:180,initialize
FNDA:2,setMaxTotalValueLocked
FNDA:2,pause
FNDA:2,unpause
FNDA:3,setCurveManager
FNDA:3,setCriteriaManager
FNDA:4,getVaultId
FNDA:66,lpLockedAmount
FNDA:66,lpTotalAmount
FNDA:24,collateralNeededForPuts
FNDA:56,premiums
FNDA:131,util
FNDA:81,percentStrike
FNDA:43,durationInDays
FNDA:2,createNewVaultId
FNDA:54,deposit
FNDA:13,depositAndConfigurePool
FNDA:56,setCurveCriteria
FNDA:67,setCurve
FNDA:25,withdraw
FNDA:2,createAndBuyOtokens
FNDA:41,buyOtokens
FNDA:4,settleAfterExpiry
FNDA:20,outstandingSettlement
FNDA:20,isSettled
FNDA:4,redistributeSettlement
FNDA:2,settleAndRedistributeSettlement
FNDA:7,depositAndCreateCurveAndCriteria
FNDA:9,addAndSetCurve
FNDA:9,addAndSetCriterias
FNDA:25,_debit
FNDA:54,_credit
FNDA:12,_burnLocked
FNDA:12,_unlock
FNDA:48,_getVaultInfo
FNDA:43,_getOrCreateVaultInfo
FNDA:63,_initiatePurchaseAndUpdateFundsForOneLP
FNDA:155,_collateralNeededForPuts
FNDA:131,_premiumForLp
FNDA:202,_getLivePrices
FNDA:3,_convertAmountOnLivePrice
DA:67,180
DA:68,180
DA:69,180
DA:70,180
DA:71,180
DA:75,180
DA:80,180
DA:81,180
DA:82,180
DA:83,180
DA:84,180
DA:232,2
DA:239,2
DA:246,2
DA:256,3
DA:266,3
DA:279,4
DA:290,66
DA:300,66
DA:310,24
DA:311,24
DA:312,24
DA:317,24
DA:318,24
DA:319,24
DA:334,56
DA:336,56
DA:337,56
DA:338,56
DA:343,56
DA:344,56
DA:348,56
DA:349,68
DA:350,68
DA:351,68
DA:352,65
DA:353,65
DA:355,53
DA:382,131
DA:383,131
DA:384,131
DA:385,131
DA:386,128
DA:390,128
DA:391,128
DA:393,128
DA:406,81
DA:407,81
DA:410,81
DA:414,81
DA:415,81
DA:416,81
DA:417,81
DA:427,81
DA:439,43
DA:440,43
DA:441,43
DA:443,43
DA:457,2
DA:458,2
DA:467,54
DA:468,54
DA:469,53
DA:470,53
DA:471,53
DA:488,13
DA:489,13
DA:492,13
DA:502,56
DA:503,55
DA:504,53
DA:505,53
DA:515,67
DA:516,66
DA:517,65
DA:518,65
DA:528,25
DA:529,25
DA:530,23
DA:531,23
DA:532,23
DA:558,2
DA:559,2
DA:560,2
DA:568,2
DA:584,41
DA:585,41
DA:588,41
DA:589,41
DA:590,41
DA:591,41
DA:599,41
DA:602,41
DA:603,41
DA:606,41
DA:607,41
DA:611,41
DA:612,41
DA:617,41
DA:618,41
DA:623,41
DA:625,41
DA:626,65
DA:627,65
DA:628,65
DA:629,64
DA:630,64
DA:631,63
DA:640,63
DA:641,63
DA:642,63
DA:643,63
DA:644,63
DA:646,63
DA:650,61
DA:651,61
DA:652,61
DA:653,61
DA:656,61
DA:667,37
DA:668,33
DA:671,33
DA:672,33
DA:679,33
DA:682,33
DA:683,33
DA:684,33
DA:685,33
DA:695,4
DA:696,4
DA:699,4
DA:701,4
DA:704,4
DA:706,4
DA:707,4
DA:708,4
DA:709,4
DA:711,4
DA:728,20
DA:729,20
DA:730,20
DA:731,0
DA:734,20
DA:735,10
DA:737,10
DA:739,10
DA:751,20
DA:752,20
DA:763,4
DA:764,4
DA:769,4
DA:770,12
DA:771,12
DA:772,0
DA:776,12
DA:777,12
DA:778,12
DA:779,12
DA:780,12
DA:784,4
DA:798,2
DA:799,2
DA:816,7
DA:817,7
DA:820,7
DA:830,9
DA:831,9
DA:841,9
DA:842,9
DA:843,9
DA:844,15
DA:846,9
DA:847,9
DA:866,25
DA:867,25
DA:868,24
DA:869,23
DA:885,54
DA:886,54
DA:887,54
DA:888,54
DA:903,12
DA:904,12
DA:905,12
DA:906,12
DA:922,12
DA:923,12
DA:924,12
DA:925,12
DA:926,12
DA:927,12
DA:936,48
DA:937,48
DA:947,43
DA:950,37
DA:951,37
DA:952,37
DA:955,37
DA:956,37
DA:960,37
DA:961,37
DA:964,43
DA:980,63
DA:983,63
DA:984,63
DA:985,61
DA:986,61
DA:987,61
DA:988,61
DA:989,61
DA:990,61
DA:1007,155
DA:1008,155
DA:1013,155
DA:1014,155
DA:1016,152
DA:1018,3
DA:1019,3
DA:1026,155
DA:1047,131
DA:1055,128
DA:1056,127
DA:1067,126
DA:1071,126
DA:1075,126
DA:1095,202
DA:1097,118
DA:1100,84
DA:1103,84
DA:1104,84
DA:1106,84
DA:1127,3
DA:1128,3
LF:233
LH:231
BRDA:385,1,0,128
BRDA:385,1,1,3
BRDA:386,2,0,128
BRDA:386,2,1,0
BRDA:440,3,0,43
BRDA:440,3,1,0
BRDA:457,4,0,2
BRDA:457,4,1,0
BRDA:467,5,0,54
BRDA:467,5,1,0
BRDA:502,6,0,55
BRDA:502,6,1,1
BRDA:503,7,0,53
BRDA:503,7,1,2
BRDA:515,8,0,66
BRDA:515,8,1,1
BRDA:516,9,0,65
BRDA:516,9,1,1
BRDA:528,10,0,25
BRDA:528,10,1,0
BRDA:558,11,0,2
BRDA:558,11,1,0
BRDA:602,12,0,41
BRDA:602,12,1,0
BRDA:603,13,0,41
BRDA:603,13,1,0
BRDA:623,14,0,41
BRDA:623,14,1,0
BRDA:628,15,0,64
BRDA:628,15,1,1
BRDA:629,16,0,64
BRDA:629,16,1,0
BRDA:630,17,0,63
BRDA:630,17,1,1
BRDA:631,18,0,63
BRDA:631,18,1,0
BRDA:640,19,0,63
BRDA:640,19,1,0
BRDA:641,20,0,63
BRDA:641,20,1,0
BRDA:642,21,0,63
BRDA:642,21,1,0
BRDA:643,22,0,63
BRDA:643,22,1,0
BRDA:644,23,0,63
BRDA:644,23,1,0
BRDA:667,24,0,33
BRDA:667,24,1,4
BRDA:696,25,0,4
BRDA:696,25,1,0
BRDA:701,26,0,4
BRDA:701,26,1,0
BRDA:706,27,0,4
BRDA:706,27,1,0
BRDA:730,28,0,0
BRDA:730,28,1,20
BRDA:734,29,0,10
BRDA:734,29,1,10
BRDA:764,30,0,4
BRDA:764,30,1,0
BRDA:771,31,0,0
BRDA:771,31,1,12
BRDA:869,32,0,23
BRDA:869,32,1,0
BRDA:888,33,0,53
BRDA:888,33,1,1
BRDA:926,34,0,12
BRDA:926,34,1,0
BRDA:936,35,0,48
BRDA:936,35,1,0
BRDA:947,36,0,37
BRDA:947,36,1,6
BRDA:961,37,0,37
BRDA:961,37,1,0
BRDA:989,38,0,61
BRDA:989,38,1,0
BRDA:1014,39,0,152
BRDA:1014,39,1,3
BRDA:1055,40,0,127
BRDA:1055,40,1,1
BRDA:1056,41,0,126
BRDA:1056,41,1,1
BRDA:1095,42,0,118
BRDA:1095,42,1,84
BRF:84
BRH:57
end_of_record
