{
"contracts/actions/common/BaseActionUpgradeable.sol":{"l":{"55":33,"56":33,"57":33,"58":33,"59":33,"61":33},"path":"/home/rcano/Development/thesolidchain/ntropika/potion-protocol/contracts/hedging-vault/contracts/actions/common/BaseActionUpgradeable.sol","s":{"1":33,"2":33,"3":33,"4":33,"5":33,"6":33},"b":{"1":[33,0]},"f":{"1":33},"fnMap":{"1":{"name":"__BaseAction_init_chained","line":54,"loc":{"start":{"line":49,"column":4},"end":{"line":62,"column":4}}}},"statementMap":{"1":{"start":{"line":55,"column":8},"end":{"line":55,"column":67}},"2":{"start":{"line":56,"column":8},"end":{"line":56,"column":39}},"3":{"start":{"line":57,"column":8},"end":{"line":57,"column":41}},"4":{"start":{"line":58,"column":8},"end":{"line":58,"column":64}},"5":{"start":{"line":59,"column":8},"end":{"line":59,"column":41}},"6":{"start":{"line":61,"column":8},"end":{"line":61,"column":77}}},"branchMap":{"1":{"line":54,"type":"if","locations":[{"start":{"line":54,"column":15},"end":{"line":54,"column":15}},{"start":{"line":54,"column":15},"end":{"line":54,"column":15}}]}}},
"contracts/actions/common/PotionProtocolHelperUpgradeable.sol":{"l":{"81":33,"83":33,"85":33,"87":33,"110":4,"111":4,"113":4,"114":0,"117":4,"118":4,"139":4,"140":4,"142":4,"143":4,"145":4,"152":4,"164":2,"165":2,"167":2,"168":2,"170":2,"172":2,"174":2,"175":2,"188":4,"189":4,"190":4,"209":2,"210":2,"212":2,"213":2,"230":4,"232":4,"233":4,"235":4,"236":4,"238":4,"247":12,"256":2,"265":2},"path":"/home/rcano/Development/thesolidchain/ntropika/potion-protocol/contracts/hedging-vault/contracts/actions/common/PotionProtocolHelperUpgradeable.sol","s":{"1":33,"2":4,"3":4,"4":4,"5":0,"6":4,"7":4,"8":4,"9":4,"10":2,"11":2,"12":2,"13":2,"14":2,"15":2,"16":2,"17":4,"18":4,"19":4,"20":2,"21":2,"22":4,"23":4,"24":4,"25":4,"26":4,"27":4,"28":12,"29":2,"30":2},"b":{"1":[33,0],"2":[0,4],"3":[0,0],"4":[4,0],"5":[4,0],"6":[2,0],"7":[2,0]},"f":{"1":33,"2":4,"3":4,"4":2,"5":4,"6":2,"7":4,"8":12,"9":2,"10":2},"fnMap":{"1":{"name":"__PotionProtocolHelper_init_unchained","line":80,"loc":{"start":{"line":76,"column":4},"end":{"line":88,"column":4}}},"2":{"name":"_calculatePotionMaxPremium","line":104,"loc":{"start":{"line":104,"column":4},"end":{"line":119,"column":4}}},"3":{"name":"_buyPotions","line":133,"loc":{"start":{"line":133,"column":4},"end":{"line":153,"column":4}}},"4":{"name":"_redeemPotions","line":163,"loc":{"start":{"line":163,"column":4},"end":{"line":177,"column":4}}},"5":{"name":"_isPotionRedeemable","line":187,"loc":{"start":{"line":187,"column":4},"end":{"line":191,"column":4}}},"6":{"name":"_calculateCurrentPayout","line":204,"loc":{"start":{"line":204,"column":4},"end":{"line":214,"column":4}}},"7":{"name":"_calculateAssetValueInUSDC","line":229,"loc":{"start":{"line":229,"column":4},"end":{"line":239,"column":4}}},"8":{"name":"getUSDC","line":246,"loc":{"start":{"line":246,"column":4},"end":{"line":248,"column":4}}},"9":{"name":"getPotionLiquidityManager","line":255,"loc":{"start":{"line":255,"column":4},"end":{"line":257,"column":4}}},"10":{"name":"getOpynAddressBook","line":264,"loc":{"start":{"line":264,"column":4},"end":{"line":266,"column":4}}}},"statementMap":{"1":{"start":{"line":81,"column":8},"end":{"line":81,"column":46}},"2":{"start":{"line":110,"column":8},"end":{"line":110,"column":89}},"3":{"start":{"line":111,"column":8},"end":{"line":111,"column":87}},"4":{"start":{"line":113,"column":8},"end":{"line":113,"column":4720}},"5":{"start":{"line":114,"column":12},"end":{"line":114,"column":45}},"6":{"start":{"line":139,"column":8},"end":{"line":139,"column":89}},"7":{"start":{"line":140,"column":8},"end":{"line":140,"column":87}},"8":{"start":{"line":142,"column":8},"end":{"line":142,"column":106}},"9":{"start":{"line":143,"column":8},"end":{"line":143,"column":106}},"10":{"start":{"line":164,"column":8},"end":{"line":164,"column":89}},"11":{"start":{"line":165,"column":8},"end":{"line":165,"column":90}},"12":{"start":{"line":167,"column":8},"end":{"line":167,"column":26}},"13":{"start":{"line":170,"column":8},"end":{"line":170,"column":62}},"14":{"start":{"line":172,"column":8},"end":{"line":172,"column":56}},"15":{"start":{"line":174,"column":8},"end":{"line":174,"column":7365}},"16":{"start":{"line":175,"column":12},"end":{"line":175,"column":76}},"17":{"start":{"line":188,"column":8},"end":{"line":188,"column":89}},"18":{"start":{"line":189,"column":8},"end":{"line":189,"column":90}},"19":{"start":{"line":190,"column":8},"end":{"line":190,"column":77}},"20":{"start":{"line":209,"column":8},"end":{"line":209,"column":89}},"21":{"start":{"line":210,"column":8},"end":{"line":210,"column":90}},"22":{"start":{"line":230,"column":8},"end":{"line":230,"column":74}},"23":{"start":{"line":232,"column":8},"end":{"line":232,"column":75}},"24":{"start":{"line":233,"column":8},"end":{"line":233,"column":68}},"25":{"start":{"line":235,"column":8},"end":{"line":235,"column":76}},"26":{"start":{"line":236,"column":8},"end":{"line":236,"column":72}},"27":{"start":{"line":238,"column":8},"end":{"line":238,"column":115}},"28":{"start":{"line":247,"column":8},"end":{"line":247,"column":20}},"29":{"start":{"line":256,"column":8},"end":{"line":256,"column":42}},"30":{"start":{"line":265,"column":8},"end":{"line":265,"column":31}}},"branchMap":{"1":{"line":80,"type":"if","locations":[{"start":{"line":80,"column":15},"end":{"line":80,"column":15}},{"start":{"line":80,"column":15},"end":{"line":80,"column":15}}]},"2":{"line":113,"type":"if","locations":[{"start":{"line":113,"column":8},"end":{"line":113,"column":8}},{"start":{"line":113,"column":8},"end":{"line":113,"column":8}}]},"3":{"line":113,"type":"cond-expr","locations":[{"start":{"line":113,"column":12},"end":{"line":113,"column":52}},{"start":{"line":113,"column":57},"end":{"line":113,"column":99}}]},"4":{"line":142,"type":"if","locations":[{"start":{"line":142,"column":8},"end":{"line":142,"column":8}},{"start":{"line":142,"column":8},"end":{"line":142,"column":8}}]},"5":{"line":143,"type":"if","locations":[{"start":{"line":143,"column":8},"end":{"line":143,"column":8}},{"start":{"line":143,"column":8},"end":{"line":143,"column":8}}]},"6":{"line":170,"type":"if","locations":[{"start":{"line":170,"column":8},"end":{"line":170,"column":8}},{"start":{"line":170,"column":8},"end":{"line":170,"column":8}}]},"7":{"line":174,"type":"if","locations":[{"start":{"line":174,"column":8},"end":{"line":174,"column":8}},{"start":{"line":174,"column":8},"end":{"line":174,"column":8}}]}}},
"contracts/actions/common/PotionProtocolOracleUpgradeable.sol":{"l":{"53":4,"54":4,"65":19,"66":19,"78":23},"path":"/home/rcano/Development/thesolidchain/ntropika/potion-protocol/contracts/hedging-vault/contracts/actions/common/PotionProtocolOracleUpgradeable.sol","s":{"1":4,"2":19,"3":19,"4":23},"b":{"1":[33,0],"2":[4,0]},"f":{"1":33,"2":4,"3":19,"4":23},"fnMap":{"1":{"name":"__PotionProtocolOracle_init_unchained","line":43,"loc":{"start":{"line":43,"column":4},"end":{"line":45,"column":4}}},"2":{"name":"setPotionBuyInfo","line":52,"loc":{"start":{"line":52,"column":4},"end":{"line":55,"column":4}}},"3":{"name":"getPotionBuyInfo","line":60,"loc":{"start":{"line":60,"column":4},"end":{"line":67,"column":4}}},"4":{"name":"_getPotionId","line":77,"loc":{"start":{"line":77,"column":4},"end":{"line":79,"column":4}}}},"statementMap":{"1":{"start":{"line":53,"column":8},"end":{"line":53,"column":81}},"2":{"start":{"line":65,"column":8},"end":{"line":65,"column":71}},"3":{"start":{"line":66,"column":8},"end":{"line":66,"column":33}},"4":{"start":{"line":78,"column":8},"end":{"line":78,"column":80}}},"branchMap":{"1":{"line":43,"type":"if","locations":[{"start":{"line":43,"column":67},"end":{"line":43,"column":67}},{"start":{"line":43,"column":67},"end":{"line":43,"column":67}}]},"2":{"line":52,"type":"if","locations":[{"start":{"line":52,"column":68},"end":{"line":52,"column":68}},{"start":{"line":52,"column":68},"end":{"line":52,"column":68}}]}}},
"contracts/actions/common/UniswapV3HelperUpgradeable.sol":{"l":{"42":33,"44":33,"72":2,"74":2,"81":2,"83":2,"92":2,"118":4,"120":4,"125":4,"127":4,"136":4,"143":2,"159":0,"160":0,"176":0,"177":0},"path":"/home/rcano/Development/thesolidchain/ntropika/potion-protocol/contracts/hedging-vault/contracts/actions/common/UniswapV3HelperUpgradeable.sol","s":{"1":33,"2":2,"3":2,"4":2,"5":2,"6":4,"7":4,"8":4,"9":4,"10":2,"11":0,"12":0,"13":0,"14":0},"b":{"1":[33,0],"2":[2,0],"3":[4,0]},"f":{"1":33,"2":2,"3":4,"4":2,"5":0,"6":0},"fnMap":{"1":{"name":"__UniswapV3Helper_init_unchained","line":41,"loc":{"start":{"line":41,"column":4},"end":{"line":45,"column":4}}},"2":{"name":"_swapInput","line":65,"loc":{"start":{"line":65,"column":4},"end":{"line":93,"column":4}}},"3":{"name":"_swapOutput","line":111,"loc":{"start":{"line":111,"column":4},"end":{"line":137,"column":4}}},"4":{"name":"getSwapRouter","line":142,"loc":{"start":{"line":142,"column":4},"end":{"line":144,"column":4}}},"5":{"name":"getSwapOutputAmount","line":154,"loc":{"start":{"line":154,"column":4},"end":{"line":161,"column":4}}},"6":{"name":"getSwapInputAmount","line":171,"loc":{"start":{"line":171,"column":4},"end":{"line":178,"column":4}}}},"statementMap":{"1":{"start":{"line":42,"column":8},"end":{"line":42,"column":41}},"2":{"start":{"line":72,"column":8},"end":{"line":72,"column":71}},"3":{"start":{"line":74,"column":8},"end":{"line":74,"column":2772}},"4":{"start":{"line":81,"column":8},"end":{"line":81,"column":99}},"5":{"start":{"line":83,"column":8},"end":{"line":83,"column":3225}},"6":{"start":{"line":118,"column":8},"end":{"line":118,"column":71}},"7":{"start":{"line":120,"column":8},"end":{"line":120,"column":4828}},"8":{"start":{"line":125,"column":8},"end":{"line":125,"column":98}},"9":{"start":{"line":127,"column":8},"end":{"line":127,"column":5105}},"10":{"start":{"line":143,"column":8},"end":{"line":143,"column":26}},"11":{"start":{"line":159,"column":8},"end":{"line":159,"column":71}},"12":{"start":{"line":160,"column":8},"end":{"line":160,"column":78}},"13":{"start":{"line":176,"column":8},"end":{"line":176,"column":71}},"14":{"start":{"line":177,"column":8},"end":{"line":177,"column":78}}},"branchMap":{"1":{"line":41,"type":"if","locations":[{"start":{"line":41,"column":75},"end":{"line":41,"column":75}},{"start":{"line":41,"column":75},"end":{"line":41,"column":75}}]},"2":{"line":74,"type":"if","locations":[{"start":{"line":74,"column":8},"end":{"line":74,"column":8}},{"start":{"line":74,"column":8},"end":{"line":74,"column":8}}]},"3":{"line":120,"type":"if","locations":[{"start":{"line":120,"column":8},"end":{"line":120,"column":8}},{"start":{"line":120,"column":8},"end":{"line":120,"column":8}}]}}},
"contracts/actions/common/UniswapV3OracleUpgradeable.sol":{"l":{"54":6,"62":10},"path":"/home/rcano/Development/thesolidchain/ntropika/potion-protocol/contracts/hedging-vault/contracts/actions/common/UniswapV3OracleUpgradeable.sol","s":{"1":10},"b":{"1":[33,0],"2":[6,0]},"f":{"1":33,"2":6,"3":10},"fnMap":{"1":{"name":"__UniswapV3Oracle_init_unchained","line":44,"loc":{"start":{"line":44,"column":4},"end":{"line":46,"column":4}}},"2":{"name":"setSwapInfo","line":53,"loc":{"start":{"line":53,"column":4},"end":{"line":55,"column":4}}},"3":{"name":"getSwapInfo","line":61,"loc":{"start":{"line":61,"column":4},"end":{"line":63,"column":4}}}},"statementMap":{"1":{"start":{"line":62,"column":8},"end":{"line":62,"column":49}}},"branchMap":{"1":{"line":44,"type":"if","locations":[{"start":{"line":44,"column":62},"end":{"line":44,"column":62}},{"start":{"line":44,"column":62},"end":{"line":44,"column":62}}]},"2":{"line":53,"type":"if","locations":[{"start":{"line":53,"column":58},"end":{"line":53,"column":58}},{"start":{"line":53,"column":58},"end":{"line":53,"column":58}}]}}},
"contracts/actions/PotionBuyAction.sol":{"l":{"97":33,"98":33,"99":33,"101":33,"107":33,"108":33,"114":33,"115":33,"116":33,"117":33,"118":33,"119":33,"122":33,"123":33,"150":4,"151":4,"157":4,"159":4,"160":4,"162":4,"168":4,"170":4,"171":4,"173":4,"175":4,"176":4,"178":4,"192":2,"194":2,"195":2,"197":2,"198":2,"200":2,"202":2,"204":2,"206":2,"208":2,"215":0,"222":0,"229":0,"236":0,"243":0,"250":0,"261":0,"268":0,"278":0,"287":33,"288":0,"291":33,"293":33,"300":33,"301":0,"304":33,"306":33,"313":33,"314":0,"317":33,"319":33,"326":33,"328":33,"335":33,"336":0,"339":33,"341":33,"348":33,"349":0,"352":33,"354":33,"364":0,"377":4,"378":4,"380":4},"path":"/home/rcano/Development/thesolidchain/ntropika/potion-protocol/contracts/hedging-vault/contracts/actions/PotionBuyAction.sol","s":{"1":33,"2":33,"3":33,"4":33,"5":33,"6":33,"7":33,"8":33,"9":33,"10":33,"11":33,"12":4,"13":4,"14":4,"15":4,"16":4,"17":4,"18":4,"19":4,"20":4,"21":4,"22":4,"23":4,"24":2,"25":2,"26":2,"27":2,"28":2,"29":2,"30":2,"31":2,"32":2,"33":0,"34":0,"35":0,"36":0,"37":0,"38":0,"39":0,"40":33,"41":33,"42":33,"43":33,"44":33,"45":33,"46":33,"47":33,"48":33,"49":33,"50":33,"51":0,"52":4,"53":4},"b":{"1":[33,0],"2":[0,33],"3":[4,0],"4":[4,0],"5":[4,0],"6":[4,0],"7":[4,0],"8":[4,0],"9":[2,0],"10":[2,0],"11":[2,0],"12":[2,0],"13":[2,0],"14":[0,0],"15":[0,0],"16":[0,0],"17":[0,0],"18":[0,0],"19":[0,0],"20":[0,33],"21":[0,0],"22":[0,33],"23":[0,0],"24":[0,33],"25":[0,0],"26":[0,33],"27":[0,33]},"f":{"1":33,"2":4,"3":2,"4":0,"5":0,"6":0,"7":0,"8":0,"9":0,"10":0,"11":0,"12":0,"13":33,"14":33,"15":33,"16":33,"17":33,"18":33,"19":0,"20":4},"fnMap":{"1":{"name":"initialize","line":93,"loc":{"start":{"line":93,"column":4},"end":{"line":126,"column":4}}},"2":{"name":"enterPosition","line":148,"loc":{"start":{"line":143,"column":4},"end":{"line":179,"column":4}}},"3":{"name":"exitPosition","line":189,"loc":{"start":{"line":184,"column":4},"end":{"line":209,"column":4}}},"4":{"name":"setMaxPremiumPercentage","line":214,"loc":{"start":{"line":214,"column":4},"end":{"line":216,"column":4}}},"5":{"name":"setPremiumSlippage","line":221,"loc":{"start":{"line":221,"column":4},"end":{"line":223,"column":4}}},"6":{"name":"setSwapSlippage","line":228,"loc":{"start":{"line":228,"column":4},"end":{"line":230,"column":4}}},"7":{"name":"setMaxSwapDuration","line":235,"loc":{"start":{"line":235,"column":4},"end":{"line":237,"column":4}}},"8":{"name":"setCycleDuration","line":242,"loc":{"start":{"line":242,"column":4},"end":{"line":244,"column":4}}},"9":{"name":"setStrikePercentage","line":249,"loc":{"start":{"line":249,"column":4},"end":{"line":251,"column":4}}},"10":{"name":"canPositionBeEntered","line":258,"loc":{"start":{"line":258,"column":4},"end":{"line":262,"column":4}}},"11":{"name":"canPositionBeExited","line":267,"loc":{"start":{"line":267,"column":4},"end":{"line":272,"column":4}}},"12":{"name":"calculateCurrentPayout","line":277,"loc":{"start":{"line":277,"column":4},"end":{"line":279,"column":4}}},"13":{"name":"_setMaxPremiumPercentage","line":286,"loc":{"start":{"line":286,"column":4},"end":{"line":294,"column":4}}},"14":{"name":"_setPremiumSlippage","line":299,"loc":{"start":{"line":299,"column":4},"end":{"line":307,"column":4}}},"15":{"name":"_setSwapSlippage","line":312,"loc":{"start":{"line":312,"column":4},"end":{"line":320,"column":4}}},"16":{"name":"_setMaxSwapDuration","line":325,"loc":{"start":{"line":325,"column":4},"end":{"line":329,"column":4}}},"17":{"name":"_setCycleDuration","line":334,"loc":{"start":{"line":334,"column":4},"end":{"line":342,"column":4}}},"18":{"name":"_setStrikePercentage","line":347,"loc":{"start":{"line":347,"column":4},"end":{"line":355,"column":4}}},"19":{"name":"_isNextCycleStarted","line":363,"loc":{"start":{"line":363,"column":4},"end":{"line":365,"column":4}}},"20":{"name":"_updateNextCycleStart","line":376,"loc":{"start":{"line":376,"column":4},"end":{"line":381,"column":4}}}},"statementMap":{"1":{"start":{"line":97,"column":8},"end":{"line":97,"column":62}},"2":{"start":{"line":101,"column":8},"end":{"line":101,"column":4927}},"3":{"start":{"line":107,"column":8},"end":{"line":107,"column":71}},"4":{"start":{"line":108,"column":8},"end":{"line":108,"column":5197}},"5":{"start":{"line":114,"column":8},"end":{"line":114,"column":64}},"6":{"start":{"line":115,"column":8},"end":{"line":115,"column":54}},"7":{"start":{"line":116,"column":8},"end":{"line":116,"column":48}},"8":{"start":{"line":117,"column":8},"end":{"line":117,"column":58}},"9":{"start":{"line":118,"column":8},"end":{"line":118,"column":54}},"10":{"start":{"line":119,"column":8},"end":{"line":119,"column":56}},"11":{"start":{"line":122,"column":8},"end":{"line":122,"column":112}},"12":{"start":{"line":150,"column":8},"end":{"line":150,"column":30}},"13":{"start":{"line":151,"column":8},"end":{"line":151,"column":48}},"14":{"start":{"line":157,"column":8},"end":{"line":157,"column":92}},"15":{"start":{"line":159,"column":8},"end":{"line":159,"column":20}},"16":{"start":{"line":160,"column":8},"end":{"line":160,"column":38}},"17":{"start":{"line":168,"column":8},"end":{"line":168,"column":64}},"18":{"start":{"line":170,"column":8},"end":{"line":170,"column":95}},"19":{"start":{"line":171,"column":8},"end":{"line":171,"column":111}},"20":{"start":{"line":173,"column":8},"end":{"line":173,"column":99}},"21":{"start":{"line":175,"column":8},"end":{"line":175,"column":114}},"22":{"start":{"line":176,"column":8},"end":{"line":176,"column":93}},"23":{"start":{"line":178,"column":8},"end":{"line":178,"column":67}},"24":{"start":{"line":192,"column":8},"end":{"line":192,"column":113}},"25":{"start":{"line":194,"column":8},"end":{"line":194,"column":61}},"26":{"start":{"line":195,"column":8},"end":{"line":195,"column":31}},"27":{"start":{"line":197,"column":8},"end":{"line":197,"column":63}},"28":{"start":{"line":198,"column":8},"end":{"line":198,"column":71}},"29":{"start":{"line":200,"column":8},"end":{"line":200,"column":109}},"30":{"start":{"line":204,"column":8},"end":{"line":204,"column":81}},"31":{"start":{"line":206,"column":8},"end":{"line":206,"column":50}},"32":{"start":{"line":208,"column":8},"end":{"line":208,"column":66}},"33":{"start":{"line":215,"column":8},"end":{"line":215,"column":54}},"34":{"start":{"line":222,"column":8},"end":{"line":222,"column":44}},"35":{"start":{"line":229,"column":8},"end":{"line":229,"column":38}},"36":{"start":{"line":236,"column":8},"end":{"line":236,"column":43}},"37":{"start":{"line":243,"column":8},"end":{"line":243,"column":41}},"38":{"start":{"line":250,"column":8},"end":{"line":250,"column":46}},"39":{"start":{"line":278,"column":8},"end":{"line":278,"column":80}},"40":{"start":{"line":287,"column":8},"end":{"line":287,"column":11609}},"41":{"start":{"line":293,"column":8},"end":{"line":293,"column":63}},"42":{"start":{"line":300,"column":8},"end":{"line":300,"column":12046}},"43":{"start":{"line":306,"column":8},"end":{"line":306,"column":53}},"44":{"start":{"line":313,"column":8},"end":{"line":313,"column":12435}},"45":{"start":{"line":319,"column":8},"end":{"line":319,"column":47}},"46":{"start":{"line":328,"column":8},"end":{"line":328,"column":52}},"47":{"start":{"line":335,"column":8},"end":{"line":335,"column":13039}},"48":{"start":{"line":341,"column":8},"end":{"line":341,"column":50}},"49":{"start":{"line":348,"column":8},"end":{"line":348,"column":13415}},"50":{"start":{"line":354,"column":8},"end":{"line":354,"column":55}},"51":{"start":{"line":364,"column":8},"end":{"line":364,"column":57}},"52":{"start":{"line":377,"column":8},"end":{"line":377,"column":100}},"53":{"start":{"line":378,"column":8},"end":{"line":378,"column":77}}},"branchMap":{"1":{"line":93,"type":"if","locations":[{"start":{"line":93,"column":74},"end":{"line":93,"column":74}},{"start":{"line":93,"column":74},"end":{"line":93,"column":74}}]},"2":{"line":124,"type":"if","locations":[{"start":{"line":124,"column":14},"end":{"line":124,"column":24}},{"start":{"line":125,"column":14},"end":{"line":125,"column":55}}]},"3":{"line":145,"type":"if","locations":[{"start":{"line":145,"column":8},"end":{"line":145,"column":8}},{"start":{"line":145,"column":8},"end":{"line":145,"column":8}}]},"4":{"line":146,"type":"if","locations":[{"start":{"line":146,"column":8},"end":{"line":146,"column":8}},{"start":{"line":146,"column":8},"end":{"line":146,"column":8}}]},"5":{"line":147,"type":"if","locations":[{"start":{"line":147,"column":8},"end":{"line":147,"column":8}},{"start":{"line":147,"column":8},"end":{"line":147,"column":8}}]},"6":{"line":148,"type":"if","locations":[{"start":{"line":148,"column":8},"end":{"line":148,"column":8}},{"start":{"line":148,"column":8},"end":{"line":148,"column":8}}]},"7":{"line":168,"type":"if","locations":[{"start":{"line":168,"column":8},"end":{"line":168,"column":8}},{"start":{"line":168,"column":8},"end":{"line":168,"column":8}}]},"8":{"line":173,"type":"if","locations":[{"start":{"line":173,"column":8},"end":{"line":173,"column":8}},{"start":{"line":173,"column":8},"end":{"line":173,"column":8}}]},"9":{"line":186,"type":"if","locations":[{"start":{"line":186,"column":8},"end":{"line":186,"column":8}},{"start":{"line":186,"column":8},"end":{"line":186,"column":8}}]},"10":{"line":187,"type":"if","locations":[{"start":{"line":187,"column":8},"end":{"line":187,"column":8}},{"start":{"line":187,"column":8},"end":{"line":187,"column":8}}]},"11":{"line":188,"type":"if","locations":[{"start":{"line":188,"column":8},"end":{"line":188,"column":8}},{"start":{"line":188,"column":8},"end":{"line":188,"column":8}}]},"12":{"line":189,"type":"if","locations":[{"start":{"line":189,"column":8},"end":{"line":189,"column":8}},{"start":{"line":189,"column":8},"end":{"line":189,"column":8}}]},"13":{"line":192,"type":"if","locations":[{"start":{"line":192,"column":8},"end":{"line":192,"column":8}},{"start":{"line":192,"column":8},"end":{"line":192,"column":8}}]},"14":{"line":214,"type":"if","locations":[{"start":{"line":214,"column":86},"end":{"line":214,"column":86}},{"start":{"line":214,"column":86},"end":{"line":214,"column":86}}]},"15":{"line":221,"type":"if","locations":[{"start":{"line":221,"column":76},"end":{"line":221,"column":76}},{"start":{"line":221,"column":76},"end":{"line":221,"column":76}}]},"16":{"line":228,"type":"if","locations":[{"start":{"line":228,"column":70},"end":{"line":228,"column":70}},{"start":{"line":228,"column":70},"end":{"line":228,"column":70}}]},"17":{"line":235,"type":"if","locations":[{"start":{"line":235,"column":75},"end":{"line":235,"column":75}},{"start":{"line":235,"column":75},"end":{"line":235,"column":75}}]},"18":{"line":242,"type":"if","locations":[{"start":{"line":242,"column":73},"end":{"line":242,"column":73}},{"start":{"line":242,"column":73},"end":{"line":242,"column":73}}]},"19":{"line":249,"type":"if","locations":[{"start":{"line":249,"column":78},"end":{"line":249,"column":78}},{"start":{"line":249,"column":78},"end":{"line":249,"column":78}}]},"20":{"line":287,"type":"if","locations":[{"start":{"line":287,"column":8},"end":{"line":287,"column":8}},{"start":{"line":287,"column":8},"end":{"line":287,"column":8}}]},"21":{"line":287,"type":"cond-expr","locations":[{"start":{"line":287,"column":12},"end":{"line":287,"column":37}},{"start":{"line":287,"column":42},"end":{"line":287,"column":95}}]},"22":{"line":300,"type":"if","locations":[{"start":{"line":300,"column":8},"end":{"line":300,"column":8}},{"start":{"line":300,"column":8},"end":{"line":300,"column":8}}]},"23":{"line":300,"type":"cond-expr","locations":[{"start":{"line":300,"column":12},"end":{"line":300,"column":32}},{"start":{"line":300,"column":37},"end":{"line":300,"column":85}}]},"24":{"line":313,"type":"if","locations":[{"start":{"line":313,"column":8},"end":{"line":313,"column":8}},{"start":{"line":313,"column":8},"end":{"line":313,"column":8}}]},"25":{"line":313,"type":"cond-expr","locations":[{"start":{"line":313,"column":12},"end":{"line":313,"column":29}},{"start":{"line":313,"column":34},"end":{"line":313,"column":80}}]},"26":{"line":335,"type":"if","locations":[{"start":{"line":335,"column":8},"end":{"line":335,"column":8}},{"start":{"line":335,"column":8},"end":{"line":335,"column":8}}]},"27":{"line":348,"type":"if","locations":[{"start":{"line":348,"column":8},"end":{"line":348,"column":8}},{"start":{"line":348,"column":8},"end":{"line":348,"column":8}}]}}},
"contracts/common/EmergencyLockUpgradeable.sol":{"l":{"41":67,"55":1,"67":1},"path":"/home/rcano/Development/thesolidchain/ntropika/potion-protocol/contracts/hedging-vault/contracts/common/EmergencyLockUpgradeable.sol","s":{"1":67,"2":1,"3":1},"b":{"1":[67,0],"2":[1,1],"3":[1,1]},"f":{"1":67,"2":1,"3":1},"fnMap":{"1":{"name":"__EmergencyLock_init_unchained","line":40,"loc":{"start":{"line":40,"column":4},"end":{"line":42,"column":4}}},"2":{"name":"pause","line":54,"loc":{"start":{"line":54,"column":4},"end":{"line":56,"column":4}}},"3":{"name":"unpause","line":66,"loc":{"start":{"line":66,"column":4},"end":{"line":68,"column":4}}}},"statementMap":{"1":{"start":{"line":41,"column":8},"end":{"line":41,"column":34}},"2":{"start":{"line":55,"column":8},"end":{"line":55,"column":15}},"3":{"start":{"line":67,"column":8},"end":{"line":67,"column":17}}},"branchMap":{"1":{"line":40,"type":"if","locations":[{"start":{"line":40,"column":55},"end":{"line":40,"column":55}},{"start":{"line":40,"column":55},"end":{"line":40,"column":55}}]},"2":{"line":54,"type":"if","locations":[{"start":{"line":54,"column":30},"end":{"line":54,"column":30}},{"start":{"line":54,"column":30},"end":{"line":54,"column":30}}]},"3":{"line":66,"type":"if","locations":[{"start":{"line":66,"column":32},"end":{"line":66,"column":32}},{"start":{"line":66,"column":32},"end":{"line":66,"column":32}}]}}},
"contracts/common/LifecycleStatesUpgradeable.sol":{"l":{"45":67,"54":14,"55":14,"62":0,"63":0,"70":4,"71":4,"81":16,"83":16,"85":16,"92":20},"path":"/home/rcano/Development/thesolidchain/ntropika/potion-protocol/contracts/hedging-vault/contracts/common/LifecycleStatesUpgradeable.sol","s":{"1":14,"2":0,"3":4,"4":16,"5":16,"6":20},"b":{"1":[67,0],"2":[14,0],"3":[0,0],"4":[4,0]},"f":{"1":67,"2":14,"3":0,"4":4,"5":16,"6":20},"fnMap":{"1":{"name":"__LifecycleStates_init_unchained","line":44,"loc":{"start":{"line":44,"column":4},"end":{"line":46,"column":4}}},"2":{"name":"onlyUnlocked","line":53,"loc":{"start":{"line":53,"column":4},"end":{"line":56,"column":4}}},"3":{"name":"onlyCommitted","line":61,"loc":{"start":{"line":61,"column":4},"end":{"line":64,"column":4}}},"4":{"name":"onlyLocked","line":69,"loc":{"start":{"line":69,"column":4},"end":{"line":72,"column":4}}},"5":{"name":"_setLifecycleState","line":80,"loc":{"start":{"line":80,"column":4},"end":{"line":86,"column":4}}},"6":{"name":"getLifecycleState","line":91,"loc":{"start":{"line":91,"column":4},"end":{"line":93,"column":4}}}},"statementMap":{"1":{"start":{"line":54,"column":8},"end":{"line":54,"column":74}},"2":{"start":{"line":62,"column":8},"end":{"line":62,"column":75}},"3":{"start":{"line":70,"column":8},"end":{"line":70,"column":70}},"4":{"start":{"line":81,"column":8},"end":{"line":81,"column":41}},"5":{"start":{"line":85,"column":8},"end":{"line":85,"column":55}},"6":{"start":{"line":92,"column":8},"end":{"line":92,"column":21}}},"branchMap":{"1":{"line":44,"type":"if","locations":[{"start":{"line":44,"column":57},"end":{"line":44,"column":57}},{"start":{"line":44,"column":57},"end":{"line":44,"column":57}}]},"2":{"line":54,"type":"if","locations":[{"start":{"line":54,"column":8},"end":{"line":54,"column":8}},{"start":{"line":54,"column":8},"end":{"line":54,"column":8}}]},"3":{"line":62,"type":"if","locations":[{"start":{"line":62,"column":8},"end":{"line":62,"column":8}},{"start":{"line":62,"column":8},"end":{"line":62,"column":8}}]},"4":{"line":70,"type":"if","locations":[{"start":{"line":70,"column":8},"end":{"line":70,"column":8}},{"start":{"line":70,"column":8},"end":{"line":70,"column":8}}]}}},
"contracts/common/RefundsHelperUpgreadable.sol":{"l":{"68":150,"69":269,"72":150,"88":5,"89":2,"91":1,"101":1,"102":1,"104":1,"113":17,"120":8},"path":"/home/rcano/Development/thesolidchain/ntropika/potion-protocol/contracts/hedging-vault/contracts/common/RefundsHelperUpgreadable.sol","s":{"1":150,"2":5,"3":2,"4":1,"5":1,"6":1,"7":1,"8":17,"9":8},"b":{"1":[150,0],"2":[5,1],"3":[2,3],"4":[1,1],"5":[1,1],"6":[1,0],"7":[1,0]},"f":{"1":150,"2":5,"3":1,"4":17,"5":8},"fnMap":{"1":{"name":"__RefundsHelper_init_unchained","line":66,"loc":{"start":{"line":64,"column":4},"end":{"line":73,"column":4}}},"2":{"name":"refund","line":87,"loc":{"start":{"line":83,"column":4},"end":{"line":92,"column":4}}},"3":{"name":"refundETH","line":100,"loc":{"start":{"line":100,"column":4},"end":{"line":105,"column":4}}},"4":{"name":"canRefund","line":112,"loc":{"start":{"line":112,"column":4},"end":{"line":114,"column":4}}},"5":{"name":"canRefundETH","line":119,"loc":{"start":{"line":119,"column":4},"end":{"line":121,"column":4}}}},"statementMap":{"1":{"start":{"line":68,"column":8},"end":{"line":68,"column":2564}},"2":{"start":{"line":88,"column":8},"end":{"line":88,"column":65}},"3":{"start":{"line":89,"column":8},"end":{"line":89,"column":87}},"4":{"start":{"line":91,"column":8},"end":{"line":91,"column":63}},"5":{"start":{"line":101,"column":8},"end":{"line":101,"column":59}},"6":{"start":{"line":102,"column":8},"end":{"line":102,"column":87}},"7":{"start":{"line":104,"column":8},"end":{"line":104,"column":34}},"8":{"start":{"line":113,"column":8},"end":{"line":113,"column":36}},"9":{"start":{"line":120,"column":8},"end":{"line":120,"column":32}}},"branchMap":{"1":{"line":66,"type":"if","locations":[{"start":{"line":66,"column":8},"end":{"line":66,"column":8}},{"start":{"line":66,"column":8},"end":{"line":66,"column":8}}]},"2":{"line":87,"type":"if","locations":[{"start":{"line":87,"column":15},"end":{"line":87,"column":15}},{"start":{"line":87,"column":15},"end":{"line":87,"column":15}}]},"3":{"line":88,"type":"if","locations":[{"start":{"line":88,"column":8},"end":{"line":88,"column":8}},{"start":{"line":88,"column":8},"end":{"line":88,"column":8}}]},"4":{"line":89,"type":"if","locations":[{"start":{"line":89,"column":8},"end":{"line":89,"column":8}},{"start":{"line":89,"column":8},"end":{"line":89,"column":8}}]},"5":{"line":100,"type":"if","locations":[{"start":{"line":100,"column":75},"end":{"line":100,"column":75}},{"start":{"line":100,"column":75},"end":{"line":100,"column":75}}]},"6":{"line":101,"type":"if","locations":[{"start":{"line":101,"column":8},"end":{"line":101,"column":8}},{"start":{"line":101,"column":8},"end":{"line":101,"column":8}}]},"7":{"line":102,"type":"if","locations":[{"start":{"line":102,"column":8},"end":{"line":102,"column":8}},{"start":{"line":102,"column":8},"end":{"line":102,"column":8}}]}}},
"contracts/common/RolesManagerUpgradeable.sol":{"l":{"52":34,"53":27,"60":0,"61":0,"68":44,"69":44,"76":6,"77":6,"88":43,"89":6,"91":43,"108":153,"109":153},"path":"/home/rcano/Development/thesolidchain/ntropika/potion-protocol/contracts/hedging-vault/contracts/common/RolesManagerUpgradeable.sol","s":{"1":34,"2":0,"3":44,"4":6,"5":43,"6":6,"7":153,"8":153},"b":{"1":[6,37],"2":[153,0]},"f":{"1":34,"2":0,"3":44,"4":6,"5":43,"6":153},"fnMap":{"1":{"name":"onlyAdmin","line":51,"loc":{"start":{"line":51,"column":4},"end":{"line":54,"column":4}}},"2":{"name":"onlyStrategist","line":59,"loc":{"start":{"line":59,"column":4},"end":{"line":62,"column":4}}},"3":{"name":"onlyOperator","line":67,"loc":{"start":{"line":67,"column":4},"end":{"line":70,"column":4}}},"4":{"name":"onlyVault","line":75,"loc":{"start":{"line":75,"column":4},"end":{"line":78,"column":4}}},"5":{"name":"onlyInvestor","line":87,"loc":{"start":{"line":87,"column":4},"end":{"line":92,"column":4}}},"6":{"name":"__RolesManager_init_unchained","line":107,"loc":{"start":{"line":107,"column":4},"end":{"line":110,"column":4}}}},"statementMap":{"1":{"start":{"line":52,"column":8},"end":{"line":52,"column":29}},"2":{"start":{"line":60,"column":8},"end":{"line":60,"column":34}},"3":{"start":{"line":68,"column":8},"end":{"line":68,"column":32}},"4":{"start":{"line":76,"column":8},"end":{"line":76,"column":29}},"5":{"start":{"line":88,"column":8},"end":{"line":88,"column":3317}},"6":{"start":{"line":89,"column":12},"end":{"line":89,"column":36}},"7":{"start":{"line":108,"column":8},"end":{"line":108,"column":43}},"8":{"start":{"line":109,"column":8},"end":{"line":109,"column":49}}},"branchMap":{"1":{"line":88,"type":"if","locations":[{"start":{"line":88,"column":8},"end":{"line":88,"column":8}},{"start":{"line":88,"column":8},"end":{"line":88,"column":8}}]},"2":{"line":107,"type":"if","locations":[{"start":{"line":107,"column":99},"end":{"line":107,"column":99}},{"start":{"line":107,"column":99},"end":{"line":107,"column":99}}]}}},
"contracts/extensions/ERC1155FullSupplyUpgradeable.sol":{"l":{"30":15,"37":57,"44":59,"51":32,"65":102,"67":102,"68":70,"69":82,"70":82,"71":82,"75":102,"76":32,"77":44,"78":44,"79":44,"80":44,"82":44,"83":44,"85":44,"86":44,"87":44,"92":44},"path":"/home/rcano/Development/thesolidchain/ntropika/potion-protocol/contracts/hedging-vault/contracts/extensions/ERC1155FullSupplyUpgradeable.sol","s":{"1":15,"2":57,"3":59,"4":32,"5":102,"6":102,"7":70,"8":102,"9":32,"10":44,"11":44,"12":44,"13":44,"14":44,"15":44},"b":{"1":[0,0],"2":[0,0],"3":[70,32],"4":[32,70],"5":[44,0],"6":[44,0]},"f":{"1":0,"2":0,"3":15,"4":57,"5":59,"6":32,"7":102},"fnMap":{"1":{"name":"__ERC1155FullSupply_init","line":20,"loc":{"start":{"line":20,"column":4},"end":{"line":20,"column":67}}},"2":{"name":"__ERC1155FullSupply_init_unchained","line":23,"loc":{"start":{"line":23,"column":4},"end":{"line":23,"column":77}}},"3":{"name":"totalSupplyAll","line":29,"loc":{"start":{"line":29,"column":4},"end":{"line":31,"column":4}}},"4":{"name":"totalSupply","line":36,"loc":{"start":{"line":36,"column":4},"end":{"line":38,"column":4}}},"5":{"name":"balanceOfAll","line":43,"loc":{"start":{"line":43,"column":4},"end":{"line":45,"column":4}}},"6":{"name":"exists","line":50,"loc":{"start":{"line":50,"column":4},"end":{"line":52,"column":4}}},"7":{"name":"_beforeTokenTransfer","line":57,"loc":{"start":{"line":57,"column":4},"end":{"line":96,"column":4}}}},"statementMap":{"1":{"start":{"line":30,"column":8},"end":{"line":30,"column":27}},"2":{"start":{"line":37,"column":8},"end":{"line":37,"column":35}},"3":{"start":{"line":44,"column":8},"end":{"line":44,"column":45}},"4":{"start":{"line":51,"column":8},"end":{"line":51,"column":63}},"5":{"start":{"line":65,"column":8},"end":{"line":65,"column":73}},"6":{"start":{"line":67,"column":8},"end":{"line":67,"column":2284}},"7":{"start":{"line":68,"column":12},"end":{"line":68,"column":2326}},"8":{"start":{"line":75,"column":8},"end":{"line":75,"column":2555}},"9":{"start":{"line":76,"column":12},"end":{"line":76,"column":2595}},"10":{"start":{"line":77,"column":16},"end":{"line":77,"column":35}},"11":{"start":{"line":78,"column":16},"end":{"line":78,"column":43}},"12":{"start":{"line":79,"column":16},"end":{"line":79,"column":53}},"13":{"start":{"line":80,"column":16},"end":{"line":80,"column":84}},"14":{"start":{"line":82,"column":16},"end":{"line":82,"column":67}},"15":{"start":{"line":83,"column":16},"end":{"line":83,"column":94}}},"branchMap":{"1":{"line":20,"type":"if","locations":[{"start":{"line":20,"column":49},"end":{"line":20,"column":49}},{"start":{"line":20,"column":49},"end":{"line":20,"column":49}}]},"2":{"line":23,"type":"if","locations":[{"start":{"line":23,"column":59},"end":{"line":23,"column":59}},{"start":{"line":23,"column":59},"end":{"line":23,"column":59}}]},"3":{"line":67,"type":"if","locations":[{"start":{"line":67,"column":8},"end":{"line":67,"column":8}},{"start":{"line":67,"column":8},"end":{"line":67,"column":8}}]},"4":{"line":75,"type":"if","locations":[{"start":{"line":75,"column":8},"end":{"line":75,"column":8}},{"start":{"line":75,"column":8},"end":{"line":75,"column":8}}]},"5":{"line":80,"type":"if","locations":[{"start":{"line":80,"column":16},"end":{"line":80,"column":16}},{"start":{"line":80,"column":16},"end":{"line":80,"column":16}}]},"6":{"line":83,"type":"if","locations":[{"start":{"line":83,"column":16},"end":{"line":83,"column":16}},{"start":{"line":83,"column":16},"end":{"line":83,"column":16}}]}}},
"contracts/extensions/ERC4626CapUpgradeable.sol":{"l":{"55":33,"57":33,"70":0,"79":2,"104":4,"106":4,"107":0,"110":4,"134":0,"135":0,"138":0,"140":0,"149":33,"151":33,"153":33},"path":"/home/rcano/Development/thesolidchain/ntropika/potion-protocol/contracts/hedging-vault/contracts/extensions/ERC4626CapUpgradeable.sol","s":{"1":33,"2":33,"3":0,"4":2,"5":4,"6":4,"7":0,"8":4,"9":0,"10":0,"11":0,"12":0,"13":33,"14":33},"b":{"1":[33,0],"2":[0,0],"3":[0,4],"4":[0,0]},"f":{"1":33,"2":0,"3":2,"4":4,"5":0,"6":33},"fnMap":{"1":{"name":"__ERC4626Cap_init_unchained","line":54,"loc":{"start":{"line":54,"column":4},"end":{"line":58,"column":4}}},"2":{"name":"setVaultCap","line":69,"loc":{"start":{"line":69,"column":4},"end":{"line":71,"column":4}}},"3":{"name":"getVaultCap","line":78,"loc":{"start":{"line":78,"column":4},"end":{"line":80,"column":4}}},"4":{"name":"maxDeposit","line":94,"loc":{"start":{"line":94,"column":4},"end":{"line":111,"column":4}}},"5":{"name":"maxMint","line":127,"loc":{"start":{"line":127,"column":4},"end":{"line":141,"column":4}}},"6":{"name":"_setVaultCap","line":148,"loc":{"start":{"line":148,"column":4},"end":{"line":154,"column":4}}}},"statementMap":{"1":{"start":{"line":55,"column":8},"end":{"line":55,"column":66}},"2":{"start":{"line":57,"column":8},"end":{"line":57,"column":25}},"3":{"start":{"line":70,"column":8},"end":{"line":70,"column":27}},"4":{"start":{"line":79,"column":8},"end":{"line":79,"column":19}},"5":{"start":{"line":104,"column":8},"end":{"line":104,"column":82}},"6":{"start":{"line":106,"column":8},"end":{"line":106,"column":4162}},"7":{"start":{"line":107,"column":12},"end":{"line":107,"column":20}},"8":{"start":{"line":110,"column":8},"end":{"line":110,"column":41}},"9":{"start":{"line":134,"column":8},"end":{"line":134,"column":5170}},"10":{"start":{"line":135,"column":12},"end":{"line":135,"column":20}},"11":{"start":{"line":138,"column":8},"end":{"line":138,"column":100}},"12":{"start":{"line":140,"column":8},"end":{"line":140,"column":79}},"13":{"start":{"line":149,"column":8},"end":{"line":149,"column":30}},"14":{"start":{"line":153,"column":8},"end":{"line":153,"column":45}}},"branchMap":{"1":{"line":54,"type":"if","locations":[{"start":{"line":54,"column":80},"end":{"line":54,"column":80}},{"start":{"line":54,"column":80},"end":{"line":54,"column":80}}]},"2":{"line":69,"type":"if","locations":[{"start":{"line":69,"column":50},"end":{"line":69,"column":50}},{"start":{"line":69,"column":50},"end":{"line":69,"column":50}}]},"3":{"line":106,"type":"if","locations":[{"start":{"line":106,"column":8},"end":{"line":106,"column":8}},{"start":{"line":106,"column":8},"end":{"line":106,"column":8}}]},"4":{"line":134,"type":"if","locations":[{"start":{"line":134,"column":8},"end":{"line":134,"column":8}},{"start":{"line":134,"column":8},"end":{"line":134,"column":8}}]}}},
"contracts/extensions/interfaces/IERC1155FullSupplyUpgradeable.sol":{"l":{},"path":"/home/rcano/Development/thesolidchain/ntropika/potion-protocol/contracts/hedging-vault/contracts/extensions/interfaces/IERC1155FullSupplyUpgradeable.sol","s":{},"b":{},"f":{},"fnMap":{},"statementMap":{},"branchMap":{}},
"contracts/extensions/interfaces/IERC4626CapUpgradeable.sol":{"l":{},"path":"/home/rcano/Development/thesolidchain/ntropika/potion-protocol/contracts/hedging-vault/contracts/extensions/interfaces/IERC4626CapUpgradeable.sol","s":{},"b":{},"f":{},"fnMap":{},"statementMap":{},"branchMap":{}},
"contracts/helpers/HedgingVaultOrchestrator.sol":{"l":{"48":11,"49":11,"50":11,"51":11,"72":3,"74":3,"76":1,"77":1,"82":3,"83":3,"86":3,"87":3,"88":3,"98":0},"path":"/home/rcano/Development/thesolidchain/ntropika/potion-protocol/contracts/hedging-vault/contracts/helpers/HedgingVaultOrchestrator.sol","s":{"1":3,"2":3,"3":1,"4":1,"5":3,"6":3,"7":3,"8":3,"9":3,"10":0},"b":{"1":[11,0],"2":[3,0],"3":[1,2]},"f":{"1":11,"2":3,"3":0},"fnMap":{"1":{"name":"setSystemAddresses","line":47,"loc":{"start":{"line":42,"column":4},"end":{"line":52,"column":4}}},"2":{"name":"nextRound","line":71,"loc":{"start":{"line":67,"column":4},"end":{"line":89,"column":4}}},"3":{"name":"canEnterNextRound","line":97,"loc":{"start":{"line":97,"column":4},"end":{"line":99,"column":4}}}},"statementMap":{"1":{"start":{"line":72,"column":8},"end":{"line":72,"column":88}},"2":{"start":{"line":74,"column":8},"end":{"line":74,"column":3762}},"3":{"start":{"line":76,"column":12},"end":{"line":76,"column":61}},"4":{"start":{"line":77,"column":12},"end":{"line":77,"column":41}},"5":{"start":{"line":82,"column":8},"end":{"line":82,"column":35}},"6":{"start":{"line":83,"column":8},"end":{"line":83,"column":36}},"7":{"start":{"line":86,"column":8},"end":{"line":86,"column":63}},"8":{"start":{"line":87,"column":8},"end":{"line":87,"column":58}},"9":{"start":{"line":88,"column":8},"end":{"line":88,"column":38}},"10":{"start":{"line":98,"column":8},"end":{"line":98,"column":52}}},"branchMap":{"1":{"line":47,"type":"if","locations":[{"start":{"line":47,"column":15},"end":{"line":47,"column":15}},{"start":{"line":47,"column":15},"end":{"line":47,"column":15}}]},"2":{"line":71,"type":"if","locations":[{"start":{"line":71,"column":15},"end":{"line":71,"column":15}},{"start":{"line":71,"column":15},"end":{"line":71,"column":15}}]},"3":{"line":74,"type":"if","locations":[{"start":{"line":74,"column":8},"end":{"line":74,"column":8}},{"start":{"line":74,"column":8},"end":{"line":74,"column":8}}]}}},
"contracts/helpers/RoundsVaultExchanger.sol":{"l":{"45":0,"47":0,"49":0,"74":0,"76":0,"78":0},"path":"/home/rcano/Development/thesolidchain/ntropika/potion-protocol/contracts/hedging-vault/contracts/helpers/RoundsVaultExchanger.sol","s":{"1":0,"2":0,"3":0,"4":0,"5":0,"6":0},"b":{},"f":{"1":0,"2":0},"fnMap":{"1":{"name":"exchangeInputForOutput","line":39,"loc":{"start":{"line":39,"column":4},"end":{"line":50,"column":4}}},"2":{"name":"exchangeInputForOutputBatch","line":68,"loc":{"start":{"line":68,"column":4},"end":{"line":79,"column":4}}}},"statementMap":{"1":{"start":{"line":45,"column":8},"end":{"line":45,"column":102}},"2":{"start":{"line":47,"column":8},"end":{"line":47,"column":100}},"3":{"start":{"line":49,"column":8},"end":{"line":49,"column":62}},"4":{"start":{"line":74,"column":8},"end":{"line":74,"column":109}},"5":{"start":{"line":76,"column":8},"end":{"line":76,"column":100}},"6":{"start":{"line":78,"column":8},"end":{"line":78,"column":62}}},"branchMap":{}},
"contracts/interfaces/IAction.sol":{"l":{},"path":"/home/rcano/Development/thesolidchain/ntropika/potion-protocol/contracts/hedging-vault/contracts/interfaces/IAction.sol","s":{},"b":{},"f":{},"fnMap":{},"statementMap":{},"branchMap":{}},
"contracts/interfaces/IActionsManager.sol":{"l":{},"path":"/home/rcano/Development/thesolidchain/ntropika/potion-protocol/contracts/hedging-vault/contracts/interfaces/IActionsManager.sol","s":{},"b":{},"f":{},"fnMap":{},"statementMap":{},"branchMap":{}},
"contracts/interfaces/IBaseRoundsVault.sol":{"l":{},"path":"/home/rcano/Development/thesolidchain/ntropika/potion-protocol/contracts/hedging-vault/contracts/interfaces/IBaseRoundsVault.sol","s":{},"b":{},"f":{},"fnMap":{},"statementMap":{},"branchMap":{}},
"contracts/interfaces/ICriteriaManager.sol":{"l":{},"path":"/home/rcano/Development/thesolidchain/ntropika/potion-protocol/contracts/hedging-vault/contracts/interfaces/ICriteriaManager.sol","s":{},"b":{},"f":{},"fnMap":{},"statementMap":{},"branchMap":{}},
"contracts/interfaces/ICurveManager.sol":{"l":{},"path":"/home/rcano/Development/thesolidchain/ntropika/potion-protocol/contracts/hedging-vault/contracts/interfaces/ICurveManager.sol","s":{},"b":{},"f":{},"fnMap":{},"statementMap":{},"branchMap":{}},
"contracts/interfaces/IEmergencyLock.sol":{"l":{},"path":"/home/rcano/Development/thesolidchain/ntropika/potion-protocol/contracts/hedging-vault/contracts/interfaces/IEmergencyLock.sol","s":{},"b":{},"f":{},"fnMap":{},"statementMap":{},"branchMap":{}},
"contracts/interfaces/IFeeManager.sol":{"l":{},"path":"/home/rcano/Development/thesolidchain/ntropika/potion-protocol/contracts/hedging-vault/contracts/interfaces/IFeeManager.sol","s":{},"b":{},"f":{},"fnMap":{},"statementMap":{},"branchMap":{}},
"contracts/interfaces/IHedgingVaultOrchestrator.sol":{"l":{},"path":"/home/rcano/Development/thesolidchain/ntropika/potion-protocol/contracts/hedging-vault/contracts/interfaces/IHedgingVaultOrchestrator.sol","s":{},"b":{},"f":{},"fnMap":{},"statementMap":{},"branchMap":{}},
"contracts/interfaces/IInvestmentVaultV0.sol":{"l":{},"path":"/home/rcano/Development/thesolidchain/ntropika/potion-protocol/contracts/hedging-vault/contracts/interfaces/IInvestmentVaultV0.sol","s":{},"b":{},"f":{},"fnMap":{},"statementMap":{},"branchMap":{}},
"contracts/interfaces/ILifecycleStates.sol":{"l":{},"path":"/home/rcano/Development/thesolidchain/ntropika/potion-protocol/contracts/hedging-vault/contracts/interfaces/ILifecycleStates.sol","s":{},"b":{},"f":{},"fnMap":{},"statementMap":{},"branchMap":{}},
"contracts/interfaces/IOpynAddressBook.sol":{"l":{},"path":"/home/rcano/Development/thesolidchain/ntropika/potion-protocol/contracts/hedging-vault/contracts/interfaces/IOpynAddressBook.sol","s":{},"b":{},"f":{},"fnMap":{},"statementMap":{},"branchMap":{}},
"contracts/interfaces/IOpynController.sol":{"l":{},"path":"/home/rcano/Development/thesolidchain/ntropika/potion-protocol/contracts/hedging-vault/contracts/interfaces/IOpynController.sol","s":{},"b":{},"f":{},"fnMap":{},"statementMap":{},"branchMap":{}},
"contracts/interfaces/IOpynFactory.sol":{"l":{},"path":"/home/rcano/Development/thesolidchain/ntropika/potion-protocol/contracts/hedging-vault/contracts/interfaces/IOpynFactory.sol","s":{},"b":{},"f":{},"fnMap":{},"statementMap":{},"branchMap":{}},
"contracts/interfaces/IOpynOracle.sol":{"l":{},"path":"/home/rcano/Development/thesolidchain/ntropika/potion-protocol/contracts/hedging-vault/contracts/interfaces/IOpynOracle.sol","s":{},"b":{},"f":{},"fnMap":{},"statementMap":{},"branchMap":{}},
"contracts/interfaces/IOtoken.sol":{"l":{},"path":"/home/rcano/Development/thesolidchain/ntropika/potion-protocol/contracts/hedging-vault/contracts/interfaces/IOtoken.sol","s":{},"b":{},"f":{},"fnMap":{},"statementMap":{},"branchMap":{}},
"contracts/interfaces/IPotionBuyAction.sol":{"l":{},"path":"/home/rcano/Development/thesolidchain/ntropika/potion-protocol/contracts/hedging-vault/contracts/interfaces/IPotionBuyAction.sol","s":{},"b":{},"f":{},"fnMap":{},"statementMap":{},"branchMap":{}},
"contracts/interfaces/IPotionBuyActionV0.sol":{"l":{},"path":"/home/rcano/Development/thesolidchain/ntropika/potion-protocol/contracts/hedging-vault/contracts/interfaces/IPotionBuyActionV0.sol","s":{},"b":{},"f":{},"fnMap":{},"statementMap":{},"branchMap":{}},
"contracts/interfaces/IPotionBuyInfo.sol":{"l":{},"path":"/home/rcano/Development/thesolidchain/ntropika/potion-protocol/contracts/hedging-vault/contracts/interfaces/IPotionBuyInfo.sol","s":{},"b":{},"f":{},"fnMap":{},"statementMap":{},"branchMap":{}},
"contracts/interfaces/IPotionLiquidityPool.sol":{"l":{},"path":"/home/rcano/Development/thesolidchain/ntropika/potion-protocol/contracts/hedging-vault/contracts/interfaces/IPotionLiquidityPool.sol","s":{},"b":{},"f":{},"fnMap":{},"statementMap":{},"branchMap":{}},
"contracts/interfaces/IPotionProtocolOracle.sol":{"l":{},"path":"/home/rcano/Development/thesolidchain/ntropika/potion-protocol/contracts/hedging-vault/contracts/interfaces/IPotionProtocolOracle.sol","s":{},"b":{},"f":{},"fnMap":{},"statementMap":{},"branchMap":{}},
"contracts/interfaces/IRefundsHelper.sol":{"l":{},"path":"/home/rcano/Development/thesolidchain/ntropika/potion-protocol/contracts/hedging-vault/contracts/interfaces/IRefundsHelper.sol","s":{},"b":{},"f":{},"fnMap":{},"statementMap":{},"branchMap":{}},
"contracts/interfaces/IRolesManager.sol":{"l":{},"path":"/home/rcano/Development/thesolidchain/ntropika/potion-protocol/contracts/hedging-vault/contracts/interfaces/IRolesManager.sol","s":{},"b":{},"f":{},"fnMap":{},"statementMap":{},"branchMap":{}},
"contracts/interfaces/IRoundsInputVault.sol":{"l":{},"path":"/home/rcano/Development/thesolidchain/ntropika/potion-protocol/contracts/hedging-vault/contracts/interfaces/IRoundsInputVault.sol","s":{},"b":{},"f":{},"fnMap":{},"statementMap":{},"branchMap":{}},
"contracts/interfaces/IRoundsOutputVault.sol":{"l":{},"path":"/home/rcano/Development/thesolidchain/ntropika/potion-protocol/contracts/hedging-vault/contracts/interfaces/IRoundsOutputVault.sol","s":{},"b":{},"f":{},"fnMap":{},"statementMap":{},"branchMap":{}},
"contracts/interfaces/IUniswapV3Oracle.sol":{"l":{},"path":"/home/rcano/Development/thesolidchain/ntropika/potion-protocol/contracts/hedging-vault/contracts/interfaces/IUniswapV3Oracle.sol","s":{},"b":{},"f":{},"fnMap":{},"statementMap":{},"branchMap":{}},
"contracts/interfaces/IVault.sol":{"l":{},"path":"/home/rcano/Development/thesolidchain/ntropika/potion-protocol/contracts/hedging-vault/contracts/interfaces/IVault.sol","s":{},"b":{},"f":{},"fnMap":{},"statementMap":{},"branchMap":{}},
"contracts/interfaces/IVaultDeferredOperationUpgradeable.sol":{"l":{},"path":"/home/rcano/Development/thesolidchain/ntropika/potion-protocol/contracts/hedging-vault/contracts/interfaces/IVaultDeferredOperationUpgradeable.sol","s":{},"b":{},"f":{},"fnMap":{},"statementMap":{},"branchMap":{}},
"contracts/interfaces/IVaultWithReceiptsUpgradeable.sol":{"l":{},"path":"/home/rcano/Development/thesolidchain/ntropika/potion-protocol/contracts/hedging-vault/contracts/interfaces/IVaultWithReceiptsUpgradeable.sol","s":{},"b":{},"f":{},"fnMap":{},"statementMap":{},"branchMap":{}},
"contracts/library/OpynProtocolLib.sol":{"l":{"27":6,"47":6,"67":0},"path":"/home/rcano/Development/thesolidchain/ntropika/potion-protocol/contracts/hedging-vault/contracts/library/OpynProtocolLib.sol","s":{"1":6,"2":6,"3":0},"b":{},"f":{"1":6,"2":6,"3":0},"fnMap":{"1":{"name":"isPotionRedeemable","line":26,"loc":{"start":{"line":26,"column":4},"end":{"line":28,"column":4}}},"2":{"name":"getExistingOtoken","line":40,"loc":{"start":{"line":40,"column":4},"end":{"line":48,"column":4}}},"3":{"name":"getTargetOtoken","line":60,"loc":{"start":{"line":60,"column":4},"end":{"line":68,"column":4}}}},"statementMap":{"1":{"start":{"line":27,"column":8},"end":{"line":27,"column":57}},"2":{"start":{"line":47,"column":8},"end":{"line":47,"column":92}},"3":{"start":{"line":67,"column":8},"end":{"line":67,"column":105}}},"branchMap":{}},
"contracts/library/PercentageUtils.sol":{"l":{"39":18,"51":6,"64":49,"75":86},"path":"/home/rcano/Development/thesolidchain/ntropika/potion-protocol/contracts/hedging-vault/contracts/library/PercentageUtils.sol","s":{"1":18,"2":6,"3":49,"4":86},"b":{},"f":{"1":18,"2":6,"3":49,"4":86},"fnMap":{"1":{"name":"addPercentage","line":38,"loc":{"start":{"line":38,"column":4},"end":{"line":40,"column":4}}},"2":{"name":"subtractPercentage","line":50,"loc":{"start":{"line":50,"column":4},"end":{"line":52,"column":4}}},"3":{"name":"applyPercentage","line":62,"loc":{"start":{"line":62,"column":4},"end":{"line":65,"column":4}}},"4":{"name":"isPercentageInRange","line":74,"loc":{"start":{"line":74,"column":4},"end":{"line":76,"column":4}}}},"statementMap":{"1":{"start":{"line":39,"column":8},"end":{"line":39,"column":67}},"2":{"start":{"line":51,"column":8},"end":{"line":51,"column":67}},"3":{"start":{"line":64,"column":8},"end":{"line":64,"column":53}},"4":{"start":{"line":75,"column":8},"end":{"line":75,"column":43}}},"branchMap":{}},
"contracts/library/PotionProtocolLib.sol":{"l":{"56":6,"58":6,"60":6,"67":6,"68":0,"75":0,"80":0,"91":6,"93":6,"96":6,"97":1,"108":2,"109":2,"128":3,"130":3,"132":3,"139":3,"156":2,"168":8,"171":8,"190":3,"191":3,"202":3},"path":"/home/rcano/Development/thesolidchain/ntropika/potion-protocol/contracts/hedging-vault/contracts/library/PotionProtocolLib.sol","s":{"1":6,"2":6,"3":6,"4":6,"5":0,"6":0,"7":6,"8":6,"9":1,"10":2,"11":2,"12":3,"13":3,"14":3,"15":3,"16":8,"17":8,"18":3,"19":3},"b":{"1":[0,6],"2":[0,0],"3":[6,0],"4":[1,5]},"f":{"1":6,"2":2,"3":3,"4":2,"5":8,"6":3},"fnMap":{"1":{"name":"buyPotion","line":49,"loc":{"start":{"line":49,"column":4},"end":{"line":99,"column":4}}},"2":{"name":"settlePotion","line":107,"loc":{"start":{"line":107,"column":4},"end":{"line":110,"column":4}}},"3":{"name":"redeemPotion","line":123,"loc":{"start":{"line":123,"column":4},"end":{"line":140,"column":4}}},"4":{"name":"getPayout","line":151,"loc":{"start":{"line":151,"column":4},"end":{"line":157,"column":4}}},"5":{"name":"getPotionsAmount","line":167,"loc":{"start":{"line":167,"column":4},"end":{"line":172,"column":4}}},"6":{"name":"_getRedeemPotionAction","line":184,"loc":{"start":{"line":184,"column":4},"end":{"line":203,"column":4}}}},"statementMap":{"1":{"start":{"line":56,"column":8},"end":{"line":56,"column":82}},"2":{"start":{"line":58,"column":8},"end":{"line":58,"column":83}},"3":{"start":{"line":60,"column":8},"end":{"line":60,"column":2356}},"4":{"start":{"line":67,"column":8},"end":{"line":67,"column":2566}},"5":{"start":{"line":68,"column":12},"end":{"line":68,"column":2611}},"6":{"start":{"line":75,"column":12},"end":{"line":75,"column":2849}},"7":{"start":{"line":91,"column":12},"end":{"line":91,"column":112}},"8":{"start":{"line":96,"column":8},"end":{"line":96,"column":3634}},"9":{"start":{"line":97,"column":12},"end":{"line":97,"column":78}},"10":{"start":{"line":108,"column":8},"end":{"line":108,"column":61}},"11":{"start":{"line":109,"column":8},"end":{"line":109,"column":59}},"12":{"start":{"line":128,"column":8},"end":{"line":128,"column":61}},"13":{"start":{"line":130,"column":8},"end":{"line":130,"column":77}},"14":{"start":{"line":132,"column":8},"end":{"line":132,"column":5138}},"15":{"start":{"line":139,"column":8},"end":{"line":139,"column":41}},"16":{"start":{"line":168,"column":8},"end":{"line":168,"column":76}},"17":{"start":{"line":171,"column":8},"end":{"line":171,"column":91}},"18":{"start":{"line":190,"column":8},"end":{"line":190,"column":92}},"19":{"start":{"line":202,"column":8},"end":{"line":202,"column":25}}},"branchMap":{"1":{"line":67,"type":"if","locations":[{"start":{"line":67,"column":8},"end":{"line":67,"column":8}},{"start":{"line":67,"column":8},"end":{"line":67,"column":8}}]},"2":{"line":75,"type":"if","locations":[{"start":{"line":75,"column":12},"end":{"line":75,"column":12}},{"start":{"line":75,"column":12},"end":{"line":75,"column":12}}]},"3":{"line":91,"type":"if","locations":[{"start":{"line":91,"column":12},"end":{"line":91,"column":12}},{"start":{"line":91,"column":12},"end":{"line":91,"column":12}}]},"4":{"line":96,"type":"if","locations":[{"start":{"line":96,"column":8},"end":{"line":96,"column":8}},{"start":{"line":96,"column":8},"end":{"line":96,"column":8}}]}}},
"contracts/library/PriceUtils.sol":{"l":{"41":13,"54":7,"75":12,"76":4,"78":8,"79":8,"81":0,"82":0,"85":12},"path":"/home/rcano/Development/thesolidchain/ntropika/potion-protocol/contracts/hedging-vault/contracts/library/PriceUtils.sol","s":{"1":13,"2":7,"3":12,"4":8,"5":8,"6":0,"7":12},"b":{"1":[4,8],"2":[8,0]},"f":{"1":13,"2":7,"3":12},"fnMap":{"1":{"name":"toOutputAmount","line":40,"loc":{"start":{"line":40,"column":4},"end":{"line":42,"column":4}}},"2":{"name":"toInputAmount","line":53,"loc":{"start":{"line":53,"column":4},"end":{"line":55,"column":4}}},"3":{"name":"convertAmount","line":68,"loc":{"start":{"line":68,"column":4},"end":{"line":86,"column":4}}}},"statementMap":{"1":{"start":{"line":41,"column":8},"end":{"line":41,"column":75}},"2":{"start":{"line":54,"column":8},"end":{"line":54,"column":76}},"3":{"start":{"line":75,"column":8},"end":{"line":75,"column":2855}},"4":{"start":{"line":77,"column":15},"end":{"line":77,"column":2992}},"5":{"start":{"line":78,"column":12},"end":{"line":78,"column":66}},"6":{"start":{"line":81,"column":12},"end":{"line":81,"column":66}},"7":{"start":{"line":85,"column":8},"end":{"line":85,"column":27}}},"branchMap":{"1":{"line":75,"type":"if","locations":[{"start":{"line":75,"column":8},"end":{"line":75,"column":8}},{"start":{"line":75,"column":8},"end":{"line":75,"column":8}}]},"2":{"line":77,"type":"if","locations":[{"start":{"line":77,"column":15},"end":{"line":77,"column":15}},{"start":{"line":77,"column":15},"end":{"line":77,"column":15}}]}}},
"contracts/library/TimeUtils.sol":{"l":{"33":33,"34":33},"path":"/home/rcano/Development/thesolidchain/ntropika/potion-protocol/contracts/hedging-vault/contracts/library/TimeUtils.sol","s":{"1":33,"2":33},"b":{},"f":{"1":33},"fnMap":{"1":{"name":"calculateTodayWithOffset","line":28,"loc":{"start":{"line":28,"column":4},"end":{"line":35,"column":4}}}},"statementMap":{"1":{"start":{"line":33,"column":8},"end":{"line":33,"column":81}},"2":{"start":{"line":34,"column":8},"end":{"line":34,"column":62}}},"branchMap":{}},
"contracts/library/UniswapV3SwapLib.sol":{"l":{"87":3,"89":3,"91":3,"99":3,"125":5,"127":5,"133":5,"142":5,"146":5,"147":0},"path":"/home/rcano/Development/thesolidchain/ntropika/potion-protocol/contracts/hedging-vault/contracts/library/UniswapV3SwapLib.sol","s":{"1":3,"2":3,"3":3,"4":5,"5":5,"6":5,"7":5,"8":0},"b":{"1":[0,5]},"f":{"1":3,"2":5},"fnMap":{"1":{"name":"swapInput","line":83,"loc":{"start":{"line":83,"column":4},"end":{"line":100,"column":4}}},"2":{"name":"swapOutput","line":121,"loc":{"start":{"line":121,"column":4},"end":{"line":149,"column":4}}}},"statementMap":{"1":{"start":{"line":87,"column":8},"end":{"line":87,"column":103}},"2":{"start":{"line":89,"column":8},"end":{"line":89,"column":103}},"3":{"start":{"line":91,"column":8},"end":{"line":91,"column":4085}},"4":{"start":{"line":125,"column":8},"end":{"line":125,"column":96}},"5":{"start":{"line":127,"column":8},"end":{"line":127,"column":94}},"6":{"start":{"line":133,"column":8},"end":{"line":133,"column":6589}},"7":{"start":{"line":146,"column":8},"end":{"line":146,"column":7220}},"8":{"start":{"line":147,"column":12},"end":{"line":147,"column":84}}},"branchMap":{"1":{"line":146,"type":"if","locations":[{"start":{"line":146,"column":8},"end":{"line":146,"column":8}},{"start":{"line":146,"column":8},"end":{"line":146,"column":8}}]}}},
"contracts/rounds/BaseRoundsVaultUpgradeable.sol":{"l":{"53":0,"58":82,"73":0,"82":28,"84":28,"86":28,"88":28,"101":19,"119":6,"121":2,"142":2,"143":4,"146":2,"158":8,"160":4,"178":2,"180":2,"181":4,"184":2,"193":37,"200":4,"207":4,"216":19,"255":4,"256":0,"265":4,"267":4,"269":4,"271":4,"291":2,"292":0,"301":2,"303":2,"304":4,"307":2,"309":2},"path":"/home/rcano/Development/thesolidchain/ntropika/potion-protocol/contracts/hedging-vault/contracts/rounds/BaseRoundsVaultUpgradeable.sol","s":{"1":0,"2":0,"3":28,"4":28,"5":28,"6":19,"7":6,"8":2,"9":2,"10":4,"11":2,"12":8,"13":4,"14":2,"15":2,"16":4,"17":2,"18":37,"19":4,"20":4,"21":19,"22":4,"23":0,"24":4,"25":4,"26":4,"27":2,"28":0,"29":2,"30":2,"31":2,"32":2},"b":{"1":[0,0],"2":[82,0],"3":[0,0],"4":[28,0],"5":[19,0],"6":[6,0],"7":[2,4],"8":[2,0],"9":[4,0],"10":[8,0],"11":[4,4],"12":[2,0],"13":[2,0],"14":[4,0],"15":[0,4],"16":[0,0],"17":[0,2]},"f":{"1":0,"2":82,"3":0,"4":28,"5":19,"6":6,"7":2,"8":8,"9":2,"10":37,"11":4,"12":4,"13":19,"14":4,"15":2},"fnMap":{"1":{"name":"__BaseRoundsVault_init","line":52,"loc":{"start":{"line":52,"column":4},"end":{"line":54,"column":4}}},"2":{"name":"__BaseRoundsVault_init_unchained","line":57,"loc":{"start":{"line":57,"column":4},"end":{"line":59,"column":4}}},"3":{"name":"supportsInterface","line":66,"loc":{"start":{"line":66,"column":4},"end":{"line":76,"column":4}}},"4":{"name":"nextRound","line":81,"loc":{"start":{"line":81,"column":4},"end":{"line":89,"column":4}}},"5":{"name":"deposit","line":98,"loc":{"start":{"line":94,"column":4},"end":{"line":102,"column":4}}},"6":{"name":"redeem","line":116,"loc":{"start":{"line":107,"column":4},"end":{"line":122,"column":4}}},"7":{"name":"redeemBatch","line":139,"loc":{"start":{"line":130,"column":4},"end":{"line":147,"column":4}}},"8":{"name":"redeemExchangeAsset","line":157,"loc":{"start":{"line":152,"column":4},"end":{"line":161,"column":4}}},"9":{"name":"redeemExchangeAssetBatch","line":177,"loc":{"start":{"line":172,"column":4},"end":{"line":185,"column":4}}},"10":{"name":"getCurrentRound","line":192,"loc":{"start":{"line":192,"column":4},"end":{"line":194,"column":4}}},"11":{"name":"exchangeAsset","line":199,"loc":{"start":{"line":199,"column":4},"end":{"line":201,"column":4}}},"12":{"name":"getExchangeRate","line":206,"loc":{"start":{"line":206,"column":4},"end":{"line":208,"column":4}}},"13":{"name":"_getMintId","line":215,"loc":{"start":{"line":215,"column":4},"end":{"line":217,"column":4}}},"14":{"name":"_redeemExchangeAsset","line":248,"loc":{"start":{"line":248,"column":4},"end":{"line":272,"column":4}}},"15":{"name":"_redeemExchangeAssetBatch","line":284,"loc":{"start":{"line":284,"column":4},"end":{"line":310,"column":4}}}},"statementMap":{"1":{"start":{"line":53,"column":8},"end":{"line":53,"column":55}},"2":{"start":{"line":73,"column":8},"end":{"line":73,"column":2608}},"3":{"start":{"line":84,"column":8},"end":{"line":84,"column":17}},"4":{"start":{"line":86,"column":8},"end":{"line":86,"column":31}},"5":{"start":{"line":88,"column":8},"end":{"line":88,"column":46}},"6":{"start":{"line":101,"column":8},"end":{"line":101,"column":46}},"7":{"start":{"line":119,"column":8},"end":{"line":119,"column":77}},"8":{"start":{"line":121,"column":8},"end":{"line":121,"column":56}},"9":{"start":{"line":142,"column":8},"end":{"line":142,"column":4422}},"10":{"start":{"line":143,"column":12},"end":{"line":143,"column":85}},"11":{"start":{"line":146,"column":8},"end":{"line":146,"column":63}},"12":{"start":{"line":158,"column":8},"end":{"line":158,"column":96}},"13":{"start":{"line":160,"column":8},"end":{"line":160,"column":78}},"14":{"start":{"line":178,"column":8},"end":{"line":178,"column":87}},"15":{"start":{"line":180,"column":8},"end":{"line":180,"column":6003}},"16":{"start":{"line":181,"column":12},"end":{"line":181,"column":104}},"17":{"start":{"line":184,"column":8},"end":{"line":184,"column":85}},"18":{"start":{"line":193,"column":8},"end":{"line":193,"column":37}},"19":{"start":{"line":200,"column":8},"end":{"line":200,"column":29}},"20":{"start":{"line":207,"column":8},"end":{"line":207,"column":42}},"21":{"start":{"line":216,"column":8},"end":{"line":216,"column":37}},"22":{"start":{"line":255,"column":8},"end":{"line":255,"column":8576}},"23":{"start":{"line":256,"column":12},"end":{"line":256,"column":87}},"24":{"start":{"line":265,"column":8},"end":{"line":265,"column":31}},"25":{"start":{"line":269,"column":8},"end":{"line":269,"column":101}},"26":{"start":{"line":271,"column":8},"end":{"line":271,"column":93}},"27":{"start":{"line":291,"column":8},"end":{"line":291,"column":10360}},"28":{"start":{"line":292,"column":12},"end":{"line":292,"column":42}},"29":{"start":{"line":301,"column":8},"end":{"line":301,"column":38}},"30":{"start":{"line":303,"column":8},"end":{"line":303,"column":10993}},"31":{"start":{"line":307,"column":8},"end":{"line":307,"column":101}},"32":{"start":{"line":309,"column":8},"end":{"line":309,"column":94}}},"branchMap":{"1":{"line":52,"type":"if","locations":[{"start":{"line":52,"column":69},"end":{"line":52,"column":69}},{"start":{"line":52,"column":69},"end":{"line":52,"column":69}}]},"2":{"line":57,"type":"if","locations":[{"start":{"line":57,"column":79},"end":{"line":57,"column":79}},{"start":{"line":57,"column":79},"end":{"line":57,"column":79}}]},"3":{"line":74,"type":"cond-expr","locations":[{"start":{"line":74,"column":12},"end":{"line":74,"column":76}},{"start":{"line":75,"column":12},"end":{"line":75,"column":60}}]},"4":{"line":81,"type":"if","locations":[{"start":{"line":81,"column":34},"end":{"line":81,"column":34}},{"start":{"line":81,"column":34},"end":{"line":81,"column":34}}]},"5":{"line":98,"type":"if","locations":[{"start":{"line":98,"column":8},"end":{"line":98,"column":8}},{"start":{"line":98,"column":8},"end":{"line":98,"column":8}}]},"6":{"line":116,"type":"if","locations":[{"start":{"line":116,"column":8},"end":{"line":116,"column":8}},{"start":{"line":116,"column":8},"end":{"line":116,"column":8}}]},"7":{"line":119,"type":"if","locations":[{"start":{"line":119,"column":8},"end":{"line":119,"column":8}},{"start":{"line":119,"column":8},"end":{"line":119,"column":8}}]},"8":{"line":139,"type":"if","locations":[{"start":{"line":139,"column":8},"end":{"line":139,"column":8}},{"start":{"line":139,"column":8},"end":{"line":139,"column":8}}]},"9":{"line":143,"type":"if","locations":[{"start":{"line":143,"column":12},"end":{"line":143,"column":12}},{"start":{"line":143,"column":12},"end":{"line":143,"column":12}}]},"10":{"line":157,"type":"if","locations":[{"start":{"line":157,"column":13},"end":{"line":157,"column":13}},{"start":{"line":157,"column":13},"end":{"line":157,"column":13}}]},"11":{"line":158,"type":"if","locations":[{"start":{"line":158,"column":8},"end":{"line":158,"column":8}},{"start":{"line":158,"column":8},"end":{"line":158,"column":8}}]},"12":{"line":177,"type":"if","locations":[{"start":{"line":177,"column":13},"end":{"line":177,"column":13}},{"start":{"line":177,"column":13},"end":{"line":177,"column":13}}]},"13":{"line":178,"type":"if","locations":[{"start":{"line":178,"column":8},"end":{"line":178,"column":8}},{"start":{"line":178,"column":8},"end":{"line":178,"column":8}}]},"14":{"line":181,"type":"if","locations":[{"start":{"line":181,"column":12},"end":{"line":181,"column":12}},{"start":{"line":181,"column":12},"end":{"line":181,"column":12}}]},"15":{"line":255,"type":"if","locations":[{"start":{"line":255,"column":8},"end":{"line":255,"column":8}},{"start":{"line":255,"column":8},"end":{"line":255,"column":8}}]},"16":{"line":256,"type":"if","locations":[{"start":{"line":256,"column":12},"end":{"line":256,"column":12}},{"start":{"line":256,"column":12},"end":{"line":256,"column":12}}]},"17":{"line":291,"type":"if","locations":[{"start":{"line":291,"column":8},"end":{"line":291,"column":8}},{"start":{"line":291,"column":8},"end":{"line":291,"column":8}}]}}},
"contracts/rounds/RoundsInputVault.sol":{"l":{"45":41,"46":41,"48":41,"49":41,"50":41,"52":41,"53":41,"54":41,"55":41,"56":41,"57":41,"68":14,"69":14,"70":6,"72":6,"85":14,"87":14,"88":14,"90":14},"path":"/home/rcano/Development/thesolidchain/ntropika/potion-protocol/contracts/hedging-vault/contracts/rounds/RoundsInputVault.sol","s":{"1":41,"2":41,"3":41,"4":41,"5":41,"6":41,"7":41,"8":41,"9":41,"10":14,"11":14,"12":6,"13":6,"14":14,"15":14,"16":14,"17":14},"b":{"1":[41,0],"2":[6,8]},"f":{"1":41,"2":14,"3":14},"fnMap":{"1":{"name":"initialize","line":42,"loc":{"start":{"line":37,"column":4},"end":{"line":58,"column":4}}},"2":{"name":"_operate","line":67,"loc":{"start":{"line":67,"column":4},"end":{"line":74,"column":4}}},"3":{"name":"_getCurrentExchangeRate","line":84,"loc":{"start":{"line":84,"column":4},"end":{"line":91,"column":4}}}},"statementMap":{"1":{"start":{"line":45,"column":8},"end":{"line":45,"column":44}},"2":{"start":{"line":46,"column":8},"end":{"line":46,"column":74}},"3":{"start":{"line":48,"column":8},"end":{"line":48,"column":61}},"4":{"start":{"line":52,"column":8},"end":{"line":52,"column":67}},"5":{"start":{"line":53,"column":8},"end":{"line":53,"column":63}},"6":{"start":{"line":54,"column":8},"end":{"line":54,"column":44}},"7":{"start":{"line":55,"column":8},"end":{"line":55,"column":85}},"8":{"start":{"line":56,"column":8},"end":{"line":56,"column":59}},"9":{"start":{"line":57,"column":8},"end":{"line":57,"column":55}},"10":{"start":{"line":68,"column":8},"end":{"line":68,"column":38}},"11":{"start":{"line":69,"column":8},"end":{"line":69,"column":2879}},"12":{"start":{"line":70,"column":12},"end":{"line":70,"column":53}},"13":{"start":{"line":72,"column":12},"end":{"line":72,"column":81}},"14":{"start":{"line":85,"column":8},"end":{"line":85,"column":77}},"15":{"start":{"line":87,"column":8},"end":{"line":87,"column":48}},"16":{"start":{"line":88,"column":8},"end":{"line":88,"column":78}},"17":{"start":{"line":90,"column":8},"end":{"line":90,"column":57}}},"branchMap":{"1":{"line":42,"type":"if","locations":[{"start":{"line":42,"column":15},"end":{"line":42,"column":15}},{"start":{"line":42,"column":15},"end":{"line":42,"column":15}}]},"2":{"line":69,"type":"if","locations":[{"start":{"line":69,"column":8},"end":{"line":69,"column":8}},{"start":{"line":69,"column":8},"end":{"line":69,"column":8}}]}}},
"contracts/rounds/RoundsOutputVault.sol":{"l":{"45":41,"46":41,"48":41,"49":41,"50":41,"52":41,"53":41,"54":41,"55":41,"56":41,"57":41,"68":14,"69":14,"70":2,"72":2,"85":14,"87":14,"88":14,"90":14},"path":"/home/rcano/Development/thesolidchain/ntropika/potion-protocol/contracts/hedging-vault/contracts/rounds/RoundsOutputVault.sol","s":{"1":41,"2":41,"3":41,"4":41,"5":41,"6":41,"7":41,"8":41,"9":41,"10":14,"11":14,"12":2,"13":2,"14":14,"15":14,"16":14,"17":14},"b":{"1":[41,0],"2":[2,12]},"f":{"1":41,"2":14,"3":14},"fnMap":{"1":{"name":"initialize","line":41,"loc":{"start":{"line":36,"column":4},"end":{"line":58,"column":4}}},"2":{"name":"_operate","line":67,"loc":{"start":{"line":67,"column":4},"end":{"line":74,"column":4}}},"3":{"name":"_getCurrentExchangeRate","line":84,"loc":{"start":{"line":84,"column":4},"end":{"line":91,"column":4}}}},"statementMap":{"1":{"start":{"line":45,"column":8},"end":{"line":45,"column":73}},"2":{"start":{"line":46,"column":8},"end":{"line":46,"column":45}},"3":{"start":{"line":48,"column":8},"end":{"line":48,"column":61}},"4":{"start":{"line":52,"column":8},"end":{"line":52,"column":67}},"5":{"start":{"line":53,"column":8},"end":{"line":53,"column":63}},"6":{"start":{"line":54,"column":8},"end":{"line":54,"column":44}},"7":{"start":{"line":55,"column":8},"end":{"line":55,"column":85}},"8":{"start":{"line":56,"column":8},"end":{"line":56,"column":59}},"9":{"start":{"line":57,"column":8},"end":{"line":57,"column":55}},"10":{"start":{"line":68,"column":8},"end":{"line":68,"column":38}},"11":{"start":{"line":69,"column":8},"end":{"line":69,"column":2953}},"12":{"start":{"line":70,"column":12},"end":{"line":70,"column":54}},"13":{"start":{"line":72,"column":12},"end":{"line":72,"column":80}},"14":{"start":{"line":85,"column":8},"end":{"line":85,"column":77}},"15":{"start":{"line":87,"column":8},"end":{"line":87,"column":48}},"16":{"start":{"line":88,"column":8},"end":{"line":88,"column":77}},"17":{"start":{"line":90,"column":8},"end":{"line":90,"column":57}}},"branchMap":{"1":{"line":41,"type":"if","locations":[{"start":{"line":41,"column":15},"end":{"line":41,"column":15}},{"start":{"line":41,"column":15},"end":{"line":41,"column":15}}]},"2":{"line":69,"type":"if","locations":[{"start":{"line":69,"column":8},"end":{"line":69,"column":8}},{"start":{"line":69,"column":8},"end":{"line":69,"column":8}}]}}},
"contracts/rounds/VaultDeferredOperationUpgradeable.sol":{"l":{"49":0,"54":85,"61":31,"72":3,"74":3,"85":7,"87":7},"path":"/home/rcano/Development/thesolidchain/ntropika/potion-protocol/contracts/hedging-vault/contracts/rounds/VaultDeferredOperationUpgradeable.sol","s":{"1":0,"2":31,"3":3,"4":3,"5":7,"6":7},"b":{"1":[0,0],"2":[85,0]},"f":{"1":0,"2":85,"3":31,"4":3,"5":7},"fnMap":{"1":{"name":"__VaultDeferredOperation_init","line":48,"loc":{"start":{"line":48,"column":4},"end":{"line":50,"column":4}}},"2":{"name":"__VaultDeferredOperation_init_unchained","line":53,"loc":{"start":{"line":53,"column":4},"end":{"line":55,"column":4}}},"3":{"name":"vault","line":60,"loc":{"start":{"line":60,"column":4},"end":{"line":62,"column":4}}},"4":{"name":"_redeemFromTarget","line":71,"loc":{"start":{"line":71,"column":4},"end":{"line":75,"column":4}}},"5":{"name":"_depositOnTarget","line":84,"loc":{"start":{"line":84,"column":4},"end":{"line":88,"column":4}}}},"statementMap":{"1":{"start":{"line":49,"column":8},"end":{"line":49,"column":60}},"2":{"start":{"line":61,"column":8},"end":{"line":61,"column":37}},"3":{"start":{"line":72,"column":8},"end":{"line":72,"column":105}},"4":{"start":{"line":74,"column":8},"end":{"line":74,"column":73}},"5":{"start":{"line":85,"column":8},"end":{"line":85,"column":99}},"6":{"start":{"line":87,"column":8},"end":{"line":87,"column":59}}},"branchMap":{"1":{"line":48,"type":"if","locations":[{"start":{"line":48,"column":74},"end":{"line":48,"column":74}},{"start":{"line":48,"column":74},"end":{"line":48,"column":74}}]},"2":{"line":53,"type":"if","locations":[{"start":{"line":53,"column":84},"end":{"line":53,"column":84}},{"start":{"line":53,"column":84},"end":{"line":53,"column":84}}]}}},
"contracts/rounds/VaultWithReceiptsUpgradeable.sol":{"l":{"51":0,"56":92,"61":39,"66":30,"71":36,"76":20,"81":34,"83":34,"85":34,"95":6,"97":6,"99":6,"109":4,"111":4,"112":4,"113":10,"116":4,"118":4,"120":4,"139":34,"140":34,"142":34,"155":6,"156":0,"165":6,"166":6,"168":6,"182":4,"183":0,"192":4,"193":4,"195":4,"207":0},"path":"/home/rcano/Development/thesolidchain/ntropika/potion-protocol/contracts/hedging-vault/contracts/rounds/VaultWithReceiptsUpgradeable.sol","s":{"1":0,"2":39,"3":30,"4":36,"5":20,"6":34,"7":34,"8":34,"9":6,"10":6,"11":6,"12":4,"13":4,"14":4,"15":4,"16":4,"17":4,"18":34,"19":34,"20":34,"21":6,"22":0,"23":6,"24":6,"25":6,"26":4,"27":0,"28":4,"29":4,"30":4,"31":0},"b":{"1":[0,0],"2":[92,0],"3":[34,0],"4":[6,0],"5":[4,0],"6":[4,0],"7":[0,6],"8":[0,0],"9":[0,4]},"f":{"1":0,"2":92,"3":39,"4":30,"5":36,"6":20,"7":34,"8":6,"9":4,"10":34,"11":6,"12":4,"13":0},"fnMap":{"1":{"name":"__VaultWithReceipts_init","line":50,"loc":{"start":{"line":50,"column":4},"end":{"line":52,"column":4}}},"2":{"name":"__VaultWithReceipts_init_unchained","line":55,"loc":{"start":{"line":55,"column":4},"end":{"line":57,"column":4}}},"3":{"name":"asset","line":60,"loc":{"start":{"line":60,"column":4},"end":{"line":62,"column":4}}},"4":{"name":"totalAssets","line":65,"loc":{"start":{"line":65,"column":4},"end":{"line":67,"column":4}}},"5":{"name":"maxDeposit","line":70,"loc":{"start":{"line":70,"column":4},"end":{"line":72,"column":4}}},"6":{"name":"maxRedeem","line":75,"loc":{"start":{"line":75,"column":4},"end":{"line":77,"column":4}}},"7":{"name":"deposit","line":80,"loc":{"start":{"line":80,"column":4},"end":{"line":86,"column":4}}},"8":{"name":"redeem","line":89,"loc":{"start":{"line":89,"column":4},"end":{"line":100,"column":4}}},"9":{"name":"redeemBatch","line":103,"loc":{"start":{"line":103,"column":4},"end":{"line":121,"column":4}}},"10":{"name":"_deposit","line":126,"loc":{"start":{"line":126,"column":4},"end":{"line":143,"column":4}}},"11":{"name":"_redeem","line":148,"loc":{"start":{"line":148,"column":4},"end":{"line":169,"column":4}}},"12":{"name":"_redeemBatch","line":174,"loc":{"start":{"line":174,"column":4},"end":{"line":196,"column":4}}},"13":{"name":"_getMintId","line":206,"loc":{"start":{"line":206,"column":4},"end":{"line":208,"column":4}}}},"statementMap":{"1":{"start":{"line":51,"column":8},"end":{"line":51,"column":49}},"2":{"start":{"line":61,"column":8},"end":{"line":61,"column":30}},"3":{"start":{"line":66,"column":8},"end":{"line":66,"column":46}},"4":{"start":{"line":71,"column":8},"end":{"line":71,"column":32}},"5":{"start":{"line":76,"column":8},"end":{"line":76,"column":34}},"6":{"start":{"line":81,"column":8},"end":{"line":81,"column":101}},"7":{"start":{"line":83,"column":8},"end":{"line":83,"column":61}},"8":{"start":{"line":85,"column":8},"end":{"line":85,"column":21}},"9":{"start":{"line":95,"column":8},"end":{"line":95,"column":96}},"10":{"start":{"line":97,"column":8},"end":{"line":97,"column":57}},"11":{"start":{"line":99,"column":8},"end":{"line":99,"column":21}},"12":{"start":{"line":109,"column":8},"end":{"line":109,"column":117}},"13":{"start":{"line":111,"column":8},"end":{"line":111,"column":31}},"14":{"start":{"line":112,"column":8},"end":{"line":112,"column":4504}},"15":{"start":{"line":116,"column":8},"end":{"line":116,"column":101}},"16":{"start":{"line":118,"column":8},"end":{"line":118,"column":77}},"17":{"start":{"line":120,"column":8},"end":{"line":120,"column":26}},"18":{"start":{"line":139,"column":8},"end":{"line":139,"column":83}},"19":{"start":{"line":140,"column":8},"end":{"line":140,"column":38}},"20":{"start":{"line":142,"column":8},"end":{"line":142,"column":61}},"21":{"start":{"line":155,"column":8},"end":{"line":155,"column":5970}},"22":{"start":{"line":156,"column":12},"end":{"line":156,"column":117}},"23":{"start":{"line":165,"column":8},"end":{"line":165,"column":31}},"24":{"start":{"line":166,"column":8},"end":{"line":166,"column":66}},"25":{"start":{"line":168,"column":8},"end":{"line":168,"column":63}},"26":{"start":{"line":182,"column":8},"end":{"line":182,"column":7145}},"27":{"start":{"line":183,"column":12},"end":{"line":183,"column":42}},"28":{"start":{"line":192,"column":8},"end":{"line":192,"column":38}},"29":{"start":{"line":193,"column":8},"end":{"line":193,"column":71}},"30":{"start":{"line":195,"column":8},"end":{"line":195,"column":70}},"31":{"start":{"line":207,"column":8},"end":{"line":207,"column":16}}},"branchMap":{"1":{"line":50,"type":"if","locations":[{"start":{"line":50,"column":81},"end":{"line":50,"column":81}},{"start":{"line":50,"column":81},"end":{"line":50,"column":81}}]},"2":{"line":55,"type":"if","locations":[{"start":{"line":55,"column":91},"end":{"line":55,"column":91}},{"start":{"line":55,"column":91},"end":{"line":55,"column":91}}]},"3":{"line":81,"type":"if","locations":[{"start":{"line":81,"column":8},"end":{"line":81,"column":8}},{"start":{"line":81,"column":8},"end":{"line":81,"column":8}}]},"4":{"line":95,"type":"if","locations":[{"start":{"line":95,"column":8},"end":{"line":95,"column":8}},{"start":{"line":95,"column":8},"end":{"line":95,"column":8}}]},"5":{"line":109,"type":"if","locations":[{"start":{"line":109,"column":8},"end":{"line":109,"column":8}},{"start":{"line":109,"column":8},"end":{"line":109,"column":8}}]},"6":{"line":116,"type":"if","locations":[{"start":{"line":116,"column":8},"end":{"line":116,"column":8}},{"start":{"line":116,"column":8},"end":{"line":116,"column":8}}]},"7":{"line":155,"type":"if","locations":[{"start":{"line":155,"column":8},"end":{"line":155,"column":8}},{"start":{"line":155,"column":8},"end":{"line":155,"column":8}}]},"8":{"line":156,"type":"if","locations":[{"start":{"line":156,"column":12},"end":{"line":156,"column":12}},{"start":{"line":156,"column":12},"end":{"line":156,"column":12}}]},"9":{"line":182,"type":"if","locations":[{"start":{"line":182,"column":8},"end":{"line":182,"column":8}},{"start":{"line":182,"column":8},"end":{"line":182,"column":8}}]}}},
"contracts/vault/ActionsManagerUpgradeable.sol":{"l":{"64":34,"65":34,"66":36,"69":34,"71":34,"80":0,"89":43,"96":11,"103":3,"110":9,"111":9,"119":4,"128":34,"130":34,"131":0,"134":34,"135":34,"138":34,"140":34,"141":36,"142":0,"145":36,"146":36,"149":34,"150":0,"153":34},"path":"/home/rcano/Development/thesolidchain/ntropika/potion-protocol/contracts/hedging-vault/contracts/vault/ActionsManagerUpgradeable.sol","s":{"1":34,"2":34,"3":34,"4":0,"5":43,"6":11,"7":3,"8":9,"9":4,"10":34,"11":34,"12":34,"13":34,"14":36,"15":34,"16":34},"b":{"1":[34,0],"2":[0,0],"3":[9,0],"4":[0,34],"5":[34,0],"6":[0,36],"7":[0,0],"8":[0,34]},"f":{"1":34,"2":0,"3":43,"4":11,"5":3,"6":9,"7":4,"8":34},"fnMap":{"1":{"name":"__ActionsManager_init_unchained","line":62,"loc":{"start":{"line":60,"column":4},"end":{"line":72,"column":4}}},"2":{"name":"setPrincipalPercentages","line":79,"loc":{"start":{"line":79,"column":4},"end":{"line":81,"column":4}}},"3":{"name":"getActionsLength","line":88,"loc":{"start":{"line":88,"column":4},"end":{"line":90,"column":4}}},"4":{"name":"getAction","line":95,"loc":{"start":{"line":95,"column":4},"end":{"line":97,"column":4}}},"5":{"name":"getPrincipalPercentages","line":102,"loc":{"start":{"line":102,"column":4},"end":{"line":104,"column":4}}},"6":{"name":"getPrincipalPercentage","line":109,"loc":{"start":{"line":109,"column":4},"end":{"line":113,"column":4}}},"7":{"name":"getTotalPrincipalPercentages","line":118,"loc":{"start":{"line":118,"column":4},"end":{"line":120,"column":4}}},"8":{"name":"__setPrincipalPercentages","line":127,"loc":{"start":{"line":127,"column":4},"end":{"line":154,"column":4}}}},"statementMap":{"1":{"start":{"line":65,"column":8},"end":{"line":65,"column":2188}},"2":{"start":{"line":69,"column":8},"end":{"line":69,"column":54}},"3":{"start":{"line":71,"column":8},"end":{"line":71,"column":35}},"4":{"start":{"line":80,"column":8},"end":{"line":80,"column":57}},"5":{"start":{"line":89,"column":8},"end":{"line":89,"column":30}},"6":{"start":{"line":96,"column":8},"end":{"line":96,"column":30}},"7":{"start":{"line":103,"column":8},"end":{"line":103,"column":36}},"8":{"start":{"line":110,"column":8},"end":{"line":110,"column":3309}},"9":{"start":{"line":119,"column":8},"end":{"line":119,"column":41}},"10":{"start":{"line":128,"column":8},"end":{"line":128,"column":47}},"11":{"start":{"line":130,"column":8},"end":{"line":130,"column":3849}},"12":{"start":{"line":134,"column":8},"end":{"line":134,"column":4013}},"13":{"start":{"line":140,"column":8},"end":{"line":140,"column":4206}},"14":{"start":{"line":141,"column":12},"end":{"line":141,"column":4285}},"15":{"start":{"line":149,"column":8},"end":{"line":149,"column":4639}},"16":{"start":{"line":153,"column":8},"end":{"line":153,"column":65}}},"branchMap":{"1":{"line":62,"type":"if","locations":[{"start":{"line":62,"column":8},"end":{"line":62,"column":8}},{"start":{"line":62,"column":8},"end":{"line":62,"column":8}}]},"2":{"line":79,"type":"if","locations":[{"start":{"line":79,"column":99},"end":{"line":79,"column":99}},{"start":{"line":79,"column":99},"end":{"line":79,"column":99}}]},"3":{"line":110,"type":"if","locations":[{"start":{"line":110,"column":8},"end":{"line":110,"column":8}},{"start":{"line":110,"column":8},"end":{"line":110,"column":8}}]},"4":{"line":130,"type":"if","locations":[{"start":{"line":130,"column":8},"end":{"line":130,"column":8}},{"start":{"line":130,"column":8},"end":{"line":130,"column":8}}]},"5":{"line":134,"type":"if","locations":[{"start":{"line":134,"column":8},"end":{"line":134,"column":8}},{"start":{"line":134,"column":8},"end":{"line":134,"column":8}}]},"6":{"line":141,"type":"if","locations":[{"start":{"line":141,"column":12},"end":{"line":141,"column":12}},{"start":{"line":141,"column":12},"end":{"line":141,"column":12}}]},"7":{"line":141,"type":"cond-expr","locations":[{"start":{"line":141,"column":16},"end":{"line":141,"column":46}},{"start":{"line":141,"column":51},"end":{"line":141,"column":109}}]},"8":{"line":149,"type":"if","locations":[{"start":{"line":149,"column":8},"end":{"line":149,"column":8}},{"start":{"line":149,"column":8},"end":{"line":149,"column":8}}]}}},
"contracts/vault/BaseVaultUpgradeable.sol":{"l":{"85":33,"86":33,"88":33,"89":33,"90":33,"91":33,"92":33,"93":33,"94":33,"95":33,"97":33},"path":"/home/rcano/Development/thesolidchain/ntropika/potion-protocol/contracts/hedging-vault/contracts/vault/BaseVaultUpgradeable.sol","s":{"1":33,"2":33,"3":33,"4":33,"5":33,"6":33,"7":33,"8":33,"9":33,"10":33},"b":{"1":[33,0]},"f":{"1":33},"fnMap":{"1":{"name":"initialize","line":81,"loc":{"start":{"line":70,"column":4},"end":{"line":98,"column":4}}}},"statementMap":{"1":{"start":{"line":85,"column":8},"end":{"line":85,"column":61}},"2":{"start":{"line":88,"column":8},"end":{"line":88,"column":67}},"3":{"start":{"line":89,"column":8},"end":{"line":89,"column":71}},"4":{"start":{"line":90,"column":8},"end":{"line":90,"column":39}},"5":{"start":{"line":91,"column":8},"end":{"line":91,"column":41}},"6":{"start":{"line":92,"column":8},"end":{"line":92,"column":63}},"7":{"start":{"line":93,"column":8},"end":{"line":93,"column":80}},"8":{"start":{"line":94,"column":8},"end":{"line":94,"column":69}},"9":{"start":{"line":95,"column":8},"end":{"line":95,"column":41}},"10":{"start":{"line":97,"column":8},"end":{"line":97,"column":77}}},"branchMap":{"1":{"line":81,"type":"if","locations":[{"start":{"line":81,"column":15},"end":{"line":81,"column":15}},{"start":{"line":81,"column":15},"end":{"line":81,"column":15}}]}}},
"contracts/vault/FeeManagerUpgradeable.sol":{"l":{"73":34,"74":34,"75":34,"84":7,"91":7,"98":4,"105":4,"112":5,"119":4,"131":5,"141":5,"157":1,"158":1,"160":1,"162":1,"173":1,"174":1,"176":1,"178":1,"187":41,"191":40,"193":40,"195":40,"202":41,"206":40,"207":40,"209":40,"218":39,"220":38,"222":38,"224":38},"path":"/home/rcano/Development/thesolidchain/ntropika/potion-protocol/contracts/hedging-vault/contracts/vault/FeeManagerUpgradeable.sol","s":{"1":34,"2":34,"3":34,"4":7,"5":7,"6":4,"7":4,"8":5,"9":4,"10":5,"11":5,"12":1,"13":1,"14":1,"15":1,"16":1,"17":1,"18":1,"19":1,"20":41,"21":40,"22":40,"23":41,"24":40,"25":40,"26":39,"27":38,"28":38},"b":{"1":[34,0],"2":[7,1],"3":[7,1],"4":[5,1],"5":[40,1],"6":[40,1],"7":[38,1]},"f":{"1":34,"2":7,"3":7,"4":4,"5":4,"6":5,"7":4,"8":5,"9":5,"10":1,"11":1,"12":41,"13":41,"14":39},"fnMap":{"1":{"name":"__FeeManager_init_unchained","line":72,"loc":{"start":{"line":68,"column":4},"end":{"line":76,"column":4}}},"2":{"name":"setManagementFee","line":83,"loc":{"start":{"line":83,"column":4},"end":{"line":85,"column":4}}},"3":{"name":"setPerformanceFee","line":90,"loc":{"start":{"line":90,"column":4},"end":{"line":92,"column":4}}},"4":{"name":"getManagementFee","line":97,"loc":{"start":{"line":97,"column":4},"end":{"line":99,"column":4}}},"5":{"name":"getPerformanceFee","line":104,"loc":{"start":{"line":104,"column":4},"end":{"line":106,"column":4}}},"6":{"name":"setFeesRecipient","line":111,"loc":{"start":{"line":111,"column":4},"end":{"line":113,"column":4}}},"7":{"name":"getFeesRecipient","line":118,"loc":{"start":{"line":118,"column":4},"end":{"line":120,"column":4}}},"8":{"name":"_calculateManagementPayment","line":130,"loc":{"start":{"line":130,"column":4},"end":{"line":132,"column":4}}},"9":{"name":"_calculatePerformancePayment","line":140,"loc":{"start":{"line":140,"column":4},"end":{"line":142,"column":4}}},"10":{"name":"_payFees","line":152,"loc":{"start":{"line":152,"column":4},"end":{"line":163,"column":4}}},"11":{"name":"_payFeesETH","line":172,"loc":{"start":{"line":172,"column":4},"end":{"line":179,"column":4}}},"12":{"name":"_setManagementFee","line":186,"loc":{"start":{"line":186,"column":4},"end":{"line":196,"column":4}}},"13":{"name":"_setPerformanceFee","line":201,"loc":{"start":{"line":201,"column":4},"end":{"line":210,"column":4}}},"14":{"name":"_setFeesRecipient","line":217,"loc":{"start":{"line":217,"column":4},"end":{"line":225,"column":4}}}},"statementMap":{"1":{"start":{"line":73,"column":8},"end":{"line":73,"column":40}},"2":{"start":{"line":74,"column":8},"end":{"line":74,"column":42}},"3":{"start":{"line":75,"column":8},"end":{"line":75,"column":40}},"4":{"start":{"line":84,"column":8},"end":{"line":84,"column":42}},"5":{"start":{"line":91,"column":8},"end":{"line":91,"column":44}},"6":{"start":{"line":98,"column":8},"end":{"line":98,"column":29}},"7":{"start":{"line":105,"column":8},"end":{"line":105,"column":30}},"8":{"start":{"line":112,"column":8},"end":{"line":112,"column":42}},"9":{"start":{"line":119,"column":8},"end":{"line":119,"column":29}},"10":{"start":{"line":131,"column":8},"end":{"line":131,"column":62}},"11":{"start":{"line":141,"column":8},"end":{"line":141,"column":62}},"12":{"start":{"line":157,"column":8},"end":{"line":157,"column":79}},"13":{"start":{"line":158,"column":8},"end":{"line":158,"column":80}},"14":{"start":{"line":160,"column":8},"end":{"line":160,"column":90}},"15":{"start":{"line":162,"column":8},"end":{"line":162,"column":79}},"16":{"start":{"line":173,"column":8},"end":{"line":173,"column":79}},"17":{"start":{"line":174,"column":8},"end":{"line":174,"column":80}},"18":{"start":{"line":176,"column":8},"end":{"line":176,"column":77}},"19":{"start":{"line":178,"column":8},"end":{"line":178,"column":69}},"20":{"start":{"line":187,"column":8},"end":{"line":187,"column":6462}},"21":{"start":{"line":191,"column":8},"end":{"line":191,"column":49}},"22":{"start":{"line":195,"column":8},"end":{"line":195,"column":69}},"23":{"start":{"line":202,"column":8},"end":{"line":202,"column":6924}},"24":{"start":{"line":206,"column":8},"end":{"line":206,"column":51}},"25":{"start":{"line":209,"column":8},"end":{"line":209,"column":71}},"26":{"start":{"line":218,"column":8},"end":{"line":218,"column":90}},"27":{"start":{"line":220,"column":8},"end":{"line":220,"column":52}},"28":{"start":{"line":224,"column":8},"end":{"line":224,"column":71}}},"branchMap":{"1":{"line":72,"type":"if","locations":[{"start":{"line":72,"column":15},"end":{"line":72,"column":15}},{"start":{"line":72,"column":15},"end":{"line":72,"column":15}}]},"2":{"line":83,"type":"if","locations":[{"start":{"line":83,"column":65},"end":{"line":83,"column":65}},{"start":{"line":83,"column":65},"end":{"line":83,"column":65}}]},"3":{"line":90,"type":"if","locations":[{"start":{"line":90,"column":67},"end":{"line":90,"column":67}},{"start":{"line":90,"column":67},"end":{"line":90,"column":67}}]},"4":{"line":111,"type":"if","locations":[{"start":{"line":111,"column":73},"end":{"line":111,"column":73}},{"start":{"line":111,"column":73},"end":{"line":111,"column":73}}]},"5":{"line":187,"type":"if","locations":[{"start":{"line":187,"column":8},"end":{"line":187,"column":8}},{"start":{"line":187,"column":8},"end":{"line":187,"column":8}}]},"6":{"line":202,"type":"if","locations":[{"start":{"line":202,"column":8},"end":{"line":202,"column":8}},{"start":{"line":202,"column":8},"end":{"line":202,"column":8}}]},"7":{"line":218,"type":"if","locations":[{"start":{"line":218,"column":8},"end":{"line":218,"column":8}},{"start":{"line":218,"column":8},"end":{"line":218,"column":8}}]}}},
"contracts/vault/InvestmentVault.sol":{"l":{"37":4,"39":4,"41":4,"42":4,"43":4,"45":4,"47":4,"48":4,"50":4,"52":4,"54":4,"56":4,"59":4,"60":0,"63":4,"70":2,"72":2,"74":2,"76":2,"77":2,"79":2,"81":2,"84":2,"86":2,"90":2,"97":0,"99":0,"100":0,"102":0,"103":0,"107":0,"109":0,"116":0,"118":0,"119":0,"121":0,"122":0,"126":0,"128":0,"141":4,"154":0,"165":0,"176":2},"path":"/home/rcano/Development/thesolidchain/ntropika/potion-protocol/contracts/hedging-vault/contracts/vault/InvestmentVault.sol","s":{"1":4,"2":4,"3":4,"4":4,"5":4,"6":4,"7":4,"8":4,"9":4,"10":4,"11":4,"12":4,"13":4,"14":2,"15":2,"16":2,"17":2,"18":2,"19":2,"20":2,"21":2,"22":0,"23":0,"24":0,"25":0,"26":0,"27":0,"28":0,"29":0,"30":0,"31":0,"32":0,"33":0,"34":0,"35":0,"36":4,"37":0,"38":0,"39":2},"b":{"1":[4,0],"2":[4,0],"3":[4,0],"4":[0,4],"5":[2,0],"6":[2,0],"7":[2,0],"8":[0,0],"9":[0,0],"10":[4,0],"11":[4,0],"12":[0,0],"13":[0,0],"14":[0,0],"15":[0,0],"16":[2,0],"17":[2,0]},"f":{"1":4,"2":2,"3":0,"4":0,"5":4,"6":0,"7":0,"8":2},"fnMap":{"1":{"name":"enterPosition","line":36,"loc":{"start":{"line":36,"column":4},"end":{"line":64,"column":4}}},"2":{"name":"exitPosition","line":69,"loc":{"start":{"line":69,"column":4},"end":{"line":91,"column":4}}},"3":{"name":"canPositionBeExited","line":96,"loc":{"start":{"line":96,"column":4},"end":{"line":110,"column":4}}},"4":{"name":"canPositionBeEntered","line":115,"loc":{"start":{"line":115,"column":4},"end":{"line":129,"column":4}}},"5":{"name":"deposit","line":138,"loc":{"start":{"line":134,"column":4},"end":{"line":142,"column":4}}},"6":{"name":"mint","line":151,"loc":{"start":{"line":147,"column":4},"end":{"line":155,"column":4}}},"7":{"name":"withdraw","line":164,"loc":{"start":{"line":160,"column":4},"end":{"line":166,"column":4}}},"8":{"name":"redeem","line":175,"loc":{"start":{"line":171,"column":4},"end":{"line":177,"column":4}}}},"statementMap":{"1":{"start":{"line":37,"column":8},"end":{"line":37,"column":48}},"2":{"start":{"line":39,"column":8},"end":{"line":39,"column":52}},"3":{"start":{"line":41,"column":8},"end":{"line":41,"column":104}},"4":{"start":{"line":42,"column":8},"end":{"line":42,"column":40}},"5":{"start":{"line":43,"column":8},"end":{"line":43,"column":41}},"6":{"start":{"line":45,"column":8},"end":{"line":45,"column":47}},"7":{"start":{"line":47,"column":8},"end":{"line":47,"column":1668}},"8":{"start":{"line":48,"column":12},"end":{"line":48,"column":41}},"9":{"start":{"line":50,"column":12},"end":{"line":50,"column":100}},"10":{"start":{"line":52,"column":12},"end":{"line":52,"column":79}},"11":{"start":{"line":54,"column":12},"end":{"line":54,"column":64}},"12":{"start":{"line":59,"column":8},"end":{"line":59,"column":2080}},"13":{"start":{"line":63,"column":8},"end":{"line":63,"column":77}},"14":{"start":{"line":70,"column":8},"end":{"line":70,"column":41}},"15":{"start":{"line":72,"column":8},"end":{"line":72,"column":39}},"16":{"start":{"line":74,"column":8},"end":{"line":74,"column":47}},"17":{"start":{"line":76,"column":8},"end":{"line":76,"column":2609}},"18":{"start":{"line":77,"column":12},"end":{"line":77,"column":41}},"19":{"start":{"line":81,"column":12},"end":{"line":81,"column":66}},"20":{"start":{"line":84,"column":8},"end":{"line":84,"column":50}},"21":{"start":{"line":90,"column":8},"end":{"line":90,"column":52}},"22":{"start":{"line":97,"column":8},"end":{"line":97,"column":47}},"23":{"start":{"line":99,"column":8},"end":{"line":99,"column":3219}},"24":{"start":{"line":100,"column":12},"end":{"line":100,"column":41}},"25":{"start":{"line":102,"column":12},"end":{"line":102,"column":3322}},"26":{"start":{"line":103,"column":16},"end":{"line":103,"column":28}},"27":{"start":{"line":107,"column":8},"end":{"line":107,"column":59}},"28":{"start":{"line":109,"column":8},"end":{"line":109,"column":19}},"29":{"start":{"line":116,"column":8},"end":{"line":116,"column":47}},"30":{"start":{"line":118,"column":8},"end":{"line":118,"column":3685}},"31":{"start":{"line":119,"column":12},"end":{"line":119,"column":41}},"32":{"start":{"line":121,"column":12},"end":{"line":121,"column":3788}},"33":{"start":{"line":122,"column":16},"end":{"line":122,"column":28}},"34":{"start":{"line":126,"column":8},"end":{"line":126,"column":61}},"35":{"start":{"line":128,"column":8},"end":{"line":128,"column":19}},"36":{"start":{"line":141,"column":8},"end":{"line":141,"column":46}},"37":{"start":{"line":154,"column":8},"end":{"line":154,"column":43}},"38":{"start":{"line":165,"column":8},"end":{"line":165,"column":54}},"39":{"start":{"line":176,"column":8},"end":{"line":176,"column":52}}},"branchMap":{"1":{"line":36,"type":"if","locations":[{"start":{"line":36,"column":38},"end":{"line":36,"column":38}},{"start":{"line":36,"column":38},"end":{"line":36,"column":38}}]},"2":{"line":36,"type":"if","locations":[{"start":{"line":36,"column":51},"end":{"line":36,"column":51}},{"start":{"line":36,"column":51},"end":{"line":36,"column":51}}]},"3":{"line":36,"type":"if","locations":[{"start":{"line":36,"column":64},"end":{"line":36,"column":64}},{"start":{"line":36,"column":64},"end":{"line":36,"column":64}}]},"4":{"line":59,"type":"if","locations":[{"start":{"line":59,"column":8},"end":{"line":59,"column":8}},{"start":{"line":59,"column":8},"end":{"line":59,"column":8}}]},"5":{"line":69,"type":"if","locations":[{"start":{"line":69,"column":37},"end":{"line":69,"column":37}},{"start":{"line":69,"column":37},"end":{"line":69,"column":37}}]},"6":{"line":69,"type":"if","locations":[{"start":{"line":69,"column":50},"end":{"line":69,"column":50}},{"start":{"line":69,"column":50},"end":{"line":69,"column":50}}]},"7":{"line":69,"type":"if","locations":[{"start":{"line":69,"column":61},"end":{"line":69,"column":61}},{"start":{"line":69,"column":61},"end":{"line":69,"column":61}}]},"8":{"line":102,"type":"if","locations":[{"start":{"line":102,"column":12},"end":{"line":102,"column":12}},{"start":{"line":102,"column":12},"end":{"line":102,"column":12}}]},"9":{"line":121,"type":"if","locations":[{"start":{"line":121,"column":12},"end":{"line":121,"column":12}},{"start":{"line":121,"column":12},"end":{"line":121,"column":12}}]},"10":{"line":137,"type":"if","locations":[{"start":{"line":137,"column":8},"end":{"line":137,"column":8}},{"start":{"line":137,"column":8},"end":{"line":137,"column":8}}]},"11":{"line":138,"type":"if","locations":[{"start":{"line":138,"column":8},"end":{"line":138,"column":8}},{"start":{"line":138,"column":8},"end":{"line":138,"column":8}}]},"12":{"line":150,"type":"if","locations":[{"start":{"line":150,"column":8},"end":{"line":150,"column":8}},{"start":{"line":150,"column":8},"end":{"line":150,"column":8}}]},"13":{"line":151,"type":"if","locations":[{"start":{"line":151,"column":8},"end":{"line":151,"column":8}},{"start":{"line":151,"column":8},"end":{"line":151,"column":8}}]},"14":{"line":164,"type":"if","locations":[{"start":{"line":164,"column":63},"end":{"line":164,"column":63}},{"start":{"line":164,"column":63},"end":{"line":164,"column":63}}]},"15":{"line":164,"type":"if","locations":[{"start":{"line":164,"column":76},"end":{"line":164,"column":76}},{"start":{"line":164,"column":76},"end":{"line":164,"column":76}}]},"16":{"line":175,"type":"if","locations":[{"start":{"line":175,"column":63},"end":{"line":175,"column":63}},{"start":{"line":175,"column":63},"end":{"line":175,"column":63}}]},"17":{"line":175,"type":"if","locations":[{"start":{"line":175,"column":76},"end":{"line":175,"column":76}},{"start":{"line":175,"column":76},"end":{"line":175,"column":76}}]}}},
"contracts/versioning/PotionBuyActionV0.sol":{"l":{"75":4,"76":4,"85":2,"86":2},"path":"/home/rcano/Development/thesolidchain/ntropika/potion-protocol/contracts/hedging-vault/contracts/versioning/PotionBuyActionV0.sol","s":{"1":4,"2":2},"b":{"1":[4,0],"2":[2,0]},"f":{"1":4,"2":2},"fnMap":{"1":{"name":"onlyAfterCycleStart","line":74,"loc":{"start":{"line":74,"column":4},"end":{"line":77,"column":4}}},"2":{"name":"onlyAfterCycleEnd","line":84,"loc":{"start":{"line":84,"column":4},"end":{"line":87,"column":4}}}},"statementMap":{"1":{"start":{"line":75,"column":8},"end":{"line":75,"column":92}},"2":{"start":{"line":85,"column":8},"end":{"line":85,"column":93}}},"branchMap":{"1":{"line":75,"type":"if","locations":[{"start":{"line":75,"column":8},"end":{"line":75,"column":8}},{"start":{"line":75,"column":8},"end":{"line":75,"column":8}}]},"2":{"line":85,"type":"if","locations":[{"start":{"line":85,"column":8},"end":{"line":85,"column":8}},{"start":{"line":85,"column":8},"end":{"line":85,"column":8}}]}}}}
