TN:
SF:/home/rcano/Development/thesolidchain/ntropika/potion-protocol/contracts/hedging-vault/contracts/actions/common/BaseActionUpgradeable.sol
FN:54,__BaseAction_init_chained
FNF:1
FNH:1
FNDA:90,__BaseAction_init_chained
DA:55,90
DA:56,90
DA:57,90
DA:58,90
DA:59,90
DA:61,90
LF:6
LH:6
BRDA:54,1,0,90
BRDA:54,1,1,0
BRF:2
BRH:1
end_of_record
TN:
SF:/home/rcano/Development/thesolidchain/ntropika/potion-protocol/contracts/hedging-vault/contracts/actions/common/PotionProtocolHelperUpgradeable.sol
FN:81,__PotionProtocolHelper_init_unchained
FN:104,_hasPotionInfo
FN:119,_calculatePremiumWithSlippage
FN:138,_buyPotions
FN:175,_redeemPotions
FN:202,_calculateOrderSize
FN:219,_isPotionBought
FN:242,_isPotionRedeemable
FN:259,_calculateCurrentPayout
FN:291,_convertAssetToUSDCOnLivePrice
FN:325,_convertUSDCToAssetOnLivePrice
FN:352,getUSDC
FN:361,getPotionLiquidityManager
FN:370,getOpynAddressBook
FNF:14
FNH:14
FNDA:45,__PotionProtocolHelper_init_unchained
FNDA:5,_hasPotionInfo
FNDA:5,_calculatePremiumWithSlippage
FNDA:5,_buyPotions
FNDA:4,_redeemPotions
FNDA:9,_calculateOrderSize
FNDA:5,_isPotionBought
FNDA:8,_isPotionRedeemable
FNDA:4,_calculateCurrentPayout
FNDA:5,_convertAssetToUSDCOnLivePrice
FNDA:5,_convertUSDCToAssetOnLivePrice
FNDA:16,getUSDC
FNDA:2,getPotionLiquidityManager
FNDA:2,getOpynAddressBook
DA:82,45
DA:84,45
DA:86,45
DA:88,45
DA:105,5
DA:106,5
DA:124,5
DA:125,5
DA:143,5
DA:145,5
DA:156,5
DA:158,5
DA:176,4
DA:177,4
DA:179,4
DA:184,4
DA:186,4
DA:188,4
DA:189,2
DA:192,4
DA:206,9
DA:207,9
DA:220,5
DA:221,5
DA:223,5
DA:231,5
DA:243,8
DA:244,8
DA:245,8
DA:268,4
DA:269,4
DA:271,4
DA:272,4
DA:275,4
DA:296,5
DA:298,5
DA:299,5
DA:301,5
DA:302,5
DA:304,5
DA:330,5
DA:332,5
DA:333,5
DA:335,5
DA:336,5
DA:338,5
DA:353,16
DA:362,2
DA:371,2
LF:49
LH:49
BRDA:81,1,0,45
BRDA:81,1,1,0
BRDA:184,2,0,4
BRDA:184,2,1,0
BRDA:188,3,0,2
BRDA:188,3,1,2
BRF:6
BRH:4
end_of_record
TN:
SF:/home/rcano/Development/thesolidchain/ntropika/potion-protocol/contracts/hedging-vault/contracts/actions/common/PotionProtocolOracleUpgradeable.sol
FN:43,__PotionProtocolOracle_init_unchained
FN:52,setPotionBuyInfo
FN:60,getPotionBuyInfo
FN:77,_getPotionId
FNF:4
FNH:4
FNDA:45,__PotionProtocolOracle_init_unchained
FNDA:8,setPotionBuyInfo
FNDA:42,getPotionBuyInfo
FNDA:50,_getPotionId
DA:53,8
DA:54,8
DA:65,42
DA:66,42
DA:78,50
LF:5
LH:5
BRDA:43,1,0,45
BRDA:43,1,1,0
BRDA:52,2,0,8
BRDA:52,2,1,0
BRF:4
BRH:2
end_of_record
TN:
SF:/home/rcano/Development/thesolidchain/ntropika/potion-protocol/contracts/hedging-vault/contracts/actions/common/UniswapV3HelperUpgradeable.sol
FN:41,__UniswapV3Helper_init_unchained
FN:65,_swapInput
FN:111,_swapOutput
FN:142,getSwapRouter
FN:154,getSwapOutputAmount
FN:171,getSwapInputAmount
FNF:6
FNH:4
FNDA:90,__UniswapV3Helper_init_unchained
FNDA:4,_swapInput
FNDA:5,_swapOutput
FNDA:2,getSwapRouter
FNDA:0,getSwapOutputAmount
FNDA:0,getSwapInputAmount
DA:42,90
DA:44,90
DA:72,4
DA:74,4
DA:81,4
DA:83,4
DA:92,4
DA:118,5
DA:120,5
DA:125,5
DA:127,5
DA:136,5
DA:143,2
DA:159,0
DA:160,0
DA:176,0
DA:177,0
LF:17
LH:13
BRDA:41,1,0,90
BRDA:41,1,1,0
BRDA:74,2,0,4
BRDA:74,2,1,0
BRDA:120,3,0,5
BRDA:120,3,1,0
BRF:6
BRH:3
end_of_record
TN:
SF:/home/rcano/Development/thesolidchain/ntropika/potion-protocol/contracts/hedging-vault/contracts/actions/common/UniswapV3OracleUpgradeable.sol
FN:44,__UniswapV3Oracle_init_unchained
FN:53,setSwapInfo
FN:61,getSwapInfo
FNF:3
FNH:3
FNDA:90,__UniswapV3Oracle_init_unchained
FNDA:20,setSwapInfo
FNDA:18,getSwapInfo
DA:54,20
DA:62,18
LF:2
LH:2
BRDA:44,1,0,90
BRDA:44,1,1,0
BRDA:53,2,0,20
BRDA:53,2,1,0
BRF:4
BRH:2
end_of_record
TN:
SF:/home/rcano/Development/thesolidchain/ntropika/potion-protocol/contracts/hedging-vault/contracts/actions/PotionBuyAction.sol
FN:102,initialize
FN:170,enterPosition
FN:229,exitPosition
FN:256,setMaxPremiumPercentage
FN:263,setPremiumSlippage
FN:270,setSwapSlippage
FN:277,setMaxSwapDuration
FN:284,setCycleDuration
FN:291,setStrikePercentage
FN:298,setHedgingRate
FN:305,setHedgingRateSlippage
FN:319,canPositionBeEntered
FN:328,canPositionBeExited
FN:338,calculateCurrentPayout
FN:355,_setMaxPremiumPercentage
FN:368,_setPremiumSlippage
FN:381,_setSwapSlippage
FN:394,_setMaxSwapDuration
FN:403,_setCycleDuration
FN:416,_setStrikePercentage
FN:429,_setHedgingRate
FN:442,_setHedgingRateSlippage
FN:459,_isNextCycleStarted
FN:476,_updateNextCycleStart
FN:490,_validateMaxPremium
FN:513,_validateHedgingRate
FNF:26
FNH:14
FNDA:45,initialize
FNDA:8,enterPosition
FNDA:5,exitPosition
FNDA:0,setMaxPremiumPercentage
FNDA:0,setPremiumSlippage
FNDA:0,setSwapSlippage
FNDA:0,setMaxSwapDuration
FNDA:0,setCycleDuration
FNDA:0,setStrikePercentage
FNDA:0,setHedgingRate
FNDA:0,setHedgingRateSlippage
FNDA:0,canPositionBeEntered
FNDA:0,canPositionBeExited
FNDA:0,calculateCurrentPayout
FNDA:45,_setMaxPremiumPercentage
FNDA:45,_setPremiumSlippage
FNDA:45,_setSwapSlippage
FNDA:45,_setMaxSwapDuration
FNDA:45,_setCycleDuration
FNDA:45,_setStrikePercentage
FNDA:45,_setHedgingRate
FNDA:45,_setHedgingRateSlippage
FNDA:0,_isNextCycleStarted
FNDA:8,_updateNextCycleStart
FNDA:5,_validateMaxPremium
FNDA:5,_validateHedgingRate
DA:106,45
DA:107,45
DA:108,45
DA:110,45
DA:116,45
DA:117,45
DA:123,45
DA:124,45
DA:125,45
DA:126,45
DA:127,45
DA:128,45
DA:129,45
DA:130,45
DA:133,45
DA:134,45
DA:172,8
DA:173,8
DA:175,8
DA:176,5
DA:182,5
DA:184,5
DA:190,5
DA:197,5
DA:203,5
DA:204,5
DA:207,8
DA:232,5
DA:233,4
DA:235,4
DA:236,4
DA:238,4
DA:239,4
DA:241,4
DA:243,4
DA:245,4
DA:248,5
DA:250,5
DA:257,0
DA:264,0
DA:271,0
DA:278,0
DA:285,0
DA:292,0
DA:299,0
DA:306,0
DA:322,0
DA:329,0
DA:347,0
DA:356,45
DA:357,0
DA:360,45
DA:362,45
DA:369,45
DA:370,0
DA:373,45
DA:375,45
DA:382,45
DA:383,0
DA:386,45
DA:388,45
DA:395,45
DA:397,45
DA:404,45
DA:405,0
DA:408,45
DA:410,45
DA:417,45
DA:418,0
DA:421,45
DA:423,45
DA:430,45
DA:431,0
DA:434,45
DA:436,45
DA:443,45
DA:445,45
DA:460,0
DA:477,8
DA:478,8
DA:480,8
DA:495,5
DA:496,5
DA:498,5
DA:499,0
DA:519,5
DA:520,0
DA:523,5
DA:525,5
DA:527,5
DA:529,5
DA:530,5
DA:532,5
DA:533,0
DA:536,5
LF:95
LH:74
BRDA:102,1,0,45
BRDA:102,1,1,0
BRDA:135,2,0,0
BRDA:135,2,1,45
BRDA:167,3,0,8
BRDA:167,3,1,0
BRDA:168,4,0,8
BRDA:168,4,1,0
BRDA:169,5,0,8
BRDA:169,5,1,0
BRDA:170,6,0,8
BRDA:170,6,1,0
BRDA:175,7,0,5
BRDA:175,7,1,3
BRDA:176,8,0,5
BRDA:176,8,1,0
BRDA:226,9,0,5
BRDA:226,9,1,0
BRDA:227,10,0,5
BRDA:227,10,1,0
BRDA:228,11,0,5
BRDA:228,11,1,0
BRDA:229,12,0,5
BRDA:229,12,1,0
BRDA:232,13,0,4
BRDA:232,13,1,1
BRDA:233,14,0,4
BRDA:233,14,1,0
BRDA:256,15,0,0
BRDA:256,15,1,0
BRDA:263,16,0,0
BRDA:263,16,1,0
BRDA:270,17,0,0
BRDA:270,17,1,0
BRDA:277,18,0,0
BRDA:277,18,1,0
BRDA:284,19,0,0
BRDA:284,19,1,0
BRDA:291,20,0,0
BRDA:291,20,1,0
BRDA:298,21,0,0
BRDA:298,21,1,0
BRDA:305,22,0,0
BRDA:305,22,1,0
BRDA:356,23,0,0
BRDA:356,23,1,45
BRDA:356,24,0,0
BRDA:356,24,1,0
BRDA:369,25,0,0
BRDA:369,25,1,45
BRDA:369,26,0,0
BRDA:369,26,1,0
BRDA:382,27,0,0
BRDA:382,27,1,45
BRDA:382,28,0,0
BRDA:382,28,1,0
BRDA:404,29,0,0
BRDA:404,29,1,45
BRDA:417,30,0,0
BRDA:417,30,1,45
BRDA:430,31,0,0
BRDA:430,31,1,45
BRDA:498,32,0,0
BRDA:498,32,1,5
BRDA:519,33,0,0
BRDA:519,33,1,5
BRDA:532,34,0,0
BRDA:532,34,1,5
BRDA:532,35,0,0
BRDA:532,35,1,0
BRF:70
BRH:25
end_of_record
TN:
SF:/home/rcano/Development/thesolidchain/ntropika/potion-protocol/contracts/hedging-vault/contracts/actions/SwapToUSDCAction.sol
FN:69,initialize
FN:113,enterPosition
FN:150,exitPosition
FN:174,setSwapSlippage
FN:181,setMaxSwapDuration
FN:188,setSwapPercentage
FN:197,canPositionBeEntered
FN:206,canPositionBeExited
FN:217,_setSwapSlippage
FN:230,_setMaxSwapDuration
FN:239,_setSwapPercentage
FNF:11
FNH:4
FNDA:45,initialize
FNDA:0,enterPosition
FNDA:0,exitPosition
FNDA:0,setSwapSlippage
FNDA:0,setMaxSwapDuration
FNDA:0,setSwapPercentage
FNDA:0,canPositionBeEntered
FNDA:0,canPositionBeExited
FNDA:45,_setSwapSlippage
FNDA:45,_setMaxSwapDuration
FNDA:45,_setSwapPercentage
DA:73,45
DA:74,45
DA:75,45
DA:77,45
DA:83,45
DA:85,45
DA:86,45
DA:87,45
DA:89,45
DA:115,0
DA:121,0
DA:123,0
DA:125,0
DA:127,0
DA:153,0
DA:156,0
DA:158,0
DA:162,0
DA:164,0
DA:166,0
DA:168,0
DA:175,0
DA:182,0
DA:189,0
DA:200,0
DA:209,0
DA:218,45
DA:219,0
DA:222,45
DA:224,45
DA:231,45
DA:233,45
DA:240,45
DA:242,45
LF:34
LH:16
BRDA:69,1,0,45
BRDA:69,1,1,0
BRDA:111,2,0,0
BRDA:111,2,1,0
BRDA:112,3,0,0
BRDA:112,3,1,0
BRDA:113,4,0,0
BRDA:113,4,1,0
BRDA:148,5,0,0
BRDA:148,5,1,0
BRDA:149,6,0,0
BRDA:149,6,1,0
BRDA:150,7,0,0
BRDA:150,7,1,0
BRDA:174,8,0,0
BRDA:174,8,1,0
BRDA:181,9,0,0
BRDA:181,9,1,0
BRDA:188,10,0,0
BRDA:188,10,1,0
BRDA:218,11,0,0
BRDA:218,11,1,45
BRDA:218,12,0,0
BRDA:218,12,1,0
BRF:24
BRH:2
end_of_record
TN:
SF:/home/rcano/Development/thesolidchain/ntropika/potion-protocol/contracts/hedging-vault/contracts/common/EmergencyLockUpgradeable.sol
FN:40,__EmergencyLock_init_unchained
FN:54,pause
FN:66,unpause
FNF:3
FNH:3
FNDA:136,__EmergencyLock_init_unchained
FNDA:1,pause
FNDA:1,unpause
DA:41,136
DA:55,1
DA:67,1
LF:3
LH:3
BRDA:40,1,0,136
BRDA:40,1,1,0
BRDA:54,2,0,1
BRDA:54,2,1,1
BRDA:66,3,0,1
BRDA:66,3,1,1
BRF:6
BRH:5
end_of_record
TN:
SF:/home/rcano/Development/thesolidchain/ntropika/potion-protocol/contracts/hedging-vault/contracts/common/LifecycleStatesUpgradeable.sol
FN:44,__LifecycleStates_init_unchained
FN:53,onlyUnlocked
FN:61,onlyCommitted
FN:69,onlyLocked
FN:80,_setLifecycleState
FN:91,getLifecycleState
FNF:6
FNH:5
FNDA:136,__LifecycleStates_init_unchained
FNDA:25,onlyUnlocked
FNDA:0,onlyCommitted
FNDA:10,onlyLocked
FNDA:30,_setLifecycleState
FNDA:32,getLifecycleState
DA:45,136
DA:54,25
DA:55,25
DA:62,0
DA:63,0
DA:70,10
DA:71,10
DA:81,30
DA:83,30
DA:85,30
DA:92,32
LF:11
LH:9
BRDA:44,1,0,136
BRDA:44,1,1,0
BRDA:54,2,0,25
BRDA:54,2,1,0
BRDA:62,3,0,0
BRDA:62,3,1,0
BRDA:70,4,0,10
BRDA:70,4,1,0
BRF:8
BRH:3
end_of_record
TN:
SF:/home/rcano/Development/thesolidchain/ntropika/potion-protocol/contracts/hedging-vault/contracts/common/RefundsHelperUpgreadable.sol
FN:66,__RefundsHelper_init_unchained
FN:87,refund
FN:100,refundETH
FN:112,canRefund
FN:119,canRefundETH
FNF:5
FNH:5
FNDA:243,__RefundsHelper_init_unchained
FNDA:5,refund
FNDA:1,refundETH
FNDA:17,canRefund
FNDA:8,canRefundETH
DA:68,243
DA:69,443
DA:72,243
DA:88,5
DA:89,2
DA:91,1
DA:101,1
DA:102,1
DA:104,1
DA:113,17
DA:120,8
LF:11
LH:11
BRDA:66,1,0,243
BRDA:66,1,1,0
BRDA:87,2,0,5
BRDA:87,2,1,1
BRDA:88,3,0,2
BRDA:88,3,1,3
BRDA:89,4,0,1
BRDA:89,4,1,1
BRDA:100,5,0,1
BRDA:100,5,1,1
BRDA:101,6,0,1
BRDA:101,6,1,0
BRDA:102,7,0,1
BRDA:102,7,1,0
BRF:14
BRH:11
end_of_record
TN:
SF:/home/rcano/Development/thesolidchain/ntropika/potion-protocol/contracts/hedging-vault/contracts/common/RolesManagerUpgradeable.sol
FN:51,onlyAdmin
FN:59,onlyStrategist
FN:67,onlyOperator
FN:75,onlyVault
FN:87,onlyInvestor
FN:107,__RolesManager_init_unchained
FNF:6
FNH:5
FNDA:34,onlyAdmin
FNDA:0,onlyStrategist
FNDA:73,onlyOperator
FNDA:13,onlyVault
FNDA:50,onlyInvestor
FNDA:246,__RolesManager_init_unchained
DA:52,34
DA:53,27
DA:60,0
DA:61,0
DA:68,73
DA:69,73
DA:76,13
DA:77,13
DA:88,50
DA:89,9
DA:91,50
DA:108,246
DA:109,246
LF:13
LH:11
BRDA:88,1,0,9
BRDA:88,1,1,41
BRDA:107,2,0,246
BRDA:107,2,1,0
BRF:4
BRH:3
end_of_record
TN:
SF:/home/rcano/Development/thesolidchain/ntropika/potion-protocol/contracts/hedging-vault/contracts/extensions/ERC1155FullSupplyUpgradeable.sol
FN:20,__ERC1155FullSupply_init
FN:23,__ERC1155FullSupply_init_unchained
FN:29,totalSupplyAll
FN:36,totalSupply
FN:43,balanceOfAll
FN:50,exists
FN:57,_beforeTokenTransfer
FNF:7
FNH:5
FNDA:0,__ERC1155FullSupply_init
FNDA:0,__ERC1155FullSupply_init_unchained
FNDA:15,totalSupplyAll
FNDA:57,totalSupply
FNDA:62,balanceOfAll
FNDA:32,exists
FNDA:106,_beforeTokenTransfer
DA:30,15
DA:37,57
DA:44,62
DA:51,32
DA:65,106
DA:67,106
DA:68,72
DA:69,84
DA:70,84
DA:71,84
DA:75,106
DA:76,34
DA:77,46
DA:78,46
DA:79,46
DA:80,46
DA:82,46
DA:83,46
DA:85,46
DA:86,46
DA:87,46
DA:92,46
LF:22
LH:22
BRDA:20,1,0,0
BRDA:20,1,1,0
BRDA:23,2,0,0
BRDA:23,2,1,0
BRDA:67,3,0,72
BRDA:67,3,1,34
BRDA:75,4,0,34
BRDA:75,4,1,72
BRDA:80,5,0,46
BRDA:80,5,1,0
BRDA:83,6,0,46
BRDA:83,6,1,0
BRF:12
BRH:6
end_of_record
TN:
SF:/home/rcano/Development/thesolidchain/ntropika/potion-protocol/contracts/hedging-vault/contracts/extensions/ERC4626CapUpgradeable.sol
FN:54,__ERC4626Cap_init_unchained
FN:69,setVaultCap
FN:78,getVaultCap
FN:94,maxDeposit
FN:127,maxMint
FN:148,_setVaultCap
FNF:6
FNH:4
FNDA:45,__ERC4626Cap_init_unchained
FNDA:0,setVaultCap
FNDA:2,getVaultCap
FNDA:6,maxDeposit
FNDA:0,maxMint
FNDA:45,_setVaultCap
DA:55,45
DA:57,45
DA:70,0
DA:79,2
DA:104,6
DA:106,6
DA:107,0
DA:110,6
DA:134,0
DA:135,0
DA:138,0
DA:140,0
DA:149,45
DA:151,45
DA:153,45
LF:15
LH:9
BRDA:54,1,0,45
BRDA:54,1,1,0
BRDA:69,2,0,0
BRDA:69,2,1,0
BRDA:106,3,0,0
BRDA:106,3,1,6
BRDA:134,4,0,0
BRDA:134,4,1,0
BRF:8
BRH:2
end_of_record
TN:
SF:/home/rcano/Development/thesolidchain/ntropika/potion-protocol/contracts/hedging-vault/contracts/extensions/interfaces/IERC1155FullSupplyUpgradeable.sol
FNF:0
FNH:0
LF:0
LH:0
BRF:0
BRH:0
end_of_record
TN:
SF:/home/rcano/Development/thesolidchain/ntropika/potion-protocol/contracts/hedging-vault/contracts/extensions/interfaces/IERC4626CapUpgradeable.sol
FNF:0
FNH:0
LF:0
LH:0
BRF:0
BRH:0
end_of_record
TN:
SF:/home/rcano/Development/thesolidchain/ntropika/potion-protocol/contracts/hedging-vault/contracts/helpers/HedgingVaultOrchestrator.sol
FN:47,constructor
FN:63,setSystemAddresses
FN:83,nextRound
FN:114,canEnterNextRound
FN:121,potionBuyStrategy
FN:128,swapToUSDCStrategy
FNF:6
FNH:5
FNDA:45,constructor
FNDA:15,setSystemAddresses
FNDA:5,nextRound
FNDA:0,canEnterNextRound
FNDA:1,potionBuyStrategy
FNDA:1,swapToUSDCStrategy
DA:48,45
DA:49,45
DA:64,15
DA:65,15
DA:66,15
DA:67,15
DA:68,15
DA:84,5
DA:86,5
DA:88,2
DA:89,2
DA:92,2
DA:97,5
DA:98,5
DA:101,5
DA:102,5
DA:103,5
DA:106,5
DA:115,0
DA:122,1
DA:129,1
LF:21
LH:20
BRDA:63,1,0,15
BRDA:63,1,1,0
BRDA:83,2,0,5
BRDA:83,2,1,0
BRDA:86,3,0,2
BRDA:86,3,1,3
BRF:6
BRH:4
end_of_record
TN:
SF:/home/rcano/Development/thesolidchain/ntropika/potion-protocol/contracts/hedging-vault/contracts/helpers/RoundsVaultExchanger.sol
FN:39,exchangeInputForOutput
FN:68,exchangeInputForOutputBatch
FNF:2
FNH:1
FNDA:1,exchangeInputForOutput
FNDA:0,exchangeInputForOutputBatch
DA:45,1
DA:47,1
DA:49,1
DA:74,0
DA:76,0
DA:78,0
LF:6
LH:3
BRF:0
BRH:0
end_of_record
TN:
SF:/home/rcano/Development/thesolidchain/ntropika/potion-protocol/contracts/hedging-vault/contracts/interfaces/IAction.sol
FNF:0
FNH:0
LF:0
LH:0
BRF:0
BRH:0
end_of_record
TN:
SF:/home/rcano/Development/thesolidchain/ntropika/potion-protocol/contracts/hedging-vault/contracts/interfaces/IActionsManager.sol
FNF:0
FNH:0
LF:0
LH:0
BRF:0
BRH:0
end_of_record
TN:
SF:/home/rcano/Development/thesolidchain/ntropika/potion-protocol/contracts/hedging-vault/contracts/interfaces/IBaseRoundsVault.sol
FNF:0
FNH:0
LF:0
LH:0
BRF:0
BRH:0
end_of_record
TN:
SF:/home/rcano/Development/thesolidchain/ntropika/potion-protocol/contracts/hedging-vault/contracts/interfaces/IChainlinkAggregatorV3.sol
FNF:0
FNH:0
LF:0
LH:0
BRF:0
BRH:0
end_of_record
TN:
SF:/home/rcano/Development/thesolidchain/ntropika/potion-protocol/contracts/hedging-vault/contracts/interfaces/ICriteriaManager.sol
FNF:0
FNH:0
LF:0
LH:0
BRF:0
BRH:0
end_of_record
TN:
SF:/home/rcano/Development/thesolidchain/ntropika/potion-protocol/contracts/hedging-vault/contracts/interfaces/ICurveManager.sol
FNF:0
FNH:0
LF:0
LH:0
BRF:0
BRH:0
end_of_record
TN:
SF:/home/rcano/Development/thesolidchain/ntropika/potion-protocol/contracts/hedging-vault/contracts/interfaces/IEmergencyLock.sol
FNF:0
FNH:0
LF:0
LH:0
BRF:0
BRH:0
end_of_record
TN:
SF:/home/rcano/Development/thesolidchain/ntropika/potion-protocol/contracts/hedging-vault/contracts/interfaces/IFeeManager.sol
FNF:0
FNH:0
LF:0
LH:0
BRF:0
BRH:0
end_of_record
TN:
SF:/home/rcano/Development/thesolidchain/ntropika/potion-protocol/contracts/hedging-vault/contracts/interfaces/IHedgingVaultOrchestrator.sol
FNF:0
FNH:0
LF:0
LH:0
BRF:0
BRH:0
end_of_record
TN:
SF:/home/rcano/Development/thesolidchain/ntropika/potion-protocol/contracts/hedging-vault/contracts/interfaces/IInvestmentVaultV0.sol
FNF:0
FNH:0
LF:0
LH:0
BRF:0
BRH:0
end_of_record
TN:
SF:/home/rcano/Development/thesolidchain/ntropika/potion-protocol/contracts/hedging-vault/contracts/interfaces/ILifecycleStates.sol
FNF:0
FNH:0
LF:0
LH:0
BRF:0
BRH:0
end_of_record
TN:
SF:/home/rcano/Development/thesolidchain/ntropika/potion-protocol/contracts/hedging-vault/contracts/interfaces/IOpynAddressBook.sol
FNF:0
FNH:0
LF:0
LH:0
BRF:0
BRH:0
end_of_record
TN:
SF:/home/rcano/Development/thesolidchain/ntropika/potion-protocol/contracts/hedging-vault/contracts/interfaces/IOpynController.sol
FNF:0
FNH:0
LF:0
LH:0
BRF:0
BRH:0
end_of_record
TN:
SF:/home/rcano/Development/thesolidchain/ntropika/potion-protocol/contracts/hedging-vault/contracts/interfaces/IOpynFactory.sol
FNF:0
FNH:0
LF:0
LH:0
BRF:0
BRH:0
end_of_record
TN:
SF:/home/rcano/Development/thesolidchain/ntropika/potion-protocol/contracts/hedging-vault/contracts/interfaces/IOpynOracle.sol
FNF:0
FNH:0
LF:0
LH:0
BRF:0
BRH:0
end_of_record
TN:
SF:/home/rcano/Development/thesolidchain/ntropika/potion-protocol/contracts/hedging-vault/contracts/interfaces/IOtoken.sol
FNF:0
FNH:0
LF:0
LH:0
BRF:0
BRH:0
end_of_record
TN:
SF:/home/rcano/Development/thesolidchain/ntropika/potion-protocol/contracts/hedging-vault/contracts/interfaces/IPotionBuyAction.sol
FNF:0
FNH:0
LF:0
LH:0
BRF:0
BRH:0
end_of_record
TN:
SF:/home/rcano/Development/thesolidchain/ntropika/potion-protocol/contracts/hedging-vault/contracts/interfaces/IPotionBuyActionV0.sol
FNF:0
FNH:0
LF:0
LH:0
BRF:0
BRH:0
end_of_record
TN:
SF:/home/rcano/Development/thesolidchain/ntropika/potion-protocol/contracts/hedging-vault/contracts/interfaces/IPotionBuyInfo.sol
FNF:0
FNH:0
LF:0
LH:0
BRF:0
BRH:0
end_of_record
TN:
SF:/home/rcano/Development/thesolidchain/ntropika/potion-protocol/contracts/hedging-vault/contracts/interfaces/IPotionLiquidityPool.sol
FNF:0
FNH:0
LF:0
LH:0
BRF:0
BRH:0
end_of_record
TN:
SF:/home/rcano/Development/thesolidchain/ntropika/potion-protocol/contracts/hedging-vault/contracts/interfaces/IPotionProtocolOracle.sol
FNF:0
FNH:0
LF:0
LH:0
BRF:0
BRH:0
end_of_record
TN:
SF:/home/rcano/Development/thesolidchain/ntropika/potion-protocol/contracts/hedging-vault/contracts/interfaces/IRefundsHelper.sol
FNF:0
FNH:0
LF:0
LH:0
BRF:0
BRH:0
end_of_record
TN:
SF:/home/rcano/Development/thesolidchain/ntropika/potion-protocol/contracts/hedging-vault/contracts/interfaces/IRolesManager.sol
FNF:0
FNH:0
LF:0
LH:0
BRF:0
BRH:0
end_of_record
TN:
SF:/home/rcano/Development/thesolidchain/ntropika/potion-protocol/contracts/hedging-vault/contracts/interfaces/IRoundsInputVault.sol
FNF:0
FNH:0
LF:0
LH:0
BRF:0
BRH:0
end_of_record
TN:
SF:/home/rcano/Development/thesolidchain/ntropika/potion-protocol/contracts/hedging-vault/contracts/interfaces/IRoundsOutputVault.sol
FNF:0
FNH:0
LF:0
LH:0
BRF:0
BRH:0
end_of_record
TN:
SF:/home/rcano/Development/thesolidchain/ntropika/potion-protocol/contracts/hedging-vault/contracts/interfaces/ISwapToUSDCAction.sol
FNF:0
FNH:0
LF:0
LH:0
BRF:0
BRH:0
end_of_record
TN:
SF:/home/rcano/Development/thesolidchain/ntropika/potion-protocol/contracts/hedging-vault/contracts/interfaces/ISwapToUSDCActionV0.sol
FNF:0
FNH:0
LF:0
LH:0
BRF:0
BRH:0
end_of_record
TN:
SF:/home/rcano/Development/thesolidchain/ntropika/potion-protocol/contracts/hedging-vault/contracts/interfaces/IUniswapV3Oracle.sol
FNF:0
FNH:0
LF:0
LH:0
BRF:0
BRH:0
end_of_record
TN:
SF:/home/rcano/Development/thesolidchain/ntropika/potion-protocol/contracts/hedging-vault/contracts/interfaces/IVault.sol
FNF:0
FNH:0
LF:0
LH:0
BRF:0
BRH:0
end_of_record
TN:
SF:/home/rcano/Development/thesolidchain/ntropika/potion-protocol/contracts/hedging-vault/contracts/interfaces/IVaultDeferredOperationUpgradeable.sol
FNF:0
FNH:0
LF:0
LH:0
BRF:0
BRH:0
end_of_record
TN:
SF:/home/rcano/Development/thesolidchain/ntropika/potion-protocol/contracts/hedging-vault/contracts/interfaces/IVaultV0.sol
FNF:0
FNH:0
LF:0
LH:0
BRF:0
BRH:0
end_of_record
TN:
SF:/home/rcano/Development/thesolidchain/ntropika/potion-protocol/contracts/hedging-vault/contracts/interfaces/IVaultWithReceiptsUpgradeable.sol
FNF:0
FNH:0
LF:0
LH:0
BRF:0
BRH:0
end_of_record
TN:
SF:/home/rcano/Development/thesolidchain/ntropika/potion-protocol/contracts/hedging-vault/contracts/library/OpynProtocolLib.sol
FN:27,isPotionRedeemable
FN:41,getExistingOtoken
FN:61,getTargetOtoken
FN:81,getOtokenBalance
FNF:4
FNH:3
FNDA:10,isPotionRedeemable
FNDA:12,getExistingOtoken
FNDA:0,getTargetOtoken
FNDA:5,getOtokenBalance
DA:28,10
DA:48,12
DA:68,0
DA:89,5
DA:97,5
DA:98,0
DA:101,5
DA:102,5
LF:8
LH:6
BRDA:97,1,0,0
BRDA:97,1,1,5
BRF:2
BRH:1
end_of_record
TN:
SF:/home/rcano/Development/thesolidchain/ntropika/potion-protocol/contracts/hedging-vault/contracts/library/PercentageUtils.sol
FN:38,addPercentage
FN:50,subtractPercentage
FN:62,applyPercentage
FN:74,isPercentageInRange
FN:86,toPercentage
FNF:5
FNH:5
FNDA:19,addPercentage
FNDA:13,subtractPercentage
FNDA:66,applyPercentage
FNDA:110,isPercentageInRange
FNDA:5,toPercentage
DA:39,19
DA:51,13
DA:64,66
DA:75,110
DA:87,5
LF:5
LH:5
BRF:0
BRH:0
end_of_record
TN:
SF:/home/rcano/Development/thesolidchain/ntropika/potion-protocol/contracts/hedging-vault/contracts/library/PotionProtocolLib.sol
FN:51,buyPotion
FN:108,settlePotion
FN:128,redeemPotion
FN:155,getPayout
FN:173,_getRedeemPotionAction
FN:201,_getPoolsInfo
FNF:6
FNH:6
FNDA:7,buyPotion
FNDA:4,settlePotion
FNDA:3,redeemPotion
FNDA:4,getPayout
FNDA:3,_getRedeemPotionAction
FNDA:4,_getPoolsInfo
DA:62,7
DA:64,7
DA:71,7
DA:72,0
DA:79,0
DA:81,0
DA:92,7
DA:94,7
DA:97,7
DA:98,1
DA:109,4
DA:111,4
DA:113,4
DA:134,3
DA:136,3
DA:143,3
DA:160,4
DA:179,3
DA:180,3
DA:191,3
DA:206,4
DA:208,4
DA:209,4
LF:23
LH:20
BRDA:71,1,0,0
BRDA:71,1,1,7
BRDA:79,2,0,0
BRDA:79,2,1,0
BRDA:92,3,0,7
BRDA:92,3,1,0
BRDA:97,4,0,1
BRDA:97,4,1,6
BRF:8
BRH:4
end_of_record
TN:
SF:/home/rcano/Development/thesolidchain/ntropika/potion-protocol/contracts/hedging-vault/contracts/library/PriceUtils.sol
FN:40,toOutputAmount
FN:53,toInputAmount
FN:68,convertAmount
FNF:3
FNH:3
FNDA:17,toOutputAmount
FNDA:8,toInputAmount
FNDA:24,convertAmount
DA:41,17
DA:54,8
DA:75,24
DA:80,24
DA:81,5
DA:82,5
DA:84,19
DA:85,19
DA:88,24
LF:9
LH:9
BRDA:80,1,0,5
BRDA:80,1,1,19
BRDA:83,2,0,19
BRDA:83,2,1,0
BRF:4
BRH:3
end_of_record
TN:
SF:/home/rcano/Development/thesolidchain/ntropika/potion-protocol/contracts/hedging-vault/contracts/library/TimeUtils.sol
FN:28,calculateTodayWithOffset
FNF:1
FNH:1
FNDA:45,calculateTodayWithOffset
DA:33,45
DA:34,45
LF:2
LH:2
BRF:0
BRH:0
end_of_record
TN:
SF:/home/rcano/Development/thesolidchain/ntropika/potion-protocol/contracts/hedging-vault/contracts/library/UniswapV3SwapLib.sol
FN:83,swapInput
FN:124,swapOutput
FNF:2
FNH:2
FNDA:5,swapInput
FNDA:6,swapOutput
DA:87,5
DA:89,5
DA:91,5
DA:99,5
DA:128,6
DA:130,6
DA:136,6
DA:145,6
DA:149,6
DA:150,5
LF:10
LH:10
BRDA:149,1,0,5
BRDA:149,1,1,1
BRF:2
BRH:2
end_of_record
TN:
SF:/home/rcano/Development/thesolidchain/ntropika/potion-protocol/contracts/hedging-vault/contracts/rounds/BaseRoundsVaultUpgradeable.sol
FN:52,__BaseRoundsVault_init
FN:57,__BaseRoundsVault_init_unchained
FN:66,supportsInterface
FN:81,nextRound
FN:100,deposit
FN:118,redeem
FN:141,redeemBatch
FN:159,redeemExchangeAsset
FN:179,redeemExchangeAssetBatch
FN:194,getCurrentRound
FN:201,exchangeAsset
FN:208,getExchangeRate
FN:217,_getMintId
FN:256,_redeemExchangeAsset
FN:298,_redeemExchangeAssetBatch
FNF:15
FNH:13
FNDA:0,__BaseRoundsVault_init
FNDA:106,__BaseRoundsVault_init_unchained
FNDA:0,supportsInterface
FNDA:32,nextRound
FNDA:21,deposit
FNDA:6,redeem
FNDA:2,redeemBatch
FNDA:10,redeemExchangeAsset
FNDA:2,redeemExchangeAssetBatch
FNDA:42,getCurrentRound
FNDA:5,exchangeAsset
FNDA:4,getExchangeRate
FNDA:21,_getMintId
FNDA:6,_redeemExchangeAsset
FNDA:2,_redeemExchangeAssetBatch
DA:53,0
DA:58,106
DA:73,0
DA:82,32
DA:84,32
DA:86,32
DA:88,32
DA:90,32
DA:103,21
DA:121,6
DA:123,2
DA:144,2
DA:145,4
DA:148,2
DA:160,10
DA:162,6
DA:180,2
DA:182,2
DA:183,4
DA:186,2
DA:195,42
DA:202,5
DA:209,4
DA:218,21
DA:263,6
DA:264,1
DA:273,6
DA:275,6
DA:277,6
DA:279,6
DA:305,2
DA:306,0
DA:315,2
DA:317,2
DA:318,4
DA:321,2
DA:323,2
LF:37
LH:34
BRDA:52,1,0,0
BRDA:52,1,1,0
BRDA:57,2,0,106
BRDA:57,2,1,0
BRDA:74,3,0,0
BRDA:74,3,1,0
BRDA:81,4,0,32
BRDA:81,4,1,0
BRDA:100,5,0,21
BRDA:100,5,1,0
BRDA:118,6,0,6
BRDA:118,6,1,0
BRDA:121,7,0,2
BRDA:121,7,1,4
BRDA:141,8,0,2
BRDA:141,8,1,0
BRDA:145,9,0,4
BRDA:145,9,1,0
BRDA:159,10,0,10
BRDA:159,10,1,0
BRDA:160,11,0,6
BRDA:160,11,1,4
BRDA:179,12,0,2
BRDA:179,12,1,0
BRDA:180,13,0,2
BRDA:180,13,1,0
BRDA:183,14,0,4
BRDA:183,14,1,0
BRDA:263,15,0,1
BRDA:263,15,1,5
BRDA:264,16,0,1
BRDA:264,16,1,0
BRDA:305,17,0,0
BRDA:305,17,1,2
BRF:34
BRH:18
end_of_record
TN:
SF:/home/rcano/Development/thesolidchain/ntropika/potion-protocol/contracts/hedging-vault/contracts/rounds/RoundsInputVault.sol
FN:42,initialize
FN:73,_operate
FN:90,_getCurrentExchangeRate
FNF:3
FNH:3
FNDA:53,initialize
FNDA:16,_operate
FNDA:16,_getCurrentExchangeRate
DA:45,53
DA:46,53
DA:48,53
DA:49,53
DA:50,53
DA:52,53
DA:53,53
DA:54,53
DA:55,53
DA:56,53
DA:57,53
DA:74,16
DA:75,16
DA:76,7
DA:78,7
DA:91,16
DA:93,16
DA:94,16
DA:96,16
LF:19
LH:19
BRDA:42,1,0,53
BRDA:42,1,1,0
BRDA:75,2,0,7
BRDA:75,2,1,9
BRF:4
BRH:3
end_of_record
TN:
SF:/home/rcano/Development/thesolidchain/ntropika/potion-protocol/contracts/hedging-vault/contracts/rounds/RoundsOutputVault.sol
FN:41,initialize
FN:73,_operate
FN:90,_getCurrentExchangeRate
FNF:3
FNH:3
FNDA:53,initialize
FNDA:16,_operate
FNDA:16,_getCurrentExchangeRate
DA:45,53
DA:46,53
DA:48,53
DA:49,53
DA:50,53
DA:52,53
DA:53,53
DA:54,53
DA:55,53
DA:56,53
DA:57,53
DA:74,16
DA:75,16
DA:76,3
DA:78,3
DA:91,16
DA:93,16
DA:94,16
DA:96,16
LF:19
LH:19
BRDA:41,1,0,53
BRDA:41,1,1,0
BRDA:75,2,0,3
BRDA:75,2,1,13
BRF:4
BRH:3
end_of_record
TN:
SF:/home/rcano/Development/thesolidchain/ntropika/potion-protocol/contracts/hedging-vault/contracts/rounds/VaultDeferredOperationUpgradeable.sol
FN:48,__VaultDeferredOperation_init
FN:53,__VaultDeferredOperation_init_unchained
FN:60,vault
FN:71,_redeemFromTarget
FN:82,_depositOnTarget
FNF:5
FNH:4
FNDA:0,__VaultDeferredOperation_init
FNDA:109,__VaultDeferredOperation_init_unchained
FNDA:35,vault
FNDA:4,_redeemFromTarget
FNDA:8,_depositOnTarget
DA:49,0
DA:54,109
DA:61,35
DA:72,4
DA:83,8
DA:85,8
LF:6
LH:5
BRDA:48,1,0,0
BRDA:48,1,1,0
BRDA:53,2,0,109
BRDA:53,2,1,0
BRF:4
BRH:1
end_of_record
TN:
SF:/home/rcano/Development/thesolidchain/ntropika/potion-protocol/contracts/hedging-vault/contracts/rounds/VaultWithReceiptsUpgradeable.sol
FN:49,__VaultWithReceipts_init
FN:54,__VaultWithReceipts_init_unchained
FN:59,asset
FN:64,totalAssets
FN:69,maxDeposit
FN:74,maxRedeem
FN:79,deposit
FN:88,redeem
FN:102,redeemBatch
FN:125,_deposit
FN:147,_redeem
FN:173,_redeemBatch
FN:205,_getMintId
FNF:13
FNH:11
FNDA:0,__VaultWithReceipts_init
FNDA:116,__VaultWithReceipts_init_unchained
FNDA:44,asset
FNDA:34,totalAssets
FNDA:38,maxDeposit
FNDA:20,maxRedeem
FNDA:36,deposit
FNDA:6,redeem
FNDA:4,redeemBatch
FNDA:36,_deposit
FNDA:6,_redeem
FNDA:4,_redeemBatch
FNDA:0,_getMintId
DA:50,0
DA:55,116
DA:60,44
DA:65,34
DA:70,38
DA:75,20
DA:80,36
DA:82,36
DA:84,36
DA:94,6
DA:96,6
DA:98,6
DA:108,4
DA:110,4
DA:111,4
DA:112,10
DA:115,4
DA:117,4
DA:119,4
DA:138,36
DA:139,36
DA:141,36
DA:154,6
DA:155,0
DA:164,6
DA:165,6
DA:167,6
DA:181,4
DA:182,0
DA:191,4
DA:192,4
DA:194,4
DA:206,0
LF:33
LH:29
BRDA:49,1,0,0
BRDA:49,1,1,0
BRDA:54,2,0,116
BRDA:54,2,1,0
BRDA:80,3,0,36
BRDA:80,3,1,0
BRDA:94,4,0,6
BRDA:94,4,1,0
BRDA:108,5,0,4
BRDA:108,5,1,0
BRDA:115,6,0,4
BRDA:115,6,1,0
BRDA:154,7,0,0
BRDA:154,7,1,6
BRDA:155,8,0,0
BRDA:155,8,1,0
BRDA:181,9,0,0
BRDA:181,9,1,4
BRF:18
BRH:7
end_of_record
TN:
SF:/home/rcano/Development/thesolidchain/ntropika/potion-protocol/contracts/hedging-vault/contracts/vault/ActionsManagerUpgradeable.sol
FN:47,__ActionsManager_init_unchained
FN:61,getActionsLength
FN:68,getAction
FNF:3
FNH:3
FNDA:46,__ActionsManager_init_unchained
FNDA:3,getActionsLength
FNDA:20,getAction
DA:48,46
DA:49,46
DA:50,93
DA:53,46
DA:62,3
DA:69,20
LF:6
LH:6
BRDA:47,1,0,46
BRDA:47,1,1,0
BRF:2
BRH:1
end_of_record
TN:
SF:/home/rcano/Development/thesolidchain/ntropika/potion-protocol/contracts/hedging-vault/contracts/vault/BaseVaultUpgradeable.sol
FNF:0
FNH:0
LF:0
LH:0
BRF:0
BRH:0
end_of_record
TN:
SF:/home/rcano/Development/thesolidchain/ntropika/potion-protocol/contracts/hedging-vault/contracts/vault/FeeManagerUpgradeable.sol
FN:72,__FeeManager_init_unchained
FN:83,setManagementFee
FN:90,setPerformanceFee
FN:97,getManagementFee
FN:104,getPerformanceFee
FN:111,setFeesRecipient
FN:118,getFeesRecipient
FN:130,_calculateManagementPayment
FN:140,_calculatePerformancePayment
FN:152,_payFees
FN:172,_payFeesETH
FN:186,_setManagementFee
FN:201,_setPerformanceFee
FN:217,_setFeesRecipient
FNF:14
FNH:14
FNDA:46,__FeeManager_init_unchained
FNDA:7,setManagementFee
FNDA:7,setPerformanceFee
FNDA:4,getManagementFee
FNDA:4,getPerformanceFee
FNDA:5,setFeesRecipient
FNDA:4,getFeesRecipient
FNDA:5,_calculateManagementPayment
FNDA:5,_calculatePerformancePayment
FNDA:1,_payFees
FNDA:1,_payFeesETH
FNDA:53,_setManagementFee
FNDA:53,_setPerformanceFee
FNDA:51,_setFeesRecipient
DA:73,46
DA:74,46
DA:75,46
DA:84,7
DA:91,7
DA:98,4
DA:105,4
DA:112,5
DA:119,4
DA:131,5
DA:141,5
DA:157,1
DA:158,1
DA:160,1
DA:162,1
DA:173,1
DA:174,1
DA:176,1
DA:178,1
DA:187,53
DA:191,52
DA:193,52
DA:195,52
DA:202,53
DA:206,52
DA:207,52
DA:209,52
DA:218,51
DA:220,50
DA:222,50
DA:224,50
LF:31
LH:31
BRDA:72,1,0,46
BRDA:72,1,1,0
BRDA:83,2,0,7
BRDA:83,2,1,1
BRDA:90,3,0,7
BRDA:90,3,1,1
BRDA:111,4,0,5
BRDA:111,4,1,1
BRDA:187,5,0,52
BRDA:187,5,1,1
BRDA:202,6,0,52
BRDA:202,6,1,1
BRDA:218,7,0,50
BRDA:218,7,1,1
BRF:14
BRH:13
end_of_record
TN:
SF:/home/rcano/Development/thesolidchain/ntropika/potion-protocol/contracts/hedging-vault/contracts/vault/InvestmentVault.sol
FN:77,initialize
FN:103,enterPosition
FN:110,enterPositionWith
FN:121,exitPosition
FN:153,deposit
FN:166,mint
FN:179,withdraw
FN:190,redeem
FN:199,canPositionBeEntered
FN:206,canPositionBeEnteredWith
FN:217,canPositionBeExited
FN:243,_setDefaultStrategy
FN:264,_validatePrincipalPercentages
FN:296,_enterPosition
FN:339,_canPositionBeEnteredWith
FNF:15
FNH:9
FNDA:45,initialize
FNDA:3,enterPosition
FNDA:5,enterPositionWith
FNDA:5,exitPosition
FNDA:6,deposit
FNDA:0,mint
FNDA:0,withdraw
FNDA:3,redeem
FNDA:0,canPositionBeEntered
FNDA:0,canPositionBeEnteredWith
FNDA:0,canPositionBeExited
FNDA:45,_setDefaultStrategy
FNDA:8,_validatePrincipalPercentages
FNDA:8,_enterPosition
FNDA:0,_canPositionBeEnteredWith
DA:81,45
DA:82,45
DA:84,45
DA:85,45
DA:86,45
DA:87,45
DA:88,45
DA:89,45
DA:90,45
DA:91,45
DA:92,45
DA:94,45
DA:95,45
DA:104,3
DA:111,5
DA:122,5
DA:124,5
DA:126,5
DA:128,5
DA:129,5
DA:130,5
DA:132,5
DA:134,5
DA:137,5
DA:139,5
DA:143,5
DA:156,6
DA:169,0
DA:180,0
DA:191,3
DA:200,0
DA:207,0
DA:218,0
DA:219,0
DA:221,0
DA:222,0
DA:223,0
DA:225,0
DA:226,0
DA:230,0
DA:244,45
DA:245,0
DA:248,45
DA:249,90
DA:252,90
DA:253,45
DA:256,45
DA:257,45
DA:265,8
DA:266,8
DA:268,8
DA:269,0
DA:272,8
DA:274,8
DA:275,8
DA:276,8
DA:277,0
DA:280,8
DA:283,8
DA:284,0
DA:287,8
DA:297,8
DA:299,8
DA:301,8
DA:303,8
DA:304,8
DA:305,8
DA:307,8
DA:309,8
DA:310,8
DA:312,8
DA:314,8
DA:316,8
DA:318,8
DA:320,8
DA:323,8
DA:324,0
DA:327,8
DA:329,8
DA:340,0
DA:341,0
DA:343,0
DA:344,0
DA:345,0
DA:347,0
DA:348,0
DA:352,0
LF:87
LH:62
BRDA:77,1,0,45
BRDA:77,1,1,0
BRDA:103,2,0,3
BRDA:103,2,1,0
BRDA:103,3,0,3
BRDA:103,3,1,0
BRDA:103,4,0,3
BRDA:103,4,1,0
BRDA:110,5,0,5
BRDA:110,5,1,0
BRDA:110,6,0,5
BRDA:110,6,1,0
BRDA:110,7,0,5
BRDA:110,7,1,0
BRDA:121,8,0,5
BRDA:121,8,1,0
BRDA:121,9,0,5
BRDA:121,9,1,0
BRDA:121,10,0,5
BRDA:121,10,1,0
BRDA:152,11,0,6
BRDA:152,11,1,0
BRDA:153,12,0,6
BRDA:153,12,1,0
BRDA:165,13,0,0
BRDA:165,13,1,0
BRDA:166,14,0,0
BRDA:166,14,1,0
BRDA:179,15,0,0
BRDA:179,15,1,0
BRDA:179,16,0,0
BRDA:179,16,1,0
BRDA:190,17,0,3
BRDA:190,17,1,0
BRDA:190,18,0,3
BRDA:190,18,1,0
BRDA:225,19,0,0
BRDA:225,19,1,0
BRDA:244,20,0,0
BRDA:244,20,1,45
BRDA:252,21,0,45
BRDA:252,21,1,45
BRDA:268,22,0,0
BRDA:268,22,1,8
BRDA:276,23,0,0
BRDA:276,23,1,8
BRDA:283,24,0,0
BRDA:283,24,1,8
BRDA:323,25,0,0
BRDA:323,25,1,8
BRDA:347,26,0,0
BRDA:347,26,1,0
BRF:52
BRH:21
end_of_record
TN:
SF:/home/rcano/Development/thesolidchain/ntropika/potion-protocol/contracts/hedging-vault/contracts/versioning/InvestmentVaultV0.sol
FNF:0
FNH:0
LF:0
LH:0
BRF:0
BRH:0
end_of_record
TN:
SF:/home/rcano/Development/thesolidchain/ntropika/potion-protocol/contracts/hedging-vault/contracts/versioning/PotionBuyActionV0.sol
FN:87,onlyAfterCycleStart
FN:97,onlyAfterCycleEnd
FNF:2
FNH:2
FNDA:8,onlyAfterCycleStart
FNDA:5,onlyAfterCycleEnd
DA:88,8
DA:89,8
DA:98,5
DA:99,5
LF:4
LH:4
BRDA:88,1,0,8
BRDA:88,1,1,0
BRDA:98,2,0,5
BRDA:98,2,1,0
BRF:4
BRH:2
end_of_record
TN:
SF:/home/rcano/Development/thesolidchain/ntropika/potion-protocol/contracts/hedging-vault/contracts/versioning/SwapToUSDCActionV0.sol
FNF:0
FNH:0
LF:0
LH:0
BRF:0
BRH:0
end_of_record
