TN:
SF:/home/rcano/Development/thesolidchain/ntropika/potion-protocol/contracts/hedging-vault/contracts/actions/common/BaseActionUpgradeable.sol
FN:54,__BaseAction_init_chained
FNF:1
FNH:1
FNDA:33,__BaseAction_init_chained
DA:55,33
DA:56,33
DA:57,33
DA:58,33
DA:59,33
DA:61,33
LF:6
LH:6
BRDA:54,1,0,33
BRDA:54,1,1,0
BRF:2
BRH:1
end_of_record
TN:
SF:/home/rcano/Development/thesolidchain/ntropika/potion-protocol/contracts/hedging-vault/contracts/actions/common/PotionProtocolHelperUpgradeable.sol
FN:80,__PotionProtocolHelper_init_unchained
FN:104,_calculatePotionMaxPremium
FN:133,_buyPotions
FN:163,_redeemPotions
FN:187,_isPotionRedeemable
FN:204,_calculateCurrentPayout
FN:229,_calculateAssetValueInUSDC
FN:246,getUSDC
FN:255,getPotionLiquidityManager
FN:264,getOpynAddressBook
FNF:10
FNH:10
FNDA:33,__PotionProtocolHelper_init_unchained
FNDA:4,_calculatePotionMaxPremium
FNDA:4,_buyPotions
FNDA:2,_redeemPotions
FNDA:4,_isPotionRedeemable
FNDA:2,_calculateCurrentPayout
FNDA:4,_calculateAssetValueInUSDC
FNDA:12,getUSDC
FNDA:2,getPotionLiquidityManager
FNDA:2,getOpynAddressBook
DA:81,33
DA:83,33
DA:85,33
DA:87,33
DA:110,4
DA:111,4
DA:113,4
DA:114,0
DA:117,4
DA:118,4
DA:139,4
DA:140,4
DA:142,4
DA:143,4
DA:145,4
DA:152,4
DA:164,2
DA:165,2
DA:167,2
DA:168,2
DA:170,2
DA:172,2
DA:174,2
DA:175,2
DA:188,4
DA:189,4
DA:190,4
DA:209,2
DA:210,2
DA:212,2
DA:213,2
DA:230,4
DA:232,4
DA:233,4
DA:235,4
DA:236,4
DA:238,4
DA:247,12
DA:256,2
DA:265,2
LF:40
LH:39
BRDA:80,1,0,33
BRDA:80,1,1,0
BRDA:113,2,0,0
BRDA:113,2,1,4
BRDA:113,3,0,0
BRDA:113,3,1,0
BRDA:142,4,0,4
BRDA:142,4,1,0
BRDA:143,5,0,4
BRDA:143,5,1,0
BRDA:170,6,0,2
BRDA:170,6,1,0
BRDA:174,7,0,2
BRDA:174,7,1,0
BRF:14
BRH:6
end_of_record
TN:
SF:/home/rcano/Development/thesolidchain/ntropika/potion-protocol/contracts/hedging-vault/contracts/actions/common/PotionProtocolOracleUpgradeable.sol
FN:43,__PotionProtocolOracle_init_unchained
FN:52,setPotionBuyInfo
FN:60,getPotionBuyInfo
FN:77,_getPotionId
FNF:4
FNH:4
FNDA:33,__PotionProtocolOracle_init_unchained
FNDA:4,setPotionBuyInfo
FNDA:19,getPotionBuyInfo
FNDA:23,_getPotionId
DA:53,4
DA:54,4
DA:65,19
DA:66,19
DA:78,23
LF:5
LH:5
BRDA:43,1,0,33
BRDA:43,1,1,0
BRDA:52,2,0,4
BRDA:52,2,1,0
BRF:4
BRH:2
end_of_record
TN:
SF:/home/rcano/Development/thesolidchain/ntropika/potion-protocol/contracts/hedging-vault/contracts/actions/common/UniswapV3HelperUpgradeable.sol
FN:41,__UniswapV3Helper_init_unchained
FN:65,_swapInput
FN:111,_swapOutput
FN:142,getSwapRouter
FN:154,getSwapOutputAmount
FN:171,getSwapInputAmount
FNF:6
FNH:4
FNDA:33,__UniswapV3Helper_init_unchained
FNDA:2,_swapInput
FNDA:4,_swapOutput
FNDA:2,getSwapRouter
FNDA:0,getSwapOutputAmount
FNDA:0,getSwapInputAmount
DA:42,33
DA:44,33
DA:72,2
DA:74,2
DA:81,2
DA:83,2
DA:92,2
DA:118,4
DA:120,4
DA:125,4
DA:127,4
DA:136,4
DA:143,2
DA:159,0
DA:160,0
DA:176,0
DA:177,0
LF:17
LH:13
BRDA:41,1,0,33
BRDA:41,1,1,0
BRDA:74,2,0,2
BRDA:74,2,1,0
BRDA:120,3,0,4
BRDA:120,3,1,0
BRF:6
BRH:3
end_of_record
TN:
SF:/home/rcano/Development/thesolidchain/ntropika/potion-protocol/contracts/hedging-vault/contracts/actions/common/UniswapV3OracleUpgradeable.sol
FN:44,__UniswapV3Oracle_init_unchained
FN:53,setSwapInfo
FN:61,getSwapInfo
FNF:3
FNH:3
FNDA:33,__UniswapV3Oracle_init_unchained
FNDA:6,setSwapInfo
FNDA:10,getSwapInfo
DA:54,6
DA:62,10
LF:2
LH:2
BRDA:44,1,0,33
BRDA:44,1,1,0
BRDA:53,2,0,6
BRDA:53,2,1,0
BRF:4
BRH:2
end_of_record
TN:
SF:/home/rcano/Development/thesolidchain/ntropika/potion-protocol/contracts/hedging-vault/contracts/actions/PotionBuyAction.sol
FN:93,initialize
FN:148,enterPosition
FN:189,exitPosition
FN:214,setMaxPremiumPercentage
FN:221,setPremiumSlippage
FN:228,setSwapSlippage
FN:235,setMaxSwapDuration
FN:242,setCycleDuration
FN:249,setStrikePercentage
FN:258,canPositionBeEntered
FN:267,canPositionBeExited
FN:277,calculateCurrentPayout
FN:286,_setMaxPremiumPercentage
FN:299,_setPremiumSlippage
FN:312,_setSwapSlippage
FN:325,_setMaxSwapDuration
FN:334,_setCycleDuration
FN:347,_setStrikePercentage
FN:363,_isNextCycleStarted
FN:376,_updateNextCycleStart
FNF:20
FNH:10
FNDA:33,initialize
FNDA:4,enterPosition
FNDA:2,exitPosition
FNDA:0,setMaxPremiumPercentage
FNDA:0,setPremiumSlippage
FNDA:0,setSwapSlippage
FNDA:0,setMaxSwapDuration
FNDA:0,setCycleDuration
FNDA:0,setStrikePercentage
FNDA:0,canPositionBeEntered
FNDA:0,canPositionBeExited
FNDA:0,calculateCurrentPayout
FNDA:33,_setMaxPremiumPercentage
FNDA:33,_setPremiumSlippage
FNDA:33,_setSwapSlippage
FNDA:33,_setMaxSwapDuration
FNDA:33,_setCycleDuration
FNDA:33,_setStrikePercentage
FNDA:0,_isNextCycleStarted
FNDA:4,_updateNextCycleStart
DA:97,33
DA:98,33
DA:99,33
DA:101,33
DA:107,33
DA:108,33
DA:114,33
DA:115,33
DA:116,33
DA:117,33
DA:118,33
DA:119,33
DA:122,33
DA:123,33
DA:150,4
DA:151,4
DA:157,4
DA:159,4
DA:160,4
DA:162,4
DA:168,4
DA:170,4
DA:171,4
DA:173,4
DA:175,4
DA:176,4
DA:178,4
DA:192,2
DA:194,2
DA:195,2
DA:197,2
DA:198,2
DA:200,2
DA:202,2
DA:204,2
DA:206,2
DA:208,2
DA:215,0
DA:222,0
DA:229,0
DA:236,0
DA:243,0
DA:250,0
DA:261,0
DA:268,0
DA:278,0
DA:287,33
DA:288,0
DA:291,33
DA:293,33
DA:300,33
DA:301,0
DA:304,33
DA:306,33
DA:313,33
DA:314,0
DA:317,33
DA:319,33
DA:326,33
DA:328,33
DA:335,33
DA:336,0
DA:339,33
DA:341,33
DA:348,33
DA:349,0
DA:352,33
DA:354,33
DA:364,0
DA:377,4
DA:378,4
DA:380,4
LF:72
LH:57
BRDA:93,1,0,33
BRDA:93,1,1,0
BRDA:124,2,0,0
BRDA:124,2,1,33
BRDA:145,3,0,4
BRDA:145,3,1,0
BRDA:146,4,0,4
BRDA:146,4,1,0
BRDA:147,5,0,4
BRDA:147,5,1,0
BRDA:148,6,0,4
BRDA:148,6,1,0
BRDA:168,7,0,4
BRDA:168,7,1,0
BRDA:173,8,0,4
BRDA:173,8,1,0
BRDA:186,9,0,2
BRDA:186,9,1,0
BRDA:187,10,0,2
BRDA:187,10,1,0
BRDA:188,11,0,2
BRDA:188,11,1,0
BRDA:189,12,0,2
BRDA:189,12,1,0
BRDA:192,13,0,2
BRDA:192,13,1,0
BRDA:214,14,0,0
BRDA:214,14,1,0
BRDA:221,15,0,0
BRDA:221,15,1,0
BRDA:228,16,0,0
BRDA:228,16,1,0
BRDA:235,17,0,0
BRDA:235,17,1,0
BRDA:242,18,0,0
BRDA:242,18,1,0
BRDA:249,19,0,0
BRDA:249,19,1,0
BRDA:287,20,0,0
BRDA:287,20,1,33
BRDA:287,21,0,0
BRDA:287,21,1,0
BRDA:300,22,0,0
BRDA:300,22,1,33
BRDA:300,23,0,0
BRDA:300,23,1,0
BRDA:313,24,0,0
BRDA:313,24,1,33
BRDA:313,25,0,0
BRDA:313,25,1,0
BRDA:335,26,0,0
BRDA:335,26,1,33
BRDA:348,27,0,0
BRDA:348,27,1,33
BRF:54
BRH:18
end_of_record
TN:
SF:/home/rcano/Development/thesolidchain/ntropika/potion-protocol/contracts/hedging-vault/contracts/common/EmergencyLockUpgradeable.sol
FN:40,__EmergencyLock_init_unchained
FN:54,pause
FN:66,unpause
FNF:3
FNH:3
FNDA:67,__EmergencyLock_init_unchained
FNDA:1,pause
FNDA:1,unpause
DA:41,67
DA:55,1
DA:67,1
LF:3
LH:3
BRDA:40,1,0,67
BRDA:40,1,1,0
BRDA:54,2,0,1
BRDA:54,2,1,1
BRDA:66,3,0,1
BRDA:66,3,1,1
BRF:6
BRH:5
end_of_record
TN:
SF:/home/rcano/Development/thesolidchain/ntropika/potion-protocol/contracts/hedging-vault/contracts/common/LifecycleStatesUpgradeable.sol
FN:44,__LifecycleStates_init_unchained
FN:53,onlyUnlocked
FN:61,onlyCommitted
FN:69,onlyLocked
FN:80,_setLifecycleState
FN:91,getLifecycleState
FNF:6
FNH:5
FNDA:67,__LifecycleStates_init_unchained
FNDA:14,onlyUnlocked
FNDA:0,onlyCommitted
FNDA:4,onlyLocked
FNDA:16,_setLifecycleState
FNDA:20,getLifecycleState
DA:45,67
DA:54,14
DA:55,14
DA:62,0
DA:63,0
DA:70,4
DA:71,4
DA:81,16
DA:83,16
DA:85,16
DA:92,20
LF:11
LH:9
BRDA:44,1,0,67
BRDA:44,1,1,0
BRDA:54,2,0,14
BRDA:54,2,1,0
BRDA:62,3,0,0
BRDA:62,3,1,0
BRDA:70,4,0,4
BRDA:70,4,1,0
BRF:8
BRH:3
end_of_record
TN:
SF:/home/rcano/Development/thesolidchain/ntropika/potion-protocol/contracts/hedging-vault/contracts/common/RefundsHelperUpgreadable.sol
FN:66,__RefundsHelper_init_unchained
FN:87,refund
FN:100,refundETH
FN:112,canRefund
FN:119,canRefundETH
FNF:5
FNH:5
FNDA:150,__RefundsHelper_init_unchained
FNDA:5,refund
FNDA:1,refundETH
FNDA:17,canRefund
FNDA:8,canRefundETH
DA:68,150
DA:69,269
DA:72,150
DA:88,5
DA:89,2
DA:91,1
DA:101,1
DA:102,1
DA:104,1
DA:113,17
DA:120,8
LF:11
LH:11
BRDA:66,1,0,150
BRDA:66,1,1,0
BRDA:87,2,0,5
BRDA:87,2,1,1
BRDA:88,3,0,2
BRDA:88,3,1,3
BRDA:89,4,0,1
BRDA:89,4,1,1
BRDA:100,5,0,1
BRDA:100,5,1,1
BRDA:101,6,0,1
BRDA:101,6,1,0
BRDA:102,7,0,1
BRDA:102,7,1,0
BRF:14
BRH:11
end_of_record
TN:
SF:/home/rcano/Development/thesolidchain/ntropika/potion-protocol/contracts/hedging-vault/contracts/common/RolesManagerUpgradeable.sol
FN:51,onlyAdmin
FN:59,onlyStrategist
FN:67,onlyOperator
FN:75,onlyVault
FN:87,onlyInvestor
FN:107,__RolesManager_init_unchained
FNF:6
FNH:5
FNDA:34,onlyAdmin
FNDA:0,onlyStrategist
FNDA:44,onlyOperator
FNDA:6,onlyVault
FNDA:43,onlyInvestor
FNDA:153,__RolesManager_init_unchained
DA:52,34
DA:53,27
DA:60,0
DA:61,0
DA:68,44
DA:69,44
DA:76,6
DA:77,6
DA:88,43
DA:89,6
DA:91,43
DA:108,153
DA:109,153
LF:13
LH:11
BRDA:88,1,0,6
BRDA:88,1,1,37
BRDA:107,2,0,153
BRDA:107,2,1,0
BRF:4
BRH:3
end_of_record
TN:
SF:/home/rcano/Development/thesolidchain/ntropika/potion-protocol/contracts/hedging-vault/contracts/extensions/ERC1155FullSupplyUpgradeable.sol
FN:20,__ERC1155FullSupply_init
FN:23,__ERC1155FullSupply_init_unchained
FN:29,totalSupplyAll
FN:36,totalSupply
FN:43,balanceOfAll
FN:50,exists
FN:57,_beforeTokenTransfer
FNF:7
FNH:5
FNDA:0,__ERC1155FullSupply_init
FNDA:0,__ERC1155FullSupply_init_unchained
FNDA:15,totalSupplyAll
FNDA:57,totalSupply
FNDA:59,balanceOfAll
FNDA:32,exists
FNDA:102,_beforeTokenTransfer
DA:30,15
DA:37,57
DA:44,59
DA:51,32
DA:65,102
DA:67,102
DA:68,70
DA:69,82
DA:70,82
DA:71,82
DA:75,102
DA:76,32
DA:77,44
DA:78,44
DA:79,44
DA:80,44
DA:82,44
DA:83,44
DA:85,44
DA:86,44
DA:87,44
DA:92,44
LF:22
LH:22
BRDA:20,1,0,0
BRDA:20,1,1,0
BRDA:23,2,0,0
BRDA:23,2,1,0
BRDA:67,3,0,70
BRDA:67,3,1,32
BRDA:75,4,0,32
BRDA:75,4,1,70
BRDA:80,5,0,44
BRDA:80,5,1,0
BRDA:83,6,0,44
BRDA:83,6,1,0
BRF:12
BRH:6
end_of_record
TN:
SF:/home/rcano/Development/thesolidchain/ntropika/potion-protocol/contracts/hedging-vault/contracts/extensions/ERC4626CapUpgradeable.sol
FN:54,__ERC4626Cap_init_unchained
FN:69,setVaultCap
FN:78,getVaultCap
FN:94,maxDeposit
FN:127,maxMint
FN:148,_setVaultCap
FNF:6
FNH:4
FNDA:33,__ERC4626Cap_init_unchained
FNDA:0,setVaultCap
FNDA:2,getVaultCap
FNDA:4,maxDeposit
FNDA:0,maxMint
FNDA:33,_setVaultCap
DA:55,33
DA:57,33
DA:70,0
DA:79,2
DA:104,4
DA:106,4
DA:107,0
DA:110,4
DA:134,0
DA:135,0
DA:138,0
DA:140,0
DA:149,33
DA:151,33
DA:153,33
LF:15
LH:9
BRDA:54,1,0,33
BRDA:54,1,1,0
BRDA:69,2,0,0
BRDA:69,2,1,0
BRDA:106,3,0,0
BRDA:106,3,1,4
BRDA:134,4,0,0
BRDA:134,4,1,0
BRF:8
BRH:2
end_of_record
TN:
SF:/home/rcano/Development/thesolidchain/ntropika/potion-protocol/contracts/hedging-vault/contracts/extensions/interfaces/IERC1155FullSupplyUpgradeable.sol
FNF:0
FNH:0
LF:0
LH:0
BRF:0
BRH:0
end_of_record
TN:
SF:/home/rcano/Development/thesolidchain/ntropika/potion-protocol/contracts/hedging-vault/contracts/extensions/interfaces/IERC4626CapUpgradeable.sol
FNF:0
FNH:0
LF:0
LH:0
BRF:0
BRH:0
end_of_record
TN:
SF:/home/rcano/Development/thesolidchain/ntropika/potion-protocol/contracts/hedging-vault/contracts/helpers/HedgingVaultOrchestrator.sol
FN:47,setSystemAddresses
FN:71,nextRound
FN:97,canEnterNextRound
FNF:3
FNH:2
FNDA:11,setSystemAddresses
FNDA:3,nextRound
FNDA:0,canEnterNextRound
DA:48,11
DA:49,11
DA:50,11
DA:51,11
DA:72,3
DA:74,3
DA:76,1
DA:77,1
DA:82,3
DA:83,3
DA:86,3
DA:87,3
DA:88,3
DA:98,0
LF:14
LH:13
BRDA:47,1,0,11
BRDA:47,1,1,0
BRDA:71,2,0,3
BRDA:71,2,1,0
BRDA:74,3,0,1
BRDA:74,3,1,2
BRF:6
BRH:4
end_of_record
TN:
SF:/home/rcano/Development/thesolidchain/ntropika/potion-protocol/contracts/hedging-vault/contracts/helpers/RoundsVaultExchanger.sol
FN:39,exchangeInputForOutput
FN:68,exchangeInputForOutputBatch
FNF:2
FNH:0
FNDA:0,exchangeInputForOutput
FNDA:0,exchangeInputForOutputBatch
DA:45,0
DA:47,0
DA:49,0
DA:74,0
DA:76,0
DA:78,0
LF:6
LH:0
BRF:0
BRH:0
end_of_record
TN:
SF:/home/rcano/Development/thesolidchain/ntropika/potion-protocol/contracts/hedging-vault/contracts/interfaces/IAction.sol
FNF:0
FNH:0
LF:0
LH:0
BRF:0
BRH:0
end_of_record
TN:
SF:/home/rcano/Development/thesolidchain/ntropika/potion-protocol/contracts/hedging-vault/contracts/interfaces/IActionsManager.sol
FNF:0
FNH:0
LF:0
LH:0
BRF:0
BRH:0
end_of_record
TN:
SF:/home/rcano/Development/thesolidchain/ntropika/potion-protocol/contracts/hedging-vault/contracts/interfaces/IBaseRoundsVault.sol
FNF:0
FNH:0
LF:0
LH:0
BRF:0
BRH:0
end_of_record
TN:
SF:/home/rcano/Development/thesolidchain/ntropika/potion-protocol/contracts/hedging-vault/contracts/interfaces/ICriteriaManager.sol
FNF:0
FNH:0
LF:0
LH:0
BRF:0
BRH:0
end_of_record
TN:
SF:/home/rcano/Development/thesolidchain/ntropika/potion-protocol/contracts/hedging-vault/contracts/interfaces/ICurveManager.sol
FNF:0
FNH:0
LF:0
LH:0
BRF:0
BRH:0
end_of_record
TN:
SF:/home/rcano/Development/thesolidchain/ntropika/potion-protocol/contracts/hedging-vault/contracts/interfaces/IEmergencyLock.sol
FNF:0
FNH:0
LF:0
LH:0
BRF:0
BRH:0
end_of_record
TN:
SF:/home/rcano/Development/thesolidchain/ntropika/potion-protocol/contracts/hedging-vault/contracts/interfaces/IFeeManager.sol
FNF:0
FNH:0
LF:0
LH:0
BRF:0
BRH:0
end_of_record
TN:
SF:/home/rcano/Development/thesolidchain/ntropika/potion-protocol/contracts/hedging-vault/contracts/interfaces/IHedgingVaultOrchestrator.sol
FNF:0
FNH:0
LF:0
LH:0
BRF:0
BRH:0
end_of_record
TN:
SF:/home/rcano/Development/thesolidchain/ntropika/potion-protocol/contracts/hedging-vault/contracts/interfaces/IInvestmentVaultV0.sol
FNF:0
FNH:0
LF:0
LH:0
BRF:0
BRH:0
end_of_record
TN:
SF:/home/rcano/Development/thesolidchain/ntropika/potion-protocol/contracts/hedging-vault/contracts/interfaces/ILifecycleStates.sol
FNF:0
FNH:0
LF:0
LH:0
BRF:0
BRH:0
end_of_record
TN:
SF:/home/rcano/Development/thesolidchain/ntropika/potion-protocol/contracts/hedging-vault/contracts/interfaces/IOpynAddressBook.sol
FNF:0
FNH:0
LF:0
LH:0
BRF:0
BRH:0
end_of_record
TN:
SF:/home/rcano/Development/thesolidchain/ntropika/potion-protocol/contracts/hedging-vault/contracts/interfaces/IOpynController.sol
FNF:0
FNH:0
LF:0
LH:0
BRF:0
BRH:0
end_of_record
TN:
SF:/home/rcano/Development/thesolidchain/ntropika/potion-protocol/contracts/hedging-vault/contracts/interfaces/IOpynFactory.sol
FNF:0
FNH:0
LF:0
LH:0
BRF:0
BRH:0
end_of_record
TN:
SF:/home/rcano/Development/thesolidchain/ntropika/potion-protocol/contracts/hedging-vault/contracts/interfaces/IOpynOracle.sol
FNF:0
FNH:0
LF:0
LH:0
BRF:0
BRH:0
end_of_record
TN:
SF:/home/rcano/Development/thesolidchain/ntropika/potion-protocol/contracts/hedging-vault/contracts/interfaces/IOtoken.sol
FNF:0
FNH:0
LF:0
LH:0
BRF:0
BRH:0
end_of_record
TN:
SF:/home/rcano/Development/thesolidchain/ntropika/potion-protocol/contracts/hedging-vault/contracts/interfaces/IPotionBuyAction.sol
FNF:0
FNH:0
LF:0
LH:0
BRF:0
BRH:0
end_of_record
TN:
SF:/home/rcano/Development/thesolidchain/ntropika/potion-protocol/contracts/hedging-vault/contracts/interfaces/IPotionBuyActionV0.sol
FNF:0
FNH:0
LF:0
LH:0
BRF:0
BRH:0
end_of_record
TN:
SF:/home/rcano/Development/thesolidchain/ntropika/potion-protocol/contracts/hedging-vault/contracts/interfaces/IPotionBuyInfo.sol
FNF:0
FNH:0
LF:0
LH:0
BRF:0
BRH:0
end_of_record
TN:
SF:/home/rcano/Development/thesolidchain/ntropika/potion-protocol/contracts/hedging-vault/contracts/interfaces/IPotionLiquidityPool.sol
FNF:0
FNH:0
LF:0
LH:0
BRF:0
BRH:0
end_of_record
TN:
SF:/home/rcano/Development/thesolidchain/ntropika/potion-protocol/contracts/hedging-vault/contracts/interfaces/IPotionProtocolOracle.sol
FNF:0
FNH:0
LF:0
LH:0
BRF:0
BRH:0
end_of_record
TN:
SF:/home/rcano/Development/thesolidchain/ntropika/potion-protocol/contracts/hedging-vault/contracts/interfaces/IRefundsHelper.sol
FNF:0
FNH:0
LF:0
LH:0
BRF:0
BRH:0
end_of_record
TN:
SF:/home/rcano/Development/thesolidchain/ntropika/potion-protocol/contracts/hedging-vault/contracts/interfaces/IRolesManager.sol
FNF:0
FNH:0
LF:0
LH:0
BRF:0
BRH:0
end_of_record
TN:
SF:/home/rcano/Development/thesolidchain/ntropika/potion-protocol/contracts/hedging-vault/contracts/interfaces/IRoundsInputVault.sol
FNF:0
FNH:0
LF:0
LH:0
BRF:0
BRH:0
end_of_record
TN:
SF:/home/rcano/Development/thesolidchain/ntropika/potion-protocol/contracts/hedging-vault/contracts/interfaces/IRoundsOutputVault.sol
FNF:0
FNH:0
LF:0
LH:0
BRF:0
BRH:0
end_of_record
TN:
SF:/home/rcano/Development/thesolidchain/ntropika/potion-protocol/contracts/hedging-vault/contracts/interfaces/IUniswapV3Oracle.sol
FNF:0
FNH:0
LF:0
LH:0
BRF:0
BRH:0
end_of_record
TN:
SF:/home/rcano/Development/thesolidchain/ntropika/potion-protocol/contracts/hedging-vault/contracts/interfaces/IVault.sol
FNF:0
FNH:0
LF:0
LH:0
BRF:0
BRH:0
end_of_record
TN:
SF:/home/rcano/Development/thesolidchain/ntropika/potion-protocol/contracts/hedging-vault/contracts/interfaces/IVaultDeferredOperationUpgradeable.sol
FNF:0
FNH:0
LF:0
LH:0
BRF:0
BRH:0
end_of_record
TN:
SF:/home/rcano/Development/thesolidchain/ntropika/potion-protocol/contracts/hedging-vault/contracts/interfaces/IVaultWithReceiptsUpgradeable.sol
FNF:0
FNH:0
LF:0
LH:0
BRF:0
BRH:0
end_of_record
TN:
SF:/home/rcano/Development/thesolidchain/ntropika/potion-protocol/contracts/hedging-vault/contracts/library/OpynProtocolLib.sol
FN:26,isPotionRedeemable
FN:40,getExistingOtoken
FN:60,getTargetOtoken
FNF:3
FNH:2
FNDA:6,isPotionRedeemable
FNDA:6,getExistingOtoken
FNDA:0,getTargetOtoken
DA:27,6
DA:47,6
DA:67,0
LF:3
LH:2
BRF:0
BRH:0
end_of_record
TN:
SF:/home/rcano/Development/thesolidchain/ntropika/potion-protocol/contracts/hedging-vault/contracts/library/PercentageUtils.sol
FN:38,addPercentage
FN:50,subtractPercentage
FN:62,applyPercentage
FN:74,isPercentageInRange
FNF:4
FNH:4
FNDA:18,addPercentage
FNDA:6,subtractPercentage
FNDA:49,applyPercentage
FNDA:86,isPercentageInRange
DA:39,18
DA:51,6
DA:64,49
DA:75,86
LF:4
LH:4
BRF:0
BRH:0
end_of_record
TN:
SF:/home/rcano/Development/thesolidchain/ntropika/potion-protocol/contracts/hedging-vault/contracts/library/PotionProtocolLib.sol
FN:49,buyPotion
FN:107,settlePotion
FN:123,redeemPotion
FN:151,getPayout
FN:167,getPotionsAmount
FN:184,_getRedeemPotionAction
FNF:6
FNH:6
FNDA:6,buyPotion
FNDA:2,settlePotion
FNDA:3,redeemPotion
FNDA:2,getPayout
FNDA:8,getPotionsAmount
FNDA:3,_getRedeemPotionAction
DA:56,6
DA:58,6
DA:60,6
DA:67,6
DA:68,0
DA:75,0
DA:80,0
DA:91,6
DA:93,6
DA:96,6
DA:97,1
DA:108,2
DA:109,2
DA:128,3
DA:130,3
DA:132,3
DA:139,3
DA:156,2
DA:168,8
DA:171,8
DA:190,3
DA:191,3
DA:202,3
LF:23
LH:20
BRDA:67,1,0,0
BRDA:67,1,1,6
BRDA:75,2,0,0
BRDA:75,2,1,0
BRDA:91,3,0,6
BRDA:91,3,1,0
BRDA:96,4,0,1
BRDA:96,4,1,5
BRF:8
BRH:4
end_of_record
TN:
SF:/home/rcano/Development/thesolidchain/ntropika/potion-protocol/contracts/hedging-vault/contracts/library/PriceUtils.sol
FN:40,toOutputAmount
FN:53,toInputAmount
FN:68,convertAmount
FNF:3
FNH:3
FNDA:13,toOutputAmount
FNDA:7,toInputAmount
FNDA:12,convertAmount
DA:41,13
DA:54,7
DA:75,12
DA:76,4
DA:78,8
DA:79,8
DA:81,0
DA:82,0
DA:85,12
LF:9
LH:7
BRDA:75,1,0,4
BRDA:75,1,1,8
BRDA:77,2,0,8
BRDA:77,2,1,0
BRF:4
BRH:3
end_of_record
TN:
SF:/home/rcano/Development/thesolidchain/ntropika/potion-protocol/contracts/hedging-vault/contracts/library/TimeUtils.sol
FN:28,calculateTodayWithOffset
FNF:1
FNH:1
FNDA:33,calculateTodayWithOffset
DA:33,33
DA:34,33
LF:2
LH:2
BRF:0
BRH:0
end_of_record
TN:
SF:/home/rcano/Development/thesolidchain/ntropika/potion-protocol/contracts/hedging-vault/contracts/library/UniswapV3SwapLib.sol
FN:83,swapInput
FN:121,swapOutput
FNF:2
FNH:2
FNDA:3,swapInput
FNDA:5,swapOutput
DA:87,3
DA:89,3
DA:91,3
DA:99,3
DA:125,5
DA:127,5
DA:133,5
DA:142,5
DA:146,5
DA:147,0
LF:10
LH:9
BRDA:146,1,0,0
BRDA:146,1,1,5
BRF:2
BRH:1
end_of_record
TN:
SF:/home/rcano/Development/thesolidchain/ntropika/potion-protocol/contracts/hedging-vault/contracts/rounds/BaseRoundsVaultUpgradeable.sol
FN:52,__BaseRoundsVault_init
FN:57,__BaseRoundsVault_init_unchained
FN:66,supportsInterface
FN:81,nextRound
FN:98,deposit
FN:116,redeem
FN:139,redeemBatch
FN:157,redeemExchangeAsset
FN:177,redeemExchangeAssetBatch
FN:192,getCurrentRound
FN:199,exchangeAsset
FN:206,getExchangeRate
FN:215,_getMintId
FN:248,_redeemExchangeAsset
FN:284,_redeemExchangeAssetBatch
FNF:15
FNH:13
FNDA:0,__BaseRoundsVault_init
FNDA:82,__BaseRoundsVault_init_unchained
FNDA:0,supportsInterface
FNDA:28,nextRound
FNDA:19,deposit
FNDA:6,redeem
FNDA:2,redeemBatch
FNDA:8,redeemExchangeAsset
FNDA:2,redeemExchangeAssetBatch
FNDA:37,getCurrentRound
FNDA:4,exchangeAsset
FNDA:4,getExchangeRate
FNDA:19,_getMintId
FNDA:4,_redeemExchangeAsset
FNDA:2,_redeemExchangeAssetBatch
DA:53,0
DA:58,82
DA:73,0
DA:82,28
DA:84,28
DA:86,28
DA:88,28
DA:101,19
DA:119,6
DA:121,2
DA:142,2
DA:143,4
DA:146,2
DA:158,8
DA:160,4
DA:178,2
DA:180,2
DA:181,4
DA:184,2
DA:193,37
DA:200,4
DA:207,4
DA:216,19
DA:255,4
DA:256,0
DA:265,4
DA:267,4
DA:269,4
DA:271,4
DA:291,2
DA:292,0
DA:301,2
DA:303,2
DA:304,4
DA:307,2
DA:309,2
LF:36
LH:32
BRDA:52,1,0,0
BRDA:52,1,1,0
BRDA:57,2,0,82
BRDA:57,2,1,0
BRDA:74,3,0,0
BRDA:74,3,1,0
BRDA:81,4,0,28
BRDA:81,4,1,0
BRDA:98,5,0,19
BRDA:98,5,1,0
BRDA:116,6,0,6
BRDA:116,6,1,0
BRDA:119,7,0,2
BRDA:119,7,1,4
BRDA:139,8,0,2
BRDA:139,8,1,0
BRDA:143,9,0,4
BRDA:143,9,1,0
BRDA:157,10,0,8
BRDA:157,10,1,0
BRDA:158,11,0,4
BRDA:158,11,1,4
BRDA:177,12,0,2
BRDA:177,12,1,0
BRDA:178,13,0,2
BRDA:178,13,1,0
BRDA:181,14,0,4
BRDA:181,14,1,0
BRDA:255,15,0,0
BRDA:255,15,1,4
BRDA:256,16,0,0
BRDA:256,16,1,0
BRDA:291,17,0,0
BRDA:291,17,1,2
BRF:34
BRH:16
end_of_record
TN:
SF:/home/rcano/Development/thesolidchain/ntropika/potion-protocol/contracts/hedging-vault/contracts/rounds/RoundsInputVault.sol
FN:42,initialize
FN:67,_operate
FN:84,_getCurrentExchangeRate
FNF:3
FNH:3
FNDA:41,initialize
FNDA:14,_operate
FNDA:14,_getCurrentExchangeRate
DA:45,41
DA:46,41
DA:48,41
DA:49,41
DA:50,41
DA:52,41
DA:53,41
DA:54,41
DA:55,41
DA:56,41
DA:57,41
DA:68,14
DA:69,14
DA:70,6
DA:72,6
DA:85,14
DA:87,14
DA:88,14
DA:90,14
LF:19
LH:19
BRDA:42,1,0,41
BRDA:42,1,1,0
BRDA:69,2,0,6
BRDA:69,2,1,8
BRF:4
BRH:3
end_of_record
TN:
SF:/home/rcano/Development/thesolidchain/ntropika/potion-protocol/contracts/hedging-vault/contracts/rounds/RoundsOutputVault.sol
FN:41,initialize
FN:67,_operate
FN:84,_getCurrentExchangeRate
FNF:3
FNH:3
FNDA:41,initialize
FNDA:14,_operate
FNDA:14,_getCurrentExchangeRate
DA:45,41
DA:46,41
DA:48,41
DA:49,41
DA:50,41
DA:52,41
DA:53,41
DA:54,41
DA:55,41
DA:56,41
DA:57,41
DA:68,14
DA:69,14
DA:70,2
DA:72,2
DA:85,14
DA:87,14
DA:88,14
DA:90,14
LF:19
LH:19
BRDA:41,1,0,41
BRDA:41,1,1,0
BRDA:69,2,0,2
BRDA:69,2,1,12
BRF:4
BRH:3
end_of_record
TN:
SF:/home/rcano/Development/thesolidchain/ntropika/potion-protocol/contracts/hedging-vault/contracts/rounds/VaultDeferredOperationUpgradeable.sol
FN:48,__VaultDeferredOperation_init
FN:53,__VaultDeferredOperation_init_unchained
FN:60,vault
FN:71,_redeemFromTarget
FN:84,_depositOnTarget
FNF:5
FNH:4
FNDA:0,__VaultDeferredOperation_init
FNDA:85,__VaultDeferredOperation_init_unchained
FNDA:31,vault
FNDA:3,_redeemFromTarget
FNDA:7,_depositOnTarget
DA:49,0
DA:54,85
DA:61,31
DA:72,3
DA:74,3
DA:85,7
DA:87,7
LF:7
LH:6
BRDA:48,1,0,0
BRDA:48,1,1,0
BRDA:53,2,0,85
BRDA:53,2,1,0
BRF:4
BRH:1
end_of_record
TN:
SF:/home/rcano/Development/thesolidchain/ntropika/potion-protocol/contracts/hedging-vault/contracts/rounds/VaultWithReceiptsUpgradeable.sol
FN:50,__VaultWithReceipts_init
FN:55,__VaultWithReceipts_init_unchained
FN:60,asset
FN:65,totalAssets
FN:70,maxDeposit
FN:75,maxRedeem
FN:80,deposit
FN:89,redeem
FN:103,redeemBatch
FN:126,_deposit
FN:148,_redeem
FN:174,_redeemBatch
FN:206,_getMintId
FNF:13
FNH:11
FNDA:0,__VaultWithReceipts_init
FNDA:92,__VaultWithReceipts_init_unchained
FNDA:39,asset
FNDA:30,totalAssets
FNDA:36,maxDeposit
FNDA:20,maxRedeem
FNDA:34,deposit
FNDA:6,redeem
FNDA:4,redeemBatch
FNDA:34,_deposit
FNDA:6,_redeem
FNDA:4,_redeemBatch
FNDA:0,_getMintId
DA:51,0
DA:56,92
DA:61,39
DA:66,30
DA:71,36
DA:76,20
DA:81,34
DA:83,34
DA:85,34
DA:95,6
DA:97,6
DA:99,6
DA:109,4
DA:111,4
DA:112,4
DA:113,10
DA:116,4
DA:118,4
DA:120,4
DA:139,34
DA:140,34
DA:142,34
DA:155,6
DA:156,0
DA:165,6
DA:166,6
DA:168,6
DA:182,4
DA:183,0
DA:192,4
DA:193,4
DA:195,4
DA:207,0
LF:33
LH:29
BRDA:50,1,0,0
BRDA:50,1,1,0
BRDA:55,2,0,92
BRDA:55,2,1,0
BRDA:81,3,0,34
BRDA:81,3,1,0
BRDA:95,4,0,6
BRDA:95,4,1,0
BRDA:109,5,0,4
BRDA:109,5,1,0
BRDA:116,6,0,4
BRDA:116,6,1,0
BRDA:155,7,0,0
BRDA:155,7,1,6
BRDA:156,8,0,0
BRDA:156,8,1,0
BRDA:182,9,0,0
BRDA:182,9,1,4
BRF:18
BRH:7
end_of_record
TN:
SF:/home/rcano/Development/thesolidchain/ntropika/potion-protocol/contracts/hedging-vault/contracts/vault/ActionsManagerUpgradeable.sol
FN:62,__ActionsManager_init_unchained
FN:79,setPrincipalPercentages
FN:88,getActionsLength
FN:95,getAction
FN:102,getPrincipalPercentages
FN:109,getPrincipalPercentage
FN:118,getTotalPrincipalPercentages
FN:127,__setPrincipalPercentages
FNF:8
FNH:7
FNDA:34,__ActionsManager_init_unchained
FNDA:0,setPrincipalPercentages
FNDA:43,getActionsLength
FNDA:11,getAction
FNDA:3,getPrincipalPercentages
FNDA:9,getPrincipalPercentage
FNDA:4,getTotalPrincipalPercentages
FNDA:34,__setPrincipalPercentages
DA:64,34
DA:65,34
DA:66,36
DA:69,34
DA:71,34
DA:80,0
DA:89,43
DA:96,11
DA:103,3
DA:110,9
DA:111,9
DA:119,4
DA:128,34
DA:130,34
DA:131,0
DA:134,34
DA:135,34
DA:138,34
DA:140,34
DA:141,36
DA:142,0
DA:145,36
DA:146,36
DA:149,34
DA:150,0
DA:153,34
LF:26
LH:22
BRDA:62,1,0,34
BRDA:62,1,1,0
BRDA:79,2,0,0
BRDA:79,2,1,0
BRDA:110,3,0,9
BRDA:110,3,1,0
BRDA:130,4,0,0
BRDA:130,4,1,34
BRDA:134,5,0,34
BRDA:134,5,1,0
BRDA:141,6,0,0
BRDA:141,6,1,36
BRDA:141,7,0,0
BRDA:141,7,1,0
BRDA:149,8,0,0
BRDA:149,8,1,34
BRF:16
BRH:6
end_of_record
TN:
SF:/home/rcano/Development/thesolidchain/ntropika/potion-protocol/contracts/hedging-vault/contracts/vault/BaseVaultUpgradeable.sol
FN:81,initialize
FNF:1
FNH:1
FNDA:33,initialize
DA:85,33
DA:86,33
DA:88,33
DA:89,33
DA:90,33
DA:91,33
DA:92,33
DA:93,33
DA:94,33
DA:95,33
DA:97,33
LF:11
LH:11
BRDA:81,1,0,33
BRDA:81,1,1,0
BRF:2
BRH:1
end_of_record
TN:
SF:/home/rcano/Development/thesolidchain/ntropika/potion-protocol/contracts/hedging-vault/contracts/vault/FeeManagerUpgradeable.sol
FN:72,__FeeManager_init_unchained
FN:83,setManagementFee
FN:90,setPerformanceFee
FN:97,getManagementFee
FN:104,getPerformanceFee
FN:111,setFeesRecipient
FN:118,getFeesRecipient
FN:130,_calculateManagementPayment
FN:140,_calculatePerformancePayment
FN:152,_payFees
FN:172,_payFeesETH
FN:186,_setManagementFee
FN:201,_setPerformanceFee
FN:217,_setFeesRecipient
FNF:14
FNH:14
FNDA:34,__FeeManager_init_unchained
FNDA:7,setManagementFee
FNDA:7,setPerformanceFee
FNDA:4,getManagementFee
FNDA:4,getPerformanceFee
FNDA:5,setFeesRecipient
FNDA:4,getFeesRecipient
FNDA:5,_calculateManagementPayment
FNDA:5,_calculatePerformancePayment
FNDA:1,_payFees
FNDA:1,_payFeesETH
FNDA:41,_setManagementFee
FNDA:41,_setPerformanceFee
FNDA:39,_setFeesRecipient
DA:73,34
DA:74,34
DA:75,34
DA:84,7
DA:91,7
DA:98,4
DA:105,4
DA:112,5
DA:119,4
DA:131,5
DA:141,5
DA:157,1
DA:158,1
DA:160,1
DA:162,1
DA:173,1
DA:174,1
DA:176,1
DA:178,1
DA:187,41
DA:191,40
DA:193,40
DA:195,40
DA:202,41
DA:206,40
DA:207,40
DA:209,40
DA:218,39
DA:220,38
DA:222,38
DA:224,38
LF:31
LH:31
BRDA:72,1,0,34
BRDA:72,1,1,0
BRDA:83,2,0,7
BRDA:83,2,1,1
BRDA:90,3,0,7
BRDA:90,3,1,1
BRDA:111,4,0,5
BRDA:111,4,1,1
BRDA:187,5,0,40
BRDA:187,5,1,1
BRDA:202,6,0,40
BRDA:202,6,1,1
BRDA:218,7,0,38
BRDA:218,7,1,1
BRF:14
BRH:13
end_of_record
TN:
SF:/home/rcano/Development/thesolidchain/ntropika/potion-protocol/contracts/hedging-vault/contracts/vault/InvestmentVault.sol
FN:36,enterPosition
FN:69,exitPosition
FN:96,canPositionBeExited
FN:115,canPositionBeEntered
FN:138,deposit
FN:151,mint
FN:164,withdraw
FN:175,redeem
FNF:8
FNH:4
FNDA:4,enterPosition
FNDA:2,exitPosition
FNDA:0,canPositionBeExited
FNDA:0,canPositionBeEntered
FNDA:4,deposit
FNDA:0,mint
FNDA:0,withdraw
FNDA:2,redeem
DA:37,4
DA:39,4
DA:41,4
DA:42,4
DA:43,4
DA:45,4
DA:47,4
DA:48,4
DA:50,4
DA:52,4
DA:54,4
DA:56,4
DA:59,4
DA:60,0
DA:63,4
DA:70,2
DA:72,2
DA:74,2
DA:76,2
DA:77,2
DA:79,2
DA:81,2
DA:84,2
DA:86,2
DA:90,2
DA:97,0
DA:99,0
DA:100,0
DA:102,0
DA:103,0
DA:107,0
DA:109,0
DA:116,0
DA:118,0
DA:119,0
DA:121,0
DA:122,0
DA:126,0
DA:128,0
DA:141,4
DA:154,0
DA:165,0
DA:176,2
LF:43
LH:26
BRDA:36,1,0,4
BRDA:36,1,1,0
BRDA:36,2,0,4
BRDA:36,2,1,0
BRDA:36,3,0,4
BRDA:36,3,1,0
BRDA:59,4,0,0
BRDA:59,4,1,4
BRDA:69,5,0,2
BRDA:69,5,1,0
BRDA:69,6,0,2
BRDA:69,6,1,0
BRDA:69,7,0,2
BRDA:69,7,1,0
BRDA:102,8,0,0
BRDA:102,8,1,0
BRDA:121,9,0,0
BRDA:121,9,1,0
BRDA:137,10,0,4
BRDA:137,10,1,0
BRDA:138,11,0,4
BRDA:138,11,1,0
BRDA:150,12,0,0
BRDA:150,12,1,0
BRDA:151,13,0,0
BRDA:151,13,1,0
BRDA:164,14,0,0
BRDA:164,14,1,0
BRDA:164,15,0,0
BRDA:164,15,1,0
BRDA:175,16,0,2
BRDA:175,16,1,0
BRDA:175,17,0,2
BRDA:175,17,1,0
BRF:34
BRH:11
end_of_record
TN:
SF:/home/rcano/Development/thesolidchain/ntropika/potion-protocol/contracts/hedging-vault/contracts/versioning/PotionBuyActionV0.sol
FN:74,onlyAfterCycleStart
FN:84,onlyAfterCycleEnd
FNF:2
FNH:2
FNDA:4,onlyAfterCycleStart
FNDA:2,onlyAfterCycleEnd
DA:75,4
DA:76,4
DA:85,2
DA:86,2
LF:4
LH:4
BRDA:75,1,0,4
BRDA:75,1,1,0
BRDA:85,2,0,2
BRDA:85,2,1,0
BRF:4
BRH:2
end_of_record
