{"/home/raz/Code/Ntropika/potion-protocol/libs/hedging-vault-sdk/src/PRBMathUtils.ts": {"path":"/home/raz/Code/Ntropika/potion-protocol/libs/hedging-vault-sdk/src/PRBMathUtils.ts","all":false,"statementMap":{"0":{"start":{"line":1,"column":0},"end":{"line":1,"column":30}},"1":{"start":{"line":2,"column":0},"end":{"line":2,"column":53}},"2":{"start":{"line":3,"column":0},"end":{"line":3,"column":35}},"3":{"start":{"line":4,"column":0},"end":{"line":4,"column":61}},"4":{"start":{"line":5,"column":0},"end":{"line":5,"column":0}},"5":{"start":{"line":6,"column":0},"end":{"line":6,"column":3}},"6":{"start":{"line":7,"column":0},"end":{"line":7,"column":24}},"7":{"start":{"line":8,"column":0},"end":{"line":8,"column":0}},"8":{"start":{"line":9,"column":0},"end":{"line":9,"column":80}},"9":{"start":{"line":10,"column":0},"end":{"line":10,"column":0}},"10":{"start":{"line":11,"column":0},"end":{"line":11,"column":37}},"11":{"start":{"line":12,"column":0},"end":{"line":12,"column":4}},"12":{"start":{"line":13,"column":0},"end":{"line":13,"column":0}},"13":{"start":{"line":14,"column":0},"end":{"line":14,"column":3}},"14":{"start":{"line":15,"column":0},"end":{"line":15,"column":119}},"15":{"start":{"line":16,"column":0},"end":{"line":16,"column":0}},"16":{"start":{"line":17,"column":0},"end":{"line":17,"column":73}},"17":{"start":{"line":18,"column":0},"end":{"line":18,"column":76}},"18":{"start":{"line":19,"column":0},"end":{"line":19,"column":97}},"19":{"start":{"line":20,"column":0},"end":{"line":20,"column":100}},"20":{"start":{"line":21,"column":0},"end":{"line":21,"column":0}},"21":{"start":{"line":22,"column":0},"end":{"line":22,"column":115}},"22":{"start":{"line":23,"column":0},"end":{"line":23,"column":0}},"23":{"start":{"line":24,"column":0},"end":{"line":24,"column":17}},"24":{"start":{"line":25,"column":0},"end":{"line":25,"column":28}},"25":{"start":{"line":26,"column":0},"end":{"line":26,"column":42}},"26":{"start":{"line":27,"column":0},"end":{"line":27,"column":30}},"27":{"start":{"line":28,"column":0},"end":{"line":28,"column":0}},"28":{"start":{"line":29,"column":0},"end":{"line":29,"column":30}},"29":{"start":{"line":30,"column":0},"end":{"line":30,"column":43}},"30":{"start":{"line":31,"column":0},"end":{"line":31,"column":31}},"31":{"start":{"line":32,"column":0},"end":{"line":32,"column":0}},"32":{"start":{"line":33,"column":0},"end":{"line":33,"column":37}},"33":{"start":{"line":34,"column":0},"end":{"line":34,"column":0}},"34":{"start":{"line":35,"column":0},"end":{"line":35,"column":70}},"35":{"start":{"line":36,"column":0},"end":{"line":36,"column":0}},"36":{"start":{"line":37,"column":0},"end":{"line":37,"column":17}},"37":{"start":{"line":38,"column":0},"end":{"line":38,"column":28}},"38":{"start":{"line":39,"column":0},"end":{"line":39,"column":42}},"39":{"start":{"line":40,"column":0},"end":{"line":40,"column":30}},"40":{"start":{"line":41,"column":0},"end":{"line":41,"column":0}},"41":{"start":{"line":42,"column":0},"end":{"line":42,"column":30}},"42":{"start":{"line":43,"column":0},"end":{"line":43,"column":43}},"43":{"start":{"line":44,"column":0},"end":{"line":44,"column":30}},"44":{"start":{"line":45,"column":0},"end":{"line":45,"column":0}},"45":{"start":{"line":46,"column":0},"end":{"line":46,"column":37}},"46":{"start":{"line":47,"column":0},"end":{"line":47,"column":0}},"47":{"start":{"line":48,"column":0},"end":{"line":48,"column":64}},"48":{"start":{"line":49,"column":0},"end":{"line":49,"column":0}},"49":{"start":{"line":50,"column":0},"end":{"line":50,"column":17}},"50":{"start":{"line":51,"column":0},"end":{"line":51,"column":29}},"51":{"start":{"line":52,"column":0},"end":{"line":52,"column":43}},"52":{"start":{"line":53,"column":0},"end":{"line":53,"column":29}},"53":{"start":{"line":54,"column":0},"end":{"line":54,"column":0}},"54":{"start":{"line":55,"column":0},"end":{"line":55,"column":30}},"55":{"start":{"line":56,"column":0},"end":{"line":56,"column":43}},"56":{"start":{"line":57,"column":0},"end":{"line":57,"column":31}},"57":{"start":{"line":58,"column":0},"end":{"line":58,"column":0}},"58":{"start":{"line":59,"column":0},"end":{"line":59,"column":38}},"59":{"start":{"line":60,"column":0},"end":{"line":60,"column":0}},"60":{"start":{"line":61,"column":0},"end":{"line":61,"column":58}},"61":{"start":{"line":62,"column":0},"end":{"line":62,"column":2}},"62":{"start":{"line":63,"column":0},"end":{"line":63,"column":33}},"63":{"start":{"line":64,"column":0},"end":{"line":64,"column":39}},"64":{"start":{"line":65,"column":0},"end":{"line":65,"column":40}},"65":{"start":{"line":66,"column":0},"end":{"line":66,"column":43}},"66":{"start":{"line":67,"column":0},"end":{"line":67,"column":44}},"67":{"start":{"line":68,"column":0},"end":{"line":68,"column":14}},"68":{"start":{"line":69,"column":0},"end":{"line":69,"column":87}},"69":{"start":{"line":70,"column":0},"end":{"line":70,"column":90}},"70":{"start":{"line":71,"column":0},"end":{"line":71,"column":80}},"71":{"start":{"line":72,"column":0},"end":{"line":72,"column":0}},"72":{"start":{"line":73,"column":0},"end":{"line":73,"column":67}},"73":{"start":{"line":74,"column":0},"end":{"line":74,"column":69}},"74":{"start":{"line":75,"column":0},"end":{"line":75,"column":0}},"75":{"start":{"line":76,"column":0},"end":{"line":76,"column":53}},"76":{"start":{"line":77,"column":0},"end":{"line":77,"column":20}},"77":{"start":{"line":78,"column":0},"end":{"line":78,"column":5}},"78":{"start":{"line":79,"column":0},"end":{"line":79,"column":0}},"79":{"start":{"line":80,"column":0},"end":{"line":80,"column":37}},"80":{"start":{"line":81,"column":0},"end":{"line":81,"column":53}},"81":{"start":{"line":82,"column":0},"end":{"line":82,"column":74}},"82":{"start":{"line":83,"column":0},"end":{"line":83,"column":75}},"83":{"start":{"line":84,"column":0},"end":{"line":84,"column":1}}},"s":{"0":1,"1":1,"2":1,"3":1,"4":1,"5":1,"6":1,"7":1,"8":1,"9":1,"10":1,"11":1,"12":1,"13":1,"14":1,"15":1,"16":1,"17":1,"18":1,"19":1,"20":1,"21":1,"22":1,"23":1,"24":1,"25":1,"26":1,"27":1,"28":1,"29":1,"30":1,"31":1,"32":1,"33":1,"34":1,"35":1,"36":1,"37":1,"38":1,"39":1,"40":1,"41":1,"42":1,"43":1,"44":1,"45":1,"46":1,"47":1,"48":1,"49":1,"50":1,"51":1,"52":1,"53":1,"54":1,"55":1,"56":1,"57":1,"58":1,"59":1,"60":1,"61":1,"62":1,"63":6,"64":6,"65":6,"66":6,"67":6,"68":6,"69":6,"70":6,"71":6,"72":6,"73":6,"74":6,"75":6,"76":3,"77":3,"78":3,"79":3,"80":3,"81":1,"82":2,"83":6},"branchMap":{"0":{"type":"branch","line":63,"loc":{"start":{"line":63,"column":7},"end":{"line":84,"column":1}},"locations":[{"start":{"line":63,"column":7},"end":{"line":84,"column":1}}]},"1":{"type":"branch","line":76,"loc":{"start":{"line":76,"column":52},"end":{"line":81,"column":53}},"locations":[{"start":{"line":76,"column":52},"end":{"line":81,"column":53}}]},"2":{"type":"branch","line":81,"loc":{"start":{"line":81,"column":52},"end":{"line":82,"column":74}},"locations":[{"start":{"line":81,"column":52},"end":{"line":82,"column":74}}]},"3":{"type":"branch","line":82,"loc":{"start":{"line":82,"column":73},"end":{"line":83,"column":75}},"locations":[{"start":{"line":82,"column":73},"end":{"line":83,"column":75}}]},"4":{"type":"branch","line":84,"loc":{"start":{"line":84,"column":0},"end":{"line":84,"column":1}},"locations":[{"start":{"line":84,"column":0},"end":{"line":84,"column":1}}]}},"b":{"0":[6],"1":[3],"2":[1],"3":[2],"4":[6]},"fnMap":{"0":{"name":"getRateInUD60x18","decl":{"start":{"line":63,"column":7},"end":{"line":84,"column":1}},"loc":{"start":{"line":63,"column":7},"end":{"line":84,"column":1}},"line":63},"1":{"name":"get","decl":{"start":{"line":84,"column":0},"end":{"line":84,"column":1}},"loc":{"start":{"line":84,"column":0},"end":{"line":84,"column":1}},"line":84}},"f":{"0":6,"1":6}}
,"/home/raz/Code/Ntropika/potion-protocol/libs/hedging-vault-sdk/src/exchangeInputForOutput.ts": {"path":"/home/raz/Code/Ntropika/potion-protocol/libs/hedging-vault-sdk/src/exchangeInputForOutput.ts","all":false,"statementMap":{"0":{"start":{"line":1,"column":0},"end":{"line":1,"column":32}},"1":{"start":{"line":2,"column":0},"end":{"line":2,"column":15}},"2":{"start":{"line":3,"column":0},"end":{"line":3,"column":19}},"3":{"start":{"line":4,"column":0},"end":{"line":4,"column":27}},"4":{"start":{"line":5,"column":0},"end":{"line":5,"column":19}},"5":{"start":{"line":6,"column":0},"end":{"line":6,"column":28}},"6":{"start":{"line":7,"column":0},"end":{"line":7,"column":1}},"7":{"start":{"line":8,"column":0},"end":{"line":8,"column":0}},"8":{"start":{"line":9,"column":0},"end":{"line":9,"column":83}},"9":{"start":{"line":10,"column":0},"end":{"line":10,"column":83}},"10":{"start":{"line":11,"column":0},"end":{"line":11,"column":2}},"11":{"start":{"line":12,"column":0},"end":{"line":12,"column":0}},"12":{"start":{"line":13,"column":0},"end":{"line":13,"column":119}},"13":{"start":{"line":14,"column":0},"end":{"line":14,"column":53}},"14":{"start":{"line":15,"column":0},"end":{"line":15,"column":2}},"15":{"start":{"line":16,"column":0},"end":{"line":16,"column":57}},"16":{"start":{"line":17,"column":0},"end":{"line":17,"column":33}},"17":{"start":{"line":18,"column":0},"end":{"line":18,"column":23}},"18":{"start":{"line":19,"column":0},"end":{"line":19,"column":36}},"19":{"start":{"line":20,"column":0},"end":{"line":20,"column":14}},"20":{"start":{"line":21,"column":0},"end":{"line":21,"column":119}},"21":{"start":{"line":22,"column":0},"end":{"line":22,"column":69}},"22":{"start":{"line":23,"column":0},"end":{"line":23,"column":2}},"23":{"start":{"line":24,"column":0},"end":{"line":24,"column":0}},"24":{"start":{"line":25,"column":0},"end":{"line":25,"column":93}},"25":{"start":{"line":26,"column":0},"end":{"line":26,"column":27}},"26":{"start":{"line":27,"column":0},"end":{"line":27,"column":2}},"27":{"start":{"line":28,"column":0},"end":{"line":28,"column":0}},"28":{"start":{"line":29,"column":0},"end":{"line":29,"column":38}},"29":{"start":{"line":30,"column":0},"end":{"line":30,"column":44}},"30":{"start":{"line":31,"column":0},"end":{"line":31,"column":36}},"31":{"start":{"line":32,"column":0},"end":{"line":32,"column":14}},"32":{"start":{"line":33,"column":0},"end":{"line":33,"column":69}},"33":{"start":{"line":34,"column":0},"end":{"line":34,"column":2}},"34":{"start":{"line":35,"column":0},"end":{"line":35,"column":0}},"35":{"start":{"line":36,"column":0},"end":{"line":36,"column":93}},"36":{"start":{"line":37,"column":0},"end":{"line":37,"column":35}},"37":{"start":{"line":38,"column":0},"end":{"line":38,"column":2}},"38":{"start":{"line":39,"column":0},"end":{"line":39,"column":0}},"39":{"start":{"line":40,"column":0},"end":{"line":40,"column":89}},"40":{"start":{"line":41,"column":0},"end":{"line":41,"column":80}},"41":{"start":{"line":42,"column":0},"end":{"line":42,"column":2}},"42":{"start":{"line":43,"column":0},"end":{"line":43,"column":0}},"43":{"start":{"line":44,"column":0},"end":{"line":44,"column":99}},"44":{"start":{"line":45,"column":0},"end":{"line":45,"column":79}},"45":{"start":{"line":46,"column":0},"end":{"line":46,"column":119}},"46":{"start":{"line":47,"column":0},"end":{"line":47,"column":68}},"47":{"start":{"line":48,"column":0},"end":{"line":48,"column":0}},"48":{"start":{"line":49,"column":0},"end":{"line":49,"column":84}},"49":{"start":{"line":50,"column":0},"end":{"line":50,"column":59}},"50":{"start":{"line":51,"column":0},"end":{"line":51,"column":103}},"51":{"start":{"line":52,"column":0},"end":{"line":52,"column":95}},"52":{"start":{"line":53,"column":0},"end":{"line":53,"column":109}},"53":{"start":{"line":54,"column":0},"end":{"line":54,"column":46}},"54":{"start":{"line":55,"column":0},"end":{"line":55,"column":41}},"55":{"start":{"line":56,"column":0},"end":{"line":56,"column":48}},"56":{"start":{"line":57,"column":0},"end":{"line":57,"column":25}},"57":{"start":{"line":58,"column":0},"end":{"line":58,"column":16}},"58":{"start":{"line":59,"column":0},"end":{"line":59,"column":41}},"59":{"start":{"line":60,"column":0},"end":{"line":60,"column":51}},"60":{"start":{"line":61,"column":0},"end":{"line":61,"column":24}},"61":{"start":{"line":62,"column":0},"end":{"line":62,"column":9}},"62":{"start":{"line":63,"column":0},"end":{"line":63,"column":7}},"63":{"start":{"line":64,"column":0},"end":{"line":64,"column":20}},"64":{"start":{"line":65,"column":0},"end":{"line":65,"column":2}}},"s":{"0":1,"1":1,"2":1,"3":1,"4":1,"5":1,"6":1,"7":1,"8":1,"9":5,"10":3,"11":1,"12":1,"13":4,"14":1,"15":1,"16":1,"17":1,"18":1,"19":1,"20":1,"21":1,"22":1,"23":1,"24":1,"25":5,"26":1,"27":1,"28":1,"29":1,"30":5,"31":5,"32":5,"33":1,"34":1,"35":1,"36":5,"37":1,"38":1,"39":1,"40":3,"41":1,"42":1,"43":1,"44":2,"45":2,"46":2,"47":2,"48":2,"49":2,"50":4,"51":4,"52":4,"53":4,"54":1,"55":1,"56":1,"57":4,"58":3,"59":3,"60":3,"61":3,"62":4,"63":2,"64":2},"branchMap":{"0":{"type":"branch","line":9,"loc":{"start":{"line":9,"column":82},"end":{"line":11,"column":2}},"locations":[{"start":{"line":9,"column":82},"end":{"line":11,"column":2}}]},"1":{"type":"branch","line":10,"loc":{"start":{"line":10,"column":34},"end":{"line":10,"column":80}},"locations":[{"start":{"line":10,"column":34},"end":{"line":10,"column":80}}]},"2":{"type":"branch","line":11,"loc":{"start":{"line":11,"column":0},"end":{"line":11,"column":2}},"locations":[{"start":{"line":11,"column":0},"end":{"line":11,"column":2}}]},"3":{"type":"branch","line":13,"loc":{"start":{"line":13,"column":57},"end":{"line":15,"column":2}},"locations":[{"start":{"line":13,"column":57},"end":{"line":15,"column":2}}]},"4":{"type":"branch","line":15,"loc":{"start":{"line":15,"column":0},"end":{"line":15,"column":2}},"locations":[{"start":{"line":15,"column":0},"end":{"line":15,"column":2}}]},"5":{"type":"branch","line":17,"loc":{"start":{"line":17,"column":4},"end":{"line":23,"column":2}},"locations":[{"start":{"line":17,"column":4},"end":{"line":23,"column":2}}]},"6":{"type":"branch","line":23,"loc":{"start":{"line":23,"column":0},"end":{"line":23,"column":2}},"locations":[{"start":{"line":23,"column":0},"end":{"line":23,"column":2}}]},"7":{"type":"branch","line":25,"loc":{"start":{"line":25,"column":49},"end":{"line":27,"column":2}},"locations":[{"start":{"line":25,"column":49},"end":{"line":27,"column":2}}]},"8":{"type":"branch","line":27,"loc":{"start":{"line":27,"column":0},"end":{"line":27,"column":2}},"locations":[{"start":{"line":27,"column":0},"end":{"line":27,"column":2}}]},"9":{"type":"branch","line":30,"loc":{"start":{"line":30,"column":4},"end":{"line":34,"column":2}},"locations":[{"start":{"line":30,"column":4},"end":{"line":34,"column":2}}]},"10":{"type":"branch","line":34,"loc":{"start":{"line":34,"column":0},"end":{"line":34,"column":2}},"locations":[{"start":{"line":34,"column":0},"end":{"line":34,"column":2}}]},"11":{"type":"branch","line":36,"loc":{"start":{"line":36,"column":41},"end":{"line":38,"column":2}},"locations":[{"start":{"line":36,"column":41},"end":{"line":38,"column":2}}]},"12":{"type":"branch","line":38,"loc":{"start":{"line":38,"column":0},"end":{"line":38,"column":2}},"locations":[{"start":{"line":38,"column":0},"end":{"line":38,"column":2}}]},"13":{"type":"branch","line":40,"loc":{"start":{"line":40,"column":35},"end":{"line":42,"column":2}},"locations":[{"start":{"line":40,"column":35},"end":{"line":42,"column":2}}]},"14":{"type":"branch","line":41,"loc":{"start":{"line":41,"column":32},"end":{"line":41,"column":80}},"locations":[{"start":{"line":41,"column":32},"end":{"line":41,"column":80}}]},"15":{"type":"branch","line":42,"loc":{"start":{"line":42,"column":0},"end":{"line":42,"column":2}},"locations":[{"start":{"line":42,"column":0},"end":{"line":42,"column":2}}]},"16":{"type":"branch","line":44,"loc":{"start":{"line":44,"column":42},"end":{"line":65,"column":2}},"locations":[{"start":{"line":44,"column":42},"end":{"line":65,"column":2}}]},"17":{"type":"branch","line":50,"loc":{"start":{"line":50,"column":32},"end":{"line":63,"column":7}},"locations":[{"start":{"line":50,"column":32},"end":{"line":63,"column":7}}]},"18":{"type":"branch","line":54,"loc":{"start":{"line":54,"column":45},"end":{"line":58,"column":15}},"locations":[{"start":{"line":54,"column":45},"end":{"line":58,"column":15}}]},"19":{"type":"branch","line":58,"loc":{"start":{"line":58,"column":8},"end":{"line":62,"column":9}},"locations":[{"start":{"line":58,"column":8},"end":{"line":62,"column":9}}]},"20":{"type":"branch","line":65,"loc":{"start":{"line":65,"column":0},"end":{"line":65,"column":2}},"locations":[{"start":{"line":65,"column":0},"end":{"line":65,"column":2}}]}},"b":{"0":[5],"1":[15],"2":[3],"3":[4],"4":[1],"5":[1],"6":[1],"7":[5],"8":[1],"9":[5],"10":[1],"11":[5],"12":[1],"13":[3],"14":[8],"15":[1],"16":[2],"17":[4],"18":[1],"19":[3],"20":[2]},"fnMap":{"0":{"name":"calculateTotalRemainingShares","decl":{"start":{"line":9,"column":82},"end":{"line":11,"column":2}},"loc":{"start":{"line":9,"column":82},"end":{"line":11,"column":2}},"line":9},"1":{"name":"get","decl":{"start":{"line":11,"column":0},"end":{"line":11,"column":2}},"loc":{"start":{"line":11,"column":0},"end":{"line":11,"column":2}},"line":11},"2":{"name":"calculateWithdrawalRequestAmountInShares","decl":{"start":{"line":13,"column":57},"end":{"line":15,"column":2}},"loc":{"start":{"line":13,"column":57},"end":{"line":15,"column":2}},"line":13},"3":{"name":"get","decl":{"start":{"line":15,"column":0},"end":{"line":15,"column":2}},"loc":{"start":{"line":15,"column":0},"end":{"line":15,"column":2}},"line":15},"4":{"name":"calculateWithdrawalRequestAmountInAssets","decl":{"start":{"line":17,"column":4},"end":{"line":23,"column":2}},"loc":{"start":{"line":17,"column":4},"end":{"line":23,"column":2}},"line":17},"5":{"name":"get","decl":{"start":{"line":23,"column":0},"end":{"line":23,"column":2}},"loc":{"start":{"line":23,"column":0},"end":{"line":23,"column":2}},"line":23},"6":{"name":"calculateShareToTicketAmountRate","decl":{"start":{"line":25,"column":49},"end":{"line":27,"column":2}},"loc":{"start":{"line":25,"column":49},"end":{"line":27,"column":2}},"line":25},"7":{"name":"get","decl":{"start":{"line":27,"column":0},"end":{"line":27,"column":2}},"loc":{"start":{"line":27,"column":0},"end":{"line":27,"column":2}},"line":27},"8":{"name":"calculateAmountToBurn","decl":{"start":{"line":30,"column":4},"end":{"line":34,"column":2}},"loc":{"start":{"line":30,"column":4},"end":{"line":34,"column":2}},"line":30},"9":{"name":"get","decl":{"start":{"line":34,"column":0},"end":{"line":34,"column":2}},"loc":{"start":{"line":34,"column":0},"end":{"line":34,"column":2}},"line":34},"10":{"name":"calculateRemainingAmount","decl":{"start":{"line":36,"column":41},"end":{"line":38,"column":2}},"loc":{"start":{"line":36,"column":41},"end":{"line":38,"column":2}},"line":36},"11":{"name":"get","decl":{"start":{"line":38,"column":0},"end":{"line":38,"column":2}},"loc":{"start":{"line":38,"column":0},"end":{"line":38,"column":2}},"line":38},"12":{"name":"sortDepositTickets","decl":{"start":{"line":40,"column":35},"end":{"line":42,"column":2}},"loc":{"start":{"line":40,"column":35},"end":{"line":42,"column":2}},"line":40},"13":{"name":"get","decl":{"start":{"line":42,"column":0},"end":{"line":42,"column":2}},"loc":{"start":{"line":42,"column":0},"end":{"line":42,"column":2}},"line":42},"14":{"name":"getDepositTicketsBurnInfo","decl":{"start":{"line":44,"column":42},"end":{"line":65,"column":2}},"loc":{"start":{"line":44,"column":42},"end":{"line":65,"column":2}},"line":44},"15":{"name":"get","decl":{"start":{"line":65,"column":0},"end":{"line":65,"column":2}},"loc":{"start":{"line":65,"column":0},"end":{"line":65,"column":2}},"line":65}},"f":{"0":5,"1":3,"2":4,"3":1,"4":1,"5":1,"6":5,"7":1,"8":5,"9":1,"10":5,"11":1,"12":3,"13":1,"14":2,"15":2}}
,"/home/raz/Code/Ntropika/potion-protocol/libs/hedging-vault-sdk/src/percentageUtils.ts": {"path":"/home/raz/Code/Ntropika/potion-protocol/libs/hedging-vault-sdk/src/percentageUtils.ts","all":false,"statementMap":{"0":{"start":{"line":1,"column":0},"end":{"line":1,"column":53}},"1":{"start":{"line":2,"column":0},"end":{"line":2,"column":61}},"2":{"start":{"line":3,"column":0},"end":{"line":3,"column":0}},"3":{"start":{"line":4,"column":0},"end":{"line":4,"column":3}},"4":{"start":{"line":5,"column":0},"end":{"line":5,"column":27}},"5":{"start":{"line":6,"column":0},"end":{"line":6,"column":0}},"6":{"start":{"line":7,"column":0},"end":{"line":7,"column":90}},"7":{"start":{"line":8,"column":0},"end":{"line":8,"column":0}},"8":{"start":{"line":9,"column":0},"end":{"line":9,"column":37}},"9":{"start":{"line":10,"column":0},"end":{"line":10,"column":4}},"10":{"start":{"line":11,"column":0},"end":{"line":11,"column":0}},"11":{"start":{"line":12,"column":0},"end":{"line":12,"column":3}},"12":{"start":{"line":13,"column":0},"end":{"line":13,"column":67}},"13":{"start":{"line":14,"column":0},"end":{"line":14,"column":2}},"14":{"start":{"line":15,"column":0},"end":{"line":15,"column":37}},"15":{"start":{"line":16,"column":0},"end":{"line":16,"column":0}},"16":{"start":{"line":17,"column":0},"end":{"line":17,"column":3}},"17":{"start":{"line":18,"column":0},"end":{"line":18,"column":90}},"18":{"start":{"line":19,"column":0},"end":{"line":19,"column":24}},"19":{"start":{"line":20,"column":0},"end":{"line":20,"column":2}},"20":{"start":{"line":21,"column":0},"end":{"line":21,"column":59}},"21":{"start":{"line":22,"column":0},"end":{"line":22,"column":0}},"22":{"start":{"line":23,"column":0},"end":{"line":23,"column":3}},"23":{"start":{"line":24,"column":0},"end":{"line":24,"column":67}},"24":{"start":{"line":25,"column":0},"end":{"line":25,"column":2}},"25":{"start":{"line":26,"column":0},"end":{"line":26,"column":61}},"26":{"start":{"line":27,"column":0},"end":{"line":27,"column":0}},"27":{"start":{"line":28,"column":0},"end":{"line":28,"column":3}},"28":{"start":{"line":29,"column":0},"end":{"line":29,"column":75}},"29":{"start":{"line":30,"column":0},"end":{"line":30,"column":0}},"30":{"start":{"line":31,"column":0},"end":{"line":31,"column":54}},"31":{"start":{"line":32,"column":0},"end":{"line":32,"column":0}},"32":{"start":{"line":33,"column":0},"end":{"line":33,"column":45}},"33":{"start":{"line":34,"column":0},"end":{"line":34,"column":45}},"34":{"start":{"line":35,"column":0},"end":{"line":35,"column":2}},"35":{"start":{"line":36,"column":0},"end":{"line":36,"column":84}},"36":{"start":{"line":37,"column":0},"end":{"line":37,"column":70}},"37":{"start":{"line":38,"column":0},"end":{"line":38,"column":1}},"38":{"start":{"line":39,"column":0},"end":{"line":39,"column":0}},"39":{"start":{"line":40,"column":0},"end":{"line":40,"column":3}},"40":{"start":{"line":41,"column":0},"end":{"line":41,"column":83}},"41":{"start":{"line":42,"column":0},"end":{"line":42,"column":0}},"42":{"start":{"line":43,"column":0},"end":{"line":43,"column":54}},"43":{"start":{"line":44,"column":0},"end":{"line":44,"column":0}},"44":{"start":{"line":45,"column":0},"end":{"line":45,"column":45}},"45":{"start":{"line":46,"column":0},"end":{"line":46,"column":45}},"46":{"start":{"line":47,"column":0},"end":{"line":47,"column":2}},"47":{"start":{"line":48,"column":0},"end":{"line":48,"column":89}},"48":{"start":{"line":49,"column":0},"end":{"line":49,"column":70}},"49":{"start":{"line":50,"column":0},"end":{"line":50,"column":1}},"50":{"start":{"line":51,"column":0},"end":{"line":51,"column":0}},"51":{"start":{"line":52,"column":0},"end":{"line":52,"column":3}},"52":{"start":{"line":53,"column":0},"end":{"line":53,"column":83}},"53":{"start":{"line":54,"column":0},"end":{"line":54,"column":0}},"54":{"start":{"line":55,"column":0},"end":{"line":55,"column":55}},"55":{"start":{"line":56,"column":0},"end":{"line":56,"column":59}},"56":{"start":{"line":57,"column":0},"end":{"line":57,"column":0}},"57":{"start":{"line":58,"column":0},"end":{"line":58,"column":54}},"58":{"start":{"line":59,"column":0},"end":{"line":59,"column":2}},"59":{"start":{"line":60,"column":0},"end":{"line":60,"column":86}},"60":{"start":{"line":61,"column":0},"end":{"line":61,"column":57}},"61":{"start":{"line":62,"column":0},"end":{"line":62,"column":1}},"62":{"start":{"line":63,"column":0},"end":{"line":63,"column":0}},"63":{"start":{"line":64,"column":0},"end":{"line":64,"column":3}},"64":{"start":{"line":65,"column":0},"end":{"line":65,"column":83}},"65":{"start":{"line":66,"column":0},"end":{"line":66,"column":0}},"66":{"start":{"line":67,"column":0},"end":{"line":67,"column":55}},"67":{"start":{"line":68,"column":0},"end":{"line":68,"column":60}},"68":{"start":{"line":69,"column":0},"end":{"line":69,"column":0}},"69":{"start":{"line":70,"column":0},"end":{"line":70,"column":60}},"70":{"start":{"line":71,"column":0},"end":{"line":71,"column":2}},"71":{"start":{"line":72,"column":0},"end":{"line":72,"column":86}},"72":{"start":{"line":73,"column":0},"end":{"line":73,"column":57}},"73":{"start":{"line":74,"column":0},"end":{"line":74,"column":1}},"74":{"start":{"line":75,"column":0},"end":{"line":75,"column":0}},"75":{"start":{"line":76,"column":0},"end":{"line":76,"column":3}},"76":{"start":{"line":77,"column":0},"end":{"line":77,"column":91}},"77":{"start":{"line":78,"column":0},"end":{"line":78,"column":0}},"78":{"start":{"line":79,"column":0},"end":{"line":79,"column":45}},"79":{"start":{"line":80,"column":0},"end":{"line":80,"column":0}},"80":{"start":{"line":81,"column":0},"end":{"line":81,"column":63}},"81":{"start":{"line":82,"column":0},"end":{"line":82,"column":2}},"82":{"start":{"line":83,"column":0},"end":{"line":83,"column":78}},"83":{"start":{"line":84,"column":0},"end":{"line":84,"column":41}},"84":{"start":{"line":85,"column":0},"end":{"line":85,"column":52}},"85":{"start":{"line":86,"column":0},"end":{"line":86,"column":12}},"86":{"start":{"line":87,"column":0},"end":{"line":87,"column":49}},"87":{"start":{"line":88,"column":0},"end":{"line":88,"column":5}},"88":{"start":{"line":89,"column":0},"end":{"line":89,"column":1}},"89":{"start":{"line":90,"column":0},"end":{"line":90,"column":0}},"90":{"start":{"line":91,"column":0},"end":{"line":91,"column":3}},"91":{"start":{"line":92,"column":0},"end":{"line":92,"column":99}},"92":{"start":{"line":93,"column":0},"end":{"line":93,"column":2}},"93":{"start":{"line":94,"column":0},"end":{"line":94,"column":69}},"94":{"start":{"line":95,"column":0},"end":{"line":95,"column":70}},"95":{"start":{"line":96,"column":0},"end":{"line":96,"column":1}},"96":{"start":{"line":97,"column":0},"end":{"line":97,"column":0}},"97":{"start":{"line":98,"column":0},"end":{"line":98,"column":3}},"98":{"start":{"line":99,"column":0},"end":{"line":99,"column":107}},"99":{"start":{"line":100,"column":0},"end":{"line":100,"column":2}},"100":{"start":{"line":101,"column":0},"end":{"line":101,"column":71}},"101":{"start":{"line":102,"column":0},"end":{"line":102,"column":56}},"102":{"start":{"line":103,"column":0},"end":{"line":103,"column":1}},"103":{"start":{"line":104,"column":0},"end":{"line":104,"column":0}},"104":{"start":{"line":105,"column":0},"end":{"line":105,"column":3}},"105":{"start":{"line":106,"column":0},"end":{"line":106,"column":85}},"106":{"start":{"line":107,"column":0},"end":{"line":107,"column":23}},"107":{"start":{"line":108,"column":0},"end":{"line":108,"column":2}},"108":{"start":{"line":109,"column":0},"end":{"line":109,"column":93}},"109":{"start":{"line":110,"column":0},"end":{"line":110,"column":77}},"110":{"start":{"line":111,"column":0},"end":{"line":111,"column":1}}},"s":{"0":1,"1":1,"2":1,"3":1,"4":1,"5":1,"6":1,"7":1,"8":1,"9":1,"10":1,"11":1,"12":1,"13":1,"14":1,"15":1,"16":1,"17":1,"18":1,"19":1,"20":1,"21":1,"22":1,"23":1,"24":1,"25":1,"26":1,"27":1,"28":1,"29":1,"30":1,"31":1,"32":1,"33":1,"34":1,"35":1,"36":1,"37":1,"38":1,"39":1,"40":1,"41":1,"42":1,"43":1,"44":1,"45":1,"46":1,"47":1,"48":1,"49":1,"50":1,"51":1,"52":1,"53":1,"54":1,"55":1,"56":1,"57":1,"58":1,"59":1,"60":48,"61":46,"62":1,"63":1,"64":1,"65":1,"66":1,"67":1,"68":1,"69":1,"70":1,"71":1,"72":10,"73":10,"74":1,"75":1,"76":1,"77":1,"78":1,"79":1,"80":1,"81":1,"82":1,"83":8,"84":4,"85":4,"86":4,"87":4,"88":8,"89":1,"90":1,"91":1,"92":1,"93":1,"94":46,"95":42,"96":1,"97":1,"98":1,"99":1,"100":1,"101":1,"102":1,"103":1,"104":1,"105":1,"106":1,"107":1,"108":1,"109":9,"110":9},"branchMap":{"0":{"type":"branch","line":26,"loc":{"start":{"line":26,"column":59},"end":{"line":26,"column":61}},"locations":[{"start":{"line":26,"column":59},"end":{"line":26,"column":61}}]},"1":{"type":"branch","line":36,"loc":{"start":{"line":36,"column":7},"end":{"line":38,"column":1}},"locations":[{"start":{"line":36,"column":7},"end":{"line":38,"column":1}}]},"2":{"type":"branch","line":38,"loc":{"start":{"line":38,"column":0},"end":{"line":38,"column":1}},"locations":[{"start":{"line":38,"column":0},"end":{"line":38,"column":1}}]},"3":{"type":"branch","line":48,"loc":{"start":{"line":48,"column":7},"end":{"line":50,"column":1}},"locations":[{"start":{"line":48,"column":7},"end":{"line":50,"column":1}}]},"4":{"type":"branch","line":50,"loc":{"start":{"line":50,"column":0},"end":{"line":50,"column":1}},"locations":[{"start":{"line":50,"column":0},"end":{"line":50,"column":1}}]},"5":{"type":"branch","line":60,"loc":{"start":{"line":60,"column":7},"end":{"line":62,"column":1}},"locations":[{"start":{"line":60,"column":7},"end":{"line":62,"column":1}}]},"6":{"type":"branch","line":62,"loc":{"start":{"line":62,"column":0},"end":{"line":62,"column":1}},"locations":[{"start":{"line":62,"column":0},"end":{"line":62,"column":1}}]},"7":{"type":"branch","line":72,"loc":{"start":{"line":72,"column":7},"end":{"line":74,"column":1}},"locations":[{"start":{"line":72,"column":7},"end":{"line":74,"column":1}}]},"8":{"type":"branch","line":74,"loc":{"start":{"line":74,"column":0},"end":{"line":74,"column":1}},"locations":[{"start":{"line":74,"column":0},"end":{"line":74,"column":1}}]},"9":{"type":"branch","line":83,"loc":{"start":{"line":83,"column":7},"end":{"line":89,"column":1}},"locations":[{"start":{"line":83,"column":7},"end":{"line":89,"column":1}}]},"10":{"type":"branch","line":84,"loc":{"start":{"line":84,"column":40},"end":{"line":89,"column":1}},"locations":[{"start":{"line":84,"column":40},"end":{"line":89,"column":1}}]},"11":{"type":"branch","line":85,"loc":{"start":{"line":85,"column":29},"end":{"line":85,"column":52}},"locations":[{"start":{"line":85,"column":29},"end":{"line":85,"column":52}}]},"12":{"type":"branch","line":89,"loc":{"start":{"line":89,"column":0},"end":{"line":89,"column":1}},"locations":[{"start":{"line":89,"column":0},"end":{"line":89,"column":1}}]},"13":{"type":"branch","line":94,"loc":{"start":{"line":94,"column":7},"end":{"line":96,"column":1}},"locations":[{"start":{"line":94,"column":7},"end":{"line":96,"column":1}}]},"14":{"type":"branch","line":96,"loc":{"start":{"line":96,"column":0},"end":{"line":96,"column":1}},"locations":[{"start":{"line":96,"column":0},"end":{"line":96,"column":1}}]},"15":{"type":"branch","line":101,"loc":{"start":{"line":101,"column":7},"end":{"line":103,"column":1}},"locations":[{"start":{"line":101,"column":7},"end":{"line":103,"column":1}}]},"16":{"type":"branch","line":103,"loc":{"start":{"line":103,"column":0},"end":{"line":103,"column":1}},"locations":[{"start":{"line":103,"column":0},"end":{"line":103,"column":1}}]},"17":{"type":"branch","line":109,"loc":{"start":{"line":109,"column":7},"end":{"line":111,"column":1}},"locations":[{"start":{"line":109,"column":7},"end":{"line":111,"column":1}}]},"18":{"type":"branch","line":111,"loc":{"start":{"line":111,"column":0},"end":{"line":111,"column":1}},"locations":[{"start":{"line":111,"column":0},"end":{"line":111,"column":1}}]}},"b":{"0":[9],"1":[1],"2":[1],"3":[1],"4":[1],"5":[48],"6":[46],"7":[10],"8":[10],"9":[8],"10":[4],"11":[3],"12":[8],"13":[46],"14":[42],"15":[1],"16":[1],"17":[9],"18":[9]},"fnMap":{"0":{"name":"get","decl":{"start":{"line":15,"column":35},"end":{"line":15,"column":37}},"loc":{"start":{"line":15,"column":35},"end":{"line":15,"column":37}},"line":15},"1":{"name":"get","decl":{"start":{"line":21,"column":39},"end":{"line":21,"column":59}},"loc":{"start":{"line":21,"column":39},"end":{"line":21,"column":59}},"line":21},"2":{"name":"get","decl":{"start":{"line":26,"column":59},"end":{"line":26,"column":61}},"loc":{"start":{"line":26,"column":59},"end":{"line":26,"column":61}},"line":26},"3":{"name":"addPercentage","decl":{"start":{"line":36,"column":7},"end":{"line":38,"column":1}},"loc":{"start":{"line":36,"column":7},"end":{"line":38,"column":1}},"line":36},"4":{"name":"get","decl":{"start":{"line":38,"column":0},"end":{"line":38,"column":1}},"loc":{"start":{"line":38,"column":0},"end":{"line":38,"column":1}},"line":38},"5":{"name":"subtractPercentage","decl":{"start":{"line":48,"column":7},"end":{"line":50,"column":1}},"loc":{"start":{"line":48,"column":7},"end":{"line":50,"column":1}},"line":48},"6":{"name":"get","decl":{"start":{"line":50,"column":0},"end":{"line":50,"column":1}},"loc":{"start":{"line":50,"column":0},"end":{"line":50,"column":1}},"line":50},"7":{"name":"applyPercentage","decl":{"start":{"line":60,"column":7},"end":{"line":62,"column":1}},"loc":{"start":{"line":60,"column":7},"end":{"line":62,"column":1}},"line":60},"8":{"name":"get","decl":{"start":{"line":62,"column":0},"end":{"line":62,"column":1}},"loc":{"start":{"line":62,"column":0},"end":{"line":62,"column":1}},"line":62},"9":{"name":"divByPercentage","decl":{"start":{"line":72,"column":7},"end":{"line":74,"column":1}},"loc":{"start":{"line":72,"column":7},"end":{"line":74,"column":1}},"line":72},"10":{"name":"get","decl":{"start":{"line":74,"column":0},"end":{"line":74,"column":1}},"loc":{"start":{"line":74,"column":0},"end":{"line":74,"column":1}},"line":74},"11":{"name":"isPercentageInRange","decl":{"start":{"line":83,"column":7},"end":{"line":89,"column":1}},"loc":{"start":{"line":83,"column":7},"end":{"line":89,"column":1}},"line":83},"12":{"name":"get","decl":{"start":{"line":89,"column":0},"end":{"line":89,"column":1}},"loc":{"start":{"line":89,"column":0},"end":{"line":89,"column":1}},"line":89},"13":{"name":"toSolidityPercentage","decl":{"start":{"line":94,"column":7},"end":{"line":96,"column":1}},"loc":{"start":{"line":94,"column":7},"end":{"line":96,"column":1}},"line":94},"14":{"name":"get","decl":{"start":{"line":96,"column":0},"end":{"line":96,"column":1}},"loc":{"start":{"line":96,"column":0},"end":{"line":96,"column":1}},"line":96},"15":{"name":"fromSolidityPercentage","decl":{"start":{"line":101,"column":7},"end":{"line":103,"column":1}},"loc":{"start":{"line":101,"column":7},"end":{"line":103,"column":1}},"line":101},"16":{"name":"get","decl":{"start":{"line":103,"column":0},"end":{"line":103,"column":1}},"loc":{"start":{"line":103,"column":0},"end":{"line":103,"column":1}},"line":103},"17":{"name":"fromFraction","decl":{"start":{"line":109,"column":7},"end":{"line":111,"column":1}},"loc":{"start":{"line":109,"column":7},"end":{"line":111,"column":1}},"line":109},"18":{"name":"get","decl":{"start":{"line":111,"column":0},"end":{"line":111,"column":1}},"loc":{"start":{"line":111,"column":0},"end":{"line":111,"column":1}},"line":111}},"f":{"0":0,"1":0,"2":9,"3":1,"4":1,"5":1,"6":1,"7":48,"8":46,"9":10,"10":10,"11":8,"12":8,"13":46,"14":42,"15":1,"16":1,"17":9,"18":9}}
,"/home/raz/Code/Ntropika/potion-protocol/libs/hedging-vault-sdk/src/utils.ts": {"path":"/home/raz/Code/Ntropika/potion-protocol/libs/hedging-vault-sdk/src/utils.ts","all":false,"statementMap":{"0":{"start":{"line":1,"column":0},"end":{"line":1,"column":53}},"1":{"start":{"line":2,"column":0},"end":{"line":2,"column":63}},"2":{"start":{"line":3,"column":0},"end":{"line":3,"column":57}},"3":{"start":{"line":4,"column":0},"end":{"line":4,"column":61}},"4":{"start":{"line":5,"column":0},"end":{"line":5,"column":0}},"5":{"start":{"line":6,"column":0},"end":{"line":6,"column":47}},"6":{"start":{"line":7,"column":0},"end":{"line":7,"column":0}},"7":{"start":{"line":8,"column":0},"end":{"line":8,"column":3}},"8":{"start":{"line":9,"column":0},"end":{"line":9,"column":96}},"9":{"start":{"line":10,"column":0},"end":{"line":10,"column":0}},"10":{"start":{"line":11,"column":0},"end":{"line":11,"column":95}},"11":{"start":{"line":12,"column":0},"end":{"line":12,"column":97}},"12":{"start":{"line":13,"column":0},"end":{"line":13,"column":32}},"13":{"start":{"line":14,"column":0},"end":{"line":14,"column":0}},"14":{"start":{"line":15,"column":0},"end":{"line":15,"column":57}},"15":{"start":{"line":16,"column":0},"end":{"line":16,"column":3}},"16":{"start":{"line":17,"column":0},"end":{"line":17,"column":70}},"17":{"start":{"line":18,"column":0},"end":{"line":18,"column":75}},"18":{"start":{"line":19,"column":0},"end":{"line":19,"column":56}},"19":{"start":{"line":20,"column":0},"end":{"line":20,"column":12}},"20":{"start":{"line":21,"column":0},"end":{"line":21,"column":42}},"21":{"start":{"line":22,"column":0},"end":{"line":22,"column":5}},"22":{"start":{"line":23,"column":0},"end":{"line":23,"column":1}},"23":{"start":{"line":24,"column":0},"end":{"line":24,"column":0}},"24":{"start":{"line":25,"column":0},"end":{"line":25,"column":3}},"25":{"start":{"line":26,"column":0},"end":{"line":26,"column":100}},"26":{"start":{"line":27,"column":0},"end":{"line":27,"column":98}},"27":{"start":{"line":28,"column":0},"end":{"line":28,"column":39}},"28":{"start":{"line":29,"column":0},"end":{"line":29,"column":0}},"29":{"start":{"line":30,"column":0},"end":{"line":30,"column":87}},"30":{"start":{"line":31,"column":0},"end":{"line":31,"column":76}},"31":{"start":{"line":32,"column":0},"end":{"line":32,"column":56}},"32":{"start":{"line":33,"column":0},"end":{"line":33,"column":0}},"33":{"start":{"line":34,"column":0},"end":{"line":34,"column":73}},"34":{"start":{"line":35,"column":0},"end":{"line":35,"column":3}},"35":{"start":{"line":36,"column":0},"end":{"line":36,"column":91}},"36":{"start":{"line":37,"column":0},"end":{"line":37,"column":67}},"37":{"start":{"line":38,"column":0},"end":{"line":38,"column":52}},"38":{"start":{"line":39,"column":0},"end":{"line":39,"column":12}},"39":{"start":{"line":40,"column":0},"end":{"line":40,"column":38}},"40":{"start":{"line":41,"column":0},"end":{"line":41,"column":5}},"41":{"start":{"line":42,"column":0},"end":{"line":42,"column":1}},"42":{"start":{"line":43,"column":0},"end":{"line":43,"column":0}},"43":{"start":{"line":44,"column":0},"end":{"line":44,"column":3}},"44":{"start":{"line":45,"column":0},"end":{"line":45,"column":94}},"45":{"start":{"line":46,"column":0},"end":{"line":46,"column":0}},"46":{"start":{"line":47,"column":0},"end":{"line":47,"column":85}},"47":{"start":{"line":48,"column":0},"end":{"line":48,"column":96}},"48":{"start":{"line":49,"column":0},"end":{"line":49,"column":0}},"49":{"start":{"line":50,"column":0},"end":{"line":50,"column":57}},"50":{"start":{"line":51,"column":0},"end":{"line":51,"column":3}},"51":{"start":{"line":52,"column":0},"end":{"line":52,"column":66}},"52":{"start":{"line":53,"column":0},"end":{"line":53,"column":45}},"53":{"start":{"line":54,"column":0},"end":{"line":54,"column":1}},"54":{"start":{"line":55,"column":0},"end":{"line":55,"column":0}},"55":{"start":{"line":56,"column":0},"end":{"line":56,"column":3}},"56":{"start":{"line":57,"column":0},"end":{"line":57,"column":98}},"57":{"start":{"line":58,"column":0},"end":{"line":58,"column":79}},"58":{"start":{"line":59,"column":0},"end":{"line":59,"column":0}},"59":{"start":{"line":60,"column":0},"end":{"line":60,"column":85}},"60":{"start":{"line":61,"column":0},"end":{"line":61,"column":78}},"61":{"start":{"line":62,"column":0},"end":{"line":62,"column":74}},"62":{"start":{"line":63,"column":0},"end":{"line":63,"column":72}},"63":{"start":{"line":64,"column":0},"end":{"line":64,"column":101}},"64":{"start":{"line":65,"column":0},"end":{"line":65,"column":96}},"65":{"start":{"line":66,"column":0},"end":{"line":66,"column":105}},"66":{"start":{"line":67,"column":0},"end":{"line":67,"column":98}},"67":{"start":{"line":68,"column":0},"end":{"line":68,"column":0}},"68":{"start":{"line":69,"column":0},"end":{"line":69,"column":85}},"69":{"start":{"line":70,"column":0},"end":{"line":70,"column":3}},"70":{"start":{"line":71,"column":0},"end":{"line":71,"column":30}},"71":{"start":{"line":72,"column":0},"end":{"line":72,"column":26}},"72":{"start":{"line":73,"column":0},"end":{"line":73,"column":39}},"73":{"start":{"line":74,"column":0},"end":{"line":74,"column":43}},"74":{"start":{"line":75,"column":0},"end":{"line":75,"column":38}},"75":{"start":{"line":76,"column":0},"end":{"line":76,"column":40}},"76":{"start":{"line":77,"column":0},"end":{"line":77,"column":14}},"77":{"start":{"line":78,"column":0},"end":{"line":78,"column":67}},"78":{"start":{"line":79,"column":0},"end":{"line":79,"column":69}},"79":{"start":{"line":80,"column":0},"end":{"line":80,"column":60}},"80":{"start":{"line":81,"column":0},"end":{"line":81,"column":59}},"81":{"start":{"line":82,"column":0},"end":{"line":82,"column":63}},"82":{"start":{"line":83,"column":0},"end":{"line":83,"column":0}},"83":{"start":{"line":84,"column":0},"end":{"line":84,"column":53}},"84":{"start":{"line":85,"column":0},"end":{"line":85,"column":64}},"85":{"start":{"line":86,"column":0},"end":{"line":86,"column":60}},"86":{"start":{"line":87,"column":0},"end":{"line":87,"column":80}},"87":{"start":{"line":88,"column":0},"end":{"line":88,"column":77}},"88":{"start":{"line":89,"column":0},"end":{"line":89,"column":0}},"89":{"start":{"line":90,"column":0},"end":{"line":90,"column":86}},"90":{"start":{"line":91,"column":0},"end":{"line":91,"column":12}},"91":{"start":{"line":92,"column":0},"end":{"line":92,"column":80}},"92":{"start":{"line":93,"column":0},"end":{"line":93,"column":77}},"93":{"start":{"line":94,"column":0},"end":{"line":94,"column":0}},"94":{"start":{"line":95,"column":0},"end":{"line":95,"column":86}},"95":{"start":{"line":96,"column":0},"end":{"line":96,"column":5}},"96":{"start":{"line":97,"column":0},"end":{"line":97,"column":1}},"97":{"start":{"line":98,"column":0},"end":{"line":98,"column":0}},"98":{"start":{"line":99,"column":0},"end":{"line":99,"column":3}},"99":{"start":{"line":100,"column":0},"end":{"line":100,"column":100}},"100":{"start":{"line":101,"column":0},"end":{"line":101,"column":66}},"101":{"start":{"line":102,"column":0},"end":{"line":102,"column":0}},"102":{"start":{"line":103,"column":0},"end":{"line":103,"column":97}},"103":{"start":{"line":104,"column":0},"end":{"line":104,"column":2}},"104":{"start":{"line":105,"column":0},"end":{"line":105,"column":36}},"105":{"start":{"line":106,"column":0},"end":{"line":106,"column":26}},"106":{"start":{"line":107,"column":0},"end":{"line":107,"column":33}},"107":{"start":{"line":108,"column":0},"end":{"line":108,"column":34}},"108":{"start":{"line":109,"column":0},"end":{"line":109,"column":40}},"109":{"start":{"line":110,"column":0},"end":{"line":110,"column":14}},"110":{"start":{"line":111,"column":0},"end":{"line":111,"column":67}},"111":{"start":{"line":112,"column":0},"end":{"line":112,"column":71}},"112":{"start":{"line":113,"column":0},"end":{"line":113,"column":111}},"113":{"start":{"line":114,"column":0},"end":{"line":114,"column":1}},"114":{"start":{"line":115,"column":0},"end":{"line":115,"column":0}},"115":{"start":{"line":116,"column":0},"end":{"line":116,"column":3}},"116":{"start":{"line":117,"column":0},"end":{"line":117,"column":112}},"117":{"start":{"line":118,"column":0},"end":{"line":118,"column":0}},"118":{"start":{"line":119,"column":0},"end":{"line":119,"column":85}},"119":{"start":{"line":120,"column":0},"end":{"line":120,"column":75}},"120":{"start":{"line":121,"column":0},"end":{"line":121,"column":55}},"121":{"start":{"line":122,"column":0},"end":{"line":122,"column":0}},"122":{"start":{"line":123,"column":0},"end":{"line":123,"column":33}},"123":{"start":{"line":124,"column":0},"end":{"line":124,"column":3}},"124":{"start":{"line":125,"column":0},"end":{"line":125,"column":0}},"125":{"start":{"line":126,"column":0},"end":{"line":126,"column":71}},"126":{"start":{"line":127,"column":0},"end":{"line":127,"column":84}},"127":{"start":{"line":128,"column":0},"end":{"line":128,"column":1}}},"s":{"0":1,"1":1,"2":1,"3":1,"4":1,"5":1,"6":1,"7":1,"8":1,"9":1,"10":1,"11":1,"12":1,"13":1,"14":1,"15":1,"16":1,"17":27,"18":18,"19":27,"20":9,"21":9,"22":27,"23":1,"24":1,"25":1,"26":1,"27":1,"28":1,"29":1,"30":1,"31":1,"32":1,"33":1,"34":1,"35":1,"36":84,"37":61,"38":84,"39":23,"40":23,"41":21,"42":1,"43":1,"44":1,"45":1,"46":1,"47":1,"48":1,"49":1,"50":1,"51":1,"52":51,"53":27,"54":1,"55":1,"56":1,"57":1,"58":1,"59":1,"60":1,"61":1,"62":1,"63":1,"64":1,"65":1,"66":1,"67":1,"68":1,"69":1,"70":1,"71":12,"72":12,"73":12,"74":12,"75":12,"76":12,"77":12,"78":12,"79":12,"80":12,"81":12,"82":12,"83":12,"84":3,"85":12,"86":6,"87":6,"88":6,"89":6,"90":9,"91":3,"92":3,"93":3,"94":3,"95":3,"96":0,"97":1,"98":1,"99":1,"100":1,"101":1,"102":1,"103":1,"104":1,"105":12,"106":12,"107":12,"108":12,"109":12,"110":12,"111":12,"112":12,"113":12,"114":1,"115":1,"116":1,"117":1,"118":1,"119":1,"120":1,"121":1,"122":1,"123":1,"124":1,"125":1,"126":24,"127":24},"branchMap":{"0":{"type":"branch","line":17,"loc":{"start":{"line":17,"column":7},"end":{"line":23,"column":1}},"locations":[{"start":{"line":17,"column":7},"end":{"line":23,"column":1}}]},"1":{"type":"branch","line":18,"loc":{"start":{"line":18,"column":30},"end":{"line":18,"column":74}},"locations":[{"start":{"line":18,"column":30},"end":{"line":18,"column":74}}]},"2":{"type":"branch","line":18,"loc":{"start":{"line":18,"column":74},"end":{"line":20,"column":11}},"locations":[{"start":{"line":18,"column":74},"end":{"line":20,"column":11}}]},"3":{"type":"branch","line":20,"loc":{"start":{"line":20,"column":4},"end":{"line":23,"column":1}},"locations":[{"start":{"line":20,"column":4},"end":{"line":23,"column":1}}]},"4":{"type":"branch","line":23,"loc":{"start":{"line":23,"column":0},"end":{"line":23,"column":1}},"locations":[{"start":{"line":23,"column":0},"end":{"line":23,"column":1}}]},"5":{"type":"branch","line":36,"loc":{"start":{"line":36,"column":7},"end":{"line":42,"column":1}},"locations":[{"start":{"line":36,"column":7},"end":{"line":42,"column":1}}]},"6":{"type":"branch","line":37,"loc":{"start":{"line":37,"column":26},"end":{"line":37,"column":66}},"locations":[{"start":{"line":37,"column":26},"end":{"line":37,"column":66}}]},"7":{"type":"branch","line":37,"loc":{"start":{"line":37,"column":66},"end":{"line":39,"column":11}},"locations":[{"start":{"line":37,"column":66},"end":{"line":39,"column":11}}]},"8":{"type":"branch","line":39,"loc":{"start":{"line":39,"column":4},"end":{"line":42,"column":1}},"locations":[{"start":{"line":39,"column":4},"end":{"line":42,"column":1}}]},"9":{"type":"branch","line":42,"loc":{"start":{"line":42,"column":0},"end":{"line":42,"column":1}},"locations":[{"start":{"line":42,"column":0},"end":{"line":42,"column":1}}]},"10":{"type":"branch","line":52,"loc":{"start":{"line":52,"column":7},"end":{"line":54,"column":1}},"locations":[{"start":{"line":52,"column":7},"end":{"line":54,"column":1}}]},"11":{"type":"branch","line":54,"loc":{"start":{"line":54,"column":0},"end":{"line":54,"column":1}},"locations":[{"start":{"line":54,"column":0},"end":{"line":54,"column":1}}]},"12":{"type":"branch","line":71,"loc":{"start":{"line":71,"column":7},"end":{"line":97,"column":1}},"locations":[{"start":{"line":71,"column":7},"end":{"line":97,"column":1}}]},"13":{"type":"branch","line":84,"loc":{"start":{"line":84,"column":52},"end":{"line":86,"column":15}},"locations":[{"start":{"line":84,"column":52},"end":{"line":86,"column":15}}]},"14":{"type":"branch","line":86,"loc":{"start":{"line":86,"column":4},"end":{"line":97,"column":1}},"locations":[{"start":{"line":86,"column":4},"end":{"line":97,"column":1}}]},"15":{"type":"branch","line":86,"loc":{"start":{"line":86,"column":59},"end":{"line":91,"column":11}},"locations":[{"start":{"line":86,"column":59},"end":{"line":91,"column":11}}]},"16":{"type":"branch","line":91,"loc":{"start":{"line":91,"column":4},"end":{"line":97,"column":1}},"locations":[{"start":{"line":91,"column":4},"end":{"line":97,"column":1}}]},"17":{"type":"branch","line":105,"loc":{"start":{"line":105,"column":7},"end":{"line":114,"column":1}},"locations":[{"start":{"line":105,"column":7},"end":{"line":114,"column":1}}]},"18":{"type":"branch","line":114,"loc":{"start":{"line":114,"column":0},"end":{"line":114,"column":1}},"locations":[{"start":{"line":114,"column":0},"end":{"line":114,"column":1}}]},"19":{"type":"branch","line":126,"loc":{"start":{"line":126,"column":7},"end":{"line":128,"column":1}},"locations":[{"start":{"line":126,"column":7},"end":{"line":128,"column":1}}]},"20":{"type":"branch","line":127,"loc":{"start":{"line":127,"column":28},"end":{"line":127,"column":47}},"locations":[{"start":{"line":127,"column":28},"end":{"line":127,"column":47}}]},"21":{"type":"branch","line":127,"loc":{"start":{"line":127,"column":39},"end":{"line":127,"column":84}},"locations":[{"start":{"line":127,"column":39},"end":{"line":127,"column":84}}]},"22":{"type":"branch","line":128,"loc":{"start":{"line":128,"column":0},"end":{"line":128,"column":1}},"locations":[{"start":{"line":128,"column":0},"end":{"line":128,"column":1}}]}},"b":{"0":[27],"1":[18],"2":[18],"3":[9],"4":[27],"5":[84],"6":[43],"7":[61],"8":[23],"9":[21],"10":[51],"11":[27],"12":[12],"13":[3],"14":[9],"15":[6],"16":[3],"17":[12],"18":[12],"19":[24],"20":[12],"21":[12],"22":[24]},"fnMap":{"0":{"name":"get","decl":{"start":{"line":6,"column":45},"end":{"line":6,"column":47}},"loc":{"start":{"line":6,"column":45},"end":{"line":6,"column":47}},"line":6},"1":{"name":"parsePercentage","decl":{"start":{"line":17,"column":7},"end":{"line":23,"column":1}},"loc":{"start":{"line":17,"column":7},"end":{"line":23,"column":1}},"line":17},"2":{"name":"get","decl":{"start":{"line":23,"column":0},"end":{"line":23,"column":1}},"loc":{"start":{"line":23,"column":0},"end":{"line":23,"column":1}},"line":23},"3":{"name":"parseAmount","decl":{"start":{"line":36,"column":7},"end":{"line":42,"column":1}},"loc":{"start":{"line":36,"column":7},"end":{"line":42,"column":1}},"line":36},"4":{"name":"get","decl":{"start":{"line":42,"column":0},"end":{"line":42,"column":1}},"loc":{"start":{"line":42,"column":0},"end":{"line":42,"column":1}},"line":42},"5":{"name":"parsePriceInUSDC","decl":{"start":{"line":52,"column":7},"end":{"line":54,"column":1}},"loc":{"start":{"line":52,"column":7},"end":{"line":54,"column":1}},"line":52},"6":{"name":"get","decl":{"start":{"line":54,"column":0},"end":{"line":54,"column":1}},"loc":{"start":{"line":54,"column":0},"end":{"line":54,"column":1}},"line":54},"7":{"name":"convertAmount","decl":{"start":{"line":71,"column":7},"end":{"line":97,"column":1}},"loc":{"start":{"line":71,"column":7},"end":{"line":97,"column":1}},"line":71},"8":{"name":"get","decl":{"start":{"line":97,"column":0},"end":{"line":97,"column":1}},"loc":{"start":{"line":97,"column":0},"end":{"line":97,"column":1}},"line":97},"9":{"name":"convertAmountToUSDC","decl":{"start":{"line":105,"column":7},"end":{"line":114,"column":1}},"loc":{"start":{"line":105,"column":7},"end":{"line":114,"column":1}},"line":105},"10":{"name":"get","decl":{"start":{"line":114,"column":0},"end":{"line":114,"column":1}},"loc":{"start":{"line":114,"column":0},"end":{"line":114,"column":1}},"line":114},"11":{"name":"toNumber","decl":{"start":{"line":126,"column":7},"end":{"line":128,"column":1}},"loc":{"start":{"line":126,"column":7},"end":{"line":128,"column":1}},"line":126},"12":{"name":"get","decl":{"start":{"line":128,"column":0},"end":{"line":128,"column":1}},"loc":{"start":{"line":128,"column":0},"end":{"line":128,"column":1}},"line":128}},"f":{"0":0,"1":27,"2":27,"3":84,"4":21,"5":51,"6":27,"7":12,"8":0,"9":12,"10":12,"11":24,"12":24}}
,"/home/raz/Code/Ntropika/potion-protocol/libs/hedging-vault-sdk/src/vaultCollateralization.ts": {"path":"/home/raz/Code/Ntropika/potion-protocol/libs/hedging-vault-sdk/src/vaultCollateralization.ts","all":false,"statementMap":{"0":{"start":{"line":1,"column":0},"end":{"line":1,"column":67}},"1":{"start":{"line":2,"column":0},"end":{"line":2,"column":73}},"2":{"start":{"line":3,"column":0},"end":{"line":3,"column":102}},"3":{"start":{"line":4,"column":0},"end":{"line":4,"column":0}},"4":{"start":{"line":5,"column":0},"end":{"line":5,"column":49}},"5":{"start":{"line":6,"column":0},"end":{"line":6,"column":0}},"6":{"start":{"line":7,"column":0},"end":{"line":7,"column":3}},"7":{"start":{"line":8,"column":0},"end":{"line":8,"column":95}},"8":{"start":{"line":9,"column":0},"end":{"line":9,"column":67}},"9":{"start":{"line":10,"column":0},"end":{"line":10,"column":0}},"10":{"start":{"line":11,"column":0},"end":{"line":11,"column":114}},"11":{"start":{"line":12,"column":0},"end":{"line":12,"column":94}},"12":{"start":{"line":13,"column":0},"end":{"line":13,"column":96}},"13":{"start":{"line":14,"column":0},"end":{"line":14,"column":59}},"14":{"start":{"line":15,"column":0},"end":{"line":15,"column":99}},"15":{"start":{"line":16,"column":0},"end":{"line":16,"column":61}},"16":{"start":{"line":17,"column":0},"end":{"line":17,"column":87}},"17":{"start":{"line":18,"column":0},"end":{"line":18,"column":101}},"18":{"start":{"line":19,"column":0},"end":{"line":19,"column":44}},"19":{"start":{"line":20,"column":0},"end":{"line":20,"column":0}},"20":{"start":{"line":21,"column":0},"end":{"line":21,"column":109}},"21":{"start":{"line":22,"column":0},"end":{"line":22,"column":101}},"22":{"start":{"line":23,"column":0},"end":{"line":23,"column":103}},"23":{"start":{"line":24,"column":0},"end":{"line":24,"column":85}},"24":{"start":{"line":25,"column":0},"end":{"line":25,"column":48}},"25":{"start":{"line":26,"column":0},"end":{"line":26,"column":0}},"26":{"start":{"line":27,"column":0},"end":{"line":27,"column":104}},"27":{"start":{"line":28,"column":0},"end":{"line":28,"column":104}},"28":{"start":{"line":29,"column":0},"end":{"line":29,"column":103}},"29":{"start":{"line":30,"column":0},"end":{"line":30,"column":101}},"30":{"start":{"line":31,"column":0},"end":{"line":31,"column":91}},"31":{"start":{"line":32,"column":0},"end":{"line":32,"column":95}},"32":{"start":{"line":33,"column":0},"end":{"line":33,"column":3}},"33":{"start":{"line":34,"column":0},"end":{"line":34,"column":35}},"34":{"start":{"line":35,"column":0},"end":{"line":35,"column":29}},"35":{"start":{"line":36,"column":0},"end":{"line":36,"column":38}},"36":{"start":{"line":37,"column":0},"end":{"line":37,"column":31}},"37":{"start":{"line":38,"column":0},"end":{"line":38,"column":33}},"38":{"start":{"line":39,"column":0},"end":{"line":39,"column":35}},"39":{"start":{"line":40,"column":0},"end":{"line":40,"column":39}},"40":{"start":{"line":41,"column":0},"end":{"line":41,"column":4}},"41":{"start":{"line":42,"column":0},"end":{"line":42,"column":34}},"42":{"start":{"line":43,"column":0},"end":{"line":43,"column":30}},"43":{"start":{"line":44,"column":0},"end":{"line":44,"column":3}},"44":{"start":{"line":45,"column":0},"end":{"line":45,"column":55}},"45":{"start":{"line":46,"column":0},"end":{"line":46,"column":67}},"46":{"start":{"line":47,"column":0},"end":{"line":47,"column":67}},"47":{"start":{"line":48,"column":0},"end":{"line":48,"column":54}},"48":{"start":{"line":49,"column":0},"end":{"line":49,"column":58}},"49":{"start":{"line":50,"column":0},"end":{"line":50,"column":63}},"50":{"start":{"line":51,"column":0},"end":{"line":51,"column":71}},"51":{"start":{"line":52,"column":0},"end":{"line":52,"column":0}},"52":{"start":{"line":53,"column":0},"end":{"line":53,"column":36}},"53":{"start":{"line":54,"column":0},"end":{"line":54,"column":52}},"54":{"start":{"line":55,"column":0},"end":{"line":55,"column":18}},"55":{"start":{"line":56,"column":0},"end":{"line":56,"column":27}},"56":{"start":{"line":57,"column":0},"end":{"line":57,"column":20}},"57":{"start":{"line":58,"column":0},"end":{"line":58,"column":22}},"58":{"start":{"line":59,"column":0},"end":{"line":59,"column":24}},"59":{"start":{"line":60,"column":0},"end":{"line":60,"column":28}},"60":{"start":{"line":61,"column":0},"end":{"line":61,"column":6}},"61":{"start":{"line":62,"column":0},"end":{"line":62,"column":0}},"62":{"start":{"line":63,"column":0},"end":{"line":63,"column":68}},"63":{"start":{"line":64,"column":0},"end":{"line":64,"column":0}},"64":{"start":{"line":65,"column":0},"end":{"line":65,"column":76}},"65":{"start":{"line":66,"column":0},"end":{"line":66,"column":92}},"66":{"start":{"line":67,"column":0},"end":{"line":67,"column":0}},"67":{"start":{"line":68,"column":0},"end":{"line":68,"column":84}},"68":{"start":{"line":69,"column":0},"end":{"line":69,"column":87}},"69":{"start":{"line":70,"column":0},"end":{"line":70,"column":0}},"70":{"start":{"line":71,"column":0},"end":{"line":71,"column":12}},"71":{"start":{"line":72,"column":0},"end":{"line":72,"column":47}},"72":{"start":{"line":73,"column":0},"end":{"line":73,"column":39}},"73":{"start":{"line":74,"column":0},"end":{"line":74,"column":6}},"74":{"start":{"line":75,"column":0},"end":{"line":75,"column":1}},"75":{"start":{"line":76,"column":0},"end":{"line":76,"column":0}},"76":{"start":{"line":77,"column":0},"end":{"line":77,"column":40}},"77":{"start":{"line":78,"column":0},"end":{"line":78,"column":29}},"78":{"start":{"line":79,"column":0},"end":{"line":79,"column":38}},"79":{"start":{"line":80,"column":0},"end":{"line":80,"column":31}},"80":{"start":{"line":81,"column":0},"end":{"line":81,"column":33}},"81":{"start":{"line":82,"column":0},"end":{"line":82,"column":35}},"82":{"start":{"line":83,"column":0},"end":{"line":83,"column":39}},"83":{"start":{"line":84,"column":0},"end":{"line":84,"column":14}},"84":{"start":{"line":85,"column":0},"end":{"line":85,"column":55}},"85":{"start":{"line":86,"column":0},"end":{"line":86,"column":67}},"86":{"start":{"line":87,"column":0},"end":{"line":87,"column":67}},"87":{"start":{"line":88,"column":0},"end":{"line":88,"column":54}},"88":{"start":{"line":89,"column":0},"end":{"line":89,"column":58}},"89":{"start":{"line":90,"column":0},"end":{"line":90,"column":63}},"90":{"start":{"line":91,"column":0},"end":{"line":91,"column":71}},"91":{"start":{"line":92,"column":0},"end":{"line":92,"column":0}},"92":{"start":{"line":93,"column":0},"end":{"line":93,"column":36}},"93":{"start":{"line":94,"column":0},"end":{"line":94,"column":18}},"94":{"start":{"line":95,"column":0},"end":{"line":95,"column":27}},"95":{"start":{"line":96,"column":0},"end":{"line":96,"column":20}},"96":{"start":{"line":97,"column":0},"end":{"line":97,"column":22}},"97":{"start":{"line":98,"column":0},"end":{"line":98,"column":24}},"98":{"start":{"line":99,"column":0},"end":{"line":99,"column":28}},"99":{"start":{"line":100,"column":0},"end":{"line":100,"column":6}},"100":{"start":{"line":101,"column":0},"end":{"line":101,"column":1}},"101":{"start":{"line":102,"column":0},"end":{"line":102,"column":0}},"102":{"start":{"line":103,"column":0},"end":{"line":103,"column":3}},"103":{"start":{"line":104,"column":0},"end":{"line":104,"column":102}},"104":{"start":{"line":105,"column":0},"end":{"line":105,"column":83}},"105":{"start":{"line":106,"column":0},"end":{"line":106,"column":0}},"106":{"start":{"line":107,"column":0},"end":{"line":107,"column":103}},"107":{"start":{"line":108,"column":0},"end":{"line":108,"column":101}},"108":{"start":{"line":109,"column":0},"end":{"line":109,"column":2}},"109":{"start":{"line":110,"column":0},"end":{"line":110,"column":34}},"110":{"start":{"line":111,"column":0},"end":{"line":111,"column":25}},"111":{"start":{"line":112,"column":0},"end":{"line":112,"column":34}},"112":{"start":{"line":113,"column":0},"end":{"line":113,"column":27}},"113":{"start":{"line":114,"column":0},"end":{"line":114,"column":29}},"114":{"start":{"line":115,"column":0},"end":{"line":115,"column":31}},"115":{"start":{"line":116,"column":0},"end":{"line":116,"column":35}},"116":{"start":{"line":117,"column":0},"end":{"line":117,"column":14}},"117":{"start":{"line":118,"column":0},"end":{"line":118,"column":78}},"118":{"start":{"line":119,"column":0},"end":{"line":119,"column":85}},"119":{"start":{"line":120,"column":0},"end":{"line":120,"column":71}},"120":{"start":{"line":121,"column":0},"end":{"line":121,"column":95}},"121":{"start":{"line":122,"column":0},"end":{"line":122,"column":0}},"122":{"start":{"line":123,"column":0},"end":{"line":123,"column":68}},"123":{"start":{"line":124,"column":0},"end":{"line":124,"column":1}}},"s":{"0":1,"1":1,"2":1,"3":1,"4":1,"5":1,"6":1,"7":1,"8":1,"9":1,"10":1,"11":1,"12":1,"13":1,"14":1,"15":1,"16":1,"17":1,"18":1,"19":1,"20":1,"21":1,"22":1,"23":1,"24":1,"25":1,"26":1,"27":1,"28":1,"29":1,"30":1,"31":1,"32":1,"33":1,"34":9,"35":9,"36":9,"37":9,"38":9,"39":9,"40":9,"41":9,"42":9,"43":9,"44":9,"45":9,"46":9,"47":9,"48":9,"49":9,"50":9,"51":9,"52":9,"53":9,"54":9,"55":9,"56":9,"57":9,"58":9,"59":9,"60":9,"61":9,"62":9,"63":9,"64":9,"65":9,"66":9,"67":9,"68":9,"69":9,"70":9,"71":9,"72":9,"73":9,"74":9,"75":1,"76":1,"77":0,"78":0,"79":0,"80":0,"81":0,"82":0,"83":0,"84":0,"85":0,"86":0,"87":0,"88":0,"89":0,"90":0,"91":0,"92":0,"93":0,"94":0,"95":0,"96":0,"97":0,"98":0,"99":0,"100":0,"101":1,"102":1,"103":1,"104":1,"105":1,"106":1,"107":1,"108":1,"109":1,"110":1,"111":1,"112":1,"113":1,"114":1,"115":1,"116":1,"117":1,"118":1,"119":1,"120":1,"121":1,"122":1,"123":1},"branchMap":{"0":{"type":"branch","line":34,"loc":{"start":{"line":34,"column":7},"end":{"line":75,"column":1}},"locations":[{"start":{"line":34,"column":7},"end":{"line":75,"column":1}}]},"1":{"type":"branch","line":75,"loc":{"start":{"line":75,"column":0},"end":{"line":75,"column":1}},"locations":[{"start":{"line":75,"column":0},"end":{"line":75,"column":1}}]}},"b":{"0":[9],"1":[9]},"fnMap":{"0":{"name":"get","decl":{"start":{"line":5,"column":47},"end":{"line":5,"column":49}},"loc":{"start":{"line":5,"column":47},"end":{"line":5,"column":49}},"line":5},"1":{"name":"calculateOrderSize","decl":{"start":{"line":34,"column":7},"end":{"line":75,"column":1}},"loc":{"start":{"line":34,"column":7},"end":{"line":75,"column":1}},"line":34},"2":{"name":"get","decl":{"start":{"line":75,"column":0},"end":{"line":75,"column":1}},"loc":{"start":{"line":75,"column":0},"end":{"line":75,"column":1}},"line":75},"3":{"name":"calculatePremiumPercent","decl":{"start":{"line":77,"column":7},"end":{"line":101,"column":1}},"loc":{"start":{"line":77,"column":7},"end":{"line":101,"column":1}},"line":77},"4":{"name":"get","decl":{"start":{"line":101,"column":0},"end":{"line":101,"column":1}},"loc":{"start":{"line":101,"column":0},"end":{"line":101,"column":1}},"line":101}},"f":{"0":0,"1":9,"2":9,"3":0,"4":0}}
,"/home/raz/Code/Ntropika/potion-protocol/libs/hedging-vault-sdk/src/vaultEstimations.ts": {"path":"/home/raz/Code/Ntropika/potion-protocol/libs/hedging-vault-sdk/src/vaultEstimations.ts","all":false,"statementMap":{"0":{"start":{"line":1,"column":0},"end":{"line":1,"column":95}},"1":{"start":{"line":2,"column":0},"end":{"line":2,"column":0}},"2":{"start":{"line":3,"column":0},"end":{"line":3,"column":102}},"3":{"start":{"line":4,"column":0},"end":{"line":4,"column":79}},"4":{"start":{"line":5,"column":0},"end":{"line":5,"column":91}},"5":{"start":{"line":6,"column":0},"end":{"line":6,"column":65}},"6":{"start":{"line":7,"column":0},"end":{"line":7,"column":94}},"7":{"start":{"line":8,"column":0},"end":{"line":8,"column":3}},"8":{"start":{"line":9,"column":0},"end":{"line":9,"column":66}},"9":{"start":{"line":10,"column":0},"end":{"line":10,"column":38}},"10":{"start":{"line":11,"column":0},"end":{"line":11,"column":44}},"11":{"start":{"line":12,"column":0},"end":{"line":12,"column":28}},"12":{"start":{"line":13,"column":0},"end":{"line":13,"column":14}},"13":{"start":{"line":14,"column":0},"end":{"line":14,"column":89}},"14":{"start":{"line":15,"column":0},"end":{"line":15,"column":2}},"15":{"start":{"line":16,"column":0},"end":{"line":16,"column":0}},"16":{"start":{"line":17,"column":0},"end":{"line":17,"column":3}},"17":{"start":{"line":18,"column":0},"end":{"line":18,"column":97}},"18":{"start":{"line":19,"column":0},"end":{"line":19,"column":92}},"19":{"start":{"line":20,"column":0},"end":{"line":20,"column":72}},"20":{"start":{"line":21,"column":0},"end":{"line":21,"column":65}},"21":{"start":{"line":22,"column":0},"end":{"line":22,"column":20}},"22":{"start":{"line":23,"column":0},"end":{"line":23,"column":3}},"23":{"start":{"line":24,"column":0},"end":{"line":24,"column":106}},"24":{"start":{"line":25,"column":0},"end":{"line":25,"column":49}},"25":{"start":{"line":26,"column":0},"end":{"line":26,"column":35}},"26":{"start":{"line":27,"column":0},"end":{"line":27,"column":2}},"27":{"start":{"line":28,"column":0},"end":{"line":28,"column":0}},"28":{"start":{"line":29,"column":0},"end":{"line":29,"column":3}},"29":{"start":{"line":30,"column":0},"end":{"line":30,"column":132}},"30":{"start":{"line":31,"column":0},"end":{"line":31,"column":73}},"31":{"start":{"line":32,"column":0},"end":{"line":32,"column":65}},"32":{"start":{"line":33,"column":0},"end":{"line":33,"column":65}},"33":{"start":{"line":34,"column":0},"end":{"line":34,"column":137}},"34":{"start":{"line":35,"column":0},"end":{"line":35,"column":3}},"35":{"start":{"line":36,"column":0},"end":{"line":36,"column":44}},"36":{"start":{"line":37,"column":0},"end":{"line":37,"column":24}},"37":{"start":{"line":38,"column":0},"end":{"line":38,"column":28}},"38":{"start":{"line":39,"column":0},"end":{"line":39,"column":28}},"39":{"start":{"line":40,"column":0},"end":{"line":40,"column":14}},"40":{"start":{"line":41,"column":0},"end":{"line":41,"column":91}},"41":{"start":{"line":42,"column":0},"end":{"line":42,"column":2}},"42":{"start":{"line":43,"column":0},"end":{"line":43,"column":0}},"43":{"start":{"line":44,"column":0},"end":{"line":44,"column":3}},"44":{"start":{"line":45,"column":0},"end":{"line":45,"column":139}},"45":{"start":{"line":46,"column":0},"end":{"line":46,"column":72}},"46":{"start":{"line":47,"column":0},"end":{"line":47,"column":66}},"47":{"start":{"line":48,"column":0},"end":{"line":48,"column":66}},"48":{"start":{"line":49,"column":0},"end":{"line":49,"column":145}},"49":{"start":{"line":50,"column":0},"end":{"line":50,"column":3}},"50":{"start":{"line":51,"column":0},"end":{"line":51,"column":50}},"51":{"start":{"line":52,"column":0},"end":{"line":52,"column":24}},"52":{"start":{"line":53,"column":0},"end":{"line":53,"column":28}},"53":{"start":{"line":54,"column":0},"end":{"line":54,"column":28}},"54":{"start":{"line":55,"column":0},"end":{"line":55,"column":14}},"55":{"start":{"line":56,"column":0},"end":{"line":56,"column":104}},"56":{"start":{"line":57,"column":0},"end":{"line":57,"column":2}},"57":{"start":{"line":58,"column":0},"end":{"line":58,"column":0}},"58":{"start":{"line":59,"column":0},"end":{"line":59,"column":3}},"59":{"start":{"line":60,"column":0},"end":{"line":60,"column":2}},"60":{"start":{"line":61,"column":0},"end":{"line":61,"column":86}},"61":{"start":{"line":62,"column":0},"end":{"line":62,"column":98}},"62":{"start":{"line":63,"column":0},"end":{"line":63,"column":113}},"63":{"start":{"line":64,"column":0},"end":{"line":64,"column":65}},"64":{"start":{"line":65,"column":0},"end":{"line":65,"column":72}},"65":{"start":{"line":66,"column":0},"end":{"line":66,"column":65}},"66":{"start":{"line":67,"column":0},"end":{"line":67,"column":100}},"67":{"start":{"line":68,"column":0},"end":{"line":68,"column":3}},"68":{"start":{"line":69,"column":0},"end":{"line":69,"column":49}},"69":{"start":{"line":70,"column":0},"end":{"line":70,"column":38}},"70":{"start":{"line":71,"column":0},"end":{"line":71,"column":44}},"71":{"start":{"line":72,"column":0},"end":{"line":72,"column":54}},"72":{"start":{"line":73,"column":0},"end":{"line":73,"column":28}},"73":{"start":{"line":74,"column":0},"end":{"line":74,"column":24}},"74":{"start":{"line":75,"column":0},"end":{"line":75,"column":28}},"75":{"start":{"line":76,"column":0},"end":{"line":76,"column":14}},"76":{"start":{"line":77,"column":0},"end":{"line":77,"column":12}},"77":{"start":{"line":78,"column":0},"end":{"line":78,"column":58}},"78":{"start":{"line":79,"column":0},"end":{"line":79,"column":38}},"79":{"start":{"line":80,"column":0},"end":{"line":80,"column":44}},"80":{"start":{"line":81,"column":0},"end":{"line":81,"column":28}},"81":{"start":{"line":82,"column":0},"end":{"line":82,"column":11}},"82":{"start":{"line":83,"column":0},"end":{"line":83,"column":90}},"83":{"start":{"line":84,"column":0},"end":{"line":84,"column":49}},"84":{"start":{"line":85,"column":0},"end":{"line":85,"column":6}},"85":{"start":{"line":86,"column":0},"end":{"line":86,"column":2}},"86":{"start":{"line":87,"column":0},"end":{"line":87,"column":0}},"87":{"start":{"line":88,"column":0},"end":{"line":88,"column":3}},"88":{"start":{"line":89,"column":0},"end":{"line":89,"column":92}},"89":{"start":{"line":90,"column":0},"end":{"line":90,"column":162}},"90":{"start":{"line":91,"column":0},"end":{"line":91,"column":57}},"91":{"start":{"line":92,"column":0},"end":{"line":92,"column":3}},"92":{"start":{"line":93,"column":0},"end":{"line":93,"column":44}},"93":{"start":{"line":94,"column":0},"end":{"line":94,"column":42}},"94":{"start":{"line":95,"column":0},"end":{"line":95,"column":44}},"95":{"start":{"line":96,"column":0},"end":{"line":96,"column":14}},"96":{"start":{"line":97,"column":0},"end":{"line":97,"column":75}},"97":{"start":{"line":98,"column":0},"end":{"line":98,"column":2}},"98":{"start":{"line":99,"column":0},"end":{"line":99,"column":0}},"99":{"start":{"line":100,"column":0},"end":{"line":100,"column":3}},"100":{"start":{"line":101,"column":0},"end":{"line":101,"column":92}},"101":{"start":{"line":102,"column":0},"end":{"line":102,"column":162}},"102":{"start":{"line":103,"column":0},"end":{"line":103,"column":86}},"103":{"start":{"line":104,"column":0},"end":{"line":104,"column":98}},"104":{"start":{"line":105,"column":0},"end":{"line":105,"column":113}},"105":{"start":{"line":106,"column":0},"end":{"line":106,"column":65}},"106":{"start":{"line":107,"column":0},"end":{"line":107,"column":72}},"107":{"start":{"line":108,"column":0},"end":{"line":108,"column":65}},"108":{"start":{"line":109,"column":0},"end":{"line":109,"column":134}},"109":{"start":{"line":110,"column":0},"end":{"line":110,"column":3}},"110":{"start":{"line":111,"column":0},"end":{"line":111,"column":40}},"111":{"start":{"line":112,"column":0},"end":{"line":112,"column":38}},"112":{"start":{"line":113,"column":0},"end":{"line":113,"column":44}},"113":{"start":{"line":114,"column":0},"end":{"line":114,"column":54}},"114":{"start":{"line":115,"column":0},"end":{"line":115,"column":28}},"115":{"start":{"line":116,"column":0},"end":{"line":116,"column":24}},"116":{"start":{"line":117,"column":0},"end":{"line":117,"column":28}},"117":{"start":{"line":118,"column":0},"end":{"line":118,"column":42}},"118":{"start":{"line":119,"column":0},"end":{"line":119,"column":44}},"119":{"start":{"line":120,"column":0},"end":{"line":120,"column":14}},"120":{"start":{"line":121,"column":0},"end":{"line":121,"column":69}},"121":{"start":{"line":122,"column":0},"end":{"line":122,"column":34}},"122":{"start":{"line":123,"column":0},"end":{"line":123,"column":40}},"123":{"start":{"line":124,"column":0},"end":{"line":124,"column":50}},"124":{"start":{"line":125,"column":0},"end":{"line":125,"column":24}},"125":{"start":{"line":126,"column":0},"end":{"line":126,"column":20}},"126":{"start":{"line":127,"column":0},"end":{"line":127,"column":24}},"127":{"start":{"line":128,"column":0},"end":{"line":128,"column":6}},"128":{"start":{"line":129,"column":0},"end":{"line":129,"column":59}},"129":{"start":{"line":130,"column":0},"end":{"line":130,"column":38}},"130":{"start":{"line":131,"column":0},"end":{"line":131,"column":40}},"131":{"start":{"line":132,"column":0},"end":{"line":132,"column":6}},"132":{"start":{"line":133,"column":0},"end":{"line":133,"column":56}},"133":{"start":{"line":134,"column":0},"end":{"line":134,"column":2}}},"s":{"0":1,"1":1,"2":1,"3":1,"4":1,"5":1,"6":1,"7":1,"8":1,"9":1,"10":1,"11":1,"12":1,"13":5,"14":2,"15":1,"16":1,"17":1,"18":1,"19":1,"20":1,"21":1,"22":1,"23":1,"24":10,"25":10,"26":2,"27":1,"28":1,"29":1,"30":1,"31":1,"32":1,"33":1,"34":1,"35":1,"36":1,"37":8,"38":8,"39":8,"40":8,"41":2,"42":1,"43":1,"44":1,"45":1,"46":1,"47":1,"48":1,"49":1,"50":1,"51":1,"52":6,"53":6,"54":6,"55":6,"56":3,"57":1,"58":1,"59":1,"60":1,"61":1,"62":1,"63":1,"64":1,"65":1,"66":1,"67":1,"68":1,"69":1,"70":3,"71":3,"72":3,"73":3,"74":3,"75":3,"76":3,"77":3,"78":3,"79":3,"80":3,"81":3,"82":3,"83":3,"84":3,"85":2,"86":1,"87":1,"88":1,"89":1,"90":1,"91":1,"92":1,"93":1,"94":3,"95":3,"96":3,"97":2,"98":1,"99":1,"100":1,"101":1,"102":1,"103":1,"104":1,"105":1,"106":1,"107":1,"108":1,"109":1,"110":1,"111":1,"112":1,"113":1,"114":1,"115":1,"116":1,"117":1,"118":1,"119":1,"120":1,"121":1,"122":1,"123":1,"124":1,"125":1,"126":1,"127":1,"128":1,"129":1,"130":1,"131":1,"132":1,"133":1},"branchMap":{"0":{"type":"branch","line":13,"loc":{"start":{"line":13,"column":13},"end":{"line":15,"column":2}},"locations":[{"start":{"line":13,"column":13},"end":{"line":15,"column":2}}]},"1":{"type":"branch","line":15,"loc":{"start":{"line":15,"column":0},"end":{"line":15,"column":2}},"locations":[{"start":{"line":15,"column":0},"end":{"line":15,"column":2}}]},"2":{"type":"branch","line":24,"loc":{"start":{"line":24,"column":48},"end":{"line":27,"column":2}},"locations":[{"start":{"line":24,"column":48},"end":{"line":27,"column":2}}]},"3":{"type":"branch","line":26,"loc":{"start":{"line":26,"column":20},"end":{"line":26,"column":33}},"locations":[{"start":{"line":26,"column":20},"end":{"line":26,"column":33}}]},"4":{"type":"branch","line":26,"loc":{"start":{"line":26,"column":24},"end":{"line":26,"column":35}},"locations":[{"start":{"line":26,"column":24},"end":{"line":26,"column":35}}]},"5":{"type":"branch","line":27,"loc":{"start":{"line":27,"column":0},"end":{"line":27,"column":2}},"locations":[{"start":{"line":27,"column":0},"end":{"line":27,"column":2}}]},"6":{"type":"branch","line":37,"loc":{"start":{"line":37,"column":4},"end":{"line":42,"column":2}},"locations":[{"start":{"line":37,"column":4},"end":{"line":42,"column":2}}]},"7":{"type":"branch","line":42,"loc":{"start":{"line":42,"column":0},"end":{"line":42,"column":2}},"locations":[{"start":{"line":42,"column":0},"end":{"line":42,"column":2}}]},"8":{"type":"branch","line":52,"loc":{"start":{"line":52,"column":4},"end":{"line":57,"column":2}},"locations":[{"start":{"line":52,"column":4},"end":{"line":57,"column":2}}]},"9":{"type":"branch","line":57,"loc":{"start":{"line":57,"column":0},"end":{"line":57,"column":2}},"locations":[{"start":{"line":57,"column":0},"end":{"line":57,"column":2}}]},"10":{"type":"branch","line":70,"loc":{"start":{"line":70,"column":4},"end":{"line":86,"column":2}},"locations":[{"start":{"line":70,"column":4},"end":{"line":86,"column":2}}]},"11":{"type":"branch","line":86,"loc":{"start":{"line":86,"column":0},"end":{"line":86,"column":2}},"locations":[{"start":{"line":86,"column":0},"end":{"line":86,"column":2}}]},"12":{"type":"branch","line":94,"loc":{"start":{"line":94,"column":4},"end":{"line":98,"column":2}},"locations":[{"start":{"line":94,"column":4},"end":{"line":98,"column":2}}]},"13":{"type":"branch","line":98,"loc":{"start":{"line":98,"column":0},"end":{"line":98,"column":2}},"locations":[{"start":{"line":98,"column":0},"end":{"line":98,"column":2}}]},"14":{"type":"branch","line":112,"loc":{"start":{"line":112,"column":4},"end":{"line":134,"column":2}},"locations":[{"start":{"line":112,"column":4},"end":{"line":134,"column":2}}]},"15":{"type":"branch","line":134,"loc":{"start":{"line":134,"column":0},"end":{"line":134,"column":2}},"locations":[{"start":{"line":134,"column":0},"end":{"line":134,"column":2}}]}},"b":{"0":[5],"1":[2],"2":[10],"3":[7],"4":[3],"5":[2],"6":[8],"7":[2],"8":[6],"9":[3],"10":[3],"11":[2],"12":[3],"13":[2],"14":[1],"15":[1]},"fnMap":{"0":{"name":"calculateEstimatedUnderlyingBalanceActionContract","decl":{"start":{"line":13,"column":13},"end":{"line":15,"column":2}},"loc":{"start":{"line":13,"column":13},"end":{"line":15,"column":2}},"line":13},"1":{"name":"get","decl":{"start":{"line":15,"column":0},"end":{"line":15,"column":2}},"loc":{"start":{"line":15,"column":0},"end":{"line":15,"column":2}},"line":15},"2":{"name":"calculatePotionUnitPayoutInUsdc","decl":{"start":{"line":24,"column":48},"end":{"line":27,"column":2}},"loc":{"start":{"line":24,"column":48},"end":{"line":27,"column":2}},"line":24},"3":{"name":"get","decl":{"start":{"line":27,"column":0},"end":{"line":27,"column":2}},"loc":{"start":{"line":27,"column":0},"end":{"line":27,"column":2}},"line":27},"4":{"name":"calculatePotionPayoutInUsdc","decl":{"start":{"line":37,"column":4},"end":{"line":42,"column":2}},"loc":{"start":{"line":37,"column":4},"end":{"line":42,"column":2}},"line":37},"5":{"name":"get","decl":{"start":{"line":42,"column":0},"end":{"line":42,"column":2}},"loc":{"start":{"line":42,"column":0},"end":{"line":42,"column":2}},"line":42},"6":{"name":"calculatePotionPayoutInUnderlying","decl":{"start":{"line":52,"column":4},"end":{"line":57,"column":2}},"loc":{"start":{"line":52,"column":4},"end":{"line":57,"column":2}},"line":52},"7":{"name":"get","decl":{"start":{"line":57,"column":0},"end":{"line":57,"column":2}},"loc":{"start":{"line":57,"column":0},"end":{"line":57,"column":2}},"line":57},"8":{"name":"calculateCurrentTotalUnderlyings","decl":{"start":{"line":70,"column":4},"end":{"line":86,"column":2}},"loc":{"start":{"line":70,"column":4},"end":{"line":86,"column":2}},"line":70},"9":{"name":"get","decl":{"start":{"line":86,"column":0},"end":{"line":86,"column":2}},"loc":{"start":{"line":86,"column":0},"end":{"line":86,"column":2}},"line":86},"10":{"name":"calculateCurrentTotalShares","decl":{"start":{"line":94,"column":4},"end":{"line":98,"column":2}},"loc":{"start":{"line":94,"column":4},"end":{"line":98,"column":2}},"line":94},"11":{"name":"get","decl":{"start":{"line":98,"column":0},"end":{"line":98,"column":2}},"loc":{"start":{"line":98,"column":0},"end":{"line":98,"column":2}},"line":98},"12":{"name":"currentShareToAssetRate","decl":{"start":{"line":112,"column":4},"end":{"line":134,"column":2}},"loc":{"start":{"line":112,"column":4},"end":{"line":134,"column":2}},"line":112},"13":{"name":"get","decl":{"start":{"line":134,"column":0},"end":{"line":134,"column":2}},"loc":{"start":{"line":134,"column":0},"end":{"line":134,"column":2}},"line":134}},"f":{"0":5,"1":2,"2":10,"3":2,"4":8,"5":2,"6":6,"7":3,"8":3,"9":2,"10":3,"11":2,"12":1,"13":1}}
}
