TN:
SF:src/PRBMathUtils.ts
FN:63,getRateInUD60x18
FN:84,get
FNF:2
FNH:2
FNDA:6,getRateInUD60x18
FNDA:6,get
DA:1,1
DA:2,1
DA:3,1
DA:4,1
DA:5,1
DA:6,1
DA:7,1
DA:8,1
DA:9,1
DA:10,1
DA:11,1
DA:12,1
DA:13,1
DA:14,1
DA:15,1
DA:16,1
DA:17,1
DA:18,1
DA:19,1
DA:20,1
DA:21,1
DA:22,1
DA:23,1
DA:24,1
DA:25,1
DA:26,1
DA:27,1
DA:28,1
DA:29,1
DA:30,1
DA:31,1
DA:32,1
DA:33,1
DA:34,1
DA:35,1
DA:36,1
DA:37,1
DA:38,1
DA:39,1
DA:40,1
DA:41,1
DA:42,1
DA:43,1
DA:44,1
DA:45,1
DA:46,1
DA:47,1
DA:48,1
DA:49,1
DA:50,1
DA:51,1
DA:52,1
DA:53,1
DA:54,1
DA:55,1
DA:56,1
DA:57,1
DA:58,1
DA:59,1
DA:60,1
DA:61,1
DA:62,1
DA:63,1
DA:64,6
DA:65,6
DA:66,6
DA:67,6
DA:68,6
DA:69,6
DA:70,6
DA:71,6
DA:72,6
DA:73,6
DA:74,6
DA:75,6
DA:76,6
DA:77,3
DA:78,3
DA:79,3
DA:80,3
DA:81,3
DA:82,1
DA:83,2
DA:84,6
LF:84
LH:84
BRDA:63,0,0,6
BRDA:76,1,0,3
BRDA:81,2,0,1
BRDA:82,3,0,2
BRDA:84,4,0,6
BRF:5
BRH:5
end_of_record
TN:
SF:src/exchangeInputForOutput.ts
FN:9,calculateTotalRemainingShares
FN:11,get
FN:13,calculateWithdrawalRequestAmountInShares
FN:15,get
FN:17,calculateWithdrawalRequestAmountInAssets
FN:23,get
FN:25,calculateShareToTicketAmountRate
FN:27,get
FN:30,calculateAmountToBurn
FN:34,get
FN:36,calculateRemainingAmount
FN:38,get
FN:40,sortDepositTickets
FN:42,get
FN:44,getDepositTicketsBurnInfo
FN:65,get
FNF:16
FNH:16
FNDA:5,calculateTotalRemainingShares
FNDA:3,get
FNDA:4,calculateWithdrawalRequestAmountInShares
FNDA:1,get
FNDA:1,calculateWithdrawalRequestAmountInAssets
FNDA:1,get
FNDA:5,calculateShareToTicketAmountRate
FNDA:1,get
FNDA:5,calculateAmountToBurn
FNDA:1,get
FNDA:5,calculateRemainingAmount
FNDA:1,get
FNDA:3,sortDepositTickets
FNDA:1,get
FNDA:2,getDepositTicketsBurnInfo
FNDA:2,get
DA:1,1
DA:2,1
DA:3,1
DA:4,1
DA:5,1
DA:6,1
DA:7,1
DA:8,1
DA:9,1
DA:10,5
DA:11,3
DA:12,1
DA:13,1
DA:14,4
DA:15,1
DA:16,1
DA:17,1
DA:18,1
DA:19,1
DA:20,1
DA:21,1
DA:22,1
DA:23,1
DA:24,1
DA:25,1
DA:26,5
DA:27,1
DA:28,1
DA:29,1
DA:30,1
DA:31,5
DA:32,5
DA:33,5
DA:34,1
DA:35,1
DA:36,1
DA:37,5
DA:38,1
DA:39,1
DA:40,1
DA:41,3
DA:42,1
DA:43,1
DA:44,1
DA:45,2
DA:46,2
DA:47,2
DA:48,2
DA:49,2
DA:50,2
DA:51,4
DA:52,4
DA:53,4
DA:54,4
DA:55,1
DA:56,1
DA:57,1
DA:58,4
DA:59,3
DA:60,3
DA:61,3
DA:62,3
DA:63,4
DA:64,2
DA:65,2
LF:65
LH:65
BRDA:9,0,0,5
BRDA:10,1,0,15
BRDA:11,2,0,3
BRDA:13,3,0,4
BRDA:15,4,0,1
BRDA:17,5,0,1
BRDA:23,6,0,1
BRDA:25,7,0,5
BRDA:27,8,0,1
BRDA:30,9,0,5
BRDA:34,10,0,1
BRDA:36,11,0,5
BRDA:38,12,0,1
BRDA:40,13,0,3
BRDA:41,14,0,8
BRDA:42,15,0,1
BRDA:44,16,0,2
BRDA:50,17,0,4
BRDA:54,18,0,1
BRDA:58,19,0,3
BRDA:65,20,0,2
BRF:21
BRH:21
end_of_record
TN:
SF:src/percentageUtils.ts
FN:15,get
FN:21,get
FN:26,get
FN:36,addPercentage
FN:38,get
FN:48,subtractPercentage
FN:50,get
FN:60,applyPercentage
FN:62,get
FN:72,divByPercentage
FN:74,get
FN:83,isPercentageInRange
FN:89,get
FN:94,toSolidityPercentage
FN:96,get
FN:101,fromSolidityPercentage
FN:103,get
FN:109,fromFraction
FN:111,get
FNF:19
FNH:17
FNDA:0,get
FNDA:0,get
FNDA:9,get
FNDA:1,addPercentage
FNDA:1,get
FNDA:1,subtractPercentage
FNDA:1,get
FNDA:48,applyPercentage
FNDA:46,get
FNDA:10,divByPercentage
FNDA:10,get
FNDA:8,isPercentageInRange
FNDA:8,get
FNDA:46,toSolidityPercentage
FNDA:42,get
FNDA:1,fromSolidityPercentage
FNDA:1,get
FNDA:9,fromFraction
FNDA:9,get
DA:1,1
DA:2,1
DA:3,1
DA:4,1
DA:5,1
DA:6,1
DA:7,1
DA:8,1
DA:9,1
DA:10,1
DA:11,1
DA:12,1
DA:13,1
DA:14,1
DA:15,1
DA:16,1
DA:17,1
DA:18,1
DA:19,1
DA:20,1
DA:21,1
DA:22,1
DA:23,1
DA:24,1
DA:25,1
DA:26,1
DA:27,1
DA:28,1
DA:29,1
DA:30,1
DA:31,1
DA:32,1
DA:33,1
DA:34,1
DA:35,1
DA:36,1
DA:37,1
DA:38,1
DA:39,1
DA:40,1
DA:41,1
DA:42,1
DA:43,1
DA:44,1
DA:45,1
DA:46,1
DA:47,1
DA:48,1
DA:49,1
DA:50,1
DA:51,1
DA:52,1
DA:53,1
DA:54,1
DA:55,1
DA:56,1
DA:57,1
DA:58,1
DA:59,1
DA:60,1
DA:61,48
DA:62,46
DA:63,1
DA:64,1
DA:65,1
DA:66,1
DA:67,1
DA:68,1
DA:69,1
DA:70,1
DA:71,1
DA:72,1
DA:73,10
DA:74,10
DA:75,1
DA:76,1
DA:77,1
DA:78,1
DA:79,1
DA:80,1
DA:81,1
DA:82,1
DA:83,1
DA:84,8
DA:85,4
DA:86,4
DA:87,4
DA:88,4
DA:89,8
DA:90,1
DA:91,1
DA:92,1
DA:93,1
DA:94,1
DA:95,46
DA:96,42
DA:97,1
DA:98,1
DA:99,1
DA:100,1
DA:101,1
DA:102,1
DA:103,1
DA:104,1
DA:105,1
DA:106,1
DA:107,1
DA:108,1
DA:109,1
DA:110,9
DA:111,9
LF:111
LH:111
BRDA:26,0,0,9
BRDA:36,1,0,1
BRDA:38,2,0,1
BRDA:48,3,0,1
BRDA:50,4,0,1
BRDA:60,5,0,48
BRDA:62,6,0,46
BRDA:72,7,0,10
BRDA:74,8,0,10
BRDA:83,9,0,8
BRDA:84,10,0,4
BRDA:85,11,0,3
BRDA:89,12,0,8
BRDA:94,13,0,46
BRDA:96,14,0,42
BRDA:101,15,0,1
BRDA:103,16,0,1
BRDA:109,17,0,9
BRDA:111,18,0,9
BRF:19
BRH:19
end_of_record
TN:
SF:src/utils.ts
FN:6,get
FN:17,parsePercentage
FN:23,get
FN:36,parseAmount
FN:42,get
FN:52,parsePriceInUSDC
FN:54,get
FN:71,convertAmount
FN:97,get
FN:105,convertAmountToUSDC
FN:114,get
FN:126,toNumber
FN:128,get
FNF:13
FNH:11
FNDA:0,get
FNDA:27,parsePercentage
FNDA:27,get
FNDA:84,parseAmount
FNDA:21,get
FNDA:51,parsePriceInUSDC
FNDA:27,get
FNDA:12,convertAmount
FNDA:0,get
FNDA:12,convertAmountToUSDC
FNDA:12,get
FNDA:24,toNumber
FNDA:24,get
DA:1,1
DA:2,1
DA:3,1
DA:4,1
DA:5,1
DA:6,1
DA:7,1
DA:8,1
DA:9,1
DA:10,1
DA:11,1
DA:12,1
DA:13,1
DA:14,1
DA:15,1
DA:16,1
DA:17,1
DA:18,27
DA:19,18
DA:20,27
DA:21,9
DA:22,9
DA:23,27
DA:24,1
DA:25,1
DA:26,1
DA:27,1
DA:28,1
DA:29,1
DA:30,1
DA:31,1
DA:32,1
DA:33,1
DA:34,1
DA:35,1
DA:36,1
DA:37,84
DA:38,61
DA:39,84
DA:40,23
DA:41,23
DA:42,21
DA:43,1
DA:44,1
DA:45,1
DA:46,1
DA:47,1
DA:48,1
DA:49,1
DA:50,1
DA:51,1
DA:52,1
DA:53,51
DA:54,27
DA:55,1
DA:56,1
DA:57,1
DA:58,1
DA:59,1
DA:60,1
DA:61,1
DA:62,1
DA:63,1
DA:64,1
DA:65,1
DA:66,1
DA:67,1
DA:68,1
DA:69,1
DA:70,1
DA:71,1
DA:72,12
DA:73,12
DA:74,12
DA:75,12
DA:76,12
DA:77,12
DA:78,12
DA:79,12
DA:80,12
DA:81,12
DA:82,12
DA:83,12
DA:84,12
DA:85,3
DA:86,12
DA:87,6
DA:88,6
DA:89,6
DA:90,6
DA:91,9
DA:92,3
DA:93,3
DA:94,3
DA:95,3
DA:96,3
DA:97,0
DA:98,1
DA:99,1
DA:100,1
DA:101,1
DA:102,1
DA:103,1
DA:104,1
DA:105,1
DA:106,12
DA:107,12
DA:108,12
DA:109,12
DA:110,12
DA:111,12
DA:112,12
DA:113,12
DA:114,12
DA:115,1
DA:116,1
DA:117,1
DA:118,1
DA:119,1
DA:120,1
DA:121,1
DA:122,1
DA:123,1
DA:124,1
DA:125,1
DA:126,1
DA:127,24
DA:128,24
LF:128
LH:127
BRDA:17,0,0,27
BRDA:18,1,0,18
BRDA:18,2,0,18
BRDA:20,3,0,9
BRDA:23,4,0,27
BRDA:36,5,0,84
BRDA:37,6,0,43
BRDA:37,7,0,61
BRDA:39,8,0,23
BRDA:42,9,0,21
BRDA:52,10,0,51
BRDA:54,11,0,27
BRDA:71,12,0,12
BRDA:84,13,0,3
BRDA:86,14,0,9
BRDA:86,15,0,6
BRDA:91,16,0,3
BRDA:105,17,0,12
BRDA:114,18,0,12
BRDA:126,19,0,24
BRDA:127,20,0,12
BRDA:127,21,0,12
BRDA:128,22,0,24
BRF:23
BRH:23
end_of_record
TN:
SF:src/vaultCollateralization.ts
FN:5,get
FN:34,calculateOrderSize
FN:75,get
FN:77,calculatePremiumPercent
FN:101,get
FNF:5
FNH:2
FNDA:0,get
FNDA:9,calculateOrderSize
FNDA:9,get
FNDA:0,calculatePremiumPercent
FNDA:0,get
DA:1,1
DA:2,1
DA:3,1
DA:4,1
DA:5,1
DA:6,1
DA:7,1
DA:8,1
DA:9,1
DA:10,1
DA:11,1
DA:12,1
DA:13,1
DA:14,1
DA:15,1
DA:16,1
DA:17,1
DA:18,1
DA:19,1
DA:20,1
DA:21,1
DA:22,1
DA:23,1
DA:24,1
DA:25,1
DA:26,1
DA:27,1
DA:28,1
DA:29,1
DA:30,1
DA:31,1
DA:32,1
DA:33,1
DA:34,1
DA:35,9
DA:36,9
DA:37,9
DA:38,9
DA:39,9
DA:40,9
DA:41,9
DA:42,9
DA:43,9
DA:44,9
DA:45,9
DA:46,9
DA:47,9
DA:48,9
DA:49,9
DA:50,9
DA:51,9
DA:52,9
DA:53,9
DA:54,9
DA:55,9
DA:56,9
DA:57,9
DA:58,9
DA:59,9
DA:60,9
DA:61,9
DA:62,9
DA:63,9
DA:64,9
DA:65,9
DA:66,9
DA:67,9
DA:68,9
DA:69,9
DA:70,9
DA:71,9
DA:72,9
DA:73,9
DA:74,9
DA:75,9
DA:76,1
DA:77,1
DA:78,0
DA:79,0
DA:80,0
DA:81,0
DA:82,0
DA:83,0
DA:84,0
DA:85,0
DA:86,0
DA:87,0
DA:88,0
DA:89,0
DA:90,0
DA:91,0
DA:92,0
DA:93,0
DA:94,0
DA:95,0
DA:96,0
DA:97,0
DA:98,0
DA:99,0
DA:100,0
DA:101,0
DA:102,1
DA:103,1
DA:104,1
DA:105,1
DA:106,1
DA:107,1
DA:108,1
DA:109,1
DA:110,1
DA:111,1
DA:112,1
DA:113,1
DA:114,1
DA:115,1
DA:116,1
DA:117,1
DA:118,1
DA:119,1
DA:120,1
DA:121,1
DA:122,1
DA:123,1
DA:124,1
LF:124
LH:100
BRDA:34,0,0,9
BRDA:75,1,0,9
BRF:2
BRH:2
end_of_record
TN:
SF:src/vaultEstimations.ts
FN:13,calculateEstimatedUnderlyingBalanceActionContract
FN:15,get
FN:24,calculatePotionUnitPayoutInUsdc
FN:27,get
FN:37,calculatePotionPayoutInUsdc
FN:42,get
FN:52,calculatePotionPayoutInUnderlying
FN:57,get
FN:70,calculateCurrentTotalUnderlyings
FN:86,get
FN:94,calculateCurrentTotalShares
FN:98,get
FN:112,currentShareToAssetRate
FN:134,get
FNF:14
FNH:14
FNDA:5,calculateEstimatedUnderlyingBalanceActionContract
FNDA:2,get
FNDA:10,calculatePotionUnitPayoutInUsdc
FNDA:2,get
FNDA:8,calculatePotionPayoutInUsdc
FNDA:2,get
FNDA:6,calculatePotionPayoutInUnderlying
FNDA:3,get
FNDA:3,calculateCurrentTotalUnderlyings
FNDA:2,get
FNDA:3,calculateCurrentTotalShares
FNDA:2,get
FNDA:1,currentShareToAssetRate
FNDA:1,get
DA:1,1
DA:2,1
DA:3,1
DA:4,1
DA:5,1
DA:6,1
DA:7,1
DA:8,1
DA:9,1
DA:10,1
DA:11,1
DA:12,1
DA:13,1
DA:14,5
DA:15,2
DA:16,1
DA:17,1
DA:18,1
DA:19,1
DA:20,1
DA:21,1
DA:22,1
DA:23,1
DA:24,1
DA:25,10
DA:26,10
DA:27,2
DA:28,1
DA:29,1
DA:30,1
DA:31,1
DA:32,1
DA:33,1
DA:34,1
DA:35,1
DA:36,1
DA:37,1
DA:38,8
DA:39,8
DA:40,8
DA:41,8
DA:42,2
DA:43,1
DA:44,1
DA:45,1
DA:46,1
DA:47,1
DA:48,1
DA:49,1
DA:50,1
DA:51,1
DA:52,1
DA:53,6
DA:54,6
DA:55,6
DA:56,6
DA:57,3
DA:58,1
DA:59,1
DA:60,1
DA:61,1
DA:62,1
DA:63,1
DA:64,1
DA:65,1
DA:66,1
DA:67,1
DA:68,1
DA:69,1
DA:70,1
DA:71,3
DA:72,3
DA:73,3
DA:74,3
DA:75,3
DA:76,3
DA:77,3
DA:78,3
DA:79,3
DA:80,3
DA:81,3
DA:82,3
DA:83,3
DA:84,3
DA:85,3
DA:86,2
DA:87,1
DA:88,1
DA:89,1
DA:90,1
DA:91,1
DA:92,1
DA:93,1
DA:94,1
DA:95,3
DA:96,3
DA:97,3
DA:98,2
DA:99,1
DA:100,1
DA:101,1
DA:102,1
DA:103,1
DA:104,1
DA:105,1
DA:106,1
DA:107,1
DA:108,1
DA:109,1
DA:110,1
DA:111,1
DA:112,1
DA:113,1
DA:114,1
DA:115,1
DA:116,1
DA:117,1
DA:118,1
DA:119,1
DA:120,1
DA:121,1
DA:122,1
DA:123,1
DA:124,1
DA:125,1
DA:126,1
DA:127,1
DA:128,1
DA:129,1
DA:130,1
DA:131,1
DA:132,1
DA:133,1
DA:134,1
LF:134
LH:134
BRDA:13,0,0,5
BRDA:15,1,0,2
BRDA:24,2,0,10
BRDA:26,3,0,7
BRDA:26,4,0,3
BRDA:27,5,0,2
BRDA:37,6,0,8
BRDA:42,7,0,2
BRDA:52,8,0,6
BRDA:57,9,0,3
BRDA:70,10,0,3
BRDA:86,11,0,2
BRDA:94,12,0,3
BRDA:98,13,0,2
BRDA:112,14,0,1
BRDA:134,15,0,1
BRF:16
BRH:16
end_of_record
